
===========================================================================
report_checks -path_delay max (Setup)
============================================================================
======================= Typical Corner ===================================

Startpoint: _211_ (rising edge-triggered flip-flop clocked by clk)
Endpoint: _207_ (rising edge-triggered flip-flop clocked by clk)
Path Group: clk
Path Type: max

Fanout     Cap    Slew   Delay    Time   Description
-----------------------------------------------------------------------------
                  0.15    0.00    0.00   clock clk (rise edge)
                          0.00    0.00   clock network delay (ideal)
                  0.15    0.00    0.00 ^ _211_/CLK (sky130_fd_sc_hd__dfxtp_2)
     2    0.00    0.04    0.36    0.36 ^ _211_/Q (sky130_fd_sc_hd__dfxtp_2)
                                         cnt1[0] (net)
                  0.04    0.00    0.36 ^ _106_/A (sky130_fd_sc_hd__buf_1)
    10    0.03    0.36    0.31    0.68 ^ _106_/X (sky130_fd_sc_hd__buf_1)
                                         _060_ (net)
                  0.36    0.00    0.68 ^ _107_/B_N (sky130_fd_sc_hd__or2b_2)
     2    0.01    0.07    0.38    1.06 v _107_/X (sky130_fd_sc_hd__or2b_2)
                                         _061_ (net)
                  0.07    0.00    1.06 v _111_/A1 (sky130_fd_sc_hd__o21ai_2)
     6    0.03    0.36    0.35    1.41 ^ _111_/Y (sky130_fd_sc_hd__o21ai_2)
                                         _065_ (net)
                  0.36    0.00    1.41 ^ _114_/C1 (sky130_fd_sc_hd__o211ai_2)
     2    0.01    0.13    0.18    1.59 v _114_/Y (sky130_fd_sc_hd__o211ai_2)
                                         _067_ (net)
                  0.13    0.00    1.59 v _122_/A2_N (sky130_fd_sc_hd__o2bb2ai_2)
     1    0.00    0.03    0.15    1.74 v _122_/Y (sky130_fd_sc_hd__o2bb2ai_2)
                                         _001_ (net)
                  0.03    0.00    1.74 v _207_/D (sky130_fd_sc_hd__dfxtp_2)
                                  1.74   data arrival time

                  0.15    2.10    2.10   clock clk (rise edge)
                          0.00    2.10   clock network delay (ideal)
                         -0.25    1.85   clock uncertainty
                          0.00    1.85   clock reconvergence pessimism
                                  1.85 ^ _207_/CLK (sky130_fd_sc_hd__dfxtp_2)
                         -0.08    1.77   library setup time
                                  1.77   data required time
-----------------------------------------------------------------------------
                                  1.77   data required time
                                 -1.74   data arrival time
-----------------------------------------------------------------------------
                                  0.03   slack (MET)


Startpoint: _211_ (rising edge-triggered flip-flop clocked by clk)
Endpoint: _209_ (rising edge-triggered flip-flop clocked by clk)
Path Group: clk
Path Type: max

Fanout     Cap    Slew   Delay    Time   Description
-----------------------------------------------------------------------------
                  0.15    0.00    0.00   clock clk (rise edge)
                          0.00    0.00   clock network delay (ideal)
                  0.15    0.00    0.00 ^ _211_/CLK (sky130_fd_sc_hd__dfxtp_2)
     2    0.00    0.04    0.36    0.36 ^ _211_/Q (sky130_fd_sc_hd__dfxtp_2)
                                         cnt1[0] (net)
                  0.04    0.00    0.36 ^ _106_/A (sky130_fd_sc_hd__buf_1)
    10    0.03    0.36    0.31    0.68 ^ _106_/X (sky130_fd_sc_hd__buf_1)
                                         _060_ (net)
                  0.36    0.00    0.68 ^ _107_/B_N (sky130_fd_sc_hd__or2b_2)
     2    0.01    0.07    0.38    1.06 v _107_/X (sky130_fd_sc_hd__or2b_2)
                                         _061_ (net)
                  0.07    0.00    1.06 v _111_/A1 (sky130_fd_sc_hd__o21ai_2)
     6    0.03    0.36    0.35    1.41 ^ _111_/Y (sky130_fd_sc_hd__o21ai_2)
                                         _065_ (net)
                  0.36    0.00    1.41 ^ _114_/C1 (sky130_fd_sc_hd__o211ai_2)
     2    0.01    0.13    0.18    1.59 v _114_/Y (sky130_fd_sc_hd__o211ai_2)
                                         _067_ (net)
                  0.13    0.00    1.59 v _134_/A2_N (sky130_fd_sc_hd__o2bb2ai_2)
     1    0.00    0.03    0.15    1.74 v _134_/Y (sky130_fd_sc_hd__o2bb2ai_2)
                                         _003_ (net)
                  0.03    0.00    1.74 v _209_/D (sky130_fd_sc_hd__dfxtp_2)
                                  1.74   data arrival time

                  0.15    2.10    2.10   clock clk (rise edge)
                          0.00    2.10   clock network delay (ideal)
                         -0.25    1.85   clock uncertainty
                          0.00    1.85   clock reconvergence pessimism
                                  1.85 ^ _209_/CLK (sky130_fd_sc_hd__dfxtp_2)
                         -0.08    1.77   library setup time
                                  1.77   data required time
-----------------------------------------------------------------------------
                                  1.77   data required time
                                 -1.74   data arrival time
-----------------------------------------------------------------------------
                                  0.03   slack (MET)


Startpoint: _211_ (rising edge-triggered flip-flop clocked by clk)
Endpoint: _206_ (rising edge-triggered flip-flop clocked by clk)
Path Group: clk
Path Type: max

Fanout     Cap    Slew   Delay    Time   Description
-----------------------------------------------------------------------------
                  0.15    0.00    0.00   clock clk (rise edge)
                          0.00    0.00   clock network delay (ideal)
                  0.15    0.00    0.00 ^ _211_/CLK (sky130_fd_sc_hd__dfxtp_2)
     2    0.00    0.04    0.36    0.36 ^ _211_/Q (sky130_fd_sc_hd__dfxtp_2)
                                         cnt1[0] (net)
                  0.04    0.00    0.36 ^ _106_/A (sky130_fd_sc_hd__buf_1)
    10    0.03    0.36    0.31    0.68 ^ _106_/X (sky130_fd_sc_hd__buf_1)
                                         _060_ (net)
                  0.36    0.00    0.68 ^ _107_/B_N (sky130_fd_sc_hd__or2b_2)
     2    0.01    0.07    0.38    1.06 v _107_/X (sky130_fd_sc_hd__or2b_2)
                                         _061_ (net)
                  0.07    0.00    1.06 v _111_/A1 (sky130_fd_sc_hd__o21ai_2)
     6    0.03    0.36    0.35    1.41 ^ _111_/Y (sky130_fd_sc_hd__o21ai_2)
                                         _065_ (net)
                  0.36    0.00    1.41 ^ _112_/D1 (sky130_fd_sc_hd__o2111ai_2)
     1    0.00    0.12    0.16    1.57 v _112_/Y (sky130_fd_sc_hd__o2111ai_2)
                                         _066_ (net)
                  0.12    0.00    1.57 v _113_/B1 (sky130_fd_sc_hd__o21a_2)
     1    0.00    0.03    0.15    1.71 v _113_/X (sky130_fd_sc_hd__o21a_2)
                                         _000_ (net)
                  0.03    0.00    1.71 v _206_/D (sky130_fd_sc_hd__dfxtp_2)
                                  1.71   data arrival time

                  0.15    2.10    2.10   clock clk (rise edge)
                          0.00    2.10   clock network delay (ideal)
                         -0.25    1.85   clock uncertainty
                          0.00    1.85   clock reconvergence pessimism
                                  1.85 ^ _206_/CLK (sky130_fd_sc_hd__dfxtp_2)
                         -0.08    1.77   library setup time
                                  1.77   data required time
-----------------------------------------------------------------------------
                                  1.77   data required time
                                 -1.71   data arrival time
-----------------------------------------------------------------------------
                                  0.05   slack (MET)


Startpoint: _211_ (rising edge-triggered flip-flop clocked by clk)
Endpoint: _221_ (rising edge-triggered flip-flop clocked by clk)
Path Group: clk
Path Type: max

Fanout     Cap    Slew   Delay    Time   Description
-----------------------------------------------------------------------------
                  0.15    0.00    0.00   clock clk (rise edge)
                          0.00    0.00   clock network delay (ideal)
                  0.15    0.00    0.00 ^ _211_/CLK (sky130_fd_sc_hd__dfxtp_2)
     2    0.00    0.04    0.36    0.36 ^ _211_/Q (sky130_fd_sc_hd__dfxtp_2)
                                         cnt1[0] (net)
                  0.04    0.00    0.36 ^ _106_/A (sky130_fd_sc_hd__buf_1)
    10    0.03    0.36    0.31    0.68 ^ _106_/X (sky130_fd_sc_hd__buf_1)
                                         _060_ (net)
                  0.36    0.00    0.68 ^ _107_/B_N (sky130_fd_sc_hd__or2b_2)
     2    0.01    0.07    0.38    1.06 v _107_/X (sky130_fd_sc_hd__or2b_2)
                                         _061_ (net)
                  0.07    0.00    1.06 v _111_/A1 (sky130_fd_sc_hd__o21ai_2)
     6    0.03    0.36    0.35    1.41 ^ _111_/Y (sky130_fd_sc_hd__o21ai_2)
                                         _065_ (net)
                  0.36    0.00    1.41 ^ _191_/C1 (sky130_fd_sc_hd__o211ai_2)
     1    0.00    0.11    0.15    1.56 v _191_/Y (sky130_fd_sc_hd__o211ai_2)
                                         _043_ (net)
                  0.11    0.00    1.56 v _195_/A2_N (sky130_fd_sc_hd__o2bb2ai_2)
     1    0.00    0.04    0.14    1.70 v _195_/Y (sky130_fd_sc_hd__o2bb2ai_2)
                                         _015_ (net)
                  0.04    0.00    1.70 v _221_/D (sky130_fd_sc_hd__dfxtp_2)
                                  1.70   data arrival time

                  0.15    2.10    2.10   clock clk (rise edge)
                          0.00    2.10   clock network delay (ideal)
                         -0.25    1.85   clock uncertainty
                          0.00    1.85   clock reconvergence pessimism
                                  1.85 ^ _221_/CLK (sky130_fd_sc_hd__dfxtp_2)
                         -0.09    1.76   library setup time
                                  1.76   data required time
-----------------------------------------------------------------------------
                                  1.76   data required time
                                 -1.70   data arrival time
-----------------------------------------------------------------------------
                                  0.07   slack (MET)


Startpoint: _211_ (rising edge-triggered flip-flop clocked by clk)
Endpoint: _220_ (rising edge-triggered flip-flop clocked by clk)
Path Group: clk
Path Type: max

Fanout     Cap    Slew   Delay    Time   Description
-----------------------------------------------------------------------------
                  0.15    0.00    0.00   clock clk (rise edge)
                          0.00    0.00   clock network delay (ideal)
                  0.15    0.00    0.00 ^ _211_/CLK (sky130_fd_sc_hd__dfxtp_2)
     2    0.00    0.04    0.36    0.36 ^ _211_/Q (sky130_fd_sc_hd__dfxtp_2)
                                         cnt1[0] (net)
                  0.04    0.00    0.36 ^ _106_/A (sky130_fd_sc_hd__buf_1)
    10    0.03    0.36    0.31    0.68 ^ _106_/X (sky130_fd_sc_hd__buf_1)
                                         _060_ (net)
                  0.36    0.00    0.68 ^ _107_/B_N (sky130_fd_sc_hd__or2b_2)
     2    0.01    0.07    0.38    1.06 v _107_/X (sky130_fd_sc_hd__or2b_2)
                                         _061_ (net)
                  0.07    0.00    1.06 v _111_/A1 (sky130_fd_sc_hd__o21ai_2)
     6    0.03    0.36    0.35    1.41 ^ _111_/Y (sky130_fd_sc_hd__o21ai_2)
                                         _065_ (net)
                  0.36    0.00    1.41 ^ _189_/C1 (sky130_fd_sc_hd__o2111ai_2)
     1    0.00    0.12    0.19    1.60 v _189_/Y (sky130_fd_sc_hd__o2111ai_2)
                                         _042_ (net)
                  0.12    0.00    1.60 v _190_/B1 (sky130_fd_sc_hd__o21ai_2)
     1    0.00    0.08    0.08    1.68 ^ _190_/Y (sky130_fd_sc_hd__o21ai_2)
                                         _014_ (net)
                  0.08    0.00    1.68 ^ _220_/D (sky130_fd_sc_hd__dfxtp_2)
                                  1.68   data arrival time

                  0.15    2.10    2.10   clock clk (rise edge)
                          0.00    2.10   clock network delay (ideal)
                         -0.25    1.85   clock uncertainty
                          0.00    1.85   clock reconvergence pessimism
                                  1.85 ^ _220_/CLK (sky130_fd_sc_hd__dfxtp_2)
                         -0.05    1.80   library setup time
                                  1.80   data required time
-----------------------------------------------------------------------------
                                  1.80   data required time
                                 -1.68   data arrival time
-----------------------------------------------------------------------------
                                  0.11   slack (MET)


Startpoint: _211_ (rising edge-triggered flip-flop clocked by clk)
Endpoint: _219_ (rising edge-triggered flip-flop clocked by clk)
Path Group: clk
Path Type: max

Fanout     Cap    Slew   Delay    Time   Description
-----------------------------------------------------------------------------
                  0.15    0.00    0.00   clock clk (rise edge)
                          0.00    0.00   clock network delay (ideal)
                  0.15    0.00    0.00 ^ _211_/CLK (sky130_fd_sc_hd__dfxtp_2)
     2    0.00    0.04    0.36    0.36 ^ _211_/Q (sky130_fd_sc_hd__dfxtp_2)
                                         cnt1[0] (net)
                  0.04    0.00    0.36 ^ _106_/A (sky130_fd_sc_hd__buf_1)
    10    0.03    0.36    0.31    0.68 ^ _106_/X (sky130_fd_sc_hd__buf_1)
                                         _060_ (net)
                  0.36    0.00    0.68 ^ _107_/B_N (sky130_fd_sc_hd__or2b_2)
     2    0.01    0.07    0.38    1.06 v _107_/X (sky130_fd_sc_hd__or2b_2)
                                         _061_ (net)
                  0.07    0.00    1.06 v _111_/A1 (sky130_fd_sc_hd__o21ai_2)
     6    0.03    0.36    0.35    1.41 ^ _111_/Y (sky130_fd_sc_hd__o21ai_2)
                                         _065_ (net)
                  0.36    0.00    1.41 ^ _183_/D1 (sky130_fd_sc_hd__o2111ai_2)
     1    0.00    0.13    0.17    1.58 v _183_/Y (sky130_fd_sc_hd__o2111ai_2)
                                         _037_ (net)
                  0.13    0.00    1.58 v _184_/B1 (sky130_fd_sc_hd__o21ai_2)
     1    0.00    0.08    0.08    1.66 ^ _184_/Y (sky130_fd_sc_hd__o21ai_2)
                                         _013_ (net)
                  0.08    0.00    1.66 ^ _219_/D (sky130_fd_sc_hd__dfxtp_2)
                                  1.66   data arrival time

                  0.15    2.10    2.10   clock clk (rise edge)
                          0.00    2.10   clock network delay (ideal)
                         -0.25    1.85   clock uncertainty
                          0.00    1.85   clock reconvergence pessimism
                                  1.85 ^ _219_/CLK (sky130_fd_sc_hd__dfxtp_2)
                         -0.05    1.80   library setup time
                                  1.80   data required time
-----------------------------------------------------------------------------
                                  1.80   data required time
                                 -1.66   data arrival time
-----------------------------------------------------------------------------
                                  0.13   slack (MET)


Startpoint: _211_ (rising edge-triggered flip-flop clocked by clk)
Endpoint: _208_ (rising edge-triggered flip-flop clocked by clk)
Path Group: clk
Path Type: max

Fanout     Cap    Slew   Delay    Time   Description
-----------------------------------------------------------------------------
                  0.15    0.00    0.00   clock clk (rise edge)
                          0.00    0.00   clock network delay (ideal)
                  0.15    0.00    0.00 ^ _211_/CLK (sky130_fd_sc_hd__dfxtp_2)
     2    0.00    0.04    0.36    0.36 ^ _211_/Q (sky130_fd_sc_hd__dfxtp_2)
                                         cnt1[0] (net)
                  0.04    0.00    0.36 ^ _106_/A (sky130_fd_sc_hd__buf_1)
    10    0.03    0.36    0.31    0.68 ^ _106_/X (sky130_fd_sc_hd__buf_1)
                                         _060_ (net)
                  0.36    0.00    0.68 ^ _107_/B_N (sky130_fd_sc_hd__or2b_2)
     2    0.01    0.07    0.38    1.06 v _107_/X (sky130_fd_sc_hd__or2b_2)
                                         _061_ (net)
                  0.07    0.00    1.06 v _111_/A1 (sky130_fd_sc_hd__o21ai_2)
     6    0.03    0.36    0.35    1.41 ^ _111_/Y (sky130_fd_sc_hd__o21ai_2)
                                         _065_ (net)
                  0.36    0.00    1.41 ^ _129_/C (sky130_fd_sc_hd__nand4b_2)
     1    0.00    0.10    0.15    1.56 v _129_/Y (sky130_fd_sc_hd__nand4b_2)
                                         _081_ (net)
                  0.10    0.00    1.56 v _130_/B1 (sky130_fd_sc_hd__o21ai_2)
     1    0.00    0.08    0.07    1.63 ^ _130_/Y (sky130_fd_sc_hd__o21ai_2)
                                         _002_ (net)
                  0.08    0.00    1.63 ^ _208_/D (sky130_fd_sc_hd__dfxtp_2)
                                  1.63   data arrival time

                  0.15    2.10    2.10   clock clk (rise edge)
                          0.00    2.10   clock network delay (ideal)
                         -0.25    1.85   clock uncertainty
                          0.00    1.85   clock reconvergence pessimism
                                  1.85 ^ _208_/CLK (sky130_fd_sc_hd__dfxtp_2)
                         -0.05    1.80   library setup time
                                  1.80   data required time
-----------------------------------------------------------------------------
                                  1.80   data required time
                                 -1.63   data arrival time
-----------------------------------------------------------------------------
                                  0.17   slack (MET)


Startpoint: _211_ (rising edge-triggered flip-flop clocked by clk)
Endpoint: _210_ (rising edge-triggered flip-flop clocked by clk)
Path Group: clk
Path Type: max

Fanout     Cap    Slew   Delay    Time   Description
-----------------------------------------------------------------------------
                  0.15    0.00    0.00   clock clk (rise edge)
                          0.00    0.00   clock network delay (ideal)
                  0.15    0.00    0.00 ^ _211_/CLK (sky130_fd_sc_hd__dfxtp_2)
     2    0.00    0.04    0.36    0.36 ^ _211_/Q (sky130_fd_sc_hd__dfxtp_2)
                                         cnt1[0] (net)
                  0.04    0.00    0.36 ^ _106_/A (sky130_fd_sc_hd__buf_1)
    10    0.03    0.36    0.31    0.68 ^ _106_/X (sky130_fd_sc_hd__buf_1)
                                         _060_ (net)
                  0.36    0.00    0.68 ^ _107_/B_N (sky130_fd_sc_hd__or2b_2)
     2    0.01    0.07    0.38    1.06 v _107_/X (sky130_fd_sc_hd__or2b_2)
                                         _061_ (net)
                  0.07    0.00    1.06 v _143_/A1 (sky130_fd_sc_hd__o21ai_2)
     3    0.01    0.20    0.23    1.29 ^ _143_/Y (sky130_fd_sc_hd__o21ai_2)
                                         _093_ (net)
                  0.20    0.00    1.29 ^ _144_/A (sky130_fd_sc_hd__nand4_2)
     1    0.00    0.09    0.11    1.40 v _144_/Y (sky130_fd_sc_hd__nand4_2)
                                         _094_ (net)
                  0.09    0.00    1.40 v _145_/B1 (sky130_fd_sc_hd__a32oi_2)
     1    0.00    0.13    0.15    1.55 ^ _145_/Y (sky130_fd_sc_hd__a32oi_2)
                                         _004_ (net)
                  0.13    0.00    1.55 ^ _210_/D (sky130_fd_sc_hd__dfxtp_2)
                                  1.55   data arrival time

                  0.15    2.10    2.10   clock clk (rise edge)
                          0.00    2.10   clock network delay (ideal)
                         -0.25    1.85   clock uncertainty
                          0.00    1.85   clock reconvergence pessimism
                                  1.85 ^ _210_/CLK (sky130_fd_sc_hd__dfxtp_2)
                         -0.06    1.79   library setup time
                                  1.79   data required time
-----------------------------------------------------------------------------
                                  1.79   data required time
                                 -1.55   data arrival time
-----------------------------------------------------------------------------
                                  0.24   slack (MET)


Startpoint: sel[1] (input port clocked by clk)
Endpoint: _212_ (rising edge-triggered flip-flop clocked by clk)
Path Group: clk
Path Type: max

Fanout     Cap    Slew   Delay    Time   Description
-----------------------------------------------------------------------------
                  0.15    0.00    0.00   clock clk (rise edge)
                          0.00    0.00   clock network delay (ideal)
                          0.42    0.42 v input external delay
     4    0.01    0.03    0.02    0.44 v sel[1] (in)
                                         sel[1] (net)
                  0.03    0.00    0.44 v _200_/A (sky130_fd_sc_hd__buf_1)
    10    0.04    0.21    0.23    0.67 v _200_/X (sky130_fd_sc_hd__buf_1)
                                         _051_ (net)
                  0.21    0.00    0.67 v _205_/A (sky130_fd_sc_hd__or2_2)
     4    0.01    0.09    0.42    1.08 v _205_/X (sky130_fd_sc_hd__or2_2)
                                         _056_ (net)
                  0.09    0.00    1.08 v _152_/A (sky130_fd_sc_hd__and3_2)
     1    0.00    0.04    0.19    1.28 v _152_/X (sky130_fd_sc_hd__and3_2)
                                         _100_ (net)
                  0.04    0.00    1.28 v _153_/B1 (sky130_fd_sc_hd__a41o_2)
     1    0.00    0.04    0.23    1.50 v _153_/X (sky130_fd_sc_hd__a41o_2)
                                         _006_ (net)
                  0.04    0.00    1.50 v _212_/D (sky130_fd_sc_hd__dfxtp_2)
                                  1.50   data arrival time

                  0.15    2.10    2.10   clock clk (rise edge)
                          0.00    2.10   clock network delay (ideal)
                         -0.25    1.85   clock uncertainty
                          0.00    1.85   clock reconvergence pessimism
                                  1.85 ^ _212_/CLK (sky130_fd_sc_hd__dfxtp_2)
                         -0.08    1.77   library setup time
                                  1.77   data required time
-----------------------------------------------------------------------------
                                  1.77   data required time
                                 -1.50   data arrival time
-----------------------------------------------------------------------------
                                  0.26   slack (MET)


Startpoint: sel[1] (input port clocked by clk)
Endpoint: _216_ (rising edge-triggered flip-flop clocked by clk)
Path Group: clk
Path Type: max

Fanout     Cap    Slew   Delay    Time   Description
-----------------------------------------------------------------------------
                  0.15    0.00    0.00   clock clk (rise edge)
                          0.00    0.00   clock network delay (ideal)
                          0.42    0.42 v input external delay
     4    0.01    0.03    0.02    0.44 v sel[1] (in)
                                         sel[1] (net)
                  0.03    0.00    0.44 v _200_/A (sky130_fd_sc_hd__buf_1)
    10    0.04    0.21    0.23    0.67 v _200_/X (sky130_fd_sc_hd__buf_1)
                                         _051_ (net)
                  0.21    0.00    0.67 v _205_/A (sky130_fd_sc_hd__or2_2)
     4    0.01    0.09    0.42    1.08 v _205_/X (sky130_fd_sc_hd__or2_2)
                                         _056_ (net)
                  0.09    0.00    1.08 v _165_/A1 (sky130_fd_sc_hd__a21bo_2)
     1    0.00    0.03    0.21    1.29 v _165_/X (sky130_fd_sc_hd__a21bo_2)
                                         _022_ (net)
                  0.03    0.00    1.29 v _167_/B1 (sky130_fd_sc_hd__o22a_2)
     1    0.00    0.03    0.19    1.49 v _167_/X (sky130_fd_sc_hd__o22a_2)
                                         _010_ (net)
                  0.03    0.00    1.49 v _216_/D (sky130_fd_sc_hd__dfxtp_2)
                                  1.49   data arrival time

                  0.15    2.10    2.10   clock clk (rise edge)
                          0.00    2.10   clock network delay (ideal)
                         -0.25    1.85   clock uncertainty
                          0.00    1.85   clock reconvergence pessimism
                                  1.85 ^ _216_/CLK (sky130_fd_sc_hd__dfxtp_2)
                         -0.08    1.77   library setup time
                                  1.77   data required time
-----------------------------------------------------------------------------
                                  1.77   data required time
                                 -1.49   data arrival time
-----------------------------------------------------------------------------
                                  0.28   slack (MET)


Startpoint: _211_ (rising edge-triggered flip-flop clocked by clk)
Endpoint: _218_ (rising edge-triggered flip-flop clocked by clk)
Path Group: clk
Path Type: max

Fanout     Cap    Slew   Delay    Time   Description
-----------------------------------------------------------------------------
                  0.15    0.00    0.00   clock clk (rise edge)
                          0.00    0.00   clock network delay (ideal)
                  0.15    0.00    0.00 ^ _211_/CLK (sky130_fd_sc_hd__dfxtp_2)
     2    0.00    0.04    0.36    0.36 ^ _211_/Q (sky130_fd_sc_hd__dfxtp_2)
                                         cnt1[0] (net)
                  0.04    0.00    0.36 ^ _106_/A (sky130_fd_sc_hd__buf_1)
    10    0.03    0.36    0.31    0.68 ^ _106_/X (sky130_fd_sc_hd__buf_1)
                                         _060_ (net)
                  0.36    0.00    0.68 ^ _107_/B_N (sky130_fd_sc_hd__or2b_2)
     2    0.01    0.07    0.38    1.06 v _107_/X (sky130_fd_sc_hd__or2b_2)
                                         _061_ (net)
                  0.07    0.00    1.06 v _143_/A1 (sky130_fd_sc_hd__o21ai_2)
     3    0.01    0.20    0.23    1.29 ^ _143_/Y (sky130_fd_sc_hd__o21ai_2)
                                         _093_ (net)
                  0.20    0.00    1.29 ^ _176_/A (sky130_fd_sc_hd__nand3_2)
     1    0.00    0.08    0.09    1.38 v _176_/Y (sky130_fd_sc_hd__nand3_2)
                                         _031_ (net)
                  0.08    0.00    1.38 v _179_/B1 (sky130_fd_sc_hd__o2bb2ai_2)
     1    0.00    0.08    0.13    1.51 ^ _179_/Y (sky130_fd_sc_hd__o2bb2ai_2)
                                         _012_ (net)
                  0.08    0.00    1.51 ^ _218_/D (sky130_fd_sc_hd__dfxtp_2)
                                  1.51   data arrival time

                  0.15    2.10    2.10   clock clk (rise edge)
                          0.00    2.10   clock network delay (ideal)
                         -0.25    1.85   clock uncertainty
                          0.00    1.85   clock reconvergence pessimism
                                  1.85 ^ _218_/CLK (sky130_fd_sc_hd__dfxtp_2)
                         -0.05    1.80   library setup time
                                  1.80   data required time
-----------------------------------------------------------------------------
                                  1.80   data required time
                                 -1.51   data arrival time
-----------------------------------------------------------------------------
                                  0.28   slack (MET)


Startpoint: _211_ (rising edge-triggered flip-flop clocked by clk)
Endpoint: _217_ (rising edge-triggered flip-flop clocked by clk)
Path Group: clk
Path Type: max

Fanout     Cap    Slew   Delay    Time   Description
-----------------------------------------------------------------------------
                  0.15    0.00    0.00   clock clk (rise edge)
                          0.00    0.00   clock network delay (ideal)
                  0.15    0.00    0.00 ^ _211_/CLK (sky130_fd_sc_hd__dfxtp_2)
     2    0.00    0.04    0.36    0.36 ^ _211_/Q (sky130_fd_sc_hd__dfxtp_2)
                                         cnt1[0] (net)
                  0.04    0.00    0.36 ^ _106_/A (sky130_fd_sc_hd__buf_1)
    10    0.03    0.36    0.31    0.68 ^ _106_/X (sky130_fd_sc_hd__buf_1)
                                         _060_ (net)
                  0.36    0.00    0.68 ^ _107_/B_N (sky130_fd_sc_hd__or2b_2)
     2    0.01    0.07    0.38    1.06 v _107_/X (sky130_fd_sc_hd__or2b_2)
                                         _061_ (net)
                  0.07    0.00    1.06 v _143_/A1 (sky130_fd_sc_hd__o21ai_2)
     3    0.01    0.20    0.23    1.29 ^ _143_/Y (sky130_fd_sc_hd__o21ai_2)
                                         _093_ (net)
                  0.20    0.00    1.29 ^ _171_/A (sky130_fd_sc_hd__nand3_2)
     1    0.00    0.08    0.09    1.38 v _171_/Y (sky130_fd_sc_hd__nand3_2)
                                         _027_ (net)
                  0.08    0.00    1.38 v _174_/A2 (sky130_fd_sc_hd__a21oi_2)
     1    0.00    0.07    0.13    1.52 ^ _174_/Y (sky130_fd_sc_hd__a21oi_2)
                                         _011_ (net)
                  0.07    0.00    1.52 ^ _217_/D (sky130_fd_sc_hd__dfxtp_2)
                                  1.52   data arrival time

                  0.15    2.10    2.10   clock clk (rise edge)
                          0.00    2.10   clock network delay (ideal)
                         -0.25    1.85   clock uncertainty
                          0.00    1.85   clock reconvergence pessimism
                                  1.85 ^ _217_/CLK (sky130_fd_sc_hd__dfxtp_2)
                         -0.05    1.80   library setup time
                                  1.80   data required time
-----------------------------------------------------------------------------
                                  1.80   data required time
                                 -1.52   data arrival time
-----------------------------------------------------------------------------
                                  0.29   slack (MET)


Startpoint: _212_ (rising edge-triggered flip-flop clocked by clk)
Endpoint: _215_ (rising edge-triggered flip-flop clocked by clk)
Path Group: clk
Path Type: max

Fanout     Cap    Slew   Delay    Time   Description
-----------------------------------------------------------------------------
                  0.15    0.00    0.00   clock clk (rise edge)
                          0.00    0.00   clock network delay (ideal)
                  0.15    0.00    0.00 ^ _212_/CLK (sky130_fd_sc_hd__dfxtp_2)
     2    0.00    0.04    0.36    0.36 ^ _212_/Q (sky130_fd_sc_hd__dfxtp_2)
                                         cnt1[1] (net)
                  0.04    0.00    0.36 ^ _105_/A (sky130_fd_sc_hd__buf_1)
    10    0.03    0.35    0.31    0.67 ^ _105_/X (sky130_fd_sc_hd__buf_1)
                                         _059_ (net)
                  0.35    0.00    0.67 ^ _157_/B (sky130_fd_sc_hd__nand4_2)
     3    0.01    0.13    0.17    0.84 v _157_/Y (sky130_fd_sc_hd__nand4_2)
                                         _016_ (net)
                  0.13    0.00    0.84 v _160_/B (sky130_fd_sc_hd__or2_2)
     1    0.00    0.05    0.31    1.15 v _160_/X (sky130_fd_sc_hd__or2_2)
                                         _018_ (net)
                  0.05    0.00    1.15 v _162_/A2 (sky130_fd_sc_hd__a32o_2)
     1    0.00    0.04    0.27    1.42 v _162_/X (sky130_fd_sc_hd__a32o_2)
                                         _009_ (net)
                  0.04    0.00    1.42 v _215_/D (sky130_fd_sc_hd__dfxtp_2)
                                  1.42   data arrival time

                  0.15    2.10    2.10   clock clk (rise edge)
                          0.00    2.10   clock network delay (ideal)
                         -0.25    1.85   clock uncertainty
                          0.00    1.85   clock reconvergence pessimism
                                  1.85 ^ _215_/CLK (sky130_fd_sc_hd__dfxtp_2)
                         -0.08    1.77   library setup time
                                  1.77   data required time
-----------------------------------------------------------------------------
                                  1.77   data required time
                                 -1.42   data arrival time
-----------------------------------------------------------------------------
                                  0.35   slack (MET)


Startpoint: sel[0] (input port clocked by clk)
Endpoint: _211_ (rising edge-triggered flip-flop clocked by clk)
Path Group: clk
Path Type: max

Fanout     Cap    Slew   Delay    Time   Description
-----------------------------------------------------------------------------
                  0.15    0.00    0.00   clock clk (rise edge)
                          0.00    0.00   clock network delay (ideal)
                          0.42    0.42 ^ input external delay
     7    0.03    0.13    0.09    0.51 ^ sel[0] (in)
                                         sel[0] (net)
                  0.13    0.00    0.51 ^ _204_/A (sky130_fd_sc_hd__buf_1)
    10    0.05    0.54    0.47    0.98 ^ _204_/X (sky130_fd_sc_hd__buf_1)
                                         _055_ (net)
                  0.54    0.00    0.98 ^ _146_/A2 (sky130_fd_sc_hd__o21a_2)
     4    0.01    0.07    0.24    1.22 ^ _146_/X (sky130_fd_sc_hd__o21a_2)
                                         _095_ (net)
                  0.07    0.00    1.22 ^ _147_/A1 (sky130_fd_sc_hd__mux2_2)
     1    0.00    0.05    0.15    1.37 ^ _147_/X (sky130_fd_sc_hd__mux2_2)
                                         _096_ (net)
                  0.05    0.00    1.37 ^ _148_/A (sky130_fd_sc_hd__buf_1)
     1    0.00    0.04    0.08    1.44 ^ _148_/X (sky130_fd_sc_hd__buf_1)
                                         _005_ (net)
                  0.04    0.00    1.44 ^ _211_/D (sky130_fd_sc_hd__dfxtp_2)
                                  1.44   data arrival time

                  0.15    2.10    2.10   clock clk (rise edge)
                          0.00    2.10   clock network delay (ideal)
                         -0.25    1.85   clock uncertainty
                          0.00    1.85   clock reconvergence pessimism
                                  1.85 ^ _211_/CLK (sky130_fd_sc_hd__dfxtp_2)
                         -0.04    1.81   library setup time
                                  1.81   data required time
-----------------------------------------------------------------------------
                                  1.81   data required time
                                 -1.44   data arrival time
-----------------------------------------------------------------------------
                                  0.36   slack (MET)


Startpoint: reset (input port clocked by clk)
Endpoint: _213_ (rising edge-triggered flip-flop clocked by clk)
Path Group: clk
Path Type: max

Fanout     Cap    Slew   Delay    Time   Description
-----------------------------------------------------------------------------
                  0.15    0.00    0.00   clock clk (rise edge)
                          0.00    0.00   clock network delay (ideal)
                          0.42    0.42 ^ input external delay
     8    0.03    0.14    0.10    0.52 ^ reset (in)
                                         reset (net)
                  0.14    0.00    0.52 ^ _151_/A (sky130_fd_sc_hd__buf_1)
    10    0.04    0.46    0.41    0.93 ^ _151_/X (sky130_fd_sc_hd__buf_1)
                                         _099_ (net)
                  0.46    0.00    0.93 ^ _155_/B1 (sky130_fd_sc_hd__a31o_2)
     1    0.00    0.04    0.17    1.11 ^ _155_/X (sky130_fd_sc_hd__a31o_2)
                                         _102_ (net)
                  0.04    0.00    1.11 ^ _156_/A2_N (sky130_fd_sc_hd__a2bb2o_2)
     1    0.00    0.04    0.26    1.37 v _156_/X (sky130_fd_sc_hd__a2bb2o_2)
                                         _007_ (net)
                  0.04    0.00    1.37 v _213_/D (sky130_fd_sc_hd__dfxtp_2)
                                  1.37   data arrival time

                  0.15    2.10    2.10   clock clk (rise edge)
                          0.00    2.10   clock network delay (ideal)
                         -0.25    1.85   clock uncertainty
                          0.00    1.85   clock reconvergence pessimism
                                  1.85 ^ _213_/CLK (sky130_fd_sc_hd__dfxtp_2)
                         -0.09    1.76   library setup time
                                  1.76   data required time
-----------------------------------------------------------------------------
                                  1.76   data required time
                                 -1.37   data arrival time
-----------------------------------------------------------------------------
                                  0.40   slack (MET)


Startpoint: sel[0] (input port clocked by clk)
Endpoint: _214_ (rising edge-triggered flip-flop clocked by clk)
Path Group: clk
Path Type: max

Fanout     Cap    Slew   Delay    Time   Description
-----------------------------------------------------------------------------
                  0.15    0.00    0.00   clock clk (rise edge)
                          0.00    0.00   clock network delay (ideal)
                          0.42    0.42 ^ input external delay
     7    0.03    0.13    0.09    0.51 ^ sel[0] (in)
                                         sel[0] (net)
                  0.13    0.00    0.51 ^ _204_/A (sky130_fd_sc_hd__buf_1)
    10    0.05    0.54    0.47    0.98 ^ _204_/X (sky130_fd_sc_hd__buf_1)
                                         _055_ (net)
                  0.54    0.00    0.98 ^ _146_/A2 (sky130_fd_sc_hd__o21a_2)
     4    0.01    0.07    0.24    1.22 ^ _146_/X (sky130_fd_sc_hd__o21a_2)
                                         _095_ (net)
                  0.07    0.00    1.22 ^ _159_/B2 (sky130_fd_sc_hd__a32o_2)
     1    0.00    0.05    0.12    1.34 ^ _159_/X (sky130_fd_sc_hd__a32o_2)
                                         _008_ (net)
                  0.05    0.00    1.34 ^ _214_/D (sky130_fd_sc_hd__dfxtp_2)
                                  1.34   data arrival time

                  0.15    2.10    2.10   clock clk (rise edge)
                          0.00    2.10   clock network delay (ideal)
                         -0.25    1.85   clock uncertainty
                          0.00    1.85   clock reconvergence pessimism
                                  1.85 ^ _214_/CLK (sky130_fd_sc_hd__dfxtp_2)
                         -0.04    1.81   library setup time
                                  1.81   data required time
-----------------------------------------------------------------------------
                                  1.81   data required time
                                 -1.34   data arrival time
-----------------------------------------------------------------------------
                                  0.47   slack (MET)


Startpoint: _210_ (rising edge-triggered flip-flop clocked by clk)
Endpoint: clkout (output port clocked by clk)
Path Group: clk
Path Type: max

Fanout     Cap    Slew   Delay    Time   Description
-----------------------------------------------------------------------------
                  0.15    0.00    0.00   clock clk (rise edge)
                          0.00    0.00   clock network delay (ideal)
                  0.15    0.00    0.00 ^ _210_/CLK (sky130_fd_sc_hd__dfxtp_2)
     2    0.04    0.20    0.49    0.49 ^ _210_/Q (sky130_fd_sc_hd__dfxtp_2)
                                         clkout (net)
                  0.20    0.00    0.49 ^ clkout (out)
                                  0.49   data arrival time

                  0.15    2.10    2.10   clock clk (rise edge)
                          0.00    2.10   clock network delay (ideal)
                         -0.25    1.85   clock uncertainty
                          0.00    1.85   clock reconvergence pessimism
                         -0.42    1.43   output external delay
                                  1.43   data required time
-----------------------------------------------------------------------------
                                  1.43   data required time
                                 -0.49   data arrival time
-----------------------------------------------------------------------------
                                  0.94   slack (MET)



worst slack corner Typical: 0.0260
