OpenROAD 0a584d123190322b0725d5440c2c486d91d3afd8 
This program is licensed under the BSD-3 license. See the LICENSE file for details.
Components of this program may be licensed under more restrictive licenses which must be honored.
define_corners Typical
read_liberty -corner Typical /home/rohith_nagesh/ASIC/work/tools/openlane_working_dir/pdks/sky130A/libs.ref/sky130_fd_sc_hd/lib/sky130_fd_sc_hd__tt_025C_1v80.lib
Using 1e-12 for capacitance...
Using 1e+03 for resistance...
Using 1e-09 for time...
Using 1e+00 for voltage...
Using 1e-03 for current...
Using 1e-09 for power...
Using 1e-06 for distance...
[INFO ODB-0222] Reading LEF file: /openlane/openlane/pes_brg/runs/RUN/tmp/merged.nom.lef
[INFO ODB-0223]     Created 13 technology layers
[INFO ODB-0224]     Created 25 technology vias
[INFO ODB-0225]     Created 442 library cells
[INFO ODB-0226] Finished LEF file:  /openlane/openlane/pes_brg/runs/RUN/tmp/merged.nom.lef
Reading netlist '/openlane/openlane/pes_brg/runs/RUN/results/synthesis/pes_brg.v'…
Reading design constraints file at '/openlane/scripts/base.sdc'…
[INFO]: Setting output delay to: 0.42000000000000004
[INFO]: Setting input delay to: 0.42000000000000004
[INFO]: Setting load to: 0.033442
[INFO]: Setting clock uncertainty to: 0.25
[INFO]: Setting clock transition to: 0.15
[INFO]: Setting timing derate to: 5.0 %
[INFO IFP-0001] Added 15 rows of 89 site unithd with height 1.
[INFO IFP-0030] Inserted 0 tiecells using sky130_fd_sc_hd__conb_1/LO.
[INFO IFP-0030] Inserted 0 tiecells using sky130_fd_sc_hd__conb_1/HI.
[INFO] Extracting DIE_AREA and CORE_AREA from the floorplan
[INFO] Floorplanned on a die area of 0.0 0.0 52.29 63.01 (microns). Saving to /openlane/openlane/pes_brg/runs/RUN/reports/floorplan/3-initial_fp_die_area.rpt.
[INFO] Floorplanned on a core area of 5.52 10.88 46.46 51.68 (microns). Saving to /openlane/openlane/pes_brg/runs/RUN/reports/floorplan/3-initial_fp_core_area.rpt.
Writing OpenROAD database to '/openlane/openlane/pes_brg/runs/RUN/tmp/floorplan/3-initial_fp.odb'…
Writing layout to '/openlane/openlane/pes_brg/runs/RUN/tmp/floorplan/3-initial_fp.def'…
Writing timing constraints to '/openlane/openlane/pes_brg/runs/RUN/tmp/floorplan/3-initial_fp.sdc'…
