OpenROAD 0a584d123190322b0725d5440c2c486d91d3afd8 
This program is licensed under the BSD-3 license. See the LICENSE file for details.
Components of this program may be licensed under more restrictive licenses which must be honored.
[INFO]: Reading ODB at '/openlane/openlane/pes_brg/runs/RUN/tmp/placement/12-resizer.odb'…
define_corners Typical
read_liberty -corner Typical /home/rohith_nagesh/ASIC/work/tools/openlane_working_dir/pdks/sky130A/libs.ref/sky130_fd_sc_hd/lib/sky130_fd_sc_hd__tt_025C_1v80.lib
Using 1e-12 for capacitance...
Using 1e+03 for resistance...
Using 1e-09 for time...
Using 1e+00 for voltage...
Using 1e-03 for current...
Using 1e-09 for power...
Using 1e-06 for distance...
Reading design constraints file at '/openlane/scripts/base.sdc'…
[INFO]: Setting output delay to: 0.42000000000000004
[INFO]: Setting input delay to: 0.42000000000000004
[INFO]: Setting load to: 0.033442
[INFO]: Setting clock uncertainty to: 0.25
[INFO]: Setting clock transition to: 0.15
[INFO]: Setting timing derate to: 5.0 %
Placement Analysis
---------------------------------
total displacement          0.0 u
average displacement        0.0 u
max displacement            0.0 u
original HPWL            1569.0 u
legalized HPWL           1618.1 u
delta HPWL                    3 %

[INFO DPL-0020] Mirrored 46 instances
[INFO DPL-0021] HPWL before            1618.1 u
[INFO DPL-0022] HPWL after             1569.0 u
[INFO DPL-0023] HPWL delta               -3.0 %
Setting global connections for newly added cells…
Writing OpenROAD database to '/openlane/openlane/pes_brg/runs/RUN/results/placement/pes_brg.odb'…
Writing netlist to '/openlane/openlane/pes_brg/runs/RUN/results/placement/pes_brg.nl.v'…
Writing powered netlist to '/openlane/openlane/pes_brg/runs/RUN/results/placement/pes_brg.pnl.v'…
Writing layout to '/openlane/openlane/pes_brg/runs/RUN/results/placement/pes_brg.def'…
