OpenROAD 0a584d123190322b0725d5440c2c486d91d3afd8 
This program is licensed under the BSD-3 license. See the LICENSE file for details.
Components of this program may be licensed under more restrictive licenses which must be honored.
[INFO]: Reading ODB at '/openlane/openlane/pes_brg/runs/RUN/tmp/20-pes_brg.odb'…
define_corners Typical
read_liberty -corner Typical /home/rohith_nagesh/ASIC/work/tools/openlane_working_dir/pdks/sky130A/libs.ref/sky130_fd_sc_hd/lib/sky130_fd_sc_hd__tt_025C_1v80.lib
Using 1e-12 for capacitance...
Using 1e+03 for resistance...
Using 1e-09 for time...
Using 1e+00 for voltage...
Using 1e-03 for current...
Using 1e-09 for power...
Using 1e-06 for distance...
Reading design constraints file at '/openlane/scripts/base.sdc'…
[INFO]: Setting output delay to: 0.42000000000000004
[INFO]: Setting input delay to: 0.42000000000000004
[INFO]: Setting load to: 0.033442
[INFO]: Setting clock uncertainty to: 0.25
[INFO]: Setting clock transition to: 0.15
[INFO]: Setting timing derate to: 5.0 %
[INFO]: Setting RC values...
[WARNING GRT-0026] Missing route to pin _171_/B.
[WARNING GRT-0026] Missing route to pin _171_/C.
[WARNING GRT-0026] Missing route to pin _120_/B.
[WARNING GRT-0026] Missing route to pin _202_/B.
[WARNING GRT-0026] Missing route to pin _202_/Y.
[WARNING GRT-0026] Missing route to pin _114_/A2.
[WARNING GRT-0026] Missing route to pin _112_/A2.
[WARNING GRT-0026] Missing route to pin _115_/Y.
[WARNING GRT-0026] Missing route to pin _181_/B1.
[WARNING GRT-0026] Missing route to pin _120_/Y.
[WARNING GRT-0026] Missing route to pin hold2/A.
[WARNING GRT-0026] Missing route to pin _135_/Y.
[WARNING GRT-0026] Missing route to pin _137_/Y.
[WARNING GRT-0026] Missing route to pin _171_/A.
[WARNING GRT-0026] Missing route to pin _191_/A1.
[WARNING GRT-0026] Missing route to pin _137_/A.
[WARNING GRT-0026] Missing route to pin _115_/B.
[WARNING GRT-0026] Missing route to pin _120_/A.
[WARNING GRT-0026] Missing route to pin _177_/A.
[WARNING GRT-0026] Missing route to pin _135_/A.
min_report

===========================================================================
report_checks -path_delay min (Hold)
============================================================================
======================= Typical Corner ===================================

Startpoint: _217_ (rising edge-triggered flip-flop clocked by clk)
Endpoint: _217_ (rising edge-triggered flip-flop clocked by clk)
Path Group: clk
Path Type: min

Fanout     Cap    Slew   Delay    Time   Description
-----------------------------------------------------------------------------
                  0.15    0.00    0.00   clock clk (rise edge)
                          0.00    0.00   clock network delay (ideal)
                  0.15    0.00    0.00 ^ _217_/CLK (sky130_fd_sc_hd__dfxtp_1)
     3    0.01    0.07    0.35    0.35 v _217_/Q (sky130_fd_sc_hd__dfxtp_1)
                                         cnt2[0] (net)
                  0.07    0.00    0.35 v _168_/A (sky130_fd_sc_hd__inv_2)
     3    0.01    0.05    0.07    0.42 ^ _168_/Y (sky130_fd_sc_hd__inv_2)
                                         _024_ (net)
                  0.05    0.00    0.42 ^ _174_/A1 (sky130_fd_sc_hd__a21oi_1)
     1    0.00    0.04    0.05    0.47 v _174_/Y (sky130_fd_sc_hd__a21oi_1)
                                         _011_ (net)
                  0.04    0.00    0.47 v _217_/D (sky130_fd_sc_hd__dfxtp_1)
                                  0.47   data arrival time

                  0.15    0.00    0.00   clock clk (rise edge)
                          0.00    0.00   clock network delay (ideal)
                          0.25    0.25   clock uncertainty
                          0.00    0.25   clock reconvergence pessimism
                                  0.25 ^ _217_/CLK (sky130_fd_sc_hd__dfxtp_1)
                         -0.03    0.22   library hold time
                                  0.22   data required time
-----------------------------------------------------------------------------
                                  0.22   data required time
                                 -0.47   data arrival time
-----------------------------------------------------------------------------
                                  0.25   slack (MET)


Startpoint: _217_ (rising edge-triggered flip-flop clocked by clk)
Endpoint: _218_ (rising edge-triggered flip-flop clocked by clk)
Path Group: clk
Path Type: min

Fanout     Cap    Slew   Delay    Time   Description
-----------------------------------------------------------------------------
                  0.15    0.00    0.00   clock clk (rise edge)
                          0.00    0.00   clock network delay (ideal)
                  0.15    0.00    0.00 ^ _217_/CLK (sky130_fd_sc_hd__dfxtp_1)
     3    0.01    0.07    0.35    0.35 v _217_/Q (sky130_fd_sc_hd__dfxtp_1)
                                         cnt2[0] (net)
                  0.07    0.00    0.35 v _176_/C (sky130_fd_sc_hd__nand3_1)
     1    0.00    0.05    0.09    0.44 ^ _176_/Y (sky130_fd_sc_hd__nand3_1)
                                         _031_ (net)
                  0.05    0.00    0.44 ^ _179_/B1 (sky130_fd_sc_hd__o2bb2ai_1)
     1    0.00    0.03    0.06    0.50 v _179_/Y (sky130_fd_sc_hd__o2bb2ai_1)
                                         _012_ (net)
                  0.03    0.00    0.50 v _218_/D (sky130_fd_sc_hd__dfxtp_1)
                                  0.50   data arrival time

                  0.15    0.00    0.00   clock clk (rise edge)
                          0.00    0.00   clock network delay (ideal)
                          0.25    0.25   clock uncertainty
                          0.00    0.25   clock reconvergence pessimism
                                  0.25 ^ _218_/CLK (sky130_fd_sc_hd__dfxtp_1)
                         -0.02    0.23   library hold time
                                  0.23   data required time
-----------------------------------------------------------------------------
                                  0.23   data required time
                                 -0.50   data arrival time
-----------------------------------------------------------------------------
                                  0.27   slack (MET)


Startpoint: _213_ (rising edge-triggered flip-flop clocked by clk)
Endpoint: _213_ (rising edge-triggered flip-flop clocked by clk)
Path Group: clk
Path Type: min

Fanout     Cap    Slew   Delay    Time   Description
-----------------------------------------------------------------------------
                  0.15    0.00    0.00   clock clk (rise edge)
                          0.00    0.00   clock network delay (ideal)
                  0.15    0.00    0.00 ^ _213_/CLK (sky130_fd_sc_hd__dfxtp_2)
     8    0.03    0.14    0.40    0.40 ^ _213_/Q (sky130_fd_sc_hd__dfxtp_2)
                                         cnt1[2] (net)
                  0.14    0.00    0.41 ^ _156_/B1 (sky130_fd_sc_hd__a2bb2o_1)
     1    0.00    0.04    0.14    0.55 ^ _156_/X (sky130_fd_sc_hd__a2bb2o_1)
                                         _007_ (net)
                  0.04    0.00    0.55 ^ _213_/D (sky130_fd_sc_hd__dfxtp_2)
                                  0.55   data arrival time

                  0.15    0.00    0.00   clock clk (rise edge)
                          0.00    0.00   clock network delay (ideal)
                          0.25    0.25   clock uncertainty
                          0.00    0.25   clock reconvergence pessimism
                                  0.25 ^ _213_/CLK (sky130_fd_sc_hd__dfxtp_2)
                         -0.02    0.23   library hold time
                                  0.23   data required time
-----------------------------------------------------------------------------
                                  0.23   data required time
                                 -0.55   data arrival time
-----------------------------------------------------------------------------
                                  0.31   slack (MET)


Startpoint: _210_ (rising edge-triggered flip-flop clocked by clk)
Endpoint: _210_ (rising edge-triggered flip-flop clocked by clk)
Path Group: clk
Path Type: min

Fanout     Cap    Slew   Delay    Time   Description
-----------------------------------------------------------------------------
                  0.15    0.00    0.00   clock clk (rise edge)
                          0.00    0.00   clock network delay (ideal)
                  0.15    0.00    0.00 ^ _210_/CLK (sky130_fd_sc_hd__dfxtp_1)
     2    0.01    0.04    0.33    0.33 v _210_/Q (sky130_fd_sc_hd__dfxtp_1)
                                         net4 (net)
                  0.04    0.00    0.33 v _135_/A (sky130_fd_sc_hd__inv_2)
     2    0.00    0.03    0.04    0.37 ^ _135_/Y (sky130_fd_sc_hd__inv_2)
                                         _085_ (net)
                  0.03    0.00    0.37 ^ _136_/B1 (sky130_fd_sc_hd__a21oi_1)
     1    0.00    0.03    0.03    0.40 v _136_/Y (sky130_fd_sc_hd__a21oi_1)
                                         _086_ (net)
                  0.03    0.00    0.40 v _145_/A1 (sky130_fd_sc_hd__a32oi_1)
     1    0.00    0.12    0.15    0.55 ^ _145_/Y (sky130_fd_sc_hd__a32oi_1)
                                         _004_ (net)
                  0.12    0.00    0.55 ^ _210_/D (sky130_fd_sc_hd__dfxtp_1)
                                  0.55   data arrival time

                  0.15    0.00    0.00   clock clk (rise edge)
                          0.00    0.00   clock network delay (ideal)
                          0.25    0.25   clock uncertainty
                          0.00    0.25   clock reconvergence pessimism
                                  0.25 ^ _210_/CLK (sky130_fd_sc_hd__dfxtp_1)
                         -0.03    0.22   library hold time
                                  0.22   data required time
-----------------------------------------------------------------------------
                                  0.22   data required time
                                 -0.55   data arrival time
-----------------------------------------------------------------------------
                                  0.33   slack (MET)


Startpoint: _206_ (rising edge-triggered flip-flop clocked by clk)
Endpoint: _206_ (rising edge-triggered flip-flop clocked by clk)
Path Group: clk
Path Type: min

Fanout     Cap    Slew   Delay    Time   Description
-----------------------------------------------------------------------------
                  0.15    0.00    0.00   clock clk (rise edge)
                          0.00    0.00   clock network delay (ideal)
                  0.15    0.00    0.00 ^ _206_/CLK (sky130_fd_sc_hd__dfxtp_2)
     9    0.03    0.08    0.38    0.38 v _206_/Q (sky130_fd_sc_hd__dfxtp_2)
                                         cnt4[0] (net)
                  0.08    0.00    0.38 v _112_/B1 (sky130_fd_sc_hd__o2111ai_2)
     1    0.00    0.05    0.09    0.47 ^ _112_/Y (sky130_fd_sc_hd__o2111ai_2)
                                         _066_ (net)
                  0.05    0.00    0.47 ^ _113_/B1 (sky130_fd_sc_hd__o21a_1)
     1    0.00    0.04    0.10    0.57 ^ _113_/X (sky130_fd_sc_hd__o21a_1)
                                         _000_ (net)
                  0.04    0.00    0.57 ^ _206_/D (sky130_fd_sc_hd__dfxtp_2)
                                  0.57   data arrival time

                  0.15    0.00    0.00   clock clk (rise edge)
                          0.00    0.00   clock network delay (ideal)
                          0.25    0.25   clock uncertainty
                          0.00    0.25   clock reconvergence pessimism
                                  0.25 ^ _206_/CLK (sky130_fd_sc_hd__dfxtp_2)
                         -0.02    0.23   library hold time
                                  0.23   data required time
-----------------------------------------------------------------------------
                                  0.23   data required time
                                 -0.57   data arrival time
-----------------------------------------------------------------------------
                                  0.34   slack (MET)


Startpoint: _207_ (rising edge-triggered flip-flop clocked by clk)
Endpoint: _207_ (rising edge-triggered flip-flop clocked by clk)
Path Group: clk
Path Type: min

Fanout     Cap    Slew   Delay    Time   Description
-----------------------------------------------------------------------------
                  0.15    0.00    0.00   clock clk (rise edge)
                          0.00    0.00   clock network delay (ideal)
                  0.15    0.00    0.00 ^ _207_/CLK (sky130_fd_sc_hd__dfxtp_2)
     8    0.02    0.06    0.36    0.36 v _207_/Q (sky130_fd_sc_hd__dfxtp_2)
                                         cnt4[1] (net)
                  0.06    0.00    0.36 v _115_/B (sky130_fd_sc_hd__nor2_1)
     1    0.00    0.06    0.07    0.43 ^ _115_/Y (sky130_fd_sc_hd__nor2_1)
                                         _068_ (net)
                  0.06    0.00    0.43 ^ _117_/A (sky130_fd_sc_hd__or3b_1)
     1    0.00    0.04    0.10    0.53 ^ _117_/X (sky130_fd_sc_hd__or3b_1)
                                         _070_ (net)
                  0.04    0.00    0.53 ^ _122_/B1 (sky130_fd_sc_hd__o2bb2ai_1)
     1    0.00    0.03    0.06    0.59 v _122_/Y (sky130_fd_sc_hd__o2bb2ai_1)
                                         _001_ (net)
                  0.03    0.00    0.59 v _207_/D (sky130_fd_sc_hd__dfxtp_2)
                                  0.59   data arrival time

                  0.15    0.00    0.00   clock clk (rise edge)
                          0.00    0.00   clock network delay (ideal)
                          0.25    0.25   clock uncertainty
                          0.00    0.25   clock reconvergence pessimism
                                  0.25 ^ _207_/CLK (sky130_fd_sc_hd__dfxtp_2)
                         -0.02    0.23   library hold time
                                  0.23   data required time
-----------------------------------------------------------------------------
                                  0.23   data required time
                                 -0.59   data arrival time
-----------------------------------------------------------------------------
                                  0.35   slack (MET)


Startpoint: _216_ (rising edge-triggered flip-flop clocked by clk)
Endpoint: _216_ (rising edge-triggered flip-flop clocked by clk)
Path Group: clk
Path Type: min

Fanout     Cap    Slew   Delay    Time   Description
-----------------------------------------------------------------------------
                  0.15    0.00    0.00   clock clk (rise edge)
                          0.00    0.00   clock network delay (ideal)
                  0.15    0.00    0.00 ^ _216_/CLK (sky130_fd_sc_hd__dfxtp_1)
     4    0.02    0.10    0.37    0.37 v _216_/Q (sky130_fd_sc_hd__dfxtp_1)
                                         cnt1[5] (net)
                  0.10    0.00    0.37 v _167_/A1 (sky130_fd_sc_hd__o22a_1)
     1    0.00    0.04    0.21    0.59 v _167_/X (sky130_fd_sc_hd__o22a_1)
                                         _010_ (net)
                  0.04    0.00    0.59 v _216_/D (sky130_fd_sc_hd__dfxtp_1)
                                  0.59   data arrival time

                  0.15    0.00    0.00   clock clk (rise edge)
                          0.00    0.00   clock network delay (ideal)
                          0.25    0.25   clock uncertainty
                          0.00    0.25   clock reconvergence pessimism
                                  0.25 ^ _216_/CLK (sky130_fd_sc_hd__dfxtp_1)
                         -0.03    0.22   library hold time
                                  0.22   data required time
-----------------------------------------------------------------------------
                                  0.22   data required time
                                 -0.59   data arrival time
-----------------------------------------------------------------------------
                                  0.36   slack (MET)


Startpoint: _215_ (rising edge-triggered flip-flop clocked by clk)
Endpoint: _215_ (rising edge-triggered flip-flop clocked by clk)
Path Group: clk
Path Type: min

Fanout     Cap    Slew   Delay    Time   Description
-----------------------------------------------------------------------------
                  0.15    0.00    0.00   clock clk (rise edge)
                          0.00    0.00   clock network delay (ideal)
                  0.15    0.00    0.00 ^ _215_/CLK (sky130_fd_sc_hd__dfxtp_1)
     4    0.01    0.14    0.39    0.39 ^ _215_/Q (sky130_fd_sc_hd__dfxtp_1)
                                         cnt1[4] (net)
                  0.14    0.00    0.39 ^ _161_/B1 (sky130_fd_sc_hd__a41o_1)
     1    0.00    0.05    0.11    0.49 ^ _161_/X (sky130_fd_sc_hd__a41o_1)
                                         _019_ (net)
                  0.05    0.00    0.49 ^ _162_/A3 (sky130_fd_sc_hd__a32o_1)
     1    0.00    0.05    0.15    0.64 ^ _162_/X (sky130_fd_sc_hd__a32o_1)
                                         _009_ (net)
                  0.05    0.00    0.64 ^ _215_/D (sky130_fd_sc_hd__dfxtp_1)
                                  0.64   data arrival time

                  0.15    0.00    0.00   clock clk (rise edge)
                          0.00    0.00   clock network delay (ideal)
                          0.25    0.25   clock uncertainty
                          0.00    0.25   clock reconvergence pessimism
                                  0.25 ^ _215_/CLK (sky130_fd_sc_hd__dfxtp_1)
                         -0.02    0.23   library hold time
                                  0.23   data required time
-----------------------------------------------------------------------------
                                  0.23   data required time
                                 -0.64   data arrival time
-----------------------------------------------------------------------------
                                  0.41   slack (MET)


Startpoint: _213_ (rising edge-triggered flip-flop clocked by clk)
Endpoint: _214_ (rising edge-triggered flip-flop clocked by clk)
Path Group: clk
Path Type: min

Fanout     Cap    Slew   Delay    Time   Description
-----------------------------------------------------------------------------
                  0.15    0.00    0.00   clock clk (rise edge)
                          0.00    0.00   clock network delay (ideal)
                  0.15    0.00    0.00 ^ _213_/CLK (sky130_fd_sc_hd__dfxtp_2)
     8    0.02    0.07    0.37    0.37 v _213_/Q (sky130_fd_sc_hd__dfxtp_2)
                                         cnt1[2] (net)
                  0.07    0.00    0.37 v _157_/D (sky130_fd_sc_hd__nand4_1)
     3    0.01    0.11    0.13    0.50 ^ _157_/Y (sky130_fd_sc_hd__nand4_1)
                                         _016_ (net)
                  0.11    0.00    0.50 ^ _159_/A2 (sky130_fd_sc_hd__a32o_1)
     1    0.00    0.04    0.16    0.65 ^ _159_/X (sky130_fd_sc_hd__a32o_1)
                                         _008_ (net)
                  0.04    0.00    0.65 ^ _214_/D (sky130_fd_sc_hd__dfxtp_1)
                                  0.65   data arrival time

                  0.15    0.00    0.00   clock clk (rise edge)
                          0.00    0.00   clock network delay (ideal)
                          0.25    0.25   clock uncertainty
                          0.00    0.25   clock reconvergence pessimism
                                  0.25 ^ _214_/CLK (sky130_fd_sc_hd__dfxtp_1)
                         -0.02    0.23   library hold time
                                  0.23   data required time
-----------------------------------------------------------------------------
                                  0.23   data required time
                                 -0.65   data arrival time
-----------------------------------------------------------------------------
                                  0.42   slack (MET)


Startpoint: _207_ (rising edge-triggered flip-flop clocked by clk)
Endpoint: _209_ (rising edge-triggered flip-flop clocked by clk)
Path Group: clk
Path Type: min

Fanout     Cap    Slew   Delay    Time   Description
-----------------------------------------------------------------------------
                  0.15    0.00    0.00   clock clk (rise edge)
                          0.00    0.00   clock network delay (ideal)
                  0.15    0.00    0.00 ^ _207_/CLK (sky130_fd_sc_hd__dfxtp_2)
     8    0.02    0.12    0.39    0.39 ^ _207_/Q (sky130_fd_sc_hd__dfxtp_2)
                                         cnt4[1] (net)
                  0.12    0.00    0.39 ^ _131_/B (sky130_fd_sc_hd__nand4_1)
     1    0.00    0.07    0.09    0.48 v _131_/Y (sky130_fd_sc_hd__nand4_1)
                                         _082_ (net)
                  0.07    0.00    0.48 v _133_/C (sky130_fd_sc_hd__nand4b_1)
     1    0.00    0.06    0.10    0.58 ^ _133_/Y (sky130_fd_sc_hd__nand4b_1)
                                         _084_ (net)
                  0.06    0.00    0.58 ^ _134_/B1 (sky130_fd_sc_hd__o2bb2ai_1)
     1    0.00    0.04    0.07    0.65 v _134_/Y (sky130_fd_sc_hd__o2bb2ai_1)
                                         _003_ (net)
                  0.04    0.00    0.65 v _209_/D (sky130_fd_sc_hd__dfxtp_1)
                                  0.65   data arrival time

                  0.15    0.00    0.00   clock clk (rise edge)
                          0.00    0.00   clock network delay (ideal)
                          0.25    0.25   clock uncertainty
                          0.00    0.25   clock reconvergence pessimism
                                  0.25 ^ _209_/CLK (sky130_fd_sc_hd__dfxtp_1)
                         -0.03    0.22   library hold time
                                  0.22   data required time
-----------------------------------------------------------------------------
                                  0.22   data required time
                                 -0.65   data arrival time
-----------------------------------------------------------------------------
                                  0.43   slack (MET)


Startpoint: _212_ (rising edge-triggered flip-flop clocked by clk)
Endpoint: _212_ (rising edge-triggered flip-flop clocked by clk)
Path Group: clk
Path Type: min

Fanout     Cap    Slew   Delay    Time   Description
-----------------------------------------------------------------------------
                  0.15    0.00    0.00   clock clk (rise edge)
                          0.00    0.00   clock network delay (ideal)
                  0.15    0.00    0.00 ^ _212_/CLK (sky130_fd_sc_hd__dfxtp_1)
     2    0.01    0.05    0.33    0.33 v _212_/Q (sky130_fd_sc_hd__dfxtp_1)
                                         cnt1[1] (net)
                  0.05    0.00    0.33 v _105_/A (sky130_fd_sc_hd__buf_6)
    10    0.03    0.04    0.13    0.46 v _105_/X (sky130_fd_sc_hd__buf_6)
                                         _059_ (net)
                  0.04    0.00    0.46 v _150_/B (sky130_fd_sc_hd__nand2_1)
     1    0.00    0.04    0.06    0.52 ^ _150_/Y (sky130_fd_sc_hd__nand2_1)
                                         _098_ (net)
                  0.04    0.00    0.52 ^ _153_/A4 (sky130_fd_sc_hd__a41o_1)
     1    0.00    0.04    0.15    0.67 ^ _153_/X (sky130_fd_sc_hd__a41o_1)
                                         _006_ (net)
                  0.04    0.00    0.67 ^ _212_/D (sky130_fd_sc_hd__dfxtp_1)
                                  0.67   data arrival time

                  0.15    0.00    0.00   clock clk (rise edge)
                          0.00    0.00   clock network delay (ideal)
                          0.25    0.25   clock uncertainty
                          0.00    0.25   clock reconvergence pessimism
                                  0.25 ^ _212_/CLK (sky130_fd_sc_hd__dfxtp_1)
                         -0.02    0.23   library hold time
                                  0.23   data required time
-----------------------------------------------------------------------------
                                  0.23   data required time
                                 -0.67   data arrival time
-----------------------------------------------------------------------------
                                  0.44   slack (MET)


Startpoint: _219_ (rising edge-triggered flip-flop clocked by clk)
Endpoint: _221_ (rising edge-triggered flip-flop clocked by clk)
Path Group: clk
Path Type: min

Fanout     Cap    Slew   Delay    Time   Description
-----------------------------------------------------------------------------
                  0.15    0.00    0.00   clock clk (rise edge)
                          0.00    0.00   clock network delay (ideal)
                  0.15    0.00    0.00 ^ _219_/CLK (sky130_fd_sc_hd__dfxtp_1)
     4    0.01    0.13    0.38    0.38 ^ _219_/Q (sky130_fd_sc_hd__dfxtp_1)
                                         cnt3[0] (net)
                  0.13    0.00    0.38 ^ _140_/C (sky130_fd_sc_hd__nand3b_2)
     3    0.01    0.10    0.12    0.51 v _140_/Y (sky130_fd_sc_hd__nand3b_2)
                                         _090_ (net)
                  0.10    0.00    0.51 v _194_/D1 (sky130_fd_sc_hd__o2111ai_1)
     1    0.00    0.08    0.10    0.61 ^ _194_/Y (sky130_fd_sc_hd__o2111ai_1)
                                         _046_ (net)
                  0.08    0.00    0.61 ^ _195_/B1 (sky130_fd_sc_hd__o2bb2ai_1)
     1    0.00    0.04    0.07    0.68 v _195_/Y (sky130_fd_sc_hd__o2bb2ai_1)
                                         _015_ (net)
                  0.04    0.00    0.68 v _221_/D (sky130_fd_sc_hd__dfxtp_1)
                                  0.68   data arrival time

                  0.15    0.00    0.00   clock clk (rise edge)
                          0.00    0.00   clock network delay (ideal)
                          0.25    0.25   clock uncertainty
                          0.00    0.25   clock reconvergence pessimism
                                  0.25 ^ _221_/CLK (sky130_fd_sc_hd__dfxtp_1)
                         -0.03    0.22   library hold time
                                  0.22   data required time
-----------------------------------------------------------------------------
                                  0.22   data required time
                                 -0.68   data arrival time
-----------------------------------------------------------------------------
                                  0.45   slack (MET)


Startpoint: _216_ (rising edge-triggered flip-flop clocked by clk)
Endpoint: _219_ (rising edge-triggered flip-flop clocked by clk)
Path Group: clk
Path Type: min

Fanout     Cap    Slew   Delay    Time   Description
-----------------------------------------------------------------------------
                  0.15    0.00    0.00   clock clk (rise edge)
                          0.00    0.00   clock network delay (ideal)
                  0.15    0.00    0.00 ^ _216_/CLK (sky130_fd_sc_hd__dfxtp_1)
     4    0.02    0.10    0.37    0.37 v _216_/Q (sky130_fd_sc_hd__dfxtp_1)
                                         cnt1[5] (net)
                  0.10    0.00    0.37 v _199_/C (sky130_fd_sc_hd__nand4_4)
     9    0.03    0.11    0.16    0.54 ^ _199_/Y (sky130_fd_sc_hd__nand4_4)
                                         _050_ (net)
                  0.11    0.00    0.54 ^ _181_/A1 (sky130_fd_sc_hd__a211oi_2)
     2    0.01    0.04    0.09    0.62 v _181_/Y (sky130_fd_sc_hd__a211oi_2)
                                         _035_ (net)
                  0.04    0.00    0.62 v _184_/A2 (sky130_fd_sc_hd__o21ai_1)
     1    0.00    0.07    0.10    0.72 ^ _184_/Y (sky130_fd_sc_hd__o21ai_1)
                                         _013_ (net)
                  0.07    0.00    0.72 ^ _219_/D (sky130_fd_sc_hd__dfxtp_1)
                                  0.72   data arrival time

                  0.15    0.00    0.00   clock clk (rise edge)
                          0.00    0.00   clock network delay (ideal)
                          0.25    0.25   clock uncertainty
                          0.00    0.25   clock reconvergence pessimism
                                  0.25 ^ _219_/CLK (sky130_fd_sc_hd__dfxtp_1)
                         -0.02    0.23   library hold time
                                  0.23   data required time
-----------------------------------------------------------------------------
                                  0.23   data required time
                                 -0.72   data arrival time
-----------------------------------------------------------------------------
                                  0.49   slack (MET)


Startpoint: _216_ (rising edge-triggered flip-flop clocked by clk)
Endpoint: _220_ (rising edge-triggered flip-flop clocked by clk)
Path Group: clk
Path Type: min

Fanout     Cap    Slew   Delay    Time   Description
-----------------------------------------------------------------------------
                  0.15    0.00    0.00   clock clk (rise edge)
                          0.00    0.00   clock network delay (ideal)
                  0.15    0.00    0.00 ^ _216_/CLK (sky130_fd_sc_hd__dfxtp_1)
     4    0.02    0.10    0.37    0.37 v _216_/Q (sky130_fd_sc_hd__dfxtp_1)
                                         cnt1[5] (net)
                  0.10    0.00    0.37 v _199_/C (sky130_fd_sc_hd__nand4_4)
     9    0.03    0.11    0.16    0.54 ^ _199_/Y (sky130_fd_sc_hd__nand4_4)
                                         _050_ (net)
                  0.11    0.00    0.54 ^ _181_/A1 (sky130_fd_sc_hd__a211oi_2)
     2    0.01    0.04    0.09    0.62 v _181_/Y (sky130_fd_sc_hd__a211oi_2)
                                         _035_ (net)
                  0.04    0.00    0.62 v _190_/A2 (sky130_fd_sc_hd__o21ai_1)
     1    0.00    0.08    0.10    0.73 ^ _190_/Y (sky130_fd_sc_hd__o21ai_1)
                                         _014_ (net)
                  0.08    0.00    0.73 ^ _220_/D (sky130_fd_sc_hd__dfxtp_1)
                                  0.73   data arrival time

                  0.15    0.00    0.00   clock clk (rise edge)
                          0.00    0.00   clock network delay (ideal)
                          0.25    0.25   clock uncertainty
                          0.00    0.25   clock reconvergence pessimism
                                  0.25 ^ _220_/CLK (sky130_fd_sc_hd__dfxtp_1)
                         -0.02    0.23   library hold time
                                  0.23   data required time
-----------------------------------------------------------------------------
                                  0.23   data required time
                                 -0.73   data arrival time
-----------------------------------------------------------------------------
                                  0.50   slack (MET)


Startpoint: _216_ (rising edge-triggered flip-flop clocked by clk)
Endpoint: _208_ (rising edge-triggered flip-flop clocked by clk)
Path Group: clk
Path Type: min

Fanout     Cap    Slew   Delay    Time   Description
-----------------------------------------------------------------------------
                  0.15    0.00    0.00   clock clk (rise edge)
                          0.00    0.00   clock network delay (ideal)
                  0.15    0.00    0.00 ^ _216_/CLK (sky130_fd_sc_hd__dfxtp_1)
     4    0.02    0.10    0.37    0.37 v _216_/Q (sky130_fd_sc_hd__dfxtp_1)
                                         cnt1[5] (net)
                  0.10    0.00    0.37 v _199_/C (sky130_fd_sc_hd__nand4_4)
     9    0.03    0.11    0.16    0.54 ^ _199_/Y (sky130_fd_sc_hd__nand4_4)
                                         _050_ (net)
                  0.11    0.00    0.54 ^ _124_/B1 (sky130_fd_sc_hd__a221oi_1)
     1    0.00    0.07    0.09    0.62 v _124_/Y (sky130_fd_sc_hd__a221oi_1)
                                         _076_ (net)
                  0.07    0.00    0.62 v _130_/A2 (sky130_fd_sc_hd__o21ai_1)
     1    0.00    0.07    0.11    0.73 ^ _130_/Y (sky130_fd_sc_hd__o21ai_1)
                                         _002_ (net)
                  0.07    0.00    0.73 ^ _208_/D (sky130_fd_sc_hd__dfxtp_1)
                                  0.73   data arrival time

                  0.15    0.00    0.00   clock clk (rise edge)
                          0.00    0.00   clock network delay (ideal)
                          0.25    0.25   clock uncertainty
                          0.00    0.25   clock reconvergence pessimism
                                  0.25 ^ _208_/CLK (sky130_fd_sc_hd__dfxtp_1)
                         -0.02    0.23   library hold time
                                  0.23   data required time
-----------------------------------------------------------------------------
                                  0.23   data required time
                                 -0.73   data arrival time
-----------------------------------------------------------------------------
                                  0.51   slack (MET)


Startpoint: _211_ (rising edge-triggered flip-flop clocked by clk)
Endpoint: _211_ (rising edge-triggered flip-flop clocked by clk)
Path Group: clk
Path Type: min

Fanout     Cap    Slew   Delay    Time   Description
-----------------------------------------------------------------------------
                  0.15    0.00    0.00   clock clk (rise edge)
                          0.00    0.00   clock network delay (ideal)
                  0.15    0.00    0.00 ^ _211_/CLK (sky130_fd_sc_hd__dfxtp_2)
     2    0.01    0.06    0.35    0.35 ^ _211_/Q (sky130_fd_sc_hd__dfxtp_2)
                                         cnt1[0] (net)
                  0.06    0.00    0.35 ^ _106_/A (sky130_fd_sc_hd__buf_6)
     5    0.01    0.04    0.10    0.44 ^ _106_/X (sky130_fd_sc_hd__buf_6)
                                         _060_ (net)
                  0.04    0.00    0.44 ^ rebuffer1/A (sky130_fd_sc_hd__buf_1)
     2    0.01    0.10    0.11    0.56 ^ rebuffer1/X (sky130_fd_sc_hd__buf_1)
                                         net5 (net)
                  0.10    0.00    0.56 ^ _147_/S (sky130_fd_sc_hd__mux2_1)
     1    0.00    0.04    0.13    0.68 ^ _147_/X (sky130_fd_sc_hd__mux2_1)
                                         _096_ (net)
                  0.04    0.00    0.68 ^ _148_/A (sky130_fd_sc_hd__clkbuf_1)
     1    0.00    0.03    0.07    0.75 ^ _148_/X (sky130_fd_sc_hd__clkbuf_1)
                                         _005_ (net)
                  0.03    0.00    0.75 ^ _211_/D (sky130_fd_sc_hd__dfxtp_2)
                                  0.75   data arrival time

                  0.15    0.00    0.00   clock clk (rise edge)
                          0.00    0.00   clock network delay (ideal)
                          0.25    0.25   clock uncertainty
                          0.00    0.25   clock reconvergence pessimism
                                  0.25 ^ _211_/CLK (sky130_fd_sc_hd__dfxtp_2)
                         -0.01    0.24   library hold time
                                  0.24   data required time
-----------------------------------------------------------------------------
                                  0.24   data required time
                                 -0.75   data arrival time
-----------------------------------------------------------------------------
                                  0.51   slack (MET)


Startpoint: _210_ (rising edge-triggered flip-flop clocked by clk)
Endpoint: clkout (output port clocked by clk)
Path Group: clk
Path Type: min

Fanout     Cap    Slew   Delay    Time   Description
-----------------------------------------------------------------------------
                  0.15    0.00    0.00   clock clk (rise edge)
                          0.00    0.00   clock network delay (ideal)
                  0.15    0.00    0.00 ^ _210_/CLK (sky130_fd_sc_hd__dfxtp_1)
     2    0.01    0.04    0.33    0.33 v _210_/Q (sky130_fd_sc_hd__dfxtp_1)
                                         net4 (net)
                  0.04    0.00    0.33 v output4/A (sky130_fd_sc_hd__clkbuf_4)
     1    0.03    0.08    0.17    0.50 v output4/X (sky130_fd_sc_hd__clkbuf_4)
                                         clkout (net)
                  0.08    0.00    0.50 v clkout (out)
                                  0.50   data arrival time

                  0.15    0.00    0.00   clock clk (rise edge)
                          0.00    0.00   clock network delay (ideal)
                          0.25    0.25   clock uncertainty
                          0.00    0.25   clock reconvergence pessimism
                         -0.42   -0.17   output external delay
                                 -0.17   data required time
-----------------------------------------------------------------------------
                                 -0.17   data required time
                                 -0.50   data arrival time
-----------------------------------------------------------------------------
                                  0.67   slack (MET)



worst slack corner Typical: 0.2520
min_report_end
max_report

===========================================================================
report_checks -path_delay max (Setup)
============================================================================
======================= Typical Corner ===================================

Startpoint: sel[1] (input port clocked by clk)
Endpoint: _209_ (rising edge-triggered flip-flop clocked by clk)
Path Group: clk
Path Type: max

Fanout     Cap    Slew   Delay    Time   Description
-----------------------------------------------------------------------------
                  0.15    0.00    0.00   clock clk (rise edge)
                          0.00    0.00   clock network delay (ideal)
                          0.42    0.42 v input external delay
     1    0.00    0.01    0.00    0.42 v sel[1] (in)
                                         sel[1] (net)
                  0.01    0.00    0.42 v input3/A (sky130_fd_sc_hd__buf_1)
     4    0.01    0.08    0.13    0.55 v input3/X (sky130_fd_sc_hd__buf_1)
                                         net3 (net)
                  0.08    0.00    0.55 v _200_/A (sky130_fd_sc_hd__buf_2)
    10    0.02    0.07    0.19    0.73 v _200_/X (sky130_fd_sc_hd__buf_2)
                                         _051_ (net)
                  0.07    0.00    0.73 v _205_/A (sky130_fd_sc_hd__or2_1)
     4    0.01    0.09    0.30    1.03 v _205_/X (sky130_fd_sc_hd__or2_1)
                                         _056_ (net)
                  0.09    0.00    1.03 v _104_/A (sky130_fd_sc_hd__nand2_1)
     3    0.01    0.13    0.15    1.18 ^ _104_/Y (sky130_fd_sc_hd__nand2_1)
                                         _058_ (net)
                  0.13    0.00    1.18 ^ _114_/B1 (sky130_fd_sc_hd__o211ai_2)
     2    0.01    0.09    0.12    1.30 v _114_/Y (sky130_fd_sc_hd__o211ai_2)
                                         _067_ (net)
                  0.09    0.00    1.30 v _134_/A2_N (sky130_fd_sc_hd__o2bb2ai_1)
     1    0.00    0.05    0.15    1.45 v _134_/Y (sky130_fd_sc_hd__o2bb2ai_1)
                                         _003_ (net)
                  0.05    0.00    1.45 v _209_/D (sky130_fd_sc_hd__dfxtp_1)
                                  1.45   data arrival time

                  0.15    2.10    2.10   clock clk (rise edge)
                          0.00    2.10   clock network delay (ideal)
                         -0.25    1.85   clock uncertainty
                          0.00    1.85   clock reconvergence pessimism
                                  1.85 ^ _209_/CLK (sky130_fd_sc_hd__dfxtp_1)
                         -0.09    1.76   library setup time
                                  1.76   data required time
-----------------------------------------------------------------------------
                                  1.76   data required time
                                 -1.45   data arrival time
-----------------------------------------------------------------------------
                                  0.32   slack (MET)


Startpoint: sel[1] (input port clocked by clk)
Endpoint: _206_ (rising edge-triggered flip-flop clocked by clk)
Path Group: clk
Path Type: max

Fanout     Cap    Slew   Delay    Time   Description
-----------------------------------------------------------------------------
                  0.15    0.00    0.00   clock clk (rise edge)
                          0.00    0.00   clock network delay (ideal)
                          0.42    0.42 v input external delay
     1    0.00    0.01    0.00    0.42 v sel[1] (in)
                                         sel[1] (net)
                  0.01    0.00    0.42 v input3/A (sky130_fd_sc_hd__buf_1)
     4    0.01    0.08    0.13    0.55 v input3/X (sky130_fd_sc_hd__buf_1)
                                         net3 (net)
                  0.08    0.00    0.55 v _200_/A (sky130_fd_sc_hd__buf_2)
    10    0.02    0.07    0.19    0.73 v _200_/X (sky130_fd_sc_hd__buf_2)
                                         _051_ (net)
                  0.07    0.00    0.73 v _205_/A (sky130_fd_sc_hd__or2_1)
     4    0.01    0.09    0.30    1.03 v _205_/X (sky130_fd_sc_hd__or2_1)
                                         _056_ (net)
                  0.09    0.00    1.03 v _104_/A (sky130_fd_sc_hd__nand2_1)
     3    0.01    0.13    0.15    1.18 ^ _104_/Y (sky130_fd_sc_hd__nand2_1)
                                         _058_ (net)
                  0.13    0.00    1.18 ^ _112_/C1 (sky130_fd_sc_hd__o2111ai_2)
     1    0.00    0.10    0.13    1.31 v _112_/Y (sky130_fd_sc_hd__o2111ai_2)
                                         _066_ (net)
                  0.10    0.00    1.31 v _113_/B1 (sky130_fd_sc_hd__o21a_1)
     1    0.00    0.03    0.13    1.44 v _113_/X (sky130_fd_sc_hd__o21a_1)
                                         _000_ (net)
                  0.03    0.00    1.44 v _206_/D (sky130_fd_sc_hd__dfxtp_2)
                                  1.44   data arrival time

                  0.15    2.10    2.10   clock clk (rise edge)
                          0.00    2.10   clock network delay (ideal)
                         -0.25    1.85   clock uncertainty
                          0.00    1.85   clock reconvergence pessimism
                                  1.85 ^ _206_/CLK (sky130_fd_sc_hd__dfxtp_2)
                         -0.08    1.77   library setup time
                                  1.77   data required time
-----------------------------------------------------------------------------
                                  1.77   data required time
                                 -1.44   data arrival time
-----------------------------------------------------------------------------
                                  0.32   slack (MET)


Startpoint: sel[1] (input port clocked by clk)
Endpoint: _207_ (rising edge-triggered flip-flop clocked by clk)
Path Group: clk
Path Type: max

Fanout     Cap    Slew   Delay    Time   Description
-----------------------------------------------------------------------------
                  0.15    0.00    0.00   clock clk (rise edge)
                          0.00    0.00   clock network delay (ideal)
                          0.42    0.42 v input external delay
     1    0.00    0.01    0.00    0.42 v sel[1] (in)
                                         sel[1] (net)
                  0.01    0.00    0.42 v input3/A (sky130_fd_sc_hd__buf_1)
     4    0.01    0.08    0.13    0.55 v input3/X (sky130_fd_sc_hd__buf_1)
                                         net3 (net)
                  0.08    0.00    0.55 v _200_/A (sky130_fd_sc_hd__buf_2)
    10    0.02    0.07    0.19    0.73 v _200_/X (sky130_fd_sc_hd__buf_2)
                                         _051_ (net)
                  0.07    0.00    0.73 v _205_/A (sky130_fd_sc_hd__or2_1)
     4    0.01    0.09    0.30    1.03 v _205_/X (sky130_fd_sc_hd__or2_1)
                                         _056_ (net)
                  0.09    0.00    1.03 v _104_/A (sky130_fd_sc_hd__nand2_1)
     3    0.01    0.13    0.15    1.18 ^ _104_/Y (sky130_fd_sc_hd__nand2_1)
                                         _058_ (net)
                  0.13    0.00    1.18 ^ _114_/B1 (sky130_fd_sc_hd__o211ai_2)
     2    0.01    0.09    0.12    1.30 v _114_/Y (sky130_fd_sc_hd__o211ai_2)
                                         _067_ (net)
                  0.09    0.00    1.30 v _122_/A2_N (sky130_fd_sc_hd__o2bb2ai_1)
     1    0.00    0.04    0.14    1.44 v _122_/Y (sky130_fd_sc_hd__o2bb2ai_1)
                                         _001_ (net)
                  0.04    0.00    1.44 v _207_/D (sky130_fd_sc_hd__dfxtp_2)
                                  1.44   data arrival time

                  0.15    2.10    2.10   clock clk (rise edge)
                          0.00    2.10   clock network delay (ideal)
                         -0.25    1.85   clock uncertainty
                          0.00    1.85   clock reconvergence pessimism
                                  1.85 ^ _207_/CLK (sky130_fd_sc_hd__dfxtp_2)
                         -0.09    1.76   library setup time
                                  1.76   data required time
-----------------------------------------------------------------------------
                                  1.76   data required time
                                 -1.44   data arrival time
-----------------------------------------------------------------------------
                                  0.32   slack (MET)


Startpoint: sel[1] (input port clocked by clk)
Endpoint: _208_ (rising edge-triggered flip-flop clocked by clk)
Path Group: clk
Path Type: max

Fanout     Cap    Slew   Delay    Time   Description
-----------------------------------------------------------------------------
                  0.15    0.00    0.00   clock clk (rise edge)
                          0.00    0.00   clock network delay (ideal)
                          0.42    0.42 v input external delay
     1    0.00    0.01    0.00    0.42 v sel[1] (in)
                                         sel[1] (net)
                  0.01    0.00    0.42 v input3/A (sky130_fd_sc_hd__buf_1)
     4    0.01    0.08    0.13    0.55 v input3/X (sky130_fd_sc_hd__buf_1)
                                         net3 (net)
                  0.08    0.00    0.55 v _200_/A (sky130_fd_sc_hd__buf_2)
    10    0.02    0.07    0.19    0.73 v _200_/X (sky130_fd_sc_hd__buf_2)
                                         _051_ (net)
                  0.07    0.00    0.73 v _205_/A (sky130_fd_sc_hd__or2_1)
     4    0.01    0.09    0.30    1.03 v _205_/X (sky130_fd_sc_hd__or2_1)
                                         _056_ (net)
                  0.09    0.00    1.03 v _124_/A1 (sky130_fd_sc_hd__a221oi_1)
     1    0.00    0.25    0.31    1.34 ^ _124_/Y (sky130_fd_sc_hd__a221oi_1)
                                         _076_ (net)
                  0.25    0.00    1.34 ^ _130_/A2 (sky130_fd_sc_hd__o21ai_1)
     1    0.00    0.05    0.09    1.43 v _130_/Y (sky130_fd_sc_hd__o21ai_1)
                                         _002_ (net)
                  0.05    0.00    1.43 v _208_/D (sky130_fd_sc_hd__dfxtp_1)
                                  1.43   data arrival time

                  0.15    2.10    2.10   clock clk (rise edge)
                          0.00    2.10   clock network delay (ideal)
                         -0.25    1.85   clock uncertainty
                          0.00    1.85   clock reconvergence pessimism
                                  1.85 ^ _208_/CLK (sky130_fd_sc_hd__dfxtp_1)
                         -0.09    1.76   library setup time
                                  1.76   data required time
-----------------------------------------------------------------------------
                                  1.76   data required time
                                 -1.43   data arrival time
-----------------------------------------------------------------------------
                                  0.33   slack (MET)


Startpoint: sel[1] (input port clocked by clk)
Endpoint: _212_ (rising edge-triggered flip-flop clocked by clk)
Path Group: clk
Path Type: max

Fanout     Cap    Slew   Delay    Time   Description
-----------------------------------------------------------------------------
                  0.15    0.00    0.00   clock clk (rise edge)
                          0.00    0.00   clock network delay (ideal)
                          0.42    0.42 v input external delay
     1    0.00    0.01    0.00    0.42 v sel[1] (in)
                                         sel[1] (net)
                  0.01    0.00    0.42 v input3/A (sky130_fd_sc_hd__buf_1)
     4    0.01    0.08    0.13    0.55 v input3/X (sky130_fd_sc_hd__buf_1)
                                         net3 (net)
                  0.08    0.00    0.55 v _200_/A (sky130_fd_sc_hd__buf_2)
    10    0.02    0.07    0.19    0.73 v _200_/X (sky130_fd_sc_hd__buf_2)
                                         _051_ (net)
                  0.07    0.00    0.73 v _205_/A (sky130_fd_sc_hd__or2_1)
     4    0.01    0.09    0.30    1.03 v _205_/X (sky130_fd_sc_hd__or2_1)
                                         _056_ (net)
                  0.09    0.00    1.03 v _152_/A (sky130_fd_sc_hd__and3_1)
     1    0.00    0.04    0.17    1.20 v _152_/X (sky130_fd_sc_hd__and3_1)
                                         _100_ (net)
                  0.04    0.00    1.20 v _153_/B1 (sky130_fd_sc_hd__a41o_1)
     1    0.00    0.04    0.21    1.41 v _153_/X (sky130_fd_sc_hd__a41o_1)
                                         _006_ (net)
                  0.04    0.00    1.41 v _212_/D (sky130_fd_sc_hd__dfxtp_1)
                                  1.41   data arrival time

                  0.15    2.10    2.10   clock clk (rise edge)
                          0.00    2.10   clock network delay (ideal)
                         -0.25    1.85   clock uncertainty
                          0.00    1.85   clock reconvergence pessimism
                                  1.85 ^ _212_/CLK (sky130_fd_sc_hd__dfxtp_1)
                         -0.08    1.77   library setup time
                                  1.77   data required time
-----------------------------------------------------------------------------
                                  1.77   data required time
                                 -1.41   data arrival time
-----------------------------------------------------------------------------
                                  0.36   slack (MET)


Startpoint: sel[1] (input port clocked by clk)
Endpoint: _216_ (rising edge-triggered flip-flop clocked by clk)
Path Group: clk
Path Type: max

Fanout     Cap    Slew   Delay    Time   Description
-----------------------------------------------------------------------------
                  0.15    0.00    0.00   clock clk (rise edge)
                          0.00    0.00   clock network delay (ideal)
                          0.42    0.42 v input external delay
     1    0.00    0.01    0.00    0.42 v sel[1] (in)
                                         sel[1] (net)
                  0.01    0.00    0.42 v input3/A (sky130_fd_sc_hd__buf_1)
     4    0.01    0.08    0.13    0.55 v input3/X (sky130_fd_sc_hd__buf_1)
                                         net3 (net)
                  0.08    0.00    0.55 v _200_/A (sky130_fd_sc_hd__buf_2)
    10    0.02    0.07    0.19    0.73 v _200_/X (sky130_fd_sc_hd__buf_2)
                                         _051_ (net)
                  0.07    0.00    0.73 v _205_/A (sky130_fd_sc_hd__or2_1)
     4    0.01    0.09    0.30    1.03 v _205_/X (sky130_fd_sc_hd__or2_1)
                                         _056_ (net)
                  0.09    0.00    1.03 v _165_/A1 (sky130_fd_sc_hd__a21bo_1)
     1    0.00    0.04    0.19    1.22 v _165_/X (sky130_fd_sc_hd__a21bo_1)
                                         _022_ (net)
                  0.04    0.00    1.22 v _167_/B1 (sky130_fd_sc_hd__o22a_1)
     1    0.00    0.04    0.18    1.40 v _167_/X (sky130_fd_sc_hd__o22a_1)
                                         _010_ (net)
                  0.04    0.00    1.40 v _216_/D (sky130_fd_sc_hd__dfxtp_1)
                                  1.40   data arrival time

                  0.15    2.10    2.10   clock clk (rise edge)
                          0.00    2.10   clock network delay (ideal)
                         -0.25    1.85   clock uncertainty
                          0.00    1.85   clock reconvergence pessimism
                                  1.85 ^ _216_/CLK (sky130_fd_sc_hd__dfxtp_1)
                         -0.09    1.76   library setup time
                                  1.76   data required time
-----------------------------------------------------------------------------
                                  1.76   data required time
                                 -1.40   data arrival time
-----------------------------------------------------------------------------
                                  0.36   slack (MET)


Startpoint: sel[0] (input port clocked by clk)
Endpoint: _211_ (rising edge-triggered flip-flop clocked by clk)
Path Group: clk
Path Type: max

Fanout     Cap    Slew   Delay    Time   Description
-----------------------------------------------------------------------------
                  0.15    0.00    0.00   clock clk (rise edge)
                          0.00    0.00   clock network delay (ideal)
                          0.42    0.42 v input external delay
     1    0.00    0.01    0.00    0.42 v sel[0] (in)
                                         sel[0] (net)
                  0.01    0.00    0.42 v input2/A (sky130_fd_sc_hd__clkbuf_2)
     7    0.02    0.07    0.13    0.56 v input2/X (sky130_fd_sc_hd__clkbuf_2)
                                         net2 (net)
                  0.07    0.00    0.56 v _204_/A (sky130_fd_sc_hd__clkbuf_4)
    10    0.03    0.07    0.20    0.76 v _204_/X (sky130_fd_sc_hd__clkbuf_4)
                                         _055_ (net)
                  0.07    0.00    0.76 v _146_/A2 (sky130_fd_sc_hd__o21a_1)
     4    0.01    0.07    0.22    0.98 v _146_/X (sky130_fd_sc_hd__o21a_1)
                                         _095_ (net)
                  0.07    0.00    0.98 v _147_/A1 (sky130_fd_sc_hd__mux2_1)
     1    0.00    0.05    0.30    1.28 v _147_/X (sky130_fd_sc_hd__mux2_1)
                                         _096_ (net)
                  0.05    0.00    1.28 v _148_/A (sky130_fd_sc_hd__clkbuf_1)
     1    0.00    0.02    0.09    1.37 v _148_/X (sky130_fd_sc_hd__clkbuf_1)
                                         _005_ (net)
                  0.02    0.00    1.37 v _211_/D (sky130_fd_sc_hd__dfxtp_2)
                                  1.37   data arrival time

                  0.15    2.10    2.10   clock clk (rise edge)
                          0.00    2.10   clock network delay (ideal)
                         -0.25    1.85   clock uncertainty
                          0.00    1.85   clock reconvergence pessimism
                                  1.85 ^ _211_/CLK (sky130_fd_sc_hd__dfxtp_2)
                         -0.08    1.77   library setup time
                                  1.77   data required time
-----------------------------------------------------------------------------
                                  1.77   data required time
                                 -1.37   data arrival time
-----------------------------------------------------------------------------
                                  0.40   slack (MET)


Startpoint: sel[1] (input port clocked by clk)
Endpoint: _221_ (rising edge-triggered flip-flop clocked by clk)
Path Group: clk
Path Type: max

Fanout     Cap    Slew   Delay    Time   Description
-----------------------------------------------------------------------------
                  0.15    0.00    0.00   clock clk (rise edge)
                          0.00    0.00   clock network delay (ideal)
                          0.42    0.42 v input external delay
     1    0.00    0.01    0.00    0.42 v sel[1] (in)
                                         sel[1] (net)
                  0.01    0.00    0.42 v input3/A (sky130_fd_sc_hd__buf_1)
     4    0.01    0.08    0.13    0.55 v input3/X (sky130_fd_sc_hd__buf_1)
                                         net3 (net)
                  0.08    0.00    0.55 v _200_/A (sky130_fd_sc_hd__buf_2)
    10    0.02    0.07    0.19    0.73 v _200_/X (sky130_fd_sc_hd__buf_2)
                                         _051_ (net)
                  0.07    0.00    0.73 v _120_/B (sky130_fd_sc_hd__nor3_1)
     4    0.01    0.37    0.35    1.08 ^ _120_/Y (sky130_fd_sc_hd__nor3_1)
                                         _073_ (net)
                  0.37    0.00    1.08 ^ _121_/B1 (sky130_fd_sc_hd__a31o_1)
     3    0.01    0.09    0.19    1.28 ^ _121_/X (sky130_fd_sc_hd__a31o_1)
                                         _074_ (net)
                  0.09    0.00    1.28 ^ _195_/B2 (sky130_fd_sc_hd__o2bb2ai_1)
     1    0.00    0.05    0.07    1.35 v _195_/Y (sky130_fd_sc_hd__o2bb2ai_1)
                                         _015_ (net)
                  0.05    0.00    1.35 v _221_/D (sky130_fd_sc_hd__dfxtp_1)
                                  1.35   data arrival time

                  0.15    2.10    2.10   clock clk (rise edge)
                          0.00    2.10   clock network delay (ideal)
                         -0.25    1.85   clock uncertainty
                          0.00    1.85   clock reconvergence pessimism
                                  1.85 ^ _221_/CLK (sky130_fd_sc_hd__dfxtp_1)
                         -0.09    1.76   library setup time
                                  1.76   data required time
-----------------------------------------------------------------------------
                                  1.76   data required time
                                 -1.35   data arrival time
-----------------------------------------------------------------------------
                                  0.41   slack (MET)


Startpoint: sel[1] (input port clocked by clk)
Endpoint: _219_ (rising edge-triggered flip-flop clocked by clk)
Path Group: clk
Path Type: max

Fanout     Cap    Slew   Delay    Time   Description
-----------------------------------------------------------------------------
                  0.15    0.00    0.00   clock clk (rise edge)
                          0.00    0.00   clock network delay (ideal)
                          0.42    0.42 v input external delay
     1    0.00    0.01    0.00    0.42 v sel[1] (in)
                                         sel[1] (net)
                  0.01    0.00    0.42 v input3/A (sky130_fd_sc_hd__buf_1)
     4    0.01    0.08    0.13    0.55 v input3/X (sky130_fd_sc_hd__buf_1)
                                         net3 (net)
                  0.08    0.00    0.55 v _200_/A (sky130_fd_sc_hd__buf_2)
    10    0.02    0.07    0.19    0.73 v _200_/X (sky130_fd_sc_hd__buf_2)
                                         _051_ (net)
                  0.07    0.00    0.73 v _203_/B (sky130_fd_sc_hd__or2_1)
     3    0.01    0.10    0.28    1.02 v _203_/X (sky130_fd_sc_hd__or2_1)
                                         _054_ (net)
                  0.10    0.00    1.02 v _183_/A2 (sky130_fd_sc_hd__o2111ai_1)
     1    0.00    0.18    0.22    1.24 ^ _183_/Y (sky130_fd_sc_hd__o2111ai_1)
                                         _037_ (net)
                  0.18    0.00    1.24 ^ _184_/B1 (sky130_fd_sc_hd__o21ai_1)
     1    0.00    0.06    0.09    1.33 v _184_/Y (sky130_fd_sc_hd__o21ai_1)
                                         _013_ (net)
                  0.06    0.00    1.33 v _219_/D (sky130_fd_sc_hd__dfxtp_1)
                                  1.33   data arrival time

                  0.15    2.10    2.10   clock clk (rise edge)
                          0.00    2.10   clock network delay (ideal)
                         -0.25    1.85   clock uncertainty
                          0.00    1.85   clock reconvergence pessimism
                                  1.85 ^ _219_/CLK (sky130_fd_sc_hd__dfxtp_1)
                         -0.09    1.76   library setup time
                                  1.76   data required time
-----------------------------------------------------------------------------
                                  1.76   data required time
                                 -1.33   data arrival time
-----------------------------------------------------------------------------
                                  0.43   slack (MET)


Startpoint: sel[1] (input port clocked by clk)
Endpoint: _220_ (rising edge-triggered flip-flop clocked by clk)
Path Group: clk
Path Type: max

Fanout     Cap    Slew   Delay    Time   Description
-----------------------------------------------------------------------------
                  0.15    0.00    0.00   clock clk (rise edge)
                          0.00    0.00   clock network delay (ideal)
                          0.42    0.42 ^ input external delay
     1    0.00    0.02    0.01    0.43 ^ sel[1] (in)
                                         sel[1] (net)
                  0.02    0.00    0.43 ^ input3/A (sky130_fd_sc_hd__buf_1)
     4    0.01    0.17    0.17    0.60 ^ input3/X (sky130_fd_sc_hd__buf_1)
                                         net3 (net)
                  0.17    0.00    0.60 ^ _141_/C_N (sky130_fd_sc_hd__nor3b_2)
     2    0.01    0.25    0.30    0.90 ^ _141_/Y (sky130_fd_sc_hd__nor3b_2)
                                         _091_ (net)
                  0.25    0.00    0.90 ^ _188_/C (sky130_fd_sc_hd__and4_1)
     1    0.00    0.06    0.23    1.14 ^ _188_/X (sky130_fd_sc_hd__and4_1)
                                         _041_ (net)
                  0.06    0.00    1.14 ^ _189_/D1 (sky130_fd_sc_hd__o2111ai_1)
     1    0.00    0.11    0.11    1.25 v _189_/Y (sky130_fd_sc_hd__o2111ai_1)
                                         _042_ (net)
                  0.11    0.00    1.25 v _190_/B1 (sky130_fd_sc_hd__o21ai_1)
     1    0.00    0.10    0.10    1.35 ^ _190_/Y (sky130_fd_sc_hd__o21ai_1)
                                         _014_ (net)
                  0.10    0.00    1.35 ^ _220_/D (sky130_fd_sc_hd__dfxtp_1)
                                  1.35   data arrival time

                  0.15    2.10    2.10   clock clk (rise edge)
                          0.00    2.10   clock network delay (ideal)
                         -0.25    1.85   clock uncertainty
                          0.00    1.85   clock reconvergence pessimism
                                  1.85 ^ _220_/CLK (sky130_fd_sc_hd__dfxtp_1)
                         -0.05    1.80   library setup time
                                  1.80   data required time
-----------------------------------------------------------------------------
                                  1.80   data required time
                                 -1.35   data arrival time
-----------------------------------------------------------------------------
                                  0.45   slack (MET)


Startpoint: sel[0] (input port clocked by clk)
Endpoint: _213_ (rising edge-triggered flip-flop clocked by clk)
Path Group: clk
Path Type: max

Fanout     Cap    Slew   Delay    Time   Description
-----------------------------------------------------------------------------
                  0.15    0.00    0.00   clock clk (rise edge)
                          0.00    0.00   clock network delay (ideal)
                          0.42    0.42 v input external delay
     1    0.00    0.01    0.00    0.42 v sel[0] (in)
                                         sel[0] (net)
                  0.01    0.00    0.42 v input2/A (sky130_fd_sc_hd__clkbuf_2)
     7    0.02    0.07    0.13    0.56 v input2/X (sky130_fd_sc_hd__clkbuf_2)
                                         net2 (net)
                  0.07    0.00    0.56 v _204_/A (sky130_fd_sc_hd__clkbuf_4)
    10    0.03    0.07    0.20    0.76 v _204_/X (sky130_fd_sc_hd__clkbuf_4)
                                         _055_ (net)
                  0.07    0.00    0.76 v _146_/A2 (sky130_fd_sc_hd__o21a_1)
     4    0.01    0.07    0.22    0.98 v _146_/X (sky130_fd_sc_hd__o21a_1)
                                         _095_ (net)
                  0.07    0.00    0.98 v _156_/B2 (sky130_fd_sc_hd__a2bb2o_1)
     1    0.00    0.05    0.26    1.24 v _156_/X (sky130_fd_sc_hd__a2bb2o_1)
                                         _007_ (net)
                  0.05    0.00    1.24 v _213_/D (sky130_fd_sc_hd__dfxtp_2)
                                  1.24   data arrival time

                  0.15    2.10    2.10   clock clk (rise edge)
                          0.00    2.10   clock network delay (ideal)
                         -0.25    1.85   clock uncertainty
                          0.00    1.85   clock reconvergence pessimism
                                  1.85 ^ _213_/CLK (sky130_fd_sc_hd__dfxtp_2)
                         -0.09    1.76   library setup time
                                  1.76   data required time
-----------------------------------------------------------------------------
                                  1.76   data required time
                                 -1.24   data arrival time
-----------------------------------------------------------------------------
                                  0.52   slack (MET)


Startpoint: _212_ (rising edge-triggered flip-flop clocked by clk)
Endpoint: _210_ (rising edge-triggered flip-flop clocked by clk)
Path Group: clk
Path Type: max

Fanout     Cap    Slew   Delay    Time   Description
-----------------------------------------------------------------------------
                  0.15    0.00    0.00   clock clk (rise edge)
                          0.00    0.00   clock network delay (ideal)
                  0.15    0.00    0.00 ^ _212_/CLK (sky130_fd_sc_hd__dfxtp_1)
     2    0.01    0.05    0.37    0.37 v _212_/Q (sky130_fd_sc_hd__dfxtp_1)
                                         cnt1[1] (net)
                  0.05    0.00    0.37 v _105_/A (sky130_fd_sc_hd__buf_6)
    10    0.03    0.04    0.14    0.51 v _105_/X (sky130_fd_sc_hd__buf_6)
                                         _059_ (net)
                  0.04    0.00    0.51 v _107_/A (sky130_fd_sc_hd__or2b_4)
     2    0.01    0.06    0.28    0.79 v _107_/X (sky130_fd_sc_hd__or2b_4)
                                         _061_ (net)
                  0.06    0.00    0.79 v _143_/A1 (sky130_fd_sc_hd__o21ai_1)
     3    0.01    0.18    0.19    0.98 ^ _143_/Y (sky130_fd_sc_hd__o21ai_1)
                                         _093_ (net)
                  0.18    0.00    0.98 ^ _144_/A (sky130_fd_sc_hd__nand4_1)
     1    0.00    0.09    0.11    1.09 v _144_/Y (sky130_fd_sc_hd__nand4_1)
                                         _094_ (net)
                  0.09    0.00    1.09 v _145_/B1 (sky130_fd_sc_hd__a32oi_1)
     1    0.00    0.14    0.16    1.26 ^ _145_/Y (sky130_fd_sc_hd__a32oi_1)
                                         _004_ (net)
                  0.14    0.00    1.26 ^ _210_/D (sky130_fd_sc_hd__dfxtp_1)
                                  1.26   data arrival time

                  0.15    2.10    2.10   clock clk (rise edge)
                          0.00    2.10   clock network delay (ideal)
                         -0.25    1.85   clock uncertainty
                          0.00    1.85   clock reconvergence pessimism
                                  1.85 ^ _210_/CLK (sky130_fd_sc_hd__dfxtp_1)
                         -0.06    1.79   library setup time
                                  1.79   data required time
-----------------------------------------------------------------------------
                                  1.79   data required time
                                 -1.26   data arrival time
-----------------------------------------------------------------------------
                                  0.53   slack (MET)


Startpoint: reset (input port clocked by clk)
Endpoint: _218_ (rising edge-triggered flip-flop clocked by clk)
Path Group: clk
Path Type: max

Fanout     Cap    Slew   Delay    Time   Description
-----------------------------------------------------------------------------
                  0.15    0.00    0.00   clock clk (rise edge)
                          0.00    0.00   clock network delay (ideal)
                          0.42    0.42 v input external delay
     1    0.00    0.01    0.00    0.42 v reset (in)
                                         reset (net)
                  0.01    0.00    0.42 v input1/A (sky130_fd_sc_hd__buf_2)
     8    0.02    0.06    0.15    0.57 v input1/X (sky130_fd_sc_hd__buf_2)
                                         net1 (net)
                  0.06    0.00    0.57 v _151_/A (sky130_fd_sc_hd__buf_2)
    10    0.02    0.07    0.18    0.75 v _151_/X (sky130_fd_sc_hd__buf_2)
                                         _099_ (net)
                  0.07    0.00    0.75 v _178_/A (sky130_fd_sc_hd__or3_1)
     1    0.00    0.07    0.39    1.14 v _178_/X (sky130_fd_sc_hd__or3_1)
                                         _033_ (net)
                  0.07    0.00    1.14 v _179_/B2 (sky130_fd_sc_hd__o2bb2ai_1)
     1    0.00    0.10    0.13    1.26 ^ _179_/Y (sky130_fd_sc_hd__o2bb2ai_1)
                                         _012_ (net)
                  0.10    0.00    1.26 ^ _218_/D (sky130_fd_sc_hd__dfxtp_1)
                                  1.26   data arrival time

                  0.15    2.10    2.10   clock clk (rise edge)
                          0.00    2.10   clock network delay (ideal)
                         -0.25    1.85   clock uncertainty
                          0.00    1.85   clock reconvergence pessimism
                                  1.85 ^ _218_/CLK (sky130_fd_sc_hd__dfxtp_1)
                         -0.05    1.80   library setup time
                                  1.80   data required time
-----------------------------------------------------------------------------
                                  1.80   data required time
                                 -1.26   data arrival time
-----------------------------------------------------------------------------
                                  0.54   slack (MET)


Startpoint: reset (input port clocked by clk)
Endpoint: _217_ (rising edge-triggered flip-flop clocked by clk)
Path Group: clk
Path Type: max

Fanout     Cap    Slew   Delay    Time   Description
-----------------------------------------------------------------------------
                  0.15    0.00    0.00   clock clk (rise edge)
                          0.00    0.00   clock network delay (ideal)
                          0.42    0.42 ^ input external delay
     1    0.00    0.02    0.01    0.43 ^ reset (in)
                                         reset (net)
                  0.02    0.00    0.43 ^ input1/A (sky130_fd_sc_hd__buf_2)
     8    0.02    0.12    0.16    0.59 ^ input1/X (sky130_fd_sc_hd__buf_2)
                                         net1 (net)
                  0.12    0.00    0.59 ^ _151_/A (sky130_fd_sc_hd__buf_2)
    10    0.03    0.13    0.21    0.79 ^ _151_/X (sky130_fd_sc_hd__buf_2)
                                         _099_ (net)
                  0.13    0.00    0.79 ^ _172_/A1 (sky130_fd_sc_hd__o21ai_1)
     2    0.01    0.07    0.11    0.91 v _172_/Y (sky130_fd_sc_hd__o21ai_1)
                                         _028_ (net)
                  0.07    0.00    0.91 v _173_/B1 (sky130_fd_sc_hd__a211oi_1)
     1    0.00    0.20    0.24    1.14 ^ _173_/Y (sky130_fd_sc_hd__a211oi_1)
                                         _029_ (net)
                  0.20    0.00    1.14 ^ _174_/B1 (sky130_fd_sc_hd__a21oi_1)
     1    0.00    0.06    0.07    1.21 v _174_/Y (sky130_fd_sc_hd__a21oi_1)
                                         _011_ (net)
                  0.06    0.00    1.21 v _217_/D (sky130_fd_sc_hd__dfxtp_1)
                                  1.21   data arrival time

                  0.15    2.10    2.10   clock clk (rise edge)
                          0.00    2.10   clock network delay (ideal)
                         -0.25    1.85   clock uncertainty
                          0.00    1.85   clock reconvergence pessimism
                                  1.85 ^ _217_/CLK (sky130_fd_sc_hd__dfxtp_1)
                         -0.09    1.76   library setup time
                                  1.76   data required time
-----------------------------------------------------------------------------
                                  1.76   data required time
                                 -1.21   data arrival time
-----------------------------------------------------------------------------
                                  0.55   slack (MET)


Startpoint: sel[0] (input port clocked by clk)
Endpoint: _215_ (rising edge-triggered flip-flop clocked by clk)
Path Group: clk
Path Type: max

Fanout     Cap    Slew   Delay    Time   Description
-----------------------------------------------------------------------------
                  0.15    0.00    0.00   clock clk (rise edge)
                          0.00    0.00   clock network delay (ideal)
                          0.42    0.42 v input external delay
     1    0.00    0.01    0.00    0.42 v sel[0] (in)
                                         sel[0] (net)
                  0.01    0.00    0.42 v input2/A (sky130_fd_sc_hd__clkbuf_2)
     7    0.02    0.07    0.13    0.56 v input2/X (sky130_fd_sc_hd__clkbuf_2)
                                         net2 (net)
                  0.07    0.00    0.56 v _204_/A (sky130_fd_sc_hd__clkbuf_4)
    10    0.03    0.07    0.20    0.76 v _204_/X (sky130_fd_sc_hd__clkbuf_4)
                                         _055_ (net)
                  0.07    0.00    0.76 v _146_/A2 (sky130_fd_sc_hd__o21a_1)
     4    0.01    0.07    0.22    0.98 v _146_/X (sky130_fd_sc_hd__o21a_1)
                                         _095_ (net)
                  0.07    0.00    0.98 v _162_/B2 (sky130_fd_sc_hd__a32o_1)
     1    0.00    0.04    0.23    1.21 v _162_/X (sky130_fd_sc_hd__a32o_1)
                                         _009_ (net)
                  0.04    0.00    1.21 v _215_/D (sky130_fd_sc_hd__dfxtp_1)
                                  1.21   data arrival time

                  0.15    2.10    2.10   clock clk (rise edge)
                          0.00    2.10   clock network delay (ideal)
                         -0.25    1.85   clock uncertainty
                          0.00    1.85   clock reconvergence pessimism
                                  1.85 ^ _215_/CLK (sky130_fd_sc_hd__dfxtp_1)
                         -0.08    1.77   library setup time
                                  1.77   data required time
-----------------------------------------------------------------------------
                                  1.77   data required time
                                 -1.21   data arrival time
-----------------------------------------------------------------------------
                                  0.56   slack (MET)


Startpoint: _214_ (rising edge-triggered flip-flop clocked by clk)
Endpoint: _214_ (rising edge-triggered flip-flop clocked by clk)
Path Group: clk
Path Type: max

Fanout     Cap    Slew   Delay    Time   Description
-----------------------------------------------------------------------------
                  0.15    0.00    0.00   clock clk (rise edge)
                          0.00    0.00   clock network delay (ideal)
                  0.15    0.00    0.00 ^ _214_/CLK (sky130_fd_sc_hd__dfxtp_1)
     6    0.02    0.09    0.40    0.40 v _214_/Q (sky130_fd_sc_hd__dfxtp_1)
                                         cnt1[3] (net)
                  0.09    0.00    0.40 v hold19/A (sky130_fd_sc_hd__dlygate4sd3_1)
     1    0.00    0.05    0.60    1.00 v hold19/X (sky130_fd_sc_hd__dlygate4sd3_1)
                                         net23 (net)
                  0.05    0.00    1.00 v _159_/B1 (sky130_fd_sc_hd__a32o_1)
     1    0.00    0.04    0.21    1.21 v _159_/X (sky130_fd_sc_hd__a32o_1)
                                         _008_ (net)
                  0.04    0.00    1.21 v _214_/D (sky130_fd_sc_hd__dfxtp_1)
                                  1.21   data arrival time

                  0.15    2.10    2.10   clock clk (rise edge)
                          0.00    2.10   clock network delay (ideal)
                         -0.25    1.85   clock uncertainty
                          0.00    1.85   clock reconvergence pessimism
                                  1.85 ^ _214_/CLK (sky130_fd_sc_hd__dfxtp_1)
                         -0.08    1.77   library setup time
                                  1.77   data required time
-----------------------------------------------------------------------------
                                  1.77   data required time
                                 -1.21   data arrival time
-----------------------------------------------------------------------------
                                  0.56   slack (MET)


Startpoint: _210_ (rising edge-triggered flip-flop clocked by clk)
Endpoint: clkout (output port clocked by clk)
Path Group: clk
Path Type: max

Fanout     Cap    Slew   Delay    Time   Description
-----------------------------------------------------------------------------
                  0.15    0.00    0.00   clock clk (rise edge)
                          0.00    0.00   clock network delay (ideal)
                  0.15    0.00    0.00 ^ _210_/CLK (sky130_fd_sc_hd__dfxtp_1)
     2    0.01    0.08    0.38    0.38 ^ _210_/Q (sky130_fd_sc_hd__dfxtp_1)
                                         net4 (net)
                  0.08    0.00    0.38 ^ output4/A (sky130_fd_sc_hd__clkbuf_4)
     1    0.03    0.11    0.21    0.59 ^ output4/X (sky130_fd_sc_hd__clkbuf_4)
                                         clkout (net)
                  0.11    0.00    0.59 ^ clkout (out)
                                  0.59   data arrival time

                  0.15    2.10    2.10   clock clk (rise edge)
                          0.00    2.10   clock network delay (ideal)
                         -0.25    1.85   clock uncertainty
                          0.00    1.85   clock reconvergence pessimism
                         -0.42    1.43   output external delay
                                  1.43   data required time
-----------------------------------------------------------------------------
                                  1.43   data required time
                                 -0.59   data arrival time
-----------------------------------------------------------------------------
                                  0.84   slack (MET)



worst slack corner Typical: 0.3162
max_report_end
checks_report

===========================================================================
report_checks -unconstrained
===========================================================================
======================= Typical Corner ===================================

Startpoint: sel[1] (input port clocked by clk)
Endpoint: _209_ (rising edge-triggered flip-flop clocked by clk)
Path Group: clk
Path Type: max

Fanout     Cap    Slew   Delay    Time   Description
-----------------------------------------------------------------------------
                  0.15    0.00    0.00   clock clk (rise edge)
                          0.00    0.00   clock network delay (ideal)
                          0.42    0.42 v input external delay
     1    0.00    0.01    0.00    0.42 v sel[1] (in)
                                         sel[1] (net)
                  0.01    0.00    0.42 v input3/A (sky130_fd_sc_hd__buf_1)
     4    0.01    0.08    0.13    0.55 v input3/X (sky130_fd_sc_hd__buf_1)
                                         net3 (net)
                  0.08    0.00    0.55 v _200_/A (sky130_fd_sc_hd__buf_2)
    10    0.02    0.07    0.19    0.73 v _200_/X (sky130_fd_sc_hd__buf_2)
                                         _051_ (net)
                  0.07    0.00    0.73 v _205_/A (sky130_fd_sc_hd__or2_1)
     4    0.01    0.09    0.30    1.03 v _205_/X (sky130_fd_sc_hd__or2_1)
                                         _056_ (net)
                  0.09    0.00    1.03 v _104_/A (sky130_fd_sc_hd__nand2_1)
     3    0.01    0.13    0.15    1.18 ^ _104_/Y (sky130_fd_sc_hd__nand2_1)
                                         _058_ (net)
                  0.13    0.00    1.18 ^ _114_/B1 (sky130_fd_sc_hd__o211ai_2)
     2    0.01    0.09    0.12    1.30 v _114_/Y (sky130_fd_sc_hd__o211ai_2)
                                         _067_ (net)
                  0.09    0.00    1.30 v _134_/A2_N (sky130_fd_sc_hd__o2bb2ai_1)
     1    0.00    0.05    0.15    1.45 v _134_/Y (sky130_fd_sc_hd__o2bb2ai_1)
                                         _003_ (net)
                  0.05    0.00    1.45 v _209_/D (sky130_fd_sc_hd__dfxtp_1)
                                  1.45   data arrival time

                  0.15    2.10    2.10   clock clk (rise edge)
                          0.00    2.10   clock network delay (ideal)
                         -0.25    1.85   clock uncertainty
                          0.00    1.85   clock reconvergence pessimism
                                  1.85 ^ _209_/CLK (sky130_fd_sc_hd__dfxtp_1)
                         -0.09    1.76   library setup time
                                  1.76   data required time
-----------------------------------------------------------------------------
                                  1.76   data required time
                                 -1.45   data arrival time
-----------------------------------------------------------------------------
                                  0.32   slack (MET)




===========================================================================
report_checks --slack_max -0.01
============================================================================
======================= Typical Corner ===================================

No paths found.


===========================================================================
 report_check_types -max_slew -max_cap -max_fanout -violators
============================================================================
======================= Typical Corner ===================================


max slew violations count Typical: 0
max fanout violations count Typical: 0
max cap violations count Typical: 0

===========================================================================
report_parasitic_annotation -report_unannotated
============================================================================
Found 144 unannotated drivers.
 clk
 reset
 sel[0]
 sel[1]
 _103_/Y
 _104_/Y
 _105_/X
 _106_/X
 _107_/X
 _108_/Y
 _109_/Y
 _110_/Y
 _111_/Y
 _112_/Y
 _113_/X
 _114_/Y
 _115_/Y
 _116_/Y
 _117_/X
 _118_/Y
 _119_/X
 _120_/Y
 _121_/X
 _122_/Y
 _123_/Y
 _124_/Y
 _125_/Y
 _126_/Y
 _127_/X
 _128_/X
 _129_/Y
 _130_/Y
 _131_/Y
 _132_/X
 _133_/Y
 _134_/Y
 _135_/Y
 _136_/Y
 _137_/Y
 _138_/Y
 _139_/X
 _140_/Y
 _141_/Y
 _142_/Y
 _143_/Y
 _144_/Y
 _145_/Y
 _146_/X
 _147_/X
 _148_/X
 _149_/X
 _150_/Y
 _151_/X
 _152_/X
 _153_/X
 _154_/Y
 _155_/X
 _156_/X
 _157_/Y
 _158_/X
 _159_/X
 _160_/X
 _161_/X
 _162_/X
 _163_/X
 _164_/X
 _165_/X
 _166_/X
 _167_/X
 _168_/Y
 _169_/Y
 _170_/X
 _171_/Y
 _172_/Y
 _173_/Y
 _174_/Y
 _175_/X
 _176_/Y
 _177_/Y
 _178_/X
 _179_/Y
 _180_/Y
 _181_/Y
 _182_/Y
 _183_/Y
 _184_/Y
 _185_/Y
 _186_/X
 _187_/Y
 _188_/X
 _189_/Y
 _190_/Y
 _191_/Y
 _192_/Y
 _193_/X
 _194_/Y
 _195_/Y
 _196_/X
 _197_/Y
 _198_/Y
 _199_/Y
 _200_/X
 _201_/Y
 _202_/Y
 _203_/X
 _204_/X
 _205_/X
 _206_/Q
 _207_/Q
 _208_/Q
 _209_/Q
 _210_/Q
 _211_/Q
 _212_/Q
 _213_/Q
 _214_/Q
 _215_/Q
 _216_/Q
 _217_/Q
 _218_/Q
 _219_/Q
 _220_/Q
 _221_/Q
 clkbuf_0_clk/X
 clkbuf_1_0__f_clk/X
 clkbuf_1_1__f_clk/X
 clone2/X
 hold10/X
 hold11/X
 hold12/X
 hold13/X
 hold16/X
 hold17/X
 hold18/X
 hold19/X
 hold2/X
 hold20/X
 hold9/X
 input1/X
 input2/X
 input3/X
 output4/X
 rebuffer1/X
 rebuffer3/X
Found 0 partially unannotated drivers.

===========================================================================
max slew violation count 0
max fanout violation count 0
max cap violation count 0
============================================================================

===========================================================================
check_setup -verbose -unconstrained_endpoints -multiple_clock -no_clock -no_input_delay -loops -generated_clocks
===========================================================================
checks_report_end
power_report

===========================================================================
 report_power
============================================================================
======================= Typical Corner ===================================

Group                  Internal  Switching    Leakage      Total
                          Power      Power      Power      Power (Watts)
----------------------------------------------------------------
Sequential             3.98e-04   1.13e-04   1.35e-10   5.12e-04  38.3%
Combinational          5.10e-04   3.15e-04   4.97e-10   8.25e-04  61.7%
Macro                  0.00e+00   0.00e+00   0.00e+00   0.00e+00   0.0%
Pad                    0.00e+00   0.00e+00   0.00e+00   0.00e+00   0.0%
----------------------------------------------------------------
Total                  9.09e-04   4.28e-04   6.32e-10   1.34e-03 100.0%
                          68.0%      32.0%       0.0%

power_report_end
skew_report

===========================================================================
report_clock_skew
============================================================================
Clock clk
Latency      CRPR       Skew
_212_/CLK ^
   0.29
_206_/CLK ^
   0.26      0.00       0.03

skew_report_end
summary_report

===========================================================================
report_tns
============================================================================
tns 0.00

===========================================================================
report_wns
============================================================================
wns 0.00

===========================================================================
report_worst_slack -max (Setup)
============================================================================
worst slack 0.32

===========================================================================
report_worst_slack -min (Hold)
============================================================================
worst slack 0.25
summary_report_end
area_report

===========================================================================
report_design_area
============================================================================
Design area 1365 u^2 82% utilization.
area_report_end
[WARNING] Did not save OpenROAD database!
Writing SDF to '/openlane/openlane/pes_brg/runs/RUN/results/signoff/pes_brg.sdf'…
Writing timing model to '/openlane/openlane/pes_brg/runs/RUN/results/signoff/pes_brg.lib'…
