
===========================================================================
 report_power
============================================================================
======================= Fastest Corner ===================================

Group                  Internal  Switching    Leakage      Total
                          Power      Power      Power      Power (Watts)
----------------------------------------------------------------
Sequential             4.63e-04   1.42e-04   2.45e-10   6.05e-04  37.6%
Combinational          5.78e-04   4.27e-04   1.27e-09   1.00e-03  62.4%
Macro                  0.00e+00   0.00e+00   0.00e+00   0.00e+00   0.0%
Pad                    0.00e+00   0.00e+00   0.00e+00   0.00e+00   0.0%
----------------------------------------------------------------
Total                  1.04e-03   5.68e-04   1.52e-09   1.61e-03 100.0%
                          64.7%      35.3%       0.0%

======================= Slowest Corner ===================================

Group                  Internal  Switching    Leakage      Total
                          Power      Power      Power      Power (Watts)
----------------------------------------------------------------
Sequential             3.12e-04   9.38e-05   2.37e-07   4.06e-04  36.9%
Combinational          4.16e-04   2.80e-04   5.27e-07   6.96e-04  63.1%
Macro                  0.00e+00   0.00e+00   0.00e+00   0.00e+00   0.0%
Pad                    0.00e+00   0.00e+00   0.00e+00   0.00e+00   0.0%
----------------------------------------------------------------
Total                  7.28e-04   3.74e-04   7.64e-07   1.10e-03 100.0%
                          66.0%      33.9%       0.1%

======================= Typical Corner ===================================

Group                  Internal  Switching    Leakage      Total
                          Power      Power      Power      Power (Watts)
----------------------------------------------------------------
Sequential             3.99e-04   1.20e-04   1.35e-10   5.18e-04  37.3%
Combinational          5.12e-04   3.60e-04   5.45e-10   8.71e-04  62.7%
Macro                  0.00e+00   0.00e+00   0.00e+00   0.00e+00   0.0%
Pad                    0.00e+00   0.00e+00   0.00e+00   0.00e+00   0.0%
----------------------------------------------------------------
Total                  9.10e-04   4.79e-04   6.80e-10   1.39e-03 100.0%
                          65.5%      34.5%       0.0%

