Instance name, X location, Y location, Voltage
_168_, 44.64, 48.96, 8.45733e-05
PHY_EDGE_ROW_14_Right_14, 44.64, 48.96, 8.45733e-05
FILLER_0_14_78, 44.64, 48.96, 8.45733e-05
PHY_EDGE_ROW_12_Right_12, 44.64, 43.52, 0.000115053
PHY_EDGE_ROW_13_Right_13, 44.64, 43.52, 0.000115053
hold11, 44.64, 43.52, 0.000115053
_123_, 44.64, 38.08, 5.70497e-05
PHY_EDGE_ROW_10_Right_10, 44.64, 38.08, 5.70497e-05
PHY_EDGE_ROW_11_Right_11, 44.64, 38.08, 5.70497e-05
hold18, 44.64, 38.08, 5.70497e-05
FILLER_0_10_79, 44.64, 38.08, 5.70497e-05
PHY_EDGE_ROW_8_Right_8, 44.64, 32.64, 8.81467e-05
PHY_EDGE_ROW_9_Right_9, 44.64, 32.64, 8.81467e-05
_120_, 44.64, 27.2, 5.6954e-05
_127_, 44.64, 27.2, 5.6954e-05
_202_, 44.64, 27.2, 5.6954e-05
PHY_EDGE_ROW_6_Right_6, 44.64, 27.2, 5.6954e-05
PHY_EDGE_ROW_7_Right_7, 44.64, 27.2, 5.6954e-05
_132_, 44.64, 21.76, 2.41723e-05
PHY_EDGE_ROW_4_Right_4, 44.64, 21.76, 2.41723e-05
PHY_EDGE_ROW_5_Right_5, 44.64, 21.76, 2.41723e-05
FILLER_0_3_81, 44.64, 21.76, 2.41723e-05
_115_, 44.64, 16.32, 8.14438e-05
_116_, 44.64, 16.32, 8.14438e-05
PHY_EDGE_ROW_2_Right_2, 44.64, 16.32, 8.14438e-05
PHY_EDGE_ROW_3_Right_3, 44.64, 16.32, 8.14438e-05
hold16, 44.64, 16.32, 8.14438e-05
FILLER_0_1_82, 44.64, 16.32, 8.14438e-05
FILLER_0_2_81, 44.64, 16.32, 8.14438e-05
PHY_EDGE_ROW_0_Right_0, 44.64, 10.88, 3.46379e-05
PHY_EDGE_ROW_1_Right_1, 44.64, 10.88, 3.46379e-05
FILLER_0_0_76, 44.64, 10.88, 3.46379e-05
_171_, 34.405, 48.96, 0.000133091
_174_, 34.405, 48.96, 0.000133091
output4, 34.405, 48.96, 0.000133091
hold2, 34.405, 48.96, 0.000133091
FILLER_0_14_63, 34.405, 48.96, 0.000133091
_135_, 34.405, 43.52, 0.000198179
_169_, 34.405, 43.52, 0.000198179
_172_, 34.405, 43.52, 0.000198179
_173_, 34.405, 43.52, 0.000198179
_175_, 34.405, 43.52, 0.000198179
_217_, 34.405, 43.52, 0.000198179
FILLER_0_12_55, 34.405, 43.52, 0.000198179
FILLER_0_12_72, 34.405, 43.52, 0.000198179
_103_, 34.405, 38.08, 9.98092e-05
_119_, 34.405, 38.08, 9.98092e-05
_143_, 34.405, 38.08, 9.98092e-05
_170_, 34.405, 38.08, 9.98092e-05
_176_, 34.405, 38.08, 9.98092e-05
_178_, 34.405, 38.08, 9.98092e-05
_179_, 34.405, 38.08, 9.98092e-05
_218_, 34.405, 38.08, 9.98092e-05
_113_, 34.405, 32.64, 0.00017046
_129_, 34.405, 32.64, 0.00017046
_130_, 34.405, 32.64, 0.00017046
_149_, 34.405, 32.64, 0.00017046
_208_, 34.405, 32.64, 0.00017046
hold20, 34.405, 32.64, 0.00017046
_112_, 34.405, 27.2, 0.000105416
_114_, 34.405, 27.2, 0.000105416
_126_, 34.405, 27.2, 0.000105416
_128_, 34.405, 27.2, 0.000105416
_206_, 34.405, 27.2, 0.000105416
_117_, 34.405, 21.76, 4.11581e-05
_125_, 34.405, 21.76, 4.11581e-05
_131_, 34.405, 21.76, 4.11581e-05
_133_, 34.405, 21.76, 4.11581e-05
_200_, 34.405, 21.76, 4.11581e-05
_205_, 34.405, 21.76, 4.11581e-05
_134_, 34.405, 16.32, 0.00013257
_177_, 34.405, 16.32, 0.00013257
_204_, 34.405, 16.32, 0.00013257
_207_, 34.405, 16.32, 0.00013257
hold17, 34.405, 16.32, 0.00013257
_209_, 34.405, 10.88, 5.90887e-05
input3, 34.405, 10.88, 5.90887e-05
FILLER_0_0_57, 34.405, 10.88, 5.90887e-05
_136_, 24.17, 48.96, 0.000132578
_197_, 24.17, 48.96, 0.000132578
_210_, 24.17, 48.96, 0.000132578
FILLER_0_14_40, 24.17, 48.96, 0.000132578
FILLER_0_14_48, 24.17, 48.96, 0.000132578
_144_, 24.17, 43.52, 0.000305409
_145_, 24.17, 43.52, 0.000305409
_160_, 24.17, 43.52, 0.000305409
clkbuf_1_1__f_clk, 24.17, 43.52, 0.000305409
_138_, 24.17, 38.08, 9.38813e-05
_165_, 24.17, 38.08, 9.38813e-05
FILLER_0_10_32, 24.17, 38.08, 9.38813e-05
_104_, 24.17, 32.64, 0.000276585
_111_, 24.17, 32.64, 0.000276585
_124_, 24.17, 32.64, 0.000276585
clkbuf_0_clk, 24.17, 32.64, 0.000276585
rebuffer3, 24.17, 32.64, 0.000276585
_109_, 24.17, 27.2, 8.77608e-05
_110_, 24.17, 27.2, 8.77608e-05
_121_, 24.17, 27.2, 8.77608e-05
_137_, 24.17, 27.2, 8.77608e-05
_142_, 24.17, 27.2, 8.77608e-05
_196_, 24.17, 27.2, 8.77608e-05
_141_, 24.17, 21.76, 6.85691e-05
_182_, 24.17, 21.76, 6.85691e-05
_183_, 24.17, 21.76, 6.85691e-05
_201_, 24.17, 21.76, 6.85691e-05
_122_, 24.17, 16.32, 0.000181789
_188_, 24.17, 16.32, 0.000181789
_189_, 24.17, 16.32, 0.000181789
_191_, 24.17, 16.32, 0.000181789
_194_, 24.17, 16.32, 0.000181789
_221_, 24.17, 16.32, 0.000181789
_193_, 24.17, 10.88, 6.42352e-05
_195_, 24.17, 10.88, 6.42352e-05
hold9, 24.17, 10.88, 6.42352e-05
_198_, 13.935, 48.96, 0.000112394
hold12, 13.935, 48.96, 0.000112394
FILLER_0_14_11, 13.935, 48.96, 0.000112394
FILLER_0_14_19, 13.935, 48.96, 0.000112394
_162_, 13.935, 43.52, 0.000337479
_166_, 13.935, 43.52, 0.000337479
_216_, 13.935, 43.52, 0.000337479
hold19, 13.935, 43.52, 0.000337479
_108_, 13.935, 38.08, 0.00013004
_161_, 13.935, 38.08, 0.00013004
_164_, 13.935, 38.08, 0.00013004
_167_, 13.935, 38.08, 0.00013004
rebuffer1, 13.935, 38.08, 0.00013004
FILLER_0_10_18, 13.935, 38.08, 0.00013004
_107_, 13.935, 32.64, 0.000304633
_153_, 13.935, 32.64, 0.000304633
_158_, 13.935, 32.64, 0.000304633
_181_, 13.935, 32.64, 0.000304633
_199_, 13.935, 32.64, 0.000304633
clone2, 13.935, 32.64, 0.000304633
_118_, 13.935, 27.2, 0.000100454
_146_, 13.935, 27.2, 0.000100454
_155_, 13.935, 27.2, 0.000100454
_105_, 13.935, 21.76, 0.000141673
_106_, 13.935, 21.76, 0.000141673
_139_, 13.935, 21.76, 0.000141673
_150_, 13.935, 21.76, 0.000141673
_186_, 13.935, 16.32, 0.000319606
clkbuf_1_0__f_clk, 13.935, 16.32, 0.000319606
hold10, 13.935, 16.32, 0.000319606
hold13, 13.935, 16.32, 0.000319606
_140_, 13.935, 10.88, 9.81489e-05
_148_, 13.935, 10.88, 9.81489e-05
_180_, 13.935, 10.88, 9.81489e-05
_185_, 13.935, 10.88, 9.81489e-05
_187_, 13.935, 10.88, 9.81489e-05
_192_, 13.935, 10.88, 9.81489e-05
PHY_EDGE_ROW_13_Left_28, 5.52, 48.96, 0.000112394
PHY_EDGE_ROW_14_Left_29, 5.52, 48.96, 0.000112394
FILLER_0_14_3, 5.52, 48.96, 0.000112394
_157_, 5.52, 43.52, 0.00047541
_214_, 5.52, 43.52, 0.00047541
_215_, 5.52, 43.52, 0.00047541
PHY_EDGE_ROW_11_Left_26, 5.52, 43.52, 0.00047541
PHY_EDGE_ROW_12_Left_27, 5.52, 43.52, 0.00047541
_159_, 5.52, 38.08, 0.000146353
_163_, 5.52, 38.08, 0.000146353
PHY_EDGE_ROW_9_Left_24, 5.52, 38.08, 0.000146353
PHY_EDGE_ROW_10_Left_25, 5.52, 38.08, 0.000146353
_154_, 5.52, 32.64, 0.000422632
_156_, 5.52, 32.64, 0.000422632
_213_, 5.52, 32.64, 0.000422632
PHY_EDGE_ROW_7_Left_22, 5.52, 32.64, 0.000422632
PHY_EDGE_ROW_8_Left_23, 5.52, 32.64, 0.000422632
_147_, 5.52, 27.2, 0.000180577
_152_, 5.52, 27.2, 0.000180577
_212_, 5.52, 27.2, 0.000180577
PHY_EDGE_ROW_5_Left_20, 5.52, 27.2, 0.000180577
PHY_EDGE_ROW_6_Left_21, 5.52, 27.2, 0.000180577
_151_, 5.52, 21.76, 0.00020941
_203_, 5.52, 21.76, 0.00020941
_211_, 5.52, 21.76, 0.00020941
PHY_EDGE_ROW_3_Left_18, 5.52, 21.76, 0.00020941
PHY_EDGE_ROW_4_Left_19, 5.52, 21.76, 0.00020941
_184_, 5.52, 16.32, 0.000394302
_219_, 5.52, 16.32, 0.000394302
PHY_EDGE_ROW_1_Left_16, 5.52, 16.32, 0.000394302
PHY_EDGE_ROW_2_Left_17, 5.52, 16.32, 0.000394302
input1, 5.52, 16.32, 0.000394302
_190_, 5.52, 10.88, 0.000152879
_220_, 5.52, 10.88, 0.000152879
PHY_EDGE_ROW_0_Left_15, 5.52, 10.88, 0.000152879
input2, 5.52, 10.88, 0.000152879

