Instance name, X location, Y location, Voltage
_168_, 41.34, 51.68, 1.79995
_171_, 41.34, 51.68, 1.79995
_174_, 41.34, 51.68, 1.79995
_169_, 41.34, 46.24, 1.79982
_217_, 41.34, 46.24, 1.79982
hold11, 41.34, 46.24, 1.79982
FILLER_0_12_72, 41.34, 46.24, 1.79982
FILLER_0_14_78, 41.34, 46.24, 1.79982
_123_, 41.34, 40.8, 1.79986
_176_, 41.34, 40.8, 1.79986
_178_, 41.34, 40.8, 1.79986
_218_, 41.34, 40.8, 1.79986
_208_, 41.34, 35.36, 1.7999
hold18, 41.34, 35.36, 1.7999
hold20, 41.34, 35.36, 1.7999
FILLER_0_10_79, 41.34, 35.36, 1.7999
_127_, 41.34, 29.92, 1.79984
_128_, 41.34, 29.92, 1.79984
_206_, 41.34, 29.92, 1.79984
_120_, 41.34, 24.48, 1.79996
_125_, 41.34, 24.48, 1.79996
_131_, 41.34, 24.48, 1.79996
_200_, 41.34, 24.48, 1.79996
_202_, 41.34, 24.48, 1.79996
_116_, 41.34, 19.04, 1.79994
_132_, 41.34, 19.04, 1.79994
_177_, 41.34, 19.04, 1.79994
FILLER_0_3_81, 41.34, 19.04, 1.79994
_115_, 41.34, 13.6, 1.79992
hold16, 41.34, 13.6, 1.79992
FILLER_0_0_76, 41.34, 13.6, 1.79992
FILLER_0_1_82, 41.34, 13.6, 1.79992
FILLER_0_2_81, 41.34, 13.6, 1.79992
FILLER_0_14_48, 31.105, 51.68, 1.79996
_135_, 31.105, 46.24, 1.7998
_144_, 31.105, 46.24, 1.7998
output4, 31.105, 46.24, 1.7998
hold2, 31.105, 46.24, 1.7998
FILLER_0_12_55, 31.105, 46.24, 1.7998
FILLER_0_14_63, 31.105, 46.24, 1.7998
_138_, 31.105, 40.8, 1.79984
_172_, 31.105, 40.8, 1.79984
_173_, 31.105, 40.8, 1.79984
_175_, 31.105, 40.8, 1.79984
_179_, 31.105, 40.8, 1.79984
_103_, 31.105, 35.36, 1.79991
_119_, 31.105, 35.36, 1.79991
_124_, 31.105, 35.36, 1.79991
_130_, 31.105, 35.36, 1.79991
_143_, 31.105, 35.36, 1.79991
_170_, 31.105, 35.36, 1.79991
_113_, 31.105, 29.92, 1.79985
_121_, 31.105, 29.92, 1.79985
_126_, 31.105, 29.92, 1.79985
_129_, 31.105, 29.92, 1.79985
_137_, 31.105, 29.92, 1.79985
_149_, 31.105, 29.92, 1.79985
_112_, 31.105, 24.48, 1.79994
_114_, 31.105, 24.48, 1.79994
_201_, 31.105, 24.48, 1.79994
_117_, 31.105, 19.04, 1.7999
_122_, 31.105, 19.04, 1.7999
_133_, 31.105, 19.04, 1.7999
_204_, 31.105, 19.04, 1.7999
_205_, 31.105, 19.04, 1.7999
_134_, 31.105, 13.6, 1.79988
_195_, 31.105, 13.6, 1.79988
_207_, 31.105, 13.6, 1.79988
_209_, 31.105, 13.6, 1.79988
input3, 31.105, 13.6, 1.79988
hold17, 31.105, 13.6, 1.79988
FILLER_0_0_57, 31.105, 13.6, 1.79988
hold12, 20.87, 51.68, 1.79996
_136_, 20.87, 46.24, 1.79977
_166_, 20.87, 46.24, 1.79977
_197_, 20.87, 46.24, 1.79977
_210_, 20.87, 46.24, 1.79977
_216_, 20.87, 46.24, 1.79977
FILLER_0_14_40, 20.87, 46.24, 1.79977
_145_, 20.87, 40.8, 1.79972
_160_, 20.87, 40.8, 1.79972
_167_, 20.87, 40.8, 1.79972
clkbuf_1_1__f_clk, 20.87, 40.8, 1.79972
rebuffer1, 20.87, 40.8, 1.79972
FILLER_0_10_32, 20.87, 40.8, 1.79972
_165_, 20.87, 35.36, 1.79987
_181_, 20.87, 35.36, 1.79987
_199_, 20.87, 35.36, 1.79987
_104_, 20.87, 29.92, 1.79978
_110_, 20.87, 29.92, 1.79978
_111_, 20.87, 29.92, 1.79978
_155_, 20.87, 29.92, 1.79978
clkbuf_0_clk, 20.87, 29.92, 1.79978
rebuffer3, 20.87, 29.92, 1.79978
_105_, 20.87, 24.48, 1.79989
_109_, 20.87, 24.48, 1.79989
_141_, 20.87, 24.48, 1.79989
_142_, 20.87, 24.48, 1.79989
_182_, 20.87, 24.48, 1.79989
_196_, 20.87, 24.48, 1.79989
_183_, 20.87, 19.04, 1.7998
_189_, 20.87, 19.04, 1.7998
clkbuf_1_0__f_clk, 20.87, 19.04, 1.7998
_148_, 20.87, 13.6, 1.79988
_188_, 20.87, 13.6, 1.79988
_191_, 20.87, 13.6, 1.79988
_192_, 20.87, 13.6, 1.79988
_193_, 20.87, 13.6, 1.79988
_194_, 20.87, 13.6, 1.79988
_221_, 20.87, 13.6, 1.79988
hold9, 20.87, 13.6, 1.79988
FILLER_0_14_11, 10.635, 51.68, 1.79996
_198_, 10.635, 46.24, 1.79981
_215_, 10.635, 46.24, 1.79981
FILLER_0_14_19, 10.635, 46.24, 1.79981
_108_, 10.635, 40.8, 1.79973
_161_, 10.635, 40.8, 1.79973
_162_, 10.635, 40.8, 1.79973
hold19, 10.635, 40.8, 1.79973
_156_, 10.635, 35.36, 1.79985
_158_, 10.635, 35.36, 1.79985
_164_, 10.635, 35.36, 1.79985
FILLER_0_10_18, 10.635, 35.36, 1.79985
_107_, 10.635, 29.92, 1.79984
_147_, 10.635, 29.92, 1.79984
_153_, 10.635, 29.92, 1.79984
clone2, 10.635, 29.92, 1.79984
_118_, 10.635, 24.48, 1.79986
_146_, 10.635, 24.48, 1.79986
_150_, 10.635, 24.48, 1.79986
_203_, 10.635, 24.48, 1.79986
_106_, 10.635, 19.04, 1.79982
_139_, 10.635, 19.04, 1.79982
_184_, 10.635, 19.04, 1.79982
hold13, 10.635, 19.04, 1.79982
_140_, 10.635, 13.6, 1.79988
_180_, 10.635, 13.6, 1.79988
_185_, 10.635, 13.6, 1.79988
_186_, 10.635, 13.6, 1.79988
_187_, 10.635, 13.6, 1.79988
input2, 10.635, 13.6, 1.79988
hold10, 10.635, 13.6, 1.79988
PHY_EDGE_ROW_14_Left_29, 5.52, 51.68, 1.79996
PHY_EDGE_ROW_14_Right_14, 46.46, 51.68, 1.79995
_157_, 5.52, 46.24, 1.79981
PHY_EDGE_ROW_12_Left_27, 5.52, 46.24, 1.79981
PHY_EDGE_ROW_13_Left_28, 5.52, 46.24, 1.79981
FILLER_0_14_3, 5.52, 46.24, 1.79981
PHY_EDGE_ROW_12_Right_12, 46.46, 46.24, 1.79982
PHY_EDGE_ROW_13_Right_13, 46.46, 46.24, 1.79982
_159_, 5.52, 40.8, 1.79967
_214_, 5.52, 40.8, 1.79967
PHY_EDGE_ROW_10_Left_25, 5.52, 40.8, 1.79967
PHY_EDGE_ROW_11_Left_26, 5.52, 40.8, 1.79967
PHY_EDGE_ROW_10_Right_10, 46.46, 40.8, 1.79986
PHY_EDGE_ROW_11_Right_11, 46.46, 40.8, 1.79986
_163_, 5.52, 35.36, 1.79979
_213_, 5.52, 35.36, 1.79979
PHY_EDGE_ROW_8_Left_23, 5.52, 35.36, 1.79979
PHY_EDGE_ROW_9_Left_24, 5.52, 35.36, 1.79979
PHY_EDGE_ROW_8_Right_8, 46.46, 35.36, 1.7999
PHY_EDGE_ROW_9_Right_9, 46.46, 35.36, 1.7999
_152_, 5.52, 29.92, 1.79983
_154_, 5.52, 29.92, 1.79983
PHY_EDGE_ROW_6_Left_21, 5.52, 29.92, 1.79983
PHY_EDGE_ROW_7_Left_22, 5.52, 29.92, 1.79983
PHY_EDGE_ROW_6_Right_6, 46.46, 29.92, 1.79984
PHY_EDGE_ROW_7_Right_7, 46.46, 29.92, 1.79984
_211_, 5.52, 24.48, 1.79978
_212_, 5.52, 24.48, 1.79978
PHY_EDGE_ROW_4_Left_19, 5.52, 24.48, 1.79978
PHY_EDGE_ROW_5_Left_20, 5.52, 24.48, 1.79978
PHY_EDGE_ROW_4_Right_4, 46.46, 24.48, 1.79996
PHY_EDGE_ROW_5_Right_5, 46.46, 24.48, 1.79996
_151_, 5.52, 19.04, 1.79978
_219_, 5.52, 19.04, 1.79978
PHY_EDGE_ROW_2_Left_17, 5.52, 19.04, 1.79978
PHY_EDGE_ROW_3_Left_18, 5.52, 19.04, 1.79978
PHY_EDGE_ROW_2_Right_2, 46.46, 19.04, 1.79994
PHY_EDGE_ROW_3_Right_3, 46.46, 19.04, 1.79994
_190_, 5.52, 13.6, 1.79984
_220_, 5.52, 13.6, 1.79984
PHY_EDGE_ROW_0_Left_15, 5.52, 13.6, 1.79984
PHY_EDGE_ROW_1_Left_16, 5.52, 13.6, 1.79984
input1, 5.52, 13.6, 1.79984
PHY_EDGE_ROW_0_Right_0, 46.46, 13.6, 1.79992
PHY_EDGE_ROW_1_Right_1, 46.46, 13.6, 1.79992

