OpenSTA 2.4.0 0a584d1231 Copyright (c) 2023, Parallax Software, Inc.
License GPLv3: GNU GPL version 3 <http://gnu.org/licenses/gpl.html>

This is free software, and you are free to change and redistribute it
under certain conditions; type `show_copying' for details. 
This program comes with ABSOLUTELY NO WARRANTY; for details type `show_warranty'.
define_corners Typical
read_liberty -corner Typical /home/rohith_nagesh/ASIC/work/tools/openlane_working_dir/pdks/sky130A/libs.ref/sky130_fd_sc_hd/lib/sky130_fd_sc_hd__tt_025C_1v80.lib
Using 1e-12 for capacitance...
Using 1e+03 for resistance...
Using 1e-09 for time...
Using 1e+00 for voltage...
Using 1e-03 for current...
Using 1e-09 for power...
Using 1e-06 for distance...
Reading netlist '/openlane/openlane/pes_brg/runs/RUN/results/synthesis/pes_brg.v'…
Reading design constraints file at '/openlane/scripts/base.sdc'…
[INFO]: Setting output delay to: 0.42000000000000004
[INFO]: Setting input delay to: 0.42000000000000004
[INFO]: Setting load to: 0.033442
[INFO]: Setting clock uncertainty to: 0.25
[INFO]: Setting clock transition to: 0.15
[INFO]: Setting timing derate to: 5.0 %
min_report

===========================================================================
report_checks -path_delay min (Hold)
============================================================================
======================= Typical Corner ===================================

Startpoint: _220_ (rising edge-triggered flip-flop clocked by clk)
Endpoint: _220_ (rising edge-triggered flip-flop clocked by clk)
Path Group: clk
Path Type: min

Fanout     Cap    Slew   Delay    Time   Description
-----------------------------------------------------------------------------
                  0.15    0.00    0.00   clock clk (rise edge)
                          0.00    0.00   clock network delay (ideal)
                  0.15    0.00    0.00 ^ _220_/CLK (sky130_fd_sc_hd__dfxtp_2)
     4    0.01    0.04    0.34    0.34 v _220_/Q (sky130_fd_sc_hd__dfxtp_2)
                                         cnt3[1] (net)
                  0.04    0.00    0.34 v _185_/A (sky130_fd_sc_hd__inv_2)
     1    0.01    0.03    0.04    0.39 ^ _185_/Y (sky130_fd_sc_hd__inv_2)
                                         _038_ (net)
                  0.03    0.00    0.39 ^ _190_/A1 (sky130_fd_sc_hd__o21ai_2)
     1    0.00    0.03    0.04    0.43 v _190_/Y (sky130_fd_sc_hd__o21ai_2)
                                         _014_ (net)
                  0.03    0.00    0.43 v _220_/D (sky130_fd_sc_hd__dfxtp_2)
                                  0.43   data arrival time

                  0.15    0.00    0.00   clock clk (rise edge)
                          0.00    0.00   clock network delay (ideal)
                          0.25    0.25   clock uncertainty
                          0.00    0.25   clock reconvergence pessimism
                                  0.25 ^ _220_/CLK (sky130_fd_sc_hd__dfxtp_2)
                         -0.01    0.24   library hold time
                                  0.24   data required time
-----------------------------------------------------------------------------
                                  0.24   data required time
                                 -0.43   data arrival time
-----------------------------------------------------------------------------
                                  0.19   slack (MET)


Startpoint: _208_ (rising edge-triggered flip-flop clocked by clk)
Endpoint: _208_ (rising edge-triggered flip-flop clocked by clk)
Path Group: clk
Path Type: min

Fanout     Cap    Slew   Delay    Time   Description
-----------------------------------------------------------------------------
                  0.15    0.00    0.00   clock clk (rise edge)
                          0.00    0.00   clock network delay (ideal)
                  0.15    0.00    0.00 ^ _208_/CLK (sky130_fd_sc_hd__dfxtp_2)
     6    0.02    0.06    0.36    0.36 v _208_/Q (sky130_fd_sc_hd__dfxtp_2)
                                         cnt4[2] (net)
                  0.06    0.00    0.36 v _123_/A (sky130_fd_sc_hd__inv_2)
     1    0.01    0.03    0.05    0.41 ^ _123_/Y (sky130_fd_sc_hd__inv_2)
                                         _075_ (net)
                  0.03    0.00    0.41 ^ _130_/A1 (sky130_fd_sc_hd__o21ai_2)
     1    0.00    0.03    0.04    0.45 v _130_/Y (sky130_fd_sc_hd__o21ai_2)
                                         _002_ (net)
                  0.03    0.00    0.45 v _208_/D (sky130_fd_sc_hd__dfxtp_2)
                                  0.45   data arrival time

                  0.15    0.00    0.00   clock clk (rise edge)
                          0.00    0.00   clock network delay (ideal)
                          0.25    0.25   clock uncertainty
                          0.00    0.25   clock reconvergence pessimism
                                  0.25 ^ _208_/CLK (sky130_fd_sc_hd__dfxtp_2)
                         -0.01    0.24   library hold time
                                  0.24   data required time
-----------------------------------------------------------------------------
                                  0.24   data required time
                                 -0.45   data arrival time
-----------------------------------------------------------------------------
                                  0.21   slack (MET)


Startpoint: _218_ (rising edge-triggered flip-flop clocked by clk)
Endpoint: _218_ (rising edge-triggered flip-flop clocked by clk)
Path Group: clk
Path Type: min

Fanout     Cap    Slew   Delay    Time   Description
-----------------------------------------------------------------------------
                  0.15    0.00    0.00   clock clk (rise edge)
                          0.00    0.00   clock network delay (ideal)
                  0.15    0.00    0.00 ^ _218_/CLK (sky130_fd_sc_hd__dfxtp_2)
     4    0.02    0.05    0.35    0.35 v _218_/Q (sky130_fd_sc_hd__dfxtp_2)
                                         cnt2[1] (net)
                  0.05    0.00    0.35 v _179_/A1_N (sky130_fd_sc_hd__o2bb2ai_2)
     1    0.00    0.02    0.10    0.45 v _179_/Y (sky130_fd_sc_hd__o2bb2ai_2)
                                         _012_ (net)
                  0.02    0.00    0.45 v _218_/D (sky130_fd_sc_hd__dfxtp_2)
                                  0.45   data arrival time

                  0.15    0.00    0.00   clock clk (rise edge)
                          0.00    0.00   clock network delay (ideal)
                          0.25    0.25   clock uncertainty
                          0.00    0.25   clock reconvergence pessimism
                                  0.25 ^ _218_/CLK (sky130_fd_sc_hd__dfxtp_2)
                         -0.01    0.24   library hold time
                                  0.24   data required time
-----------------------------------------------------------------------------
                                  0.24   data required time
                                 -0.45   data arrival time
-----------------------------------------------------------------------------
                                  0.22   slack (MET)


Startpoint: _221_ (rising edge-triggered flip-flop clocked by clk)
Endpoint: _221_ (rising edge-triggered flip-flop clocked by clk)
Path Group: clk
Path Type: min

Fanout     Cap    Slew   Delay    Time   Description
-----------------------------------------------------------------------------
                  0.15    0.00    0.00   clock clk (rise edge)
                          0.00    0.00   clock network delay (ideal)
                  0.15    0.00    0.00 ^ _221_/CLK (sky130_fd_sc_hd__dfxtp_2)
     4    0.01    0.05    0.35    0.35 v _221_/Q (sky130_fd_sc_hd__dfxtp_2)
                                         cnt3[2] (net)
                  0.05    0.00    0.35 v _195_/A1_N (sky130_fd_sc_hd__o2bb2ai_2)
     1    0.00    0.02    0.10    0.45 v _195_/Y (sky130_fd_sc_hd__o2bb2ai_2)
                                         _015_ (net)
                  0.02    0.00    0.45 v _221_/D (sky130_fd_sc_hd__dfxtp_2)
                                  0.45   data arrival time

                  0.15    0.00    0.00   clock clk (rise edge)
                          0.00    0.00   clock network delay (ideal)
                          0.25    0.25   clock uncertainty
                          0.00    0.25   clock reconvergence pessimism
                                  0.25 ^ _221_/CLK (sky130_fd_sc_hd__dfxtp_2)
                         -0.01    0.24   library hold time
                                  0.24   data required time
-----------------------------------------------------------------------------
                                  0.24   data required time
                                 -0.45   data arrival time
-----------------------------------------------------------------------------
                                  0.22   slack (MET)


Startpoint: _209_ (rising edge-triggered flip-flop clocked by clk)
Endpoint: _209_ (rising edge-triggered flip-flop clocked by clk)
Path Group: clk
Path Type: min

Fanout     Cap    Slew   Delay    Time   Description
-----------------------------------------------------------------------------
                  0.15    0.00    0.00   clock clk (rise edge)
                          0.00    0.00   clock network delay (ideal)
                  0.15    0.00    0.00 ^ _209_/CLK (sky130_fd_sc_hd__dfxtp_2)
     4    0.02    0.05    0.35    0.35 v _209_/Q (sky130_fd_sc_hd__dfxtp_2)
                                         cnt4[3] (net)
                  0.05    0.00    0.35 v _134_/A1_N (sky130_fd_sc_hd__o2bb2ai_2)
     1    0.00    0.02    0.10    0.45 v _134_/Y (sky130_fd_sc_hd__o2bb2ai_2)
                                         _003_ (net)
                  0.02    0.00    0.45 v _209_/D (sky130_fd_sc_hd__dfxtp_2)
                                  0.45   data arrival time

                  0.15    0.00    0.00   clock clk (rise edge)
                          0.00    0.00   clock network delay (ideal)
                          0.25    0.25   clock uncertainty
                          0.00    0.25   clock reconvergence pessimism
                                  0.25 ^ _209_/CLK (sky130_fd_sc_hd__dfxtp_2)
                         -0.01    0.24   library hold time
                                  0.24   data required time
-----------------------------------------------------------------------------
                                  0.24   data required time
                                 -0.45   data arrival time
-----------------------------------------------------------------------------
                                  0.22   slack (MET)


Startpoint: _219_ (rising edge-triggered flip-flop clocked by clk)
Endpoint: _219_ (rising edge-triggered flip-flop clocked by clk)
Path Group: clk
Path Type: min

Fanout     Cap    Slew   Delay    Time   Description
-----------------------------------------------------------------------------
                  0.15    0.00    0.00   clock clk (rise edge)
                          0.00    0.00   clock network delay (ideal)
                  0.15    0.00    0.00 ^ _219_/CLK (sky130_fd_sc_hd__dfxtp_2)
     4    0.01    0.05    0.35    0.35 v _219_/Q (sky130_fd_sc_hd__dfxtp_2)
                                         cnt3[0] (net)
                  0.05    0.00    0.35 v _180_/A (sky130_fd_sc_hd__inv_2)
     2    0.01    0.05    0.06    0.41 ^ _180_/Y (sky130_fd_sc_hd__inv_2)
                                         _034_ (net)
                  0.05    0.00    0.41 ^ _184_/A1 (sky130_fd_sc_hd__o21ai_2)
     1    0.00    0.03    0.05    0.46 v _184_/Y (sky130_fd_sc_hd__o21ai_2)
                                         _013_ (net)
                  0.03    0.00    0.46 v _219_/D (sky130_fd_sc_hd__dfxtp_2)
                                  0.46   data arrival time

                  0.15    0.00    0.00   clock clk (rise edge)
                          0.00    0.00   clock network delay (ideal)
                          0.25    0.25   clock uncertainty
                          0.00    0.25   clock reconvergence pessimism
                                  0.25 ^ _219_/CLK (sky130_fd_sc_hd__dfxtp_2)
                         -0.01    0.24   library hold time
                                  0.24   data required time
-----------------------------------------------------------------------------
                                  0.24   data required time
                                 -0.46   data arrival time
-----------------------------------------------------------------------------
                                  0.22   slack (MET)


Startpoint: _215_ (rising edge-triggered flip-flop clocked by clk)
Endpoint: _215_ (rising edge-triggered flip-flop clocked by clk)
Path Group: clk
Path Type: min

Fanout     Cap    Slew   Delay    Time   Description
-----------------------------------------------------------------------------
                  0.15    0.00    0.00   clock clk (rise edge)
                          0.00    0.00   clock network delay (ideal)
                  0.15    0.00    0.00 ^ _215_/CLK (sky130_fd_sc_hd__dfxtp_2)
     4    0.01    0.07    0.35    0.35 ^ _215_/Q (sky130_fd_sc_hd__dfxtp_2)
                                         cnt1[4] (net)
                  0.07    0.00    0.35 ^ _162_/B1 (sky130_fd_sc_hd__a32o_2)
     1    0.00    0.04    0.10    0.46 ^ _162_/X (sky130_fd_sc_hd__a32o_2)
                                         _009_ (net)
                  0.04    0.00    0.46 ^ _215_/D (sky130_fd_sc_hd__dfxtp_2)
                                  0.46   data arrival time

                  0.15    0.00    0.00   clock clk (rise edge)
                          0.00    0.00   clock network delay (ideal)
                          0.25    0.25   clock uncertainty
                          0.00    0.25   clock reconvergence pessimism
                                  0.25 ^ _215_/CLK (sky130_fd_sc_hd__dfxtp_2)
                         -0.02    0.23   library hold time
                                  0.23   data required time
-----------------------------------------------------------------------------
                                  0.23   data required time
                                 -0.46   data arrival time
-----------------------------------------------------------------------------
                                  0.22   slack (MET)


Startpoint: _217_ (rising edge-triggered flip-flop clocked by clk)
Endpoint: _217_ (rising edge-triggered flip-flop clocked by clk)
Path Group: clk
Path Type: min

Fanout     Cap    Slew   Delay    Time   Description
-----------------------------------------------------------------------------
                  0.15    0.00    0.00   clock clk (rise edge)
                          0.00    0.00   clock network delay (ideal)
                  0.15    0.00    0.00 ^ _217_/CLK (sky130_fd_sc_hd__dfxtp_2)
     3    0.01    0.05    0.35    0.35 v _217_/Q (sky130_fd_sc_hd__dfxtp_2)
                                         cnt2[0] (net)
                  0.05    0.00    0.35 v _168_/A (sky130_fd_sc_hd__inv_2)
     3    0.01    0.07    0.07    0.42 ^ _168_/Y (sky130_fd_sc_hd__inv_2)
                                         _024_ (net)
                  0.07    0.00    0.42 ^ _174_/A1 (sky130_fd_sc_hd__a21oi_2)
     1    0.00    0.03    0.04    0.46 v _174_/Y (sky130_fd_sc_hd__a21oi_2)
                                         _011_ (net)
                  0.03    0.00    0.46 v _217_/D (sky130_fd_sc_hd__dfxtp_2)
                                  0.46   data arrival time

                  0.15    0.00    0.00   clock clk (rise edge)
                          0.00    0.00   clock network delay (ideal)
                          0.25    0.25   clock uncertainty
                          0.00    0.25   clock reconvergence pessimism
                                  0.25 ^ _217_/CLK (sky130_fd_sc_hd__dfxtp_2)
                         -0.01    0.24   library hold time
                                  0.24   data required time
-----------------------------------------------------------------------------
                                  0.24   data required time
                                 -0.46   data arrival time
-----------------------------------------------------------------------------
                                  0.23   slack (MET)


Startpoint: _214_ (rising edge-triggered flip-flop clocked by clk)
Endpoint: _214_ (rising edge-triggered flip-flop clocked by clk)
Path Group: clk
Path Type: min

Fanout     Cap    Slew   Delay    Time   Description
-----------------------------------------------------------------------------
                  0.15    0.00    0.00   clock clk (rise edge)
                          0.00    0.00   clock network delay (ideal)
                  0.15    0.00    0.00 ^ _214_/CLK (sky130_fd_sc_hd__dfxtp_2)
     6    0.02    0.10    0.38    0.38 ^ _214_/Q (sky130_fd_sc_hd__dfxtp_2)
                                         cnt1[3] (net)
                  0.10    0.00    0.38 ^ _159_/B1 (sky130_fd_sc_hd__a32o_2)
     1    0.00    0.04    0.11    0.49 ^ _159_/X (sky130_fd_sc_hd__a32o_2)
                                         _008_ (net)
                  0.04    0.00    0.49 ^ _214_/D (sky130_fd_sc_hd__dfxtp_2)
                                  0.49   data arrival time

                  0.15    0.00    0.00   clock clk (rise edge)
                          0.00    0.00   clock network delay (ideal)
                          0.25    0.25   clock uncertainty
                          0.00    0.25   clock reconvergence pessimism
                                  0.25 ^ _214_/CLK (sky130_fd_sc_hd__dfxtp_2)
                         -0.02    0.23   library hold time
                                  0.23   data required time
-----------------------------------------------------------------------------
                                  0.23   data required time
                                 -0.49   data arrival time
-----------------------------------------------------------------------------
                                  0.26   slack (MET)


Startpoint: _216_ (rising edge-triggered flip-flop clocked by clk)
Endpoint: _216_ (rising edge-triggered flip-flop clocked by clk)
Path Group: clk
Path Type: min

Fanout     Cap    Slew   Delay    Time   Description
-----------------------------------------------------------------------------
                  0.15    0.00    0.00   clock clk (rise edge)
                          0.00    0.00   clock network delay (ideal)
                  0.15    0.00    0.00 ^ _216_/CLK (sky130_fd_sc_hd__dfxtp_2)
     4    0.01    0.08    0.36    0.36 ^ _216_/Q (sky130_fd_sc_hd__dfxtp_2)
                                         cnt1[5] (net)
                  0.08    0.00    0.36 ^ _167_/A1 (sky130_fd_sc_hd__o22a_2)
     1    0.00    0.03    0.13    0.49 ^ _167_/X (sky130_fd_sc_hd__o22a_2)
                                         _010_ (net)
                  0.03    0.00    0.49 ^ _216_/D (sky130_fd_sc_hd__dfxtp_2)
                                  0.49   data arrival time

                  0.15    0.00    0.00   clock clk (rise edge)
                          0.00    0.00   clock network delay (ideal)
                          0.25    0.25   clock uncertainty
                          0.00    0.25   clock reconvergence pessimism
                                  0.25 ^ _216_/CLK (sky130_fd_sc_hd__dfxtp_2)
                         -0.01    0.24   library hold time
                                  0.24   data required time
-----------------------------------------------------------------------------
                                  0.24   data required time
                                 -0.49   data arrival time
-----------------------------------------------------------------------------
                                  0.26   slack (MET)


Startpoint: _207_ (rising edge-triggered flip-flop clocked by clk)
Endpoint: _207_ (rising edge-triggered flip-flop clocked by clk)
Path Group: clk
Path Type: min

Fanout     Cap    Slew   Delay    Time   Description
-----------------------------------------------------------------------------
                  0.15    0.00    0.00   clock clk (rise edge)
                          0.00    0.00   clock network delay (ideal)
                  0.15    0.00    0.00 ^ _207_/CLK (sky130_fd_sc_hd__dfxtp_2)
     8    0.03    0.08    0.38    0.38 v _207_/Q (sky130_fd_sc_hd__dfxtp_2)
                                         cnt4[1] (net)
                  0.08    0.00    0.38 v _122_/A1_N (sky130_fd_sc_hd__o2bb2ai_2)
     1    0.00    0.02    0.12    0.49 v _122_/Y (sky130_fd_sc_hd__o2bb2ai_2)
                                         _001_ (net)
                  0.02    0.00    0.49 v _207_/D (sky130_fd_sc_hd__dfxtp_2)
                                  0.49   data arrival time

                  0.15    0.00    0.00   clock clk (rise edge)
                          0.00    0.00   clock network delay (ideal)
                          0.25    0.25   clock uncertainty
                          0.00    0.25   clock reconvergence pessimism
                                  0.25 ^ _207_/CLK (sky130_fd_sc_hd__dfxtp_2)
                         -0.01    0.24   library hold time
                                  0.24   data required time
-----------------------------------------------------------------------------
                                  0.24   data required time
                                 -0.49   data arrival time
-----------------------------------------------------------------------------
                                  0.26   slack (MET)


Startpoint: _210_ (rising edge-triggered flip-flop clocked by clk)
Endpoint: _210_ (rising edge-triggered flip-flop clocked by clk)
Path Group: clk
Path Type: min

Fanout     Cap    Slew   Delay    Time   Description
-----------------------------------------------------------------------------
                  0.15    0.00    0.00   clock clk (rise edge)
                          0.00    0.00   clock network delay (ideal)
                  0.15    0.00    0.00 ^ _210_/CLK (sky130_fd_sc_hd__dfxtp_2)
     2    0.04    0.10    0.39    0.39 v _210_/Q (sky130_fd_sc_hd__dfxtp_2)
                                         clkout (net)
                  0.10    0.00    0.39 v _135_/A (sky130_fd_sc_hd__inv_2)
     2    0.01    0.06    0.08    0.47 ^ _135_/Y (sky130_fd_sc_hd__inv_2)
                                         _085_ (net)
                  0.06    0.00    0.47 ^ _145_/B2 (sky130_fd_sc_hd__a32oi_2)
     1    0.00    0.03    0.04    0.51 v _145_/Y (sky130_fd_sc_hd__a32oi_2)
                                         _004_ (net)
                  0.03    0.00    0.51 v _210_/D (sky130_fd_sc_hd__dfxtp_2)
                                  0.51   data arrival time

                  0.15    0.00    0.00   clock clk (rise edge)
                          0.00    0.00   clock network delay (ideal)
                          0.25    0.25   clock uncertainty
                          0.00    0.25   clock reconvergence pessimism
                                  0.25 ^ _210_/CLK (sky130_fd_sc_hd__dfxtp_2)
                         -0.02    0.23   library hold time
                                  0.23   data required time
-----------------------------------------------------------------------------
                                  0.23   data required time
                                 -0.51   data arrival time
-----------------------------------------------------------------------------
                                  0.28   slack (MET)


Startpoint: _213_ (rising edge-triggered flip-flop clocked by clk)
Endpoint: _213_ (rising edge-triggered flip-flop clocked by clk)
Path Group: clk
Path Type: min

Fanout     Cap    Slew   Delay    Time   Description
-----------------------------------------------------------------------------
                  0.15    0.00    0.00   clock clk (rise edge)
                          0.00    0.00   clock network delay (ideal)
                  0.15    0.00    0.00 ^ _213_/CLK (sky130_fd_sc_hd__dfxtp_2)
     8    0.02    0.13    0.40    0.40 ^ _213_/Q (sky130_fd_sc_hd__dfxtp_2)
                                         cnt1[2] (net)
                  0.13    0.00    0.40 ^ _156_/B1 (sky130_fd_sc_hd__a2bb2o_2)
     1    0.00    0.03    0.16    0.56 ^ _156_/X (sky130_fd_sc_hd__a2bb2o_2)
                                         _007_ (net)
                  0.03    0.00    0.56 ^ _213_/D (sky130_fd_sc_hd__dfxtp_2)
                                  0.56   data arrival time

                  0.15    0.00    0.00   clock clk (rise edge)
                          0.00    0.00   clock network delay (ideal)
                          0.25    0.25   clock uncertainty
                          0.00    0.25   clock reconvergence pessimism
                                  0.25 ^ _213_/CLK (sky130_fd_sc_hd__dfxtp_2)
                         -0.01    0.24   library hold time
                                  0.24   data required time
-----------------------------------------------------------------------------
                                  0.24   data required time
                                 -0.56   data arrival time
-----------------------------------------------------------------------------
                                  0.32   slack (MET)


Startpoint: _206_ (rising edge-triggered flip-flop clocked by clk)
Endpoint: _206_ (rising edge-triggered flip-flop clocked by clk)
Path Group: clk
Path Type: min

Fanout     Cap    Slew   Delay    Time   Description
-----------------------------------------------------------------------------
                  0.15    0.00    0.00   clock clk (rise edge)
                          0.00    0.00   clock network delay (ideal)
                  0.15    0.00    0.00 ^ _206_/CLK (sky130_fd_sc_hd__dfxtp_2)
     9    0.03    0.18    0.43    0.43 ^ _206_/Q (sky130_fd_sc_hd__dfxtp_2)
                                         cnt4[0] (net)
                  0.18    0.00    0.43 ^ _113_/A1 (sky130_fd_sc_hd__o21a_2)
     1    0.00    0.03    0.14    0.57 ^ _113_/X (sky130_fd_sc_hd__o21a_2)
                                         _000_ (net)
                  0.03    0.00    0.57 ^ _206_/D (sky130_fd_sc_hd__dfxtp_2)
                                  0.57   data arrival time

                  0.15    0.00    0.00   clock clk (rise edge)
                          0.00    0.00   clock network delay (ideal)
                          0.25    0.25   clock uncertainty
                          0.00    0.25   clock reconvergence pessimism
                                  0.25 ^ _206_/CLK (sky130_fd_sc_hd__dfxtp_2)
                         -0.01    0.24   library hold time
                                  0.24   data required time
-----------------------------------------------------------------------------
                                  0.24   data required time
                                 -0.57   data arrival time
-----------------------------------------------------------------------------
                                  0.34   slack (MET)


Startpoint: _216_ (rising edge-triggered flip-flop clocked by clk)
Endpoint: _212_ (rising edge-triggered flip-flop clocked by clk)
Path Group: clk
Path Type: min

Fanout     Cap    Slew   Delay    Time   Description
-----------------------------------------------------------------------------
                  0.15    0.00    0.00   clock clk (rise edge)
                          0.00    0.00   clock network delay (ideal)
                  0.15    0.00    0.00 ^ _216_/CLK (sky130_fd_sc_hd__dfxtp_2)
     4    0.01    0.04    0.35    0.35 v _216_/Q (sky130_fd_sc_hd__dfxtp_2)
                                         cnt1[5] (net)
                  0.04    0.00    0.35 v _199_/C (sky130_fd_sc_hd__nand4_2)
     9    0.03    0.19    0.19    0.54 ^ _199_/Y (sky130_fd_sc_hd__nand4_2)
                                         _050_ (net)
                  0.19    0.00    0.54 ^ _153_/A2 (sky130_fd_sc_hd__a41o_2)
     1    0.00    0.02    0.19    0.73 ^ _153_/X (sky130_fd_sc_hd__a41o_2)
                                         _006_ (net)
                  0.02    0.00    0.73 ^ _212_/D (sky130_fd_sc_hd__dfxtp_2)
                                  0.73   data arrival time

                  0.15    0.00    0.00   clock clk (rise edge)
                          0.00    0.00   clock network delay (ideal)
                          0.25    0.25   clock uncertainty
                          0.00    0.25   clock reconvergence pessimism
                                  0.25 ^ _212_/CLK (sky130_fd_sc_hd__dfxtp_2)
                         -0.01    0.24   library hold time
                                  0.24   data required time
-----------------------------------------------------------------------------
                                  0.24   data required time
                                 -0.73   data arrival time
-----------------------------------------------------------------------------
                                  0.49   slack (MET)


Startpoint: _210_ (rising edge-triggered flip-flop clocked by clk)
Endpoint: clkout (output port clocked by clk)
Path Group: clk
Path Type: min

Fanout     Cap    Slew   Delay    Time   Description
-----------------------------------------------------------------------------
                  0.15    0.00    0.00   clock clk (rise edge)
                          0.00    0.00   clock network delay (ideal)
                  0.15    0.00    0.00 ^ _210_/CLK (sky130_fd_sc_hd__dfxtp_2)
     2    0.04    0.10    0.39    0.39 v _210_/Q (sky130_fd_sc_hd__dfxtp_2)
                                         clkout (net)
                  0.10    0.00    0.39 v clkout (out)
                                  0.39   data arrival time

                  0.15    0.00    0.00   clock clk (rise edge)
                          0.00    0.00   clock network delay (ideal)
                          0.25    0.25   clock uncertainty
                          0.00    0.25   clock reconvergence pessimism
                         -0.42   -0.17   output external delay
                                 -0.17   data required time
-----------------------------------------------------------------------------
                                 -0.17   data required time
                                 -0.39   data arrival time
-----------------------------------------------------------------------------
                                  0.56   slack (MET)


Startpoint: _211_ (rising edge-triggered flip-flop clocked by clk)
Endpoint: _211_ (rising edge-triggered flip-flop clocked by clk)
Path Group: clk
Path Type: min

Fanout     Cap    Slew   Delay    Time   Description
-----------------------------------------------------------------------------
                  0.15    0.00    0.00   clock clk (rise edge)
                          0.00    0.00   clock network delay (ideal)
                  0.15    0.00    0.00 ^ _211_/CLK (sky130_fd_sc_hd__dfxtp_2)
     2    0.00    0.03    0.32    0.32 v _211_/Q (sky130_fd_sc_hd__dfxtp_2)
                                         cnt1[0] (net)
                  0.03    0.00    0.32 v _106_/A (sky130_fd_sc_hd__buf_1)
    10    0.03    0.16    0.17    0.50 v _106_/X (sky130_fd_sc_hd__buf_1)
                                         _060_ (net)
                  0.16    0.00    0.50 v _147_/S (sky130_fd_sc_hd__mux2_2)
     1    0.00    0.03    0.24    0.74 ^ _147_/X (sky130_fd_sc_hd__mux2_2)
                                         _096_ (net)
                  0.03    0.00    0.74 ^ _148_/A (sky130_fd_sc_hd__buf_1)
     1    0.00    0.03    0.06    0.81 ^ _148_/X (sky130_fd_sc_hd__buf_1)
                                         _005_ (net)
                  0.03    0.00    0.81 ^ _211_/D (sky130_fd_sc_hd__dfxtp_2)
                                  0.81   data arrival time

                  0.15    0.00    0.00   clock clk (rise edge)
                          0.00    0.00   clock network delay (ideal)
                          0.25    0.25   clock uncertainty
                          0.00    0.25   clock reconvergence pessimism
                                  0.25 ^ _211_/CLK (sky130_fd_sc_hd__dfxtp_2)
                         -0.01    0.24   library hold time
                                  0.24   data required time
-----------------------------------------------------------------------------
                                  0.24   data required time
                                 -0.81   data arrival time
-----------------------------------------------------------------------------
                                  0.57   slack (MET)



worst slack corner Typical: 0.1939
min_report_end
max_report

===========================================================================
report_checks -path_delay max (Setup)
============================================================================
======================= Typical Corner ===================================

Startpoint: _211_ (rising edge-triggered flip-flop clocked by clk)
Endpoint: _207_ (rising edge-triggered flip-flop clocked by clk)
Path Group: clk
Path Type: max

Fanout     Cap    Slew   Delay    Time   Description
-----------------------------------------------------------------------------
                  0.15    0.00    0.00   clock clk (rise edge)
                          0.00    0.00   clock network delay (ideal)
                  0.15    0.00    0.00 ^ _211_/CLK (sky130_fd_sc_hd__dfxtp_2)
     2    0.00    0.04    0.36    0.36 ^ _211_/Q (sky130_fd_sc_hd__dfxtp_2)
                                         cnt1[0] (net)
                  0.04    0.00    0.36 ^ _106_/A (sky130_fd_sc_hd__buf_1)
    10    0.03    0.34    0.30    0.66 ^ _106_/X (sky130_fd_sc_hd__buf_1)
                                         _060_ (net)
                  0.34    0.00    0.66 ^ _107_/B_N (sky130_fd_sc_hd__or2b_2)
     2    0.01    0.07    0.37    1.03 v _107_/X (sky130_fd_sc_hd__or2b_2)
                                         _061_ (net)
                  0.07    0.00    1.03 v _111_/A1 (sky130_fd_sc_hd__o21ai_2)
     6    0.03    0.33    0.32    1.36 ^ _111_/Y (sky130_fd_sc_hd__o21ai_2)
                                         _065_ (net)
                  0.33    0.00    1.36 ^ _114_/C1 (sky130_fd_sc_hd__o211ai_2)
     2    0.01    0.12    0.17    1.53 v _114_/Y (sky130_fd_sc_hd__o211ai_2)
                                         _067_ (net)
                  0.12    0.00    1.53 v _122_/A2_N (sky130_fd_sc_hd__o2bb2ai_2)
     1    0.00    0.03    0.15    1.68 v _122_/Y (sky130_fd_sc_hd__o2bb2ai_2)
                                         _001_ (net)
                  0.03    0.00    1.68 v _207_/D (sky130_fd_sc_hd__dfxtp_2)
                                  1.68   data arrival time

                  0.15    2.10    2.10   clock clk (rise edge)
                          0.00    2.10   clock network delay (ideal)
                         -0.25    1.85   clock uncertainty
                          0.00    1.85   clock reconvergence pessimism
                                  1.85 ^ _207_/CLK (sky130_fd_sc_hd__dfxtp_2)
                         -0.08    1.77   library setup time
                                  1.77   data required time
-----------------------------------------------------------------------------
                                  1.77   data required time
                                 -1.68   data arrival time
-----------------------------------------------------------------------------
                                  0.09   slack (MET)


Startpoint: _211_ (rising edge-triggered flip-flop clocked by clk)
Endpoint: _209_ (rising edge-triggered flip-flop clocked by clk)
Path Group: clk
Path Type: max

Fanout     Cap    Slew   Delay    Time   Description
-----------------------------------------------------------------------------
                  0.15    0.00    0.00   clock clk (rise edge)
                          0.00    0.00   clock network delay (ideal)
                  0.15    0.00    0.00 ^ _211_/CLK (sky130_fd_sc_hd__dfxtp_2)
     2    0.00    0.04    0.36    0.36 ^ _211_/Q (sky130_fd_sc_hd__dfxtp_2)
                                         cnt1[0] (net)
                  0.04    0.00    0.36 ^ _106_/A (sky130_fd_sc_hd__buf_1)
    10    0.03    0.34    0.30    0.66 ^ _106_/X (sky130_fd_sc_hd__buf_1)
                                         _060_ (net)
                  0.34    0.00    0.66 ^ _107_/B_N (sky130_fd_sc_hd__or2b_2)
     2    0.01    0.07    0.37    1.03 v _107_/X (sky130_fd_sc_hd__or2b_2)
                                         _061_ (net)
                  0.07    0.00    1.03 v _111_/A1 (sky130_fd_sc_hd__o21ai_2)
     6    0.03    0.33    0.32    1.36 ^ _111_/Y (sky130_fd_sc_hd__o21ai_2)
                                         _065_ (net)
                  0.33    0.00    1.36 ^ _114_/C1 (sky130_fd_sc_hd__o211ai_2)
     2    0.01    0.12    0.17    1.53 v _114_/Y (sky130_fd_sc_hd__o211ai_2)
                                         _067_ (net)
                  0.12    0.00    1.53 v _134_/A2_N (sky130_fd_sc_hd__o2bb2ai_2)
     1    0.00    0.03    0.15    1.68 v _134_/Y (sky130_fd_sc_hd__o2bb2ai_2)
                                         _003_ (net)
                  0.03    0.00    1.68 v _209_/D (sky130_fd_sc_hd__dfxtp_2)
                                  1.68   data arrival time

                  0.15    2.10    2.10   clock clk (rise edge)
                          0.00    2.10   clock network delay (ideal)
                         -0.25    1.85   clock uncertainty
                          0.00    1.85   clock reconvergence pessimism
                                  1.85 ^ _209_/CLK (sky130_fd_sc_hd__dfxtp_2)
                         -0.08    1.77   library setup time
                                  1.77   data required time
-----------------------------------------------------------------------------
                                  1.77   data required time
                                 -1.68   data arrival time
-----------------------------------------------------------------------------
                                  0.09   slack (MET)


Startpoint: _211_ (rising edge-triggered flip-flop clocked by clk)
Endpoint: _206_ (rising edge-triggered flip-flop clocked by clk)
Path Group: clk
Path Type: max

Fanout     Cap    Slew   Delay    Time   Description
-----------------------------------------------------------------------------
                  0.15    0.00    0.00   clock clk (rise edge)
                          0.00    0.00   clock network delay (ideal)
                  0.15    0.00    0.00 ^ _211_/CLK (sky130_fd_sc_hd__dfxtp_2)
     2    0.00    0.04    0.36    0.36 ^ _211_/Q (sky130_fd_sc_hd__dfxtp_2)
                                         cnt1[0] (net)
                  0.04    0.00    0.36 ^ _106_/A (sky130_fd_sc_hd__buf_1)
    10    0.03    0.34    0.30    0.66 ^ _106_/X (sky130_fd_sc_hd__buf_1)
                                         _060_ (net)
                  0.34    0.00    0.66 ^ _107_/B_N (sky130_fd_sc_hd__or2b_2)
     2    0.01    0.07    0.37    1.03 v _107_/X (sky130_fd_sc_hd__or2b_2)
                                         _061_ (net)
                  0.07    0.00    1.03 v _111_/A1 (sky130_fd_sc_hd__o21ai_2)
     6    0.03    0.33    0.32    1.36 ^ _111_/Y (sky130_fd_sc_hd__o21ai_2)
                                         _065_ (net)
                  0.33    0.00    1.36 ^ _112_/D1 (sky130_fd_sc_hd__o2111ai_2)
     1    0.00    0.11    0.15    1.51 v _112_/Y (sky130_fd_sc_hd__o2111ai_2)
                                         _066_ (net)
                  0.11    0.00    1.51 v _113_/B1 (sky130_fd_sc_hd__o21a_2)
     1    0.00    0.03    0.14    1.65 v _113_/X (sky130_fd_sc_hd__o21a_2)
                                         _000_ (net)
                  0.03    0.00    1.65 v _206_/D (sky130_fd_sc_hd__dfxtp_2)
                                  1.65   data arrival time

                  0.15    2.10    2.10   clock clk (rise edge)
                          0.00    2.10   clock network delay (ideal)
                         -0.25    1.85   clock uncertainty
                          0.00    1.85   clock reconvergence pessimism
                                  1.85 ^ _206_/CLK (sky130_fd_sc_hd__dfxtp_2)
                         -0.08    1.77   library setup time
                                  1.77   data required time
-----------------------------------------------------------------------------
                                  1.77   data required time
                                 -1.65   data arrival time
-----------------------------------------------------------------------------
                                  0.12   slack (MET)


Startpoint: _211_ (rising edge-triggered flip-flop clocked by clk)
Endpoint: _221_ (rising edge-triggered flip-flop clocked by clk)
Path Group: clk
Path Type: max

Fanout     Cap    Slew   Delay    Time   Description
-----------------------------------------------------------------------------
                  0.15    0.00    0.00   clock clk (rise edge)
                          0.00    0.00   clock network delay (ideal)
                  0.15    0.00    0.00 ^ _211_/CLK (sky130_fd_sc_hd__dfxtp_2)
     2    0.00    0.04    0.36    0.36 ^ _211_/Q (sky130_fd_sc_hd__dfxtp_2)
                                         cnt1[0] (net)
                  0.04    0.00    0.36 ^ _106_/A (sky130_fd_sc_hd__buf_1)
    10    0.03    0.34    0.30    0.66 ^ _106_/X (sky130_fd_sc_hd__buf_1)
                                         _060_ (net)
                  0.34    0.00    0.66 ^ _107_/B_N (sky130_fd_sc_hd__or2b_2)
     2    0.01    0.07    0.37    1.03 v _107_/X (sky130_fd_sc_hd__or2b_2)
                                         _061_ (net)
                  0.07    0.00    1.03 v _111_/A1 (sky130_fd_sc_hd__o21ai_2)
     6    0.03    0.33    0.32    1.36 ^ _111_/Y (sky130_fd_sc_hd__o21ai_2)
                                         _065_ (net)
                  0.33    0.00    1.36 ^ _191_/C1 (sky130_fd_sc_hd__o211ai_2)
     1    0.00    0.10    0.14    1.50 v _191_/Y (sky130_fd_sc_hd__o211ai_2)
                                         _043_ (net)
                  0.10    0.00    1.50 v _195_/A2_N (sky130_fd_sc_hd__o2bb2ai_2)
     1    0.00    0.04    0.14    1.64 v _195_/Y (sky130_fd_sc_hd__o2bb2ai_2)
                                         _015_ (net)
                  0.04    0.00    1.64 v _221_/D (sky130_fd_sc_hd__dfxtp_2)
                                  1.64   data arrival time

                  0.15    2.10    2.10   clock clk (rise edge)
                          0.00    2.10   clock network delay (ideal)
                         -0.25    1.85   clock uncertainty
                          0.00    1.85   clock reconvergence pessimism
                                  1.85 ^ _221_/CLK (sky130_fd_sc_hd__dfxtp_2)
                         -0.09    1.76   library setup time
                                  1.76   data required time
-----------------------------------------------------------------------------
                                  1.76   data required time
                                 -1.64   data arrival time
-----------------------------------------------------------------------------
                                  0.13   slack (MET)


Startpoint: _211_ (rising edge-triggered flip-flop clocked by clk)
Endpoint: _220_ (rising edge-triggered flip-flop clocked by clk)
Path Group: clk
Path Type: max

Fanout     Cap    Slew   Delay    Time   Description
-----------------------------------------------------------------------------
                  0.15    0.00    0.00   clock clk (rise edge)
                          0.00    0.00   clock network delay (ideal)
                  0.15    0.00    0.00 ^ _211_/CLK (sky130_fd_sc_hd__dfxtp_2)
     2    0.00    0.04    0.36    0.36 ^ _211_/Q (sky130_fd_sc_hd__dfxtp_2)
                                         cnt1[0] (net)
                  0.04    0.00    0.36 ^ _106_/A (sky130_fd_sc_hd__buf_1)
    10    0.03    0.34    0.30    0.66 ^ _106_/X (sky130_fd_sc_hd__buf_1)
                                         _060_ (net)
                  0.34    0.00    0.66 ^ _107_/B_N (sky130_fd_sc_hd__or2b_2)
     2    0.01    0.07    0.37    1.03 v _107_/X (sky130_fd_sc_hd__or2b_2)
                                         _061_ (net)
                  0.07    0.00    1.03 v _111_/A1 (sky130_fd_sc_hd__o21ai_2)
     6    0.03    0.33    0.32    1.36 ^ _111_/Y (sky130_fd_sc_hd__o21ai_2)
                                         _065_ (net)
                  0.33    0.00    1.36 ^ _189_/C1 (sky130_fd_sc_hd__o2111ai_2)
     1    0.00    0.12    0.18    1.54 v _189_/Y (sky130_fd_sc_hd__o2111ai_2)
                                         _042_ (net)
                  0.12    0.00    1.54 v _190_/B1 (sky130_fd_sc_hd__o21ai_2)
     1    0.00    0.08    0.07    1.62 ^ _190_/Y (sky130_fd_sc_hd__o21ai_2)
                                         _014_ (net)
                  0.08    0.00    1.62 ^ _220_/D (sky130_fd_sc_hd__dfxtp_2)
                                  1.62   data arrival time

                  0.15    2.10    2.10   clock clk (rise edge)
                          0.00    2.10   clock network delay (ideal)
                         -0.25    1.85   clock uncertainty
                          0.00    1.85   clock reconvergence pessimism
                                  1.85 ^ _220_/CLK (sky130_fd_sc_hd__dfxtp_2)
                         -0.05    1.80   library setup time
                                  1.80   data required time
-----------------------------------------------------------------------------
                                  1.80   data required time
                                 -1.62   data arrival time
-----------------------------------------------------------------------------
                                  0.18   slack (MET)


Startpoint: _211_ (rising edge-triggered flip-flop clocked by clk)
Endpoint: _219_ (rising edge-triggered flip-flop clocked by clk)
Path Group: clk
Path Type: max

Fanout     Cap    Slew   Delay    Time   Description
-----------------------------------------------------------------------------
                  0.15    0.00    0.00   clock clk (rise edge)
                          0.00    0.00   clock network delay (ideal)
                  0.15    0.00    0.00 ^ _211_/CLK (sky130_fd_sc_hd__dfxtp_2)
     2    0.00    0.04    0.36    0.36 ^ _211_/Q (sky130_fd_sc_hd__dfxtp_2)
                                         cnt1[0] (net)
                  0.04    0.00    0.36 ^ _106_/A (sky130_fd_sc_hd__buf_1)
    10    0.03    0.34    0.30    0.66 ^ _106_/X (sky130_fd_sc_hd__buf_1)
                                         _060_ (net)
                  0.34    0.00    0.66 ^ _107_/B_N (sky130_fd_sc_hd__or2b_2)
     2    0.01    0.07    0.37    1.03 v _107_/X (sky130_fd_sc_hd__or2b_2)
                                         _061_ (net)
                  0.07    0.00    1.03 v _111_/A1 (sky130_fd_sc_hd__o21ai_2)
     6    0.03    0.33    0.32    1.36 ^ _111_/Y (sky130_fd_sc_hd__o21ai_2)
                                         _065_ (net)
                  0.33    0.00    1.36 ^ _183_/D1 (sky130_fd_sc_hd__o2111ai_2)
     1    0.00    0.12    0.17    1.52 v _183_/Y (sky130_fd_sc_hd__o2111ai_2)
                                         _037_ (net)
                  0.12    0.00    1.52 v _184_/B1 (sky130_fd_sc_hd__o21ai_2)
     1    0.00    0.08    0.08    1.60 ^ _184_/Y (sky130_fd_sc_hd__o21ai_2)
                                         _013_ (net)
                  0.08    0.00    1.60 ^ _219_/D (sky130_fd_sc_hd__dfxtp_2)
                                  1.60   data arrival time

                  0.15    2.10    2.10   clock clk (rise edge)
                          0.00    2.10   clock network delay (ideal)
                         -0.25    1.85   clock uncertainty
                          0.00    1.85   clock reconvergence pessimism
                                  1.85 ^ _219_/CLK (sky130_fd_sc_hd__dfxtp_2)
                         -0.05    1.80   library setup time
                                  1.80   data required time
-----------------------------------------------------------------------------
                                  1.80   data required time
                                 -1.60   data arrival time
-----------------------------------------------------------------------------
                                  0.20   slack (MET)


Startpoint: _211_ (rising edge-triggered flip-flop clocked by clk)
Endpoint: _208_ (rising edge-triggered flip-flop clocked by clk)
Path Group: clk
Path Type: max

Fanout     Cap    Slew   Delay    Time   Description
-----------------------------------------------------------------------------
                  0.15    0.00    0.00   clock clk (rise edge)
                          0.00    0.00   clock network delay (ideal)
                  0.15    0.00    0.00 ^ _211_/CLK (sky130_fd_sc_hd__dfxtp_2)
     2    0.00    0.04    0.36    0.36 ^ _211_/Q (sky130_fd_sc_hd__dfxtp_2)
                                         cnt1[0] (net)
                  0.04    0.00    0.36 ^ _106_/A (sky130_fd_sc_hd__buf_1)
    10    0.03    0.34    0.30    0.66 ^ _106_/X (sky130_fd_sc_hd__buf_1)
                                         _060_ (net)
                  0.34    0.00    0.66 ^ _107_/B_N (sky130_fd_sc_hd__or2b_2)
     2    0.01    0.07    0.37    1.03 v _107_/X (sky130_fd_sc_hd__or2b_2)
                                         _061_ (net)
                  0.07    0.00    1.03 v _111_/A1 (sky130_fd_sc_hd__o21ai_2)
     6    0.03    0.33    0.32    1.36 ^ _111_/Y (sky130_fd_sc_hd__o21ai_2)
                                         _065_ (net)
                  0.33    0.00    1.36 ^ _129_/C (sky130_fd_sc_hd__nand4b_2)
     1    0.00    0.09    0.15    1.51 v _129_/Y (sky130_fd_sc_hd__nand4b_2)
                                         _081_ (net)
                  0.09    0.00    1.51 v _130_/B1 (sky130_fd_sc_hd__o21ai_2)
     1    0.00    0.07    0.06    1.57 ^ _130_/Y (sky130_fd_sc_hd__o21ai_2)
                                         _002_ (net)
                  0.07    0.00    1.57 ^ _208_/D (sky130_fd_sc_hd__dfxtp_2)
                                  1.57   data arrival time

                  0.15    2.10    2.10   clock clk (rise edge)
                          0.00    2.10   clock network delay (ideal)
                         -0.25    1.85   clock uncertainty
                          0.00    1.85   clock reconvergence pessimism
                                  1.85 ^ _208_/CLK (sky130_fd_sc_hd__dfxtp_2)
                         -0.05    1.80   library setup time
                                  1.80   data required time
-----------------------------------------------------------------------------
                                  1.80   data required time
                                 -1.57   data arrival time
-----------------------------------------------------------------------------
                                  0.23   slack (MET)


Startpoint: _211_ (rising edge-triggered flip-flop clocked by clk)
Endpoint: _210_ (rising edge-triggered flip-flop clocked by clk)
Path Group: clk
Path Type: max

Fanout     Cap    Slew   Delay    Time   Description
-----------------------------------------------------------------------------
                  0.15    0.00    0.00   clock clk (rise edge)
                          0.00    0.00   clock network delay (ideal)
                  0.15    0.00    0.00 ^ _211_/CLK (sky130_fd_sc_hd__dfxtp_2)
     2    0.00    0.04    0.36    0.36 ^ _211_/Q (sky130_fd_sc_hd__dfxtp_2)
                                         cnt1[0] (net)
                  0.04    0.00    0.36 ^ _106_/A (sky130_fd_sc_hd__buf_1)
    10    0.03    0.34    0.30    0.66 ^ _106_/X (sky130_fd_sc_hd__buf_1)
                                         _060_ (net)
                  0.34    0.00    0.66 ^ _107_/B_N (sky130_fd_sc_hd__or2b_2)
     2    0.01    0.07    0.37    1.03 v _107_/X (sky130_fd_sc_hd__or2b_2)
                                         _061_ (net)
                  0.07    0.00    1.03 v _143_/A1 (sky130_fd_sc_hd__o21ai_2)
     3    0.01    0.19    0.22    1.25 ^ _143_/Y (sky130_fd_sc_hd__o21ai_2)
                                         _093_ (net)
                  0.19    0.00    1.25 ^ _144_/A (sky130_fd_sc_hd__nand4_2)
     1    0.00    0.09    0.10    1.36 v _144_/Y (sky130_fd_sc_hd__nand4_2)
                                         _094_ (net)
                  0.09    0.00    1.36 v _145_/B1 (sky130_fd_sc_hd__a32oi_2)
     1    0.00    0.12    0.15    1.50 ^ _145_/Y (sky130_fd_sc_hd__a32oi_2)
                                         _004_ (net)
                  0.12    0.00    1.50 ^ _210_/D (sky130_fd_sc_hd__dfxtp_2)
                                  1.50   data arrival time

                  0.15    2.10    2.10   clock clk (rise edge)
                          0.00    2.10   clock network delay (ideal)
                         -0.25    1.85   clock uncertainty
                          0.00    1.85   clock reconvergence pessimism
                                  1.85 ^ _210_/CLK (sky130_fd_sc_hd__dfxtp_2)
                         -0.06    1.79   library setup time
                                  1.79   data required time
-----------------------------------------------------------------------------
                                  1.79   data required time
                                 -1.50   data arrival time
-----------------------------------------------------------------------------
                                  0.29   slack (MET)


Startpoint: sel[1] (input port clocked by clk)
Endpoint: _212_ (rising edge-triggered flip-flop clocked by clk)
Path Group: clk
Path Type: max

Fanout     Cap    Slew   Delay    Time   Description
-----------------------------------------------------------------------------
                  0.15    0.00    0.00   clock clk (rise edge)
                          0.00    0.00   clock network delay (ideal)
                          0.42    0.42 v input external delay
     4    0.01    0.02    0.02    0.44 v sel[1] (in)
                                         sel[1] (net)
                  0.02    0.00    0.44 v _200_/A (sky130_fd_sc_hd__buf_1)
    10    0.03    0.19    0.21    0.65 v _200_/X (sky130_fd_sc_hd__buf_1)
                                         _051_ (net)
                  0.19    0.00    0.65 v _205_/A (sky130_fd_sc_hd__or2_2)
     4    0.01    0.08    0.40    1.05 v _205_/X (sky130_fd_sc_hd__or2_2)
                                         _056_ (net)
                  0.08    0.00    1.05 v _152_/A (sky130_fd_sc_hd__and3_2)
     1    0.00    0.04    0.19    1.24 v _152_/X (sky130_fd_sc_hd__and3_2)
                                         _100_ (net)
                  0.04    0.00    1.24 v _153_/B1 (sky130_fd_sc_hd__a41o_2)
     1    0.00    0.03    0.22    1.46 v _153_/X (sky130_fd_sc_hd__a41o_2)
                                         _006_ (net)
                  0.03    0.00    1.46 v _212_/D (sky130_fd_sc_hd__dfxtp_2)
                                  1.46   data arrival time

                  0.15    2.10    2.10   clock clk (rise edge)
                          0.00    2.10   clock network delay (ideal)
                         -0.25    1.85   clock uncertainty
                          0.00    1.85   clock reconvergence pessimism
                                  1.85 ^ _212_/CLK (sky130_fd_sc_hd__dfxtp_2)
                         -0.08    1.77   library setup time
                                  1.77   data required time
-----------------------------------------------------------------------------
                                  1.77   data required time
                                 -1.46   data arrival time
-----------------------------------------------------------------------------
                                  0.30   slack (MET)


Startpoint: sel[1] (input port clocked by clk)
Endpoint: _216_ (rising edge-triggered flip-flop clocked by clk)
Path Group: clk
Path Type: max

Fanout     Cap    Slew   Delay    Time   Description
-----------------------------------------------------------------------------
                  0.15    0.00    0.00   clock clk (rise edge)
                          0.00    0.00   clock network delay (ideal)
                          0.42    0.42 v input external delay
     4    0.01    0.02    0.02    0.44 v sel[1] (in)
                                         sel[1] (net)
                  0.02    0.00    0.44 v _200_/A (sky130_fd_sc_hd__buf_1)
    10    0.03    0.19    0.21    0.65 v _200_/X (sky130_fd_sc_hd__buf_1)
                                         _051_ (net)
                  0.19    0.00    0.65 v _205_/A (sky130_fd_sc_hd__or2_2)
     4    0.01    0.08    0.40    1.05 v _205_/X (sky130_fd_sc_hd__or2_2)
                                         _056_ (net)
                  0.08    0.00    1.05 v _165_/A1 (sky130_fd_sc_hd__a21bo_2)
     1    0.00    0.03    0.21    1.26 v _165_/X (sky130_fd_sc_hd__a21bo_2)
                                         _022_ (net)
                  0.03    0.00    1.26 v _167_/B1 (sky130_fd_sc_hd__o22a_2)
     1    0.00    0.03    0.19    1.45 v _167_/X (sky130_fd_sc_hd__o22a_2)
                                         _010_ (net)
                  0.03    0.00    1.45 v _216_/D (sky130_fd_sc_hd__dfxtp_2)
                                  1.45   data arrival time

                  0.15    2.10    2.10   clock clk (rise edge)
                          0.00    2.10   clock network delay (ideal)
                         -0.25    1.85   clock uncertainty
                          0.00    1.85   clock reconvergence pessimism
                                  1.85 ^ _216_/CLK (sky130_fd_sc_hd__dfxtp_2)
                         -0.08    1.77   library setup time
                                  1.77   data required time
-----------------------------------------------------------------------------
                                  1.77   data required time
                                 -1.45   data arrival time
-----------------------------------------------------------------------------
                                  0.32   slack (MET)


Startpoint: _211_ (rising edge-triggered flip-flop clocked by clk)
Endpoint: _218_ (rising edge-triggered flip-flop clocked by clk)
Path Group: clk
Path Type: max

Fanout     Cap    Slew   Delay    Time   Description
-----------------------------------------------------------------------------
                  0.15    0.00    0.00   clock clk (rise edge)
                          0.00    0.00   clock network delay (ideal)
                  0.15    0.00    0.00 ^ _211_/CLK (sky130_fd_sc_hd__dfxtp_2)
     2    0.00    0.04    0.36    0.36 ^ _211_/Q (sky130_fd_sc_hd__dfxtp_2)
                                         cnt1[0] (net)
                  0.04    0.00    0.36 ^ _106_/A (sky130_fd_sc_hd__buf_1)
    10    0.03    0.34    0.30    0.66 ^ _106_/X (sky130_fd_sc_hd__buf_1)
                                         _060_ (net)
                  0.34    0.00    0.66 ^ _107_/B_N (sky130_fd_sc_hd__or2b_2)
     2    0.01    0.07    0.37    1.03 v _107_/X (sky130_fd_sc_hd__or2b_2)
                                         _061_ (net)
                  0.07    0.00    1.03 v _143_/A1 (sky130_fd_sc_hd__o21ai_2)
     3    0.01    0.19    0.22    1.25 ^ _143_/Y (sky130_fd_sc_hd__o21ai_2)
                                         _093_ (net)
                  0.19    0.00    1.25 ^ _176_/A (sky130_fd_sc_hd__nand3_2)
     1    0.00    0.07    0.09    1.34 v _176_/Y (sky130_fd_sc_hd__nand3_2)
                                         _031_ (net)
                  0.07    0.00    1.34 v _179_/B1 (sky130_fd_sc_hd__o2bb2ai_2)
     1    0.00    0.08    0.13    1.47 ^ _179_/Y (sky130_fd_sc_hd__o2bb2ai_2)
                                         _012_ (net)
                  0.08    0.00    1.47 ^ _218_/D (sky130_fd_sc_hd__dfxtp_2)
                                  1.47   data arrival time

                  0.15    2.10    2.10   clock clk (rise edge)
                          0.00    2.10   clock network delay (ideal)
                         -0.25    1.85   clock uncertainty
                          0.00    1.85   clock reconvergence pessimism
                                  1.85 ^ _218_/CLK (sky130_fd_sc_hd__dfxtp_2)
                         -0.05    1.80   library setup time
                                  1.80   data required time
-----------------------------------------------------------------------------
                                  1.80   data required time
                                 -1.47   data arrival time
-----------------------------------------------------------------------------
                                  0.32   slack (MET)


Startpoint: _211_ (rising edge-triggered flip-flop clocked by clk)
Endpoint: _217_ (rising edge-triggered flip-flop clocked by clk)
Path Group: clk
Path Type: max

Fanout     Cap    Slew   Delay    Time   Description
-----------------------------------------------------------------------------
                  0.15    0.00    0.00   clock clk (rise edge)
                          0.00    0.00   clock network delay (ideal)
                  0.15    0.00    0.00 ^ _211_/CLK (sky130_fd_sc_hd__dfxtp_2)
     2    0.00    0.04    0.36    0.36 ^ _211_/Q (sky130_fd_sc_hd__dfxtp_2)
                                         cnt1[0] (net)
                  0.04    0.00    0.36 ^ _106_/A (sky130_fd_sc_hd__buf_1)
    10    0.03    0.34    0.30    0.66 ^ _106_/X (sky130_fd_sc_hd__buf_1)
                                         _060_ (net)
                  0.34    0.00    0.66 ^ _107_/B_N (sky130_fd_sc_hd__or2b_2)
     2    0.01    0.07    0.37    1.03 v _107_/X (sky130_fd_sc_hd__or2b_2)
                                         _061_ (net)
                  0.07    0.00    1.03 v _143_/A1 (sky130_fd_sc_hd__o21ai_2)
     3    0.01    0.19    0.22    1.25 ^ _143_/Y (sky130_fd_sc_hd__o21ai_2)
                                         _093_ (net)
                  0.19    0.00    1.25 ^ _171_/A (sky130_fd_sc_hd__nand3_2)
     1    0.00    0.07    0.09    1.34 v _171_/Y (sky130_fd_sc_hd__nand3_2)
                                         _027_ (net)
                  0.07    0.00    1.34 v _174_/A2 (sky130_fd_sc_hd__a21oi_2)
     1    0.00    0.07    0.13    1.47 ^ _174_/Y (sky130_fd_sc_hd__a21oi_2)
                                         _011_ (net)
                  0.07    0.00    1.47 ^ _217_/D (sky130_fd_sc_hd__dfxtp_2)
                                  1.47   data arrival time

                  0.15    2.10    2.10   clock clk (rise edge)
                          0.00    2.10   clock network delay (ideal)
                         -0.25    1.85   clock uncertainty
                          0.00    1.85   clock reconvergence pessimism
                                  1.85 ^ _217_/CLK (sky130_fd_sc_hd__dfxtp_2)
                         -0.05    1.80   library setup time
                                  1.80   data required time
-----------------------------------------------------------------------------
                                  1.80   data required time
                                 -1.47   data arrival time
-----------------------------------------------------------------------------
                                  0.33   slack (MET)


Startpoint: _212_ (rising edge-triggered flip-flop clocked by clk)
Endpoint: _215_ (rising edge-triggered flip-flop clocked by clk)
Path Group: clk
Path Type: max

Fanout     Cap    Slew   Delay    Time   Description
-----------------------------------------------------------------------------
                  0.15    0.00    0.00   clock clk (rise edge)
                          0.00    0.00   clock network delay (ideal)
                  0.15    0.00    0.00 ^ _212_/CLK (sky130_fd_sc_hd__dfxtp_2)
     2    0.00    0.04    0.36    0.36 ^ _212_/Q (sky130_fd_sc_hd__dfxtp_2)
                                         cnt1[1] (net)
                  0.04    0.00    0.36 ^ _105_/A (sky130_fd_sc_hd__buf_1)
    10    0.03    0.33    0.29    0.65 ^ _105_/X (sky130_fd_sc_hd__buf_1)
                                         _059_ (net)
                  0.33    0.00    0.65 ^ _157_/B (sky130_fd_sc_hd__nand4_2)
     3    0.01    0.12    0.16    0.81 v _157_/Y (sky130_fd_sc_hd__nand4_2)
                                         _016_ (net)
                  0.12    0.00    0.81 v _160_/B (sky130_fd_sc_hd__or2_2)
     1    0.00    0.05    0.31    1.12 v _160_/X (sky130_fd_sc_hd__or2_2)
                                         _018_ (net)
                  0.05    0.00    1.12 v _162_/A2 (sky130_fd_sc_hd__a32o_2)
     1    0.00    0.04    0.27    1.38 v _162_/X (sky130_fd_sc_hd__a32o_2)
                                         _009_ (net)
                  0.04    0.00    1.38 v _215_/D (sky130_fd_sc_hd__dfxtp_2)
                                  1.38   data arrival time

                  0.15    2.10    2.10   clock clk (rise edge)
                          0.00    2.10   clock network delay (ideal)
                         -0.25    1.85   clock uncertainty
                          0.00    1.85   clock reconvergence pessimism
                                  1.85 ^ _215_/CLK (sky130_fd_sc_hd__dfxtp_2)
                         -0.08    1.77   library setup time
                                  1.77   data required time
-----------------------------------------------------------------------------
                                  1.77   data required time
                                 -1.38   data arrival time
-----------------------------------------------------------------------------
                                  0.38   slack (MET)


Startpoint: sel[0] (input port clocked by clk)
Endpoint: _211_ (rising edge-triggered flip-flop clocked by clk)
Path Group: clk
Path Type: max

Fanout     Cap    Slew   Delay    Time   Description
-----------------------------------------------------------------------------
                  0.15    0.00    0.00   clock clk (rise edge)
                          0.00    0.00   clock network delay (ideal)
                          0.42    0.42 v input external delay
     7    0.02    0.05    0.04    0.46 v sel[0] (in)
                                         sel[0] (net)
                  0.05    0.00    0.46 v _204_/A (sky130_fd_sc_hd__buf_1)
    10    0.04    0.22    0.25    0.70 v _204_/X (sky130_fd_sc_hd__buf_1)
                                         _055_ (net)
                  0.22    0.00    0.70 v _146_/A2 (sky130_fd_sc_hd__o21a_2)
     4    0.01    0.05    0.29    0.99 v _146_/X (sky130_fd_sc_hd__o21a_2)
                                         _095_ (net)
                  0.05    0.00    0.99 v _147_/A1 (sky130_fd_sc_hd__mux2_2)
     1    0.00    0.05    0.27    1.26 v _147_/X (sky130_fd_sc_hd__mux2_2)
                                         _096_ (net)
                  0.05    0.00    1.26 v _148_/A (sky130_fd_sc_hd__buf_1)
     1    0.00    0.02    0.09    1.35 v _148_/X (sky130_fd_sc_hd__buf_1)
                                         _005_ (net)
                  0.02    0.00    1.35 v _211_/D (sky130_fd_sc_hd__dfxtp_2)
                                  1.35   data arrival time

                  0.15    2.10    2.10   clock clk (rise edge)
                          0.00    2.10   clock network delay (ideal)
                         -0.25    1.85   clock uncertainty
                          0.00    1.85   clock reconvergence pessimism
                                  1.85 ^ _211_/CLK (sky130_fd_sc_hd__dfxtp_2)
                         -0.08    1.77   library setup time
                                  1.77   data required time
-----------------------------------------------------------------------------
                                  1.77   data required time
                                 -1.35   data arrival time
-----------------------------------------------------------------------------
                                  0.43   slack (MET)


Startpoint: reset (input port clocked by clk)
Endpoint: _213_ (rising edge-triggered flip-flop clocked by clk)
Path Group: clk
Path Type: max

Fanout     Cap    Slew   Delay    Time   Description
-----------------------------------------------------------------------------
                  0.15    0.00    0.00   clock clk (rise edge)
                          0.00    0.00   clock network delay (ideal)
                          0.42    0.42 ^ input external delay
     8    0.03    0.13    0.09    0.51 ^ reset (in)
                                         reset (net)
                  0.13    0.00    0.51 ^ _151_/A (sky130_fd_sc_hd__buf_1)
    10    0.03    0.41    0.37    0.88 ^ _151_/X (sky130_fd_sc_hd__buf_1)
                                         _099_ (net)
                  0.41    0.00    0.88 ^ _155_/B1 (sky130_fd_sc_hd__a31o_2)
     1    0.00    0.04    0.17    1.05 ^ _155_/X (sky130_fd_sc_hd__a31o_2)
                                         _102_ (net)
                  0.04    0.00    1.05 ^ _156_/A2_N (sky130_fd_sc_hd__a2bb2o_2)
     1    0.00    0.04    0.26    1.30 v _156_/X (sky130_fd_sc_hd__a2bb2o_2)
                                         _007_ (net)
                  0.04    0.00    1.30 v _213_/D (sky130_fd_sc_hd__dfxtp_2)
                                  1.30   data arrival time

                  0.15    2.10    2.10   clock clk (rise edge)
                          0.00    2.10   clock network delay (ideal)
                         -0.25    1.85   clock uncertainty
                          0.00    1.85   clock reconvergence pessimism
                                  1.85 ^ _213_/CLK (sky130_fd_sc_hd__dfxtp_2)
                         -0.09    1.76   library setup time
                                  1.76   data required time
-----------------------------------------------------------------------------
                                  1.76   data required time
                                 -1.30   data arrival time
-----------------------------------------------------------------------------
                                  0.46   slack (MET)


Startpoint: sel[0] (input port clocked by clk)
Endpoint: _214_ (rising edge-triggered flip-flop clocked by clk)
Path Group: clk
Path Type: max

Fanout     Cap    Slew   Delay    Time   Description
-----------------------------------------------------------------------------
                  0.15    0.00    0.00   clock clk (rise edge)
                          0.00    0.00   clock network delay (ideal)
                          0.42    0.42 ^ input external delay
     7    0.02    0.12    0.08    0.50 ^ sel[0] (in)
                                         sel[0] (net)
                  0.12    0.00    0.50 ^ _204_/A (sky130_fd_sc_hd__buf_1)
    10    0.04    0.50    0.43    0.93 ^ _204_/X (sky130_fd_sc_hd__buf_1)
                                         _055_ (net)
                  0.50    0.00    0.93 ^ _146_/A2 (sky130_fd_sc_hd__o21a_2)
     4    0.01    0.07    0.22    1.16 ^ _146_/X (sky130_fd_sc_hd__o21a_2)
                                         _095_ (net)
                  0.07    0.00    1.16 ^ _159_/B2 (sky130_fd_sc_hd__a32o_2)
     1    0.00    0.04    0.12    1.27 ^ _159_/X (sky130_fd_sc_hd__a32o_2)
                                         _008_ (net)
                  0.04    0.00    1.27 ^ _214_/D (sky130_fd_sc_hd__dfxtp_2)
                                  1.27   data arrival time

                  0.15    2.10    2.10   clock clk (rise edge)
                          0.00    2.10   clock network delay (ideal)
                         -0.25    1.85   clock uncertainty
                          0.00    1.85   clock reconvergence pessimism
                                  1.85 ^ _214_/CLK (sky130_fd_sc_hd__dfxtp_2)
                         -0.04    1.81   library setup time
                                  1.81   data required time
-----------------------------------------------------------------------------
                                  1.81   data required time
                                 -1.27   data arrival time
-----------------------------------------------------------------------------
                                  0.53   slack (MET)


Startpoint: _210_ (rising edge-triggered flip-flop clocked by clk)
Endpoint: clkout (output port clocked by clk)
Path Group: clk
Path Type: max

Fanout     Cap    Slew   Delay    Time   Description
-----------------------------------------------------------------------------
                  0.15    0.00    0.00   clock clk (rise edge)
                          0.00    0.00   clock network delay (ideal)
                  0.15    0.00    0.00 ^ _210_/CLK (sky130_fd_sc_hd__dfxtp_2)
     2    0.04    0.20    0.49    0.49 ^ _210_/Q (sky130_fd_sc_hd__dfxtp_2)
                                         clkout (net)
                  0.20    0.00    0.49 ^ clkout (out)
                                  0.49   data arrival time

                  0.15    2.10    2.10   clock clk (rise edge)
                          0.00    2.10   clock network delay (ideal)
                         -0.25    1.85   clock uncertainty
                          0.00    1.85   clock reconvergence pessimism
                         -0.42    1.43   output external delay
                                  1.43   data required time
-----------------------------------------------------------------------------
                                  1.43   data required time
                                 -0.49   data arrival time
-----------------------------------------------------------------------------
                                  0.94   slack (MET)



worst slack corner Typical: 0.0914
max_report_end
checks_report

===========================================================================
report_checks -unconstrained
===========================================================================
======================= Typical Corner ===================================

Startpoint: _211_ (rising edge-triggered flip-flop clocked by clk)
Endpoint: _207_ (rising edge-triggered flip-flop clocked by clk)
Path Group: clk
Path Type: max

Fanout     Cap    Slew   Delay    Time   Description
-----------------------------------------------------------------------------
                  0.15    0.00    0.00   clock clk (rise edge)
                          0.00    0.00   clock network delay (ideal)
                  0.15    0.00    0.00 ^ _211_/CLK (sky130_fd_sc_hd__dfxtp_2)
     2    0.00    0.04    0.36    0.36 ^ _211_/Q (sky130_fd_sc_hd__dfxtp_2)
                                         cnt1[0] (net)
                  0.04    0.00    0.36 ^ _106_/A (sky130_fd_sc_hd__buf_1)
    10    0.03    0.34    0.30    0.66 ^ _106_/X (sky130_fd_sc_hd__buf_1)
                                         _060_ (net)
                  0.34    0.00    0.66 ^ _107_/B_N (sky130_fd_sc_hd__or2b_2)
     2    0.01    0.07    0.37    1.03 v _107_/X (sky130_fd_sc_hd__or2b_2)
                                         _061_ (net)
                  0.07    0.00    1.03 v _111_/A1 (sky130_fd_sc_hd__o21ai_2)
     6    0.03    0.33    0.32    1.36 ^ _111_/Y (sky130_fd_sc_hd__o21ai_2)
                                         _065_ (net)
                  0.33    0.00    1.36 ^ _114_/C1 (sky130_fd_sc_hd__o211ai_2)
     2    0.01    0.12    0.17    1.53 v _114_/Y (sky130_fd_sc_hd__o211ai_2)
                                         _067_ (net)
                  0.12    0.00    1.53 v _122_/A2_N (sky130_fd_sc_hd__o2bb2ai_2)
     1    0.00    0.03    0.15    1.68 v _122_/Y (sky130_fd_sc_hd__o2bb2ai_2)
                                         _001_ (net)
                  0.03    0.00    1.68 v _207_/D (sky130_fd_sc_hd__dfxtp_2)
                                  1.68   data arrival time

                  0.15    2.10    2.10   clock clk (rise edge)
                          0.00    2.10   clock network delay (ideal)
                         -0.25    1.85   clock uncertainty
                          0.00    1.85   clock reconvergence pessimism
                                  1.85 ^ _207_/CLK (sky130_fd_sc_hd__dfxtp_2)
                         -0.08    1.77   library setup time
                                  1.77   data required time
-----------------------------------------------------------------------------
                                  1.77   data required time
                                 -1.68   data arrival time
-----------------------------------------------------------------------------
                                  0.09   slack (MET)




===========================================================================
report_checks --slack_max -0.01
============================================================================
======================= Typical Corner ===================================

No paths found.


===========================================================================
 report_check_types -max_slew -max_cap -max_fanout -violators
============================================================================
======================= Typical Corner ===================================


max slew violations count Typical: 0
max fanout violations count Typical: 0
max cap violations count Typical: 0

===========================================================================
report_parasitic_annotation -report_unannotated
============================================================================
Found 123 unannotated drivers.
 clk
 reset
 sel[0]
 sel[1]
 _103_/Y
 _104_/Y
 _105_/X
 _106_/X
 _107_/X
 _108_/Y
 _109_/Y
 _110_/Y
 _111_/Y
 _112_/Y
 _113_/X
 _114_/Y
 _115_/Y
 _116_/Y
 _117_/X
 _118_/Y
 _119_/X
 _120_/Y
 _121_/X
 _122_/Y
 _123_/Y
 _124_/Y
 _125_/Y
 _126_/Y
 _127_/X
 _128_/X
 _129_/Y
 _130_/Y
 _131_/Y
 _132_/X
 _133_/Y
 _134_/Y
 _135_/Y
 _136_/Y
 _137_/Y
 _138_/Y
 _139_/X
 _140_/Y
 _141_/Y
 _142_/Y
 _143_/Y
 _144_/Y
 _145_/Y
 _146_/X
 _147_/X
 _148_/X
 _149_/X
 _150_/Y
 _151_/X
 _152_/X
 _153_/X
 _154_/Y
 _155_/X
 _156_/X
 _157_/Y
 _158_/X
 _159_/X
 _160_/X
 _161_/X
 _162_/X
 _163_/X
 _164_/X
 _165_/X
 _166_/X
 _167_/X
 _168_/Y
 _169_/Y
 _170_/X
 _171_/Y
 _172_/Y
 _173_/Y
 _174_/Y
 _175_/X
 _176_/Y
 _177_/Y
 _178_/X
 _179_/Y
 _180_/Y
 _181_/Y
 _182_/Y
 _183_/Y
 _184_/Y
 _185_/Y
 _186_/X
 _187_/Y
 _188_/X
 _189_/Y
 _190_/Y
 _191_/Y
 _192_/Y
 _193_/X
 _194_/Y
 _195_/Y
 _196_/X
 _197_/Y
 _198_/Y
 _199_/Y
 _200_/X
 _201_/Y
 _202_/Y
 _203_/X
 _204_/X
 _205_/X
 _206_/Q
 _207_/Q
 _208_/Q
 _209_/Q
 _210_/Q
 _211_/Q
 _212_/Q
 _213_/Q
 _214_/Q
 _215_/Q
 _216_/Q
 _217_/Q
 _218_/Q
 _219_/Q
 _220_/Q
 _221_/Q
Found 0 partially unannotated drivers.

===========================================================================
max slew violation count 0
max fanout violation count 0
max cap violation count 0
============================================================================

===========================================================================
check_setup -verbose -unconstrained_endpoints -multiple_clock -no_clock -no_input_delay -loops -generated_clocks
===========================================================================
checks_report_end
power_report

===========================================================================
 report_power
============================================================================
======================= Typical Corner ===================================

Group                  Internal  Switching    Leakage      Total
                          Power      Power      Power      Power (Watts)
----------------------------------------------------------------
Sequential             4.13e-04   1.33e-04   1.35e-10   5.46e-04  58.0%
Combinational          2.24e-04   1.70e-04   3.33e-10   3.95e-04  42.0%
Macro                  0.00e+00   0.00e+00   0.00e+00   0.00e+00   0.0%
Pad                    0.00e+00   0.00e+00   0.00e+00   0.00e+00   0.0%
----------------------------------------------------------------
Total                  6.37e-04   3.03e-04   4.68e-10   9.41e-04 100.0%
                          67.8%      32.2%       0.0%

power_report_end
skew_report

===========================================================================
report_clock_skew
============================================================================
Clock clk
Latency      CRPR       Skew
_206_/CLK ^
   0.10
_206_/CLK ^
   0.09      0.00       0.01

skew_report_end
summary_report

===========================================================================
report_tns
============================================================================
tns 0.00

===========================================================================
report_wns
============================================================================
wns 0.00

===========================================================================
report_worst_slack -max (Setup)
============================================================================
worst slack 0.09

===========================================================================
report_worst_slack -min (Hold)
============================================================================
worst slack 0.19
summary_report_end
[WARNING] Did not save OpenROAD database!
Writing SDF to '/openlane/openlane/pes_brg/runs/RUN/results/synthesis/pes_brg.sdf'…
