
===========================================================================
 report_power
============================================================================
======================= Fastest Corner ===================================

Group                  Internal  Switching    Leakage      Total
                          Power      Power      Power      Power (Watts)
----------------------------------------------------------------
Sequential             4.63e-04   1.46e-04   2.45e-10   6.09e-04  37.4%
Combinational          5.78e-04   4.42e-04   1.27e-09   1.02e-03  62.6%
Macro                  0.00e+00   0.00e+00   0.00e+00   0.00e+00   0.0%
Pad                    0.00e+00   0.00e+00   0.00e+00   0.00e+00   0.0%
----------------------------------------------------------------
Total                  1.04e-03   5.88e-04   1.52e-09   1.63e-03 100.0%
                          63.9%      36.1%       0.0%

======================= Slowest Corner ===================================

Group                  Internal  Switching    Leakage      Total
                          Power      Power      Power      Power (Watts)
----------------------------------------------------------------
Sequential             3.12e-04   9.65e-05   2.37e-07   4.09e-04  36.7%
Combinational          4.16e-04   2.90e-04   5.27e-07   7.07e-04  63.3%
Macro                  0.00e+00   0.00e+00   0.00e+00   0.00e+00   0.0%
Pad                    0.00e+00   0.00e+00   0.00e+00   0.00e+00   0.0%
----------------------------------------------------------------
Total                  7.28e-04   3.87e-04   7.64e-07   1.12e-03 100.0%
                          65.3%      34.7%       0.1%

======================= Typical Corner ===================================

Group                  Internal  Switching    Leakage      Total
                          Power      Power      Power      Power (Watts)
----------------------------------------------------------------
Sequential             3.99e-04   1.23e-04   1.35e-10   5.22e-04  37.1%
Combinational          5.12e-04   3.73e-04   5.45e-10   8.85e-04  62.9%
Macro                  0.00e+00   0.00e+00   0.00e+00   0.00e+00   0.0%
Pad                    0.00e+00   0.00e+00   0.00e+00   0.00e+00   0.0%
----------------------------------------------------------------
Total                  9.11e-04   4.96e-04   6.80e-10   1.41e-03 100.0%
                          64.8%      35.2%       0.0%

