
===========================================================================
 report_power
============================================================================
======================= Fastest Corner ===================================

Group                  Internal  Switching    Leakage      Total
                          Power      Power      Power      Power (Watts)
----------------------------------------------------------------
Sequential             4.63e-04   1.50e-04   2.45e-10   6.13e-04  37.2%
Combinational          5.79e-04   4.58e-04   1.27e-09   1.04e-03  62.8%
Macro                  0.00e+00   0.00e+00   0.00e+00   0.00e+00   0.0%
Pad                    0.00e+00   0.00e+00   0.00e+00   0.00e+00   0.0%
----------------------------------------------------------------
Total                  1.04e-03   6.08e-04   1.52e-09   1.65e-03 100.0%
                          63.1%      36.9%       0.0%

======================= Slowest Corner ===================================

Group                  Internal  Switching    Leakage      Total
                          Power      Power      Power      Power (Watts)
----------------------------------------------------------------
Sequential             3.12e-04   9.94e-05   2.37e-07   4.12e-04  36.5%
Combinational          4.16e-04   3.01e-04   5.27e-07   7.18e-04  63.5%
Macro                  0.00e+00   0.00e+00   0.00e+00   0.00e+00   0.0%
Pad                    0.00e+00   0.00e+00   0.00e+00   0.00e+00   0.0%
----------------------------------------------------------------
Total                  7.29e-04   4.01e-04   7.64e-07   1.13e-03 100.0%
                          64.5%      35.4%       0.1%

======================= Typical Corner ===================================

Group                  Internal  Switching    Leakage      Total
                          Power      Power      Power      Power (Watts)
----------------------------------------------------------------
Sequential             3.99e-04   1.27e-04   1.35e-10   5.25e-04  36.9%
Combinational          5.12e-04   3.87e-04   5.45e-10   8.99e-04  63.1%
Macro                  0.00e+00   0.00e+00   0.00e+00   0.00e+00   0.0%
Pad                    0.00e+00   0.00e+00   0.00e+00   0.00e+00   0.0%
----------------------------------------------------------------
Total                  9.11e-04   5.13e-04   6.80e-10   1.42e-03 100.0%
                          64.0%      36.0%       0.0%

