
===========================================================================
report_checks -path_delay min (Hold)
============================================================================
======================= Typical Corner ===================================

Startpoint: _210_ (rising edge-triggered flip-flop clocked by clk)
Endpoint: _210_ (rising edge-triggered flip-flop clocked by clk)
Path Group: clk
Path Type: min

Fanout     Cap    Slew   Delay    Time   Description
-----------------------------------------------------------------------------
                  0.15    0.00    0.00   clock clk (rise edge)
                          0.00    0.00   clock network delay (ideal)
                  0.15    0.00    0.00 ^ _210_/CLK (sky130_fd_sc_hd__dfxtp_1)
     2    0.01    0.05    0.33    0.33 v _210_/Q (sky130_fd_sc_hd__dfxtp_1)
                                         net4 (net)
                  0.05    0.00    0.33 v _135_/A (sky130_fd_sc_hd__inv_2)
     2    0.01    0.04    0.05    0.38 ^ _135_/Y (sky130_fd_sc_hd__inv_2)
                                         _085_ (net)
                  0.04    0.00    0.38 ^ _145_/B2 (sky130_fd_sc_hd__a32oi_1)
     1    0.00    0.04    0.05    0.43 v _145_/Y (sky130_fd_sc_hd__a32oi_1)
                                         _004_ (net)
                  0.04    0.00    0.43 v _210_/D (sky130_fd_sc_hd__dfxtp_1)
                                  0.43   data arrival time

                  0.15    0.00    0.00   clock clk (rise edge)
                          0.00    0.00   clock network delay (ideal)
                          0.25    0.25   clock uncertainty
                          0.00    0.25   clock reconvergence pessimism
                                  0.25 ^ _210_/CLK (sky130_fd_sc_hd__dfxtp_1)
                         -0.03    0.22   library hold time
                                  0.22   data required time
-----------------------------------------------------------------------------
                                  0.22   data required time
                                 -0.43   data arrival time
-----------------------------------------------------------------------------
                                  0.21   slack (MET)


Startpoint: _217_ (rising edge-triggered flip-flop clocked by clk)
Endpoint: _217_ (rising edge-triggered flip-flop clocked by clk)
Path Group: clk
Path Type: min

Fanout     Cap    Slew   Delay    Time   Description
-----------------------------------------------------------------------------
                  0.15    0.00    0.00   clock clk (rise edge)
                          0.00    0.00   clock network delay (ideal)
                  0.15    0.00    0.00 ^ _217_/CLK (sky130_fd_sc_hd__dfxtp_1)
     3    0.01    0.07    0.35    0.35 v _217_/Q (sky130_fd_sc_hd__dfxtp_1)
                                         cnt2[0] (net)
                  0.07    0.00    0.35 v _168_/A (sky130_fd_sc_hd__inv_2)
     3    0.01    0.05    0.07    0.42 ^ _168_/Y (sky130_fd_sc_hd__inv_2)
                                         _024_ (net)
                  0.05    0.00    0.42 ^ _174_/A1 (sky130_fd_sc_hd__a21oi_1)
     1    0.00    0.04    0.05    0.48 v _174_/Y (sky130_fd_sc_hd__a21oi_1)
                                         _011_ (net)
                  0.04    0.00    0.48 v _217_/D (sky130_fd_sc_hd__dfxtp_1)
                                  0.48   data arrival time

                  0.15    0.00    0.00   clock clk (rise edge)
                          0.00    0.00   clock network delay (ideal)
                          0.25    0.25   clock uncertainty
                          0.00    0.25   clock reconvergence pessimism
                                  0.25 ^ _217_/CLK (sky130_fd_sc_hd__dfxtp_1)
                         -0.03    0.22   library hold time
                                  0.22   data required time
-----------------------------------------------------------------------------
                                  0.22   data required time
                                 -0.48   data arrival time
-----------------------------------------------------------------------------
                                  0.25   slack (MET)


Startpoint: _217_ (rising edge-triggered flip-flop clocked by clk)
Endpoint: _218_ (rising edge-triggered flip-flop clocked by clk)
Path Group: clk
Path Type: min

Fanout     Cap    Slew   Delay    Time   Description
-----------------------------------------------------------------------------
                  0.15    0.00    0.00   clock clk (rise edge)
                          0.00    0.00   clock network delay (ideal)
                  0.15    0.00    0.00 ^ _217_/CLK (sky130_fd_sc_hd__dfxtp_1)
     3    0.01    0.07    0.35    0.35 v _217_/Q (sky130_fd_sc_hd__dfxtp_1)
                                         cnt2[0] (net)
                  0.07    0.00    0.35 v _176_/C (sky130_fd_sc_hd__nand3_1)
     1    0.00    0.06    0.09    0.44 ^ _176_/Y (sky130_fd_sc_hd__nand3_1)
                                         _031_ (net)
                  0.06    0.00    0.44 ^ _179_/B1 (sky130_fd_sc_hd__o2bb2ai_1)
     1    0.00    0.03    0.06    0.50 v _179_/Y (sky130_fd_sc_hd__o2bb2ai_1)
                                         _012_ (net)
                  0.03    0.00    0.50 v _218_/D (sky130_fd_sc_hd__dfxtp_1)
                                  0.50   data arrival time

                  0.15    0.00    0.00   clock clk (rise edge)
                          0.00    0.00   clock network delay (ideal)
                          0.25    0.25   clock uncertainty
                          0.00    0.25   clock reconvergence pessimism
                                  0.25 ^ _218_/CLK (sky130_fd_sc_hd__dfxtp_1)
                         -0.02    0.23   library hold time
                                  0.23   data required time
-----------------------------------------------------------------------------
                                  0.23   data required time
                                 -0.50   data arrival time
-----------------------------------------------------------------------------
                                  0.27   slack (MET)


Startpoint: _213_ (rising edge-triggered flip-flop clocked by clk)
Endpoint: _213_ (rising edge-triggered flip-flop clocked by clk)
Path Group: clk
Path Type: min

Fanout     Cap    Slew   Delay    Time   Description
-----------------------------------------------------------------------------
                  0.15    0.00    0.00   clock clk (rise edge)
                          0.00    0.00   clock network delay (ideal)
                  0.15    0.00    0.00 ^ _213_/CLK (sky130_fd_sc_hd__dfxtp_2)
     8    0.03    0.14    0.40    0.40 ^ _213_/Q (sky130_fd_sc_hd__dfxtp_2)
                                         cnt1[2] (net)
                  0.14    0.00    0.41 ^ _156_/B1 (sky130_fd_sc_hd__a2bb2o_1)
     1    0.00    0.04    0.14    0.55 ^ _156_/X (sky130_fd_sc_hd__a2bb2o_1)
                                         _007_ (net)
                  0.04    0.00    0.55 ^ _213_/D (sky130_fd_sc_hd__dfxtp_2)
                                  0.55   data arrival time

                  0.15    0.00    0.00   clock clk (rise edge)
                          0.00    0.00   clock network delay (ideal)
                          0.25    0.25   clock uncertainty
                          0.00    0.25   clock reconvergence pessimism
                                  0.25 ^ _213_/CLK (sky130_fd_sc_hd__dfxtp_2)
                         -0.02    0.23   library hold time
                                  0.23   data required time
-----------------------------------------------------------------------------
                                  0.23   data required time
                                 -0.55   data arrival time
-----------------------------------------------------------------------------
                                  0.31   slack (MET)


Startpoint: _216_ (rising edge-triggered flip-flop clocked by clk)
Endpoint: _216_ (rising edge-triggered flip-flop clocked by clk)
Path Group: clk
Path Type: min

Fanout     Cap    Slew   Delay    Time   Description
-----------------------------------------------------------------------------
                  0.15    0.00    0.00   clock clk (rise edge)
                          0.00    0.00   clock network delay (ideal)
                  0.15    0.00    0.00 ^ _216_/CLK (sky130_fd_sc_hd__dfxtp_1)
     4    0.02    0.10    0.37    0.37 v _216_/Q (sky130_fd_sc_hd__dfxtp_1)
                                         cnt1[5] (net)
                  0.10    0.00    0.37 v _167_/A1 (sky130_fd_sc_hd__o22a_1)
     1    0.00    0.04    0.21    0.59 v _167_/X (sky130_fd_sc_hd__o22a_1)
                                         _010_ (net)
                  0.04    0.00    0.59 v _216_/D (sky130_fd_sc_hd__dfxtp_1)
                                  0.59   data arrival time

                  0.15    0.00    0.00   clock clk (rise edge)
                          0.00    0.00   clock network delay (ideal)
                          0.25    0.25   clock uncertainty
                          0.00    0.25   clock reconvergence pessimism
                                  0.25 ^ _216_/CLK (sky130_fd_sc_hd__dfxtp_1)
                         -0.03    0.22   library hold time
                                  0.22   data required time
-----------------------------------------------------------------------------
                                  0.22   data required time
                                 -0.59   data arrival time
-----------------------------------------------------------------------------
                                  0.36   slack (MET)


Startpoint: _206_ (rising edge-triggered flip-flop clocked by clk)
Endpoint: _206_ (rising edge-triggered flip-flop clocked by clk)
Path Group: clk
Path Type: min

Fanout     Cap    Slew   Delay    Time   Description
-----------------------------------------------------------------------------
                  0.15    0.00    0.00   clock clk (rise edge)
                          0.00    0.00   clock network delay (ideal)
                  0.15    0.00    0.00 ^ _206_/CLK (sky130_fd_sc_hd__dfxtp_2)
     9    0.03    0.08    0.38    0.38 v _206_/Q (sky130_fd_sc_hd__dfxtp_2)
                                         cnt4[0] (net)
                  0.08    0.00    0.38 v _112_/B1 (sky130_fd_sc_hd__o2111ai_1)
     1    0.00    0.08    0.11    0.49 ^ _112_/Y (sky130_fd_sc_hd__o2111ai_1)
                                         _066_ (net)
                  0.08    0.00    0.49 ^ _113_/B1 (sky130_fd_sc_hd__o21a_1)
     1    0.00    0.04    0.11    0.60 ^ _113_/X (sky130_fd_sc_hd__o21a_1)
                                         _000_ (net)
                  0.04    0.00    0.60 ^ _206_/D (sky130_fd_sc_hd__dfxtp_2)
                                  0.60   data arrival time

                  0.15    0.00    0.00   clock clk (rise edge)
                          0.00    0.00   clock network delay (ideal)
                          0.25    0.25   clock uncertainty
                          0.00    0.25   clock reconvergence pessimism
                                  0.25 ^ _206_/CLK (sky130_fd_sc_hd__dfxtp_2)
                         -0.02    0.23   library hold time
                                  0.23   data required time
-----------------------------------------------------------------------------
                                  0.23   data required time
                                 -0.60   data arrival time
-----------------------------------------------------------------------------
                                  0.36   slack (MET)


Startpoint: _207_ (rising edge-triggered flip-flop clocked by clk)
Endpoint: _207_ (rising edge-triggered flip-flop clocked by clk)
Path Group: clk
Path Type: min

Fanout     Cap    Slew   Delay    Time   Description
-----------------------------------------------------------------------------
                  0.15    0.00    0.00   clock clk (rise edge)
                          0.00    0.00   clock network delay (ideal)
                  0.15    0.00    0.00 ^ _207_/CLK (sky130_fd_sc_hd__dfxtp_2)
     8    0.02    0.07    0.37    0.37 v _207_/Q (sky130_fd_sc_hd__dfxtp_2)
                                         cnt4[1] (net)
                  0.07    0.00    0.37 v _115_/B (sky130_fd_sc_hd__nor2_1)
     1    0.00    0.08    0.09    0.46 ^ _115_/Y (sky130_fd_sc_hd__nor2_1)
                                         _068_ (net)
                  0.08    0.00    0.46 ^ _117_/A (sky130_fd_sc_hd__or3b_1)
     1    0.00    0.04    0.11    0.56 ^ _117_/X (sky130_fd_sc_hd__or3b_1)
                                         _070_ (net)
                  0.04    0.00    0.56 ^ _122_/B1 (sky130_fd_sc_hd__o2bb2ai_1)
     1    0.00    0.03    0.06    0.62 v _122_/Y (sky130_fd_sc_hd__o2bb2ai_1)
                                         _001_ (net)
                  0.03    0.00    0.62 v _207_/D (sky130_fd_sc_hd__dfxtp_2)
                                  0.62   data arrival time

                  0.15    0.00    0.00   clock clk (rise edge)
                          0.00    0.00   clock network delay (ideal)
                          0.25    0.25   clock uncertainty
                          0.00    0.25   clock reconvergence pessimism
                                  0.25 ^ _207_/CLK (sky130_fd_sc_hd__dfxtp_2)
                         -0.02    0.23   library hold time
                                  0.23   data required time
-----------------------------------------------------------------------------
                                  0.23   data required time
                                 -0.62   data arrival time
-----------------------------------------------------------------------------
                                  0.39   slack (MET)


Startpoint: _215_ (rising edge-triggered flip-flop clocked by clk)
Endpoint: _215_ (rising edge-triggered flip-flop clocked by clk)
Path Group: clk
Path Type: min

Fanout     Cap    Slew   Delay    Time   Description
-----------------------------------------------------------------------------
                  0.15    0.00    0.00   clock clk (rise edge)
                          0.00    0.00   clock network delay (ideal)
                  0.15    0.00    0.00 ^ _215_/CLK (sky130_fd_sc_hd__dfxtp_1)
     4    0.01    0.14    0.39    0.39 ^ _215_/Q (sky130_fd_sc_hd__dfxtp_1)
                                         cnt1[4] (net)
                  0.14    0.00    0.39 ^ _161_/B1 (sky130_fd_sc_hd__a41o_1)
     1    0.00    0.05    0.11    0.49 ^ _161_/X (sky130_fd_sc_hd__a41o_1)
                                         _019_ (net)
                  0.05    0.00    0.49 ^ _162_/A3 (sky130_fd_sc_hd__a32o_1)
     1    0.00    0.05    0.15    0.64 ^ _162_/X (sky130_fd_sc_hd__a32o_1)
                                         _009_ (net)
                  0.05    0.00    0.64 ^ _215_/D (sky130_fd_sc_hd__dfxtp_1)
                                  0.64   data arrival time

                  0.15    0.00    0.00   clock clk (rise edge)
                          0.00    0.00   clock network delay (ideal)
                          0.25    0.25   clock uncertainty
                          0.00    0.25   clock reconvergence pessimism
                                  0.25 ^ _215_/CLK (sky130_fd_sc_hd__dfxtp_1)
                         -0.02    0.23   library hold time
                                  0.23   data required time
-----------------------------------------------------------------------------
                                  0.23   data required time
                                 -0.64   data arrival time
-----------------------------------------------------------------------------
                                  0.41   slack (MET)


Startpoint: _213_ (rising edge-triggered flip-flop clocked by clk)
Endpoint: _214_ (rising edge-triggered flip-flop clocked by clk)
Path Group: clk
Path Type: min

Fanout     Cap    Slew   Delay    Time   Description
-----------------------------------------------------------------------------
                  0.15    0.00    0.00   clock clk (rise edge)
                          0.00    0.00   clock network delay (ideal)
                  0.15    0.00    0.00 ^ _213_/CLK (sky130_fd_sc_hd__dfxtp_2)
     8    0.02    0.07    0.37    0.37 v _213_/Q (sky130_fd_sc_hd__dfxtp_2)
                                         cnt1[2] (net)
                  0.07    0.00    0.37 v _157_/D (sky130_fd_sc_hd__nand4_1)
     3    0.01    0.11    0.13    0.50 ^ _157_/Y (sky130_fd_sc_hd__nand4_1)
                                         _016_ (net)
                  0.11    0.00    0.50 ^ _159_/A2 (sky130_fd_sc_hd__a32o_1)
     1    0.00    0.04    0.16    0.65 ^ _159_/X (sky130_fd_sc_hd__a32o_1)
                                         _008_ (net)
                  0.04    0.00    0.65 ^ _214_/D (sky130_fd_sc_hd__dfxtp_1)
                                  0.65   data arrival time

                  0.15    0.00    0.00   clock clk (rise edge)
                          0.00    0.00   clock network delay (ideal)
                          0.25    0.25   clock uncertainty
                          0.00    0.25   clock reconvergence pessimism
                                  0.25 ^ _214_/CLK (sky130_fd_sc_hd__dfxtp_1)
                         -0.02    0.23   library hold time
                                  0.23   data required time
-----------------------------------------------------------------------------
                                  0.23   data required time
                                 -0.65   data arrival time
-----------------------------------------------------------------------------
                                  0.42   slack (MET)


Startpoint: _221_ (rising edge-triggered flip-flop clocked by clk)
Endpoint: _221_ (rising edge-triggered flip-flop clocked by clk)
Path Group: clk
Path Type: min

Fanout     Cap    Slew   Delay    Time   Description
-----------------------------------------------------------------------------
                  0.15    0.00    0.00   clock clk (rise edge)
                          0.00    0.00   clock network delay (ideal)
                  0.15    0.00    0.00 ^ _221_/CLK (sky130_fd_sc_hd__dfxtp_1)
     4    0.01    0.11    0.37    0.37 ^ _221_/Q (sky130_fd_sc_hd__dfxtp_1)
                                         cnt3[2] (net)
                  0.11    0.00    0.37 ^ _140_/B (sky130_fd_sc_hd__nand3b_2)
     3    0.01    0.10    0.12    0.49 v _140_/Y (sky130_fd_sc_hd__nand3b_2)
                                         _090_ (net)
                  0.10    0.00    0.49 v _194_/D1 (sky130_fd_sc_hd__o2111ai_1)
     1    0.00    0.08    0.10    0.58 ^ _194_/Y (sky130_fd_sc_hd__o2111ai_1)
                                         _046_ (net)
                  0.08    0.00    0.58 ^ _195_/B1 (sky130_fd_sc_hd__o2bb2ai_1)
     1    0.00    0.04    0.07    0.66 v _195_/Y (sky130_fd_sc_hd__o2bb2ai_1)
                                         _015_ (net)
                  0.04    0.00    0.66 v _221_/D (sky130_fd_sc_hd__dfxtp_1)
                                  0.66   data arrival time

                  0.15    0.00    0.00   clock clk (rise edge)
                          0.00    0.00   clock network delay (ideal)
                          0.25    0.25   clock uncertainty
                          0.00    0.25   clock reconvergence pessimism
                                  0.25 ^ _221_/CLK (sky130_fd_sc_hd__dfxtp_1)
                         -0.03    0.22   library hold time
                                  0.22   data required time
-----------------------------------------------------------------------------
                                  0.22   data required time
                                 -0.66   data arrival time
-----------------------------------------------------------------------------
                                  0.43   slack (MET)


Startpoint: _216_ (rising edge-triggered flip-flop clocked by clk)
Endpoint: _212_ (rising edge-triggered flip-flop clocked by clk)
Path Group: clk
Path Type: min

Fanout     Cap    Slew   Delay    Time   Description
-----------------------------------------------------------------------------
                  0.15    0.00    0.00   clock clk (rise edge)
                          0.00    0.00   clock network delay (ideal)
                  0.15    0.00    0.00 ^ _216_/CLK (sky130_fd_sc_hd__dfxtp_1)
     4    0.02    0.10    0.37    0.37 v _216_/Q (sky130_fd_sc_hd__dfxtp_1)
                                         cnt1[5] (net)
                  0.10    0.00    0.37 v _199_/C (sky130_fd_sc_hd__nand4_4)
     9    0.02    0.09    0.14    0.51 ^ _199_/Y (sky130_fd_sc_hd__nand4_4)
                                         _050_ (net)
                  0.09    0.00    0.51 ^ _153_/A2 (sky130_fd_sc_hd__a41o_1)
     1    0.00    0.04    0.16    0.67 ^ _153_/X (sky130_fd_sc_hd__a41o_1)
                                         _006_ (net)
                  0.04    0.00    0.67 ^ _212_/D (sky130_fd_sc_hd__dfxtp_1)
                                  0.67   data arrival time

                  0.15    0.00    0.00   clock clk (rise edge)
                          0.00    0.00   clock network delay (ideal)
                          0.25    0.25   clock uncertainty
                          0.00    0.25   clock reconvergence pessimism
                                  0.25 ^ _212_/CLK (sky130_fd_sc_hd__dfxtp_1)
                         -0.02    0.23   library hold time
                                  0.23   data required time
-----------------------------------------------------------------------------
                                  0.23   data required time
                                 -0.67   data arrival time
-----------------------------------------------------------------------------
                                  0.44   slack (MET)


Startpoint: _209_ (rising edge-triggered flip-flop clocked by clk)
Endpoint: _209_ (rising edge-triggered flip-flop clocked by clk)
Path Group: clk
Path Type: min

Fanout     Cap    Slew   Delay    Time   Description
-----------------------------------------------------------------------------
                  0.15    0.00    0.00   clock clk (rise edge)
                          0.00    0.00   clock network delay (ideal)
                  0.15    0.00    0.00 ^ _209_/CLK (sky130_fd_sc_hd__dfxtp_1)
     4    0.01    0.14    0.39    0.39 ^ _209_/Q (sky130_fd_sc_hd__dfxtp_1)
                                         cnt4[3] (net)
                  0.14    0.00    0.39 ^ _131_/D (sky130_fd_sc_hd__nand4_1)
     1    0.00    0.07    0.10    0.50 v _131_/Y (sky130_fd_sc_hd__nand4_1)
                                         _082_ (net)
                  0.07    0.00    0.50 v _133_/C (sky130_fd_sc_hd__nand4b_1)
     1    0.00    0.06    0.10    0.60 ^ _133_/Y (sky130_fd_sc_hd__nand4b_1)
                                         _084_ (net)
                  0.06    0.00    0.60 ^ _134_/B1 (sky130_fd_sc_hd__o2bb2ai_1)
     1    0.00    0.04    0.07    0.67 v _134_/Y (sky130_fd_sc_hd__o2bb2ai_1)
                                         _003_ (net)
                  0.04    0.00    0.67 v _209_/D (sky130_fd_sc_hd__dfxtp_1)
                                  0.67   data arrival time

                  0.15    0.00    0.00   clock clk (rise edge)
                          0.00    0.00   clock network delay (ideal)
                          0.25    0.25   clock uncertainty
                          0.00    0.25   clock reconvergence pessimism
                                  0.25 ^ _209_/CLK (sky130_fd_sc_hd__dfxtp_1)
                         -0.03    0.22   library hold time
                                  0.22   data required time
-----------------------------------------------------------------------------
                                  0.22   data required time
                                 -0.67   data arrival time
-----------------------------------------------------------------------------
                                  0.45   slack (MET)


Startpoint: _216_ (rising edge-triggered flip-flop clocked by clk)
Endpoint: _219_ (rising edge-triggered flip-flop clocked by clk)
Path Group: clk
Path Type: min

Fanout     Cap    Slew   Delay    Time   Description
-----------------------------------------------------------------------------
                  0.15    0.00    0.00   clock clk (rise edge)
                          0.00    0.00   clock network delay (ideal)
                  0.15    0.00    0.00 ^ _216_/CLK (sky130_fd_sc_hd__dfxtp_1)
     4    0.02    0.10    0.37    0.37 v _216_/Q (sky130_fd_sc_hd__dfxtp_1)
                                         cnt1[5] (net)
                  0.10    0.00    0.37 v _108_/C (sky130_fd_sc_hd__nand3_2)
     2    0.02    0.09    0.12    0.49 ^ _108_/Y (sky130_fd_sc_hd__nand3_2)
                                         _062_ (net)
                  0.09    0.00    0.50 ^ _111_/A2 (sky130_fd_sc_hd__o21ai_4)
     6    0.01    0.05    0.07    0.56 v _111_/Y (sky130_fd_sc_hd__o21ai_4)
                                         _065_ (net)
                  0.05    0.00    0.56 v _183_/D1 (sky130_fd_sc_hd__o2111ai_1)
     1    0.00    0.06    0.06    0.62 ^ _183_/Y (sky130_fd_sc_hd__o2111ai_1)
                                         _037_ (net)
                  0.06    0.00    0.62 ^ _184_/B1 (sky130_fd_sc_hd__o21ai_1)
     1    0.00    0.04    0.05    0.68 v _184_/Y (sky130_fd_sc_hd__o21ai_1)
                                         _013_ (net)
                  0.04    0.00    0.68 v _219_/D (sky130_fd_sc_hd__dfxtp_1)
                                  0.68   data arrival time

                  0.15    0.00    0.00   clock clk (rise edge)
                          0.00    0.00   clock network delay (ideal)
                          0.25    0.25   clock uncertainty
                          0.00    0.25   clock reconvergence pessimism
                                  0.25 ^ _219_/CLK (sky130_fd_sc_hd__dfxtp_1)
                         -0.03    0.22   library hold time
                                  0.22   data required time
-----------------------------------------------------------------------------
                                  0.22   data required time
                                 -0.68   data arrival time
-----------------------------------------------------------------------------
                                  0.45   slack (MET)


Startpoint: _216_ (rising edge-triggered flip-flop clocked by clk)
Endpoint: _220_ (rising edge-triggered flip-flop clocked by clk)
Path Group: clk
Path Type: min

Fanout     Cap    Slew   Delay    Time   Description
-----------------------------------------------------------------------------
                  0.15    0.00    0.00   clock clk (rise edge)
                          0.00    0.00   clock network delay (ideal)
                  0.15    0.00    0.00 ^ _216_/CLK (sky130_fd_sc_hd__dfxtp_1)
     4    0.02    0.10    0.37    0.37 v _216_/Q (sky130_fd_sc_hd__dfxtp_1)
                                         cnt1[5] (net)
                  0.10    0.00    0.37 v _199_/C (sky130_fd_sc_hd__nand4_4)
     9    0.02    0.09    0.14    0.51 ^ _199_/Y (sky130_fd_sc_hd__nand4_4)
                                         _050_ (net)
                  0.09    0.00    0.51 ^ _181_/A1 (sky130_fd_sc_hd__a211oi_1)
     2    0.00    0.05    0.08    0.59 v _181_/Y (sky130_fd_sc_hd__a211oi_1)
                                         _035_ (net)
                  0.05    0.00    0.59 v _190_/A2 (sky130_fd_sc_hd__o21ai_1)
     1    0.00    0.06    0.09    0.68 ^ _190_/Y (sky130_fd_sc_hd__o21ai_1)
                                         _014_ (net)
                  0.06    0.00    0.68 ^ _220_/D (sky130_fd_sc_hd__dfxtp_1)
                                  0.68   data arrival time

                  0.15    0.00    0.00   clock clk (rise edge)
                          0.00    0.00   clock network delay (ideal)
                          0.25    0.25   clock uncertainty
                          0.00    0.25   clock reconvergence pessimism
                                  0.25 ^ _220_/CLK (sky130_fd_sc_hd__dfxtp_1)
                         -0.02    0.23   library hold time
                                  0.23   data required time
-----------------------------------------------------------------------------
                                  0.23   data required time
                                 -0.68   data arrival time
-----------------------------------------------------------------------------
                                  0.45   slack (MET)


Startpoint: _216_ (rising edge-triggered flip-flop clocked by clk)
Endpoint: _208_ (rising edge-triggered flip-flop clocked by clk)
Path Group: clk
Path Type: min

Fanout     Cap    Slew   Delay    Time   Description
-----------------------------------------------------------------------------
                  0.15    0.00    0.00   clock clk (rise edge)
                          0.00    0.00   clock network delay (ideal)
                  0.15    0.00    0.00 ^ _216_/CLK (sky130_fd_sc_hd__dfxtp_1)
     4    0.02    0.10    0.37    0.37 v _216_/Q (sky130_fd_sc_hd__dfxtp_1)
                                         cnt1[5] (net)
                  0.10    0.00    0.37 v _108_/C (sky130_fd_sc_hd__nand3_2)
     2    0.02    0.09    0.12    0.49 ^ _108_/Y (sky130_fd_sc_hd__nand3_2)
                                         _062_ (net)
                  0.09    0.00    0.50 ^ _111_/A2 (sky130_fd_sc_hd__o21ai_4)
     6    0.01    0.05    0.07    0.56 v _111_/Y (sky130_fd_sc_hd__o21ai_4)
                                         _065_ (net)
                  0.05    0.00    0.56 v _129_/C (sky130_fd_sc_hd__nand4b_1)
     1    0.00    0.05    0.08    0.64 ^ _129_/Y (sky130_fd_sc_hd__nand4b_1)
                                         _081_ (net)
                  0.05    0.00    0.64 ^ _130_/B1 (sky130_fd_sc_hd__o21ai_1)
     1    0.00    0.04    0.06    0.70 v _130_/Y (sky130_fd_sc_hd__o21ai_1)
                                         _002_ (net)
                  0.04    0.00    0.70 v _208_/D (sky130_fd_sc_hd__dfxtp_1)
                                  0.70   data arrival time

                  0.15    0.00    0.00   clock clk (rise edge)
                          0.00    0.00   clock network delay (ideal)
                          0.25    0.25   clock uncertainty
                          0.00    0.25   clock reconvergence pessimism
                                  0.25 ^ _208_/CLK (sky130_fd_sc_hd__dfxtp_1)
                         -0.03    0.22   library hold time
                                  0.22   data required time
-----------------------------------------------------------------------------
                                  0.22   data required time
                                 -0.70   data arrival time
-----------------------------------------------------------------------------
                                  0.48   slack (MET)


Startpoint: _211_ (rising edge-triggered flip-flop clocked by clk)
Endpoint: _211_ (rising edge-triggered flip-flop clocked by clk)
Path Group: clk
Path Type: min

Fanout     Cap    Slew   Delay    Time   Description
-----------------------------------------------------------------------------
                  0.15    0.00    0.00   clock clk (rise edge)
                          0.00    0.00   clock network delay (ideal)
                  0.15    0.00    0.00 ^ _211_/CLK (sky130_fd_sc_hd__dfxtp_1)
     2    0.01    0.08    0.35    0.35 ^ _211_/Q (sky130_fd_sc_hd__dfxtp_1)
                                         cnt1[0] (net)
                  0.08    0.00    0.35 ^ _106_/A (sky130_fd_sc_hd__buf_6)
     5    0.01    0.04    0.10    0.45 ^ _106_/X (sky130_fd_sc_hd__buf_6)
                                         _060_ (net)
                  0.04    0.00    0.45 ^ rebuffer1/A (sky130_fd_sc_hd__buf_1)
     2    0.01    0.08    0.10    0.55 ^ rebuffer1/X (sky130_fd_sc_hd__buf_1)
                                         net5 (net)
                  0.08    0.00    0.55 ^ _147_/S (sky130_fd_sc_hd__mux2_1)
     1    0.00    0.04    0.12    0.67 ^ _147_/X (sky130_fd_sc_hd__mux2_1)
                                         _096_ (net)
                  0.04    0.00    0.67 ^ _148_/A (sky130_fd_sc_hd__clkbuf_1)
     1    0.00    0.03    0.07    0.74 ^ _148_/X (sky130_fd_sc_hd__clkbuf_1)
                                         _005_ (net)
                  0.03    0.00    0.74 ^ _211_/D (sky130_fd_sc_hd__dfxtp_1)
                                  0.74   data arrival time

                  0.15    0.00    0.00   clock clk (rise edge)
                          0.00    0.00   clock network delay (ideal)
                          0.25    0.25   clock uncertainty
                          0.00    0.25   clock reconvergence pessimism
                                  0.25 ^ _211_/CLK (sky130_fd_sc_hd__dfxtp_1)
                         -0.01    0.24   library hold time
                                  0.24   data required time
-----------------------------------------------------------------------------
                                  0.24   data required time
                                 -0.74   data arrival time
-----------------------------------------------------------------------------
                                  0.50   slack (MET)


Startpoint: _210_ (rising edge-triggered flip-flop clocked by clk)
Endpoint: clkout (output port clocked by clk)
Path Group: clk
Path Type: min

Fanout     Cap    Slew   Delay    Time   Description
-----------------------------------------------------------------------------
                  0.15    0.00    0.00   clock clk (rise edge)
                          0.00    0.00   clock network delay (ideal)
                  0.15    0.00    0.00 ^ _210_/CLK (sky130_fd_sc_hd__dfxtp_1)
     2    0.01    0.05    0.33    0.33 v _210_/Q (sky130_fd_sc_hd__dfxtp_1)
                                         net4 (net)
                  0.05    0.00    0.33 v output4/A (sky130_fd_sc_hd__clkbuf_4)
     1    0.03    0.08    0.17    0.51 v output4/X (sky130_fd_sc_hd__clkbuf_4)
                                         clkout (net)
                  0.08    0.00    0.51 v clkout (out)
                                  0.51   data arrival time

                  0.15    0.00    0.00   clock clk (rise edge)
                          0.00    0.00   clock network delay (ideal)
                          0.25    0.25   clock uncertainty
                          0.00    0.25   clock reconvergence pessimism
                         -0.42   -0.17   output external delay
                                 -0.17   data required time
-----------------------------------------------------------------------------
                                 -0.17   data required time
                                 -0.51   data arrival time
-----------------------------------------------------------------------------
                                  0.68   slack (MET)



worst slack corner Typical: 0.2091
