
===========================================================================
report_checks -unconstrained
===========================================================================
======================= Typical Corner ===================================

Startpoint: sel[1] (input port clocked by clk)
Endpoint: _209_ (rising edge-triggered flip-flop clocked by clk)
Path Group: clk
Path Type: max

Fanout     Cap    Slew   Delay    Time   Description
-----------------------------------------------------------------------------
                  0.15    0.00    0.00   clock clk (rise edge)
                          0.00    0.00   clock network delay (ideal)
                          0.42    0.42 v input external delay
     1    0.00    0.01    0.00    0.42 v sel[1] (in)
                                         sel[1] (net)
                  0.01    0.00    0.42 v input3/A (sky130_fd_sc_hd__buf_1)
     4    0.01    0.08    0.13    0.55 v input3/X (sky130_fd_sc_hd__buf_1)
                                         net3 (net)
                  0.08    0.00    0.55 v _200_/A (sky130_fd_sc_hd__buf_2)
    10    0.02    0.07    0.19    0.73 v _200_/X (sky130_fd_sc_hd__buf_2)
                                         _051_ (net)
                  0.07    0.00    0.73 v _205_/A (sky130_fd_sc_hd__or2_1)
     4    0.01    0.09    0.30    1.03 v _205_/X (sky130_fd_sc_hd__or2_1)
                                         _056_ (net)
                  0.09    0.00    1.03 v _104_/A (sky130_fd_sc_hd__nand2_1)
     3    0.01    0.13    0.15    1.18 ^ _104_/Y (sky130_fd_sc_hd__nand2_1)
                                         _058_ (net)
                  0.13    0.00    1.18 ^ _114_/B1 (sky130_fd_sc_hd__o211ai_2)
     2    0.01    0.09    0.12    1.30 v _114_/Y (sky130_fd_sc_hd__o211ai_2)
                                         _067_ (net)
                  0.09    0.00    1.30 v _134_/A2_N (sky130_fd_sc_hd__o2bb2ai_1)
     1    0.00    0.05    0.15    1.45 v _134_/Y (sky130_fd_sc_hd__o2bb2ai_1)
                                         _003_ (net)
                  0.05    0.00    1.45 v _209_/D (sky130_fd_sc_hd__dfxtp_1)
                                  1.45   data arrival time

                  0.15    2.10    2.10   clock clk (rise edge)
                          0.00    2.10   clock network delay (ideal)
                         -0.25    1.85   clock uncertainty
                          0.00    1.85   clock reconvergence pessimism
                                  1.85 ^ _209_/CLK (sky130_fd_sc_hd__dfxtp_1)
                         -0.09    1.76   library setup time
                                  1.76   data required time
-----------------------------------------------------------------------------
                                  1.76   data required time
                                 -1.45   data arrival time
-----------------------------------------------------------------------------
                                  0.32   slack (MET)




===========================================================================
report_checks --slack_max -0.01
============================================================================
======================= Typical Corner ===================================

No paths found.


===========================================================================
 report_check_types -max_slew -max_cap -max_fanout -violators
============================================================================
======================= Typical Corner ===================================


max slew violations count Typical: 0
max fanout violations count Typical: 0
max cap violations count Typical: 0

===========================================================================
report_parasitic_annotation -report_unannotated
============================================================================
Found 144 unannotated drivers.
 clk
 reset
 sel[0]
 sel[1]
 _103_/Y
 _104_/Y
 _105_/X
 _106_/X
 _107_/X
 _108_/Y
 _109_/Y
 _110_/Y
 _111_/Y
 _112_/Y
 _113_/X
 _114_/Y
 _115_/Y
 _116_/Y
 _117_/X
 _118_/Y
 _119_/X
 _120_/Y
 _121_/X
 _122_/Y
 _123_/Y
 _124_/Y
 _125_/Y
 _126_/Y
 _127_/X
 _128_/X
 _129_/Y
 _130_/Y
 _131_/Y
 _132_/X
 _133_/Y
 _134_/Y
 _135_/Y
 _136_/Y
 _137_/Y
 _138_/Y
 _139_/X
 _140_/Y
 _141_/Y
 _142_/Y
 _143_/Y
 _144_/Y
 _145_/Y
 _146_/X
 _147_/X
 _148_/X
 _149_/X
 _150_/Y
 _151_/X
 _152_/X
 _153_/X
 _154_/Y
 _155_/X
 _156_/X
 _157_/Y
 _158_/X
 _159_/X
 _160_/X
 _161_/X
 _162_/X
 _163_/X
 _164_/X
 _165_/X
 _166_/X
 _167_/X
 _168_/Y
 _169_/Y
 _170_/X
 _171_/Y
 _172_/Y
 _173_/Y
 _174_/Y
 _175_/X
 _176_/Y
 _177_/Y
 _178_/X
 _179_/Y
 _180_/Y
 _181_/Y
 _182_/Y
 _183_/Y
 _184_/Y
 _185_/Y
 _186_/X
 _187_/Y
 _188_/X
 _189_/Y
 _190_/Y
 _191_/Y
 _192_/Y
 _193_/X
 _194_/Y
 _195_/Y
 _196_/X
 _197_/Y
 _198_/Y
 _199_/Y
 _200_/X
 _201_/Y
 _202_/Y
 _203_/X
 _204_/X
 _205_/X
 _206_/Q
 _207_/Q
 _208_/Q
 _209_/Q
 _210_/Q
 _211_/Q
 _212_/Q
 _213_/Q
 _214_/Q
 _215_/Q
 _216_/Q
 _217_/Q
 _218_/Q
 _219_/Q
 _220_/Q
 _221_/Q
 clkbuf_0_clk/X
 clkbuf_1_0__f_clk/X
 clkbuf_1_1__f_clk/X
 clone2/X
 hold10/X
 hold11/X
 hold12/X
 hold13/X
 hold16/X
 hold17/X
 hold18/X
 hold19/X
 hold2/X
 hold20/X
 hold9/X
 input1/X
 input2/X
 input3/X
 output4/X
 rebuffer1/X
 rebuffer3/X
Found 0 partially unannotated drivers.

===========================================================================
max slew violation count 0
max fanout violation count 0
max cap violation count 0
============================================================================

===========================================================================
check_setup -verbose -unconstrained_endpoints -multiple_clock -no_clock -no_input_delay -loops -generated_clocks
===========================================================================
