
===========================================================================
report_checks -path_delay max (Setup)
============================================================================
======================= Typical Corner ===================================

Startpoint: sel[1] (input port clocked by clk)
Endpoint: _209_ (rising edge-triggered flip-flop clocked by clk)
Path Group: clk
Path Type: max

Fanout     Cap    Slew   Delay    Time   Description
-----------------------------------------------------------------------------
                  0.15    0.00    0.00   clock clk (rise edge)
                          0.00    0.00   clock network delay (ideal)
                          0.42    0.42 v input external delay
     1    0.00    0.01    0.00    0.42 v sel[1] (in)
                                         sel[1] (net)
                  0.01    0.00    0.42 v input3/A (sky130_fd_sc_hd__buf_1)
     4    0.01    0.08    0.13    0.55 v input3/X (sky130_fd_sc_hd__buf_1)
                                         net3 (net)
                  0.08    0.00    0.55 v _200_/A (sky130_fd_sc_hd__buf_2)
    10    0.02    0.07    0.19    0.73 v _200_/X (sky130_fd_sc_hd__buf_2)
                                         _051_ (net)
                  0.07    0.00    0.73 v _205_/A (sky130_fd_sc_hd__or2_1)
     4    0.01    0.09    0.30    1.03 v _205_/X (sky130_fd_sc_hd__or2_1)
                                         _056_ (net)
                  0.09    0.00    1.03 v _104_/A (sky130_fd_sc_hd__nand2_1)
     3    0.01    0.13    0.15    1.18 ^ _104_/Y (sky130_fd_sc_hd__nand2_1)
                                         _058_ (net)
                  0.13    0.00    1.18 ^ _114_/B1 (sky130_fd_sc_hd__o211ai_2)
     2    0.01    0.09    0.12    1.30 v _114_/Y (sky130_fd_sc_hd__o211ai_2)
                                         _067_ (net)
                  0.09    0.00    1.30 v _134_/A2_N (sky130_fd_sc_hd__o2bb2ai_1)
     1    0.00    0.05    0.15    1.45 v _134_/Y (sky130_fd_sc_hd__o2bb2ai_1)
                                         _003_ (net)
                  0.05    0.00    1.45 v _209_/D (sky130_fd_sc_hd__dfxtp_1)
                                  1.45   data arrival time

                  0.15    2.10    2.10   clock clk (rise edge)
                          0.00    2.10   clock network delay (ideal)
                         -0.25    1.85   clock uncertainty
                          0.00    1.85   clock reconvergence pessimism
                                  1.85 ^ _209_/CLK (sky130_fd_sc_hd__dfxtp_1)
                         -0.09    1.76   library setup time
                                  1.76   data required time
-----------------------------------------------------------------------------
                                  1.76   data required time
                                 -1.45   data arrival time
-----------------------------------------------------------------------------
                                  0.32   slack (MET)


Startpoint: sel[1] (input port clocked by clk)
Endpoint: _206_ (rising edge-triggered flip-flop clocked by clk)
Path Group: clk
Path Type: max

Fanout     Cap    Slew   Delay    Time   Description
-----------------------------------------------------------------------------
                  0.15    0.00    0.00   clock clk (rise edge)
                          0.00    0.00   clock network delay (ideal)
                          0.42    0.42 v input external delay
     1    0.00    0.01    0.00    0.42 v sel[1] (in)
                                         sel[1] (net)
                  0.01    0.00    0.42 v input3/A (sky130_fd_sc_hd__buf_1)
     4    0.01    0.08    0.13    0.55 v input3/X (sky130_fd_sc_hd__buf_1)
                                         net3 (net)
                  0.08    0.00    0.55 v _200_/A (sky130_fd_sc_hd__buf_2)
    10    0.02    0.07    0.19    0.73 v _200_/X (sky130_fd_sc_hd__buf_2)
                                         _051_ (net)
                  0.07    0.00    0.73 v _205_/A (sky130_fd_sc_hd__or2_1)
     4    0.01    0.09    0.30    1.03 v _205_/X (sky130_fd_sc_hd__or2_1)
                                         _056_ (net)
                  0.09    0.00    1.03 v _104_/A (sky130_fd_sc_hd__nand2_1)
     3    0.01    0.13    0.15    1.18 ^ _104_/Y (sky130_fd_sc_hd__nand2_1)
                                         _058_ (net)
                  0.13    0.00    1.18 ^ _112_/C1 (sky130_fd_sc_hd__o2111ai_2)
     1    0.00    0.10    0.13    1.31 v _112_/Y (sky130_fd_sc_hd__o2111ai_2)
                                         _066_ (net)
                  0.10    0.00    1.31 v _113_/B1 (sky130_fd_sc_hd__o21a_1)
     1    0.00    0.03    0.13    1.44 v _113_/X (sky130_fd_sc_hd__o21a_1)
                                         _000_ (net)
                  0.03    0.00    1.44 v _206_/D (sky130_fd_sc_hd__dfxtp_2)
                                  1.44   data arrival time

                  0.15    2.10    2.10   clock clk (rise edge)
                          0.00    2.10   clock network delay (ideal)
                         -0.25    1.85   clock uncertainty
                          0.00    1.85   clock reconvergence pessimism
                                  1.85 ^ _206_/CLK (sky130_fd_sc_hd__dfxtp_2)
                         -0.08    1.77   library setup time
                                  1.77   data required time
-----------------------------------------------------------------------------
                                  1.77   data required time
                                 -1.44   data arrival time
-----------------------------------------------------------------------------
                                  0.32   slack (MET)


Startpoint: sel[1] (input port clocked by clk)
Endpoint: _207_ (rising edge-triggered flip-flop clocked by clk)
Path Group: clk
Path Type: max

Fanout     Cap    Slew   Delay    Time   Description
-----------------------------------------------------------------------------
                  0.15    0.00    0.00   clock clk (rise edge)
                          0.00    0.00   clock network delay (ideal)
                          0.42    0.42 v input external delay
     1    0.00    0.01    0.00    0.42 v sel[1] (in)
                                         sel[1] (net)
                  0.01    0.00    0.42 v input3/A (sky130_fd_sc_hd__buf_1)
     4    0.01    0.08    0.13    0.55 v input3/X (sky130_fd_sc_hd__buf_1)
                                         net3 (net)
                  0.08    0.00    0.55 v _200_/A (sky130_fd_sc_hd__buf_2)
    10    0.02    0.07    0.19    0.73 v _200_/X (sky130_fd_sc_hd__buf_2)
                                         _051_ (net)
                  0.07    0.00    0.73 v _205_/A (sky130_fd_sc_hd__or2_1)
     4    0.01    0.09    0.30    1.03 v _205_/X (sky130_fd_sc_hd__or2_1)
                                         _056_ (net)
                  0.09    0.00    1.03 v _104_/A (sky130_fd_sc_hd__nand2_1)
     3    0.01    0.13    0.15    1.18 ^ _104_/Y (sky130_fd_sc_hd__nand2_1)
                                         _058_ (net)
                  0.13    0.00    1.18 ^ _114_/B1 (sky130_fd_sc_hd__o211ai_2)
     2    0.01    0.09    0.12    1.30 v _114_/Y (sky130_fd_sc_hd__o211ai_2)
                                         _067_ (net)
                  0.09    0.00    1.30 v _122_/A2_N (sky130_fd_sc_hd__o2bb2ai_1)
     1    0.00    0.04    0.14    1.44 v _122_/Y (sky130_fd_sc_hd__o2bb2ai_1)
                                         _001_ (net)
                  0.04    0.00    1.44 v _207_/D (sky130_fd_sc_hd__dfxtp_2)
                                  1.44   data arrival time

                  0.15    2.10    2.10   clock clk (rise edge)
                          0.00    2.10   clock network delay (ideal)
                         -0.25    1.85   clock uncertainty
                          0.00    1.85   clock reconvergence pessimism
                                  1.85 ^ _207_/CLK (sky130_fd_sc_hd__dfxtp_2)
                         -0.09    1.76   library setup time
                                  1.76   data required time
-----------------------------------------------------------------------------
                                  1.76   data required time
                                 -1.44   data arrival time
-----------------------------------------------------------------------------
                                  0.32   slack (MET)


Startpoint: sel[1] (input port clocked by clk)
Endpoint: _208_ (rising edge-triggered flip-flop clocked by clk)
Path Group: clk
Path Type: max

Fanout     Cap    Slew   Delay    Time   Description
-----------------------------------------------------------------------------
                  0.15    0.00    0.00   clock clk (rise edge)
                          0.00    0.00   clock network delay (ideal)
                          0.42    0.42 v input external delay
     1    0.00    0.01    0.00    0.42 v sel[1] (in)
                                         sel[1] (net)
                  0.01    0.00    0.42 v input3/A (sky130_fd_sc_hd__buf_1)
     4    0.01    0.08    0.13    0.55 v input3/X (sky130_fd_sc_hd__buf_1)
                                         net3 (net)
                  0.08    0.00    0.55 v _200_/A (sky130_fd_sc_hd__buf_2)
    10    0.02    0.07    0.19    0.73 v _200_/X (sky130_fd_sc_hd__buf_2)
                                         _051_ (net)
                  0.07    0.00    0.73 v _205_/A (sky130_fd_sc_hd__or2_1)
     4    0.01    0.09    0.30    1.03 v _205_/X (sky130_fd_sc_hd__or2_1)
                                         _056_ (net)
                  0.09    0.00    1.03 v _124_/A1 (sky130_fd_sc_hd__a221oi_1)
     1    0.00    0.25    0.31    1.34 ^ _124_/Y (sky130_fd_sc_hd__a221oi_1)
                                         _076_ (net)
                  0.25    0.00    1.34 ^ _130_/A2 (sky130_fd_sc_hd__o21ai_1)
     1    0.00    0.05    0.09    1.43 v _130_/Y (sky130_fd_sc_hd__o21ai_1)
                                         _002_ (net)
                  0.05    0.00    1.43 v _208_/D (sky130_fd_sc_hd__dfxtp_1)
                                  1.43   data arrival time

                  0.15    2.10    2.10   clock clk (rise edge)
                          0.00    2.10   clock network delay (ideal)
                         -0.25    1.85   clock uncertainty
                          0.00    1.85   clock reconvergence pessimism
                                  1.85 ^ _208_/CLK (sky130_fd_sc_hd__dfxtp_1)
                         -0.09    1.76   library setup time
                                  1.76   data required time
-----------------------------------------------------------------------------
                                  1.76   data required time
                                 -1.43   data arrival time
-----------------------------------------------------------------------------
                                  0.33   slack (MET)


Startpoint: sel[1] (input port clocked by clk)
Endpoint: _212_ (rising edge-triggered flip-flop clocked by clk)
Path Group: clk
Path Type: max

Fanout     Cap    Slew   Delay    Time   Description
-----------------------------------------------------------------------------
                  0.15    0.00    0.00   clock clk (rise edge)
                          0.00    0.00   clock network delay (ideal)
                          0.42    0.42 v input external delay
     1    0.00    0.01    0.00    0.42 v sel[1] (in)
                                         sel[1] (net)
                  0.01    0.00    0.42 v input3/A (sky130_fd_sc_hd__buf_1)
     4    0.01    0.08    0.13    0.55 v input3/X (sky130_fd_sc_hd__buf_1)
                                         net3 (net)
                  0.08    0.00    0.55 v _200_/A (sky130_fd_sc_hd__buf_2)
    10    0.02    0.07    0.19    0.73 v _200_/X (sky130_fd_sc_hd__buf_2)
                                         _051_ (net)
                  0.07    0.00    0.73 v _205_/A (sky130_fd_sc_hd__or2_1)
     4    0.01    0.09    0.30    1.03 v _205_/X (sky130_fd_sc_hd__or2_1)
                                         _056_ (net)
                  0.09    0.00    1.03 v _152_/A (sky130_fd_sc_hd__and3_1)
     1    0.00    0.04    0.17    1.20 v _152_/X (sky130_fd_sc_hd__and3_1)
                                         _100_ (net)
                  0.04    0.00    1.20 v _153_/B1 (sky130_fd_sc_hd__a41o_1)
     1    0.00    0.04    0.21    1.41 v _153_/X (sky130_fd_sc_hd__a41o_1)
                                         _006_ (net)
                  0.04    0.00    1.41 v _212_/D (sky130_fd_sc_hd__dfxtp_1)
                                  1.41   data arrival time

                  0.15    2.10    2.10   clock clk (rise edge)
                          0.00    2.10   clock network delay (ideal)
                         -0.25    1.85   clock uncertainty
                          0.00    1.85   clock reconvergence pessimism
                                  1.85 ^ _212_/CLK (sky130_fd_sc_hd__dfxtp_1)
                         -0.08    1.77   library setup time
                                  1.77   data required time
-----------------------------------------------------------------------------
                                  1.77   data required time
                                 -1.41   data arrival time
-----------------------------------------------------------------------------
                                  0.36   slack (MET)


Startpoint: sel[1] (input port clocked by clk)
Endpoint: _216_ (rising edge-triggered flip-flop clocked by clk)
Path Group: clk
Path Type: max

Fanout     Cap    Slew   Delay    Time   Description
-----------------------------------------------------------------------------
                  0.15    0.00    0.00   clock clk (rise edge)
                          0.00    0.00   clock network delay (ideal)
                          0.42    0.42 v input external delay
     1    0.00    0.01    0.00    0.42 v sel[1] (in)
                                         sel[1] (net)
                  0.01    0.00    0.42 v input3/A (sky130_fd_sc_hd__buf_1)
     4    0.01    0.08    0.13    0.55 v input3/X (sky130_fd_sc_hd__buf_1)
                                         net3 (net)
                  0.08    0.00    0.55 v _200_/A (sky130_fd_sc_hd__buf_2)
    10    0.02    0.07    0.19    0.73 v _200_/X (sky130_fd_sc_hd__buf_2)
                                         _051_ (net)
                  0.07    0.00    0.73 v _205_/A (sky130_fd_sc_hd__or2_1)
     4    0.01    0.09    0.30    1.03 v _205_/X (sky130_fd_sc_hd__or2_1)
                                         _056_ (net)
                  0.09    0.00    1.03 v _165_/A1 (sky130_fd_sc_hd__a21bo_1)
     1    0.00    0.04    0.19    1.22 v _165_/X (sky130_fd_sc_hd__a21bo_1)
                                         _022_ (net)
                  0.04    0.00    1.22 v _167_/B1 (sky130_fd_sc_hd__o22a_1)
     1    0.00    0.04    0.18    1.40 v _167_/X (sky130_fd_sc_hd__o22a_1)
                                         _010_ (net)
                  0.04    0.00    1.40 v _216_/D (sky130_fd_sc_hd__dfxtp_1)
                                  1.40   data arrival time

                  0.15    2.10    2.10   clock clk (rise edge)
                          0.00    2.10   clock network delay (ideal)
                         -0.25    1.85   clock uncertainty
                          0.00    1.85   clock reconvergence pessimism
                                  1.85 ^ _216_/CLK (sky130_fd_sc_hd__dfxtp_1)
                         -0.09    1.76   library setup time
                                  1.76   data required time
-----------------------------------------------------------------------------
                                  1.76   data required time
                                 -1.40   data arrival time
-----------------------------------------------------------------------------
                                  0.36   slack (MET)


Startpoint: sel[0] (input port clocked by clk)
Endpoint: _211_ (rising edge-triggered flip-flop clocked by clk)
Path Group: clk
Path Type: max

Fanout     Cap    Slew   Delay    Time   Description
-----------------------------------------------------------------------------
                  0.15    0.00    0.00   clock clk (rise edge)
                          0.00    0.00   clock network delay (ideal)
                          0.42    0.42 v input external delay
     1    0.00    0.01    0.00    0.42 v sel[0] (in)
                                         sel[0] (net)
                  0.01    0.00    0.42 v input2/A (sky130_fd_sc_hd__clkbuf_2)
     7    0.02    0.07    0.13    0.56 v input2/X (sky130_fd_sc_hd__clkbuf_2)
                                         net2 (net)
                  0.07    0.00    0.56 v _204_/A (sky130_fd_sc_hd__clkbuf_4)
    10    0.03    0.07    0.20    0.76 v _204_/X (sky130_fd_sc_hd__clkbuf_4)
                                         _055_ (net)
                  0.07    0.00    0.76 v _146_/A2 (sky130_fd_sc_hd__o21a_1)
     4    0.01    0.07    0.22    0.98 v _146_/X (sky130_fd_sc_hd__o21a_1)
                                         _095_ (net)
                  0.07    0.00    0.98 v _147_/A1 (sky130_fd_sc_hd__mux2_1)
     1    0.00    0.05    0.30    1.28 v _147_/X (sky130_fd_sc_hd__mux2_1)
                                         _096_ (net)
                  0.05    0.00    1.28 v _148_/A (sky130_fd_sc_hd__clkbuf_1)
     1    0.00    0.02    0.09    1.37 v _148_/X (sky130_fd_sc_hd__clkbuf_1)
                                         _005_ (net)
                  0.02    0.00    1.37 v _211_/D (sky130_fd_sc_hd__dfxtp_2)
                                  1.37   data arrival time

                  0.15    2.10    2.10   clock clk (rise edge)
                          0.00    2.10   clock network delay (ideal)
                         -0.25    1.85   clock uncertainty
                          0.00    1.85   clock reconvergence pessimism
                                  1.85 ^ _211_/CLK (sky130_fd_sc_hd__dfxtp_2)
                         -0.08    1.77   library setup time
                                  1.77   data required time
-----------------------------------------------------------------------------
                                  1.77   data required time
                                 -1.37   data arrival time
-----------------------------------------------------------------------------
                                  0.40   slack (MET)


Startpoint: sel[1] (input port clocked by clk)
Endpoint: _221_ (rising edge-triggered flip-flop clocked by clk)
Path Group: clk
Path Type: max

Fanout     Cap    Slew   Delay    Time   Description
-----------------------------------------------------------------------------
                  0.15    0.00    0.00   clock clk (rise edge)
                          0.00    0.00   clock network delay (ideal)
                          0.42    0.42 v input external delay
     1    0.00    0.01    0.00    0.42 v sel[1] (in)
                                         sel[1] (net)
                  0.01    0.00    0.42 v input3/A (sky130_fd_sc_hd__buf_1)
     4    0.01    0.08    0.13    0.55 v input3/X (sky130_fd_sc_hd__buf_1)
                                         net3 (net)
                  0.08    0.00    0.55 v _200_/A (sky130_fd_sc_hd__buf_2)
    10    0.02    0.07    0.19    0.73 v _200_/X (sky130_fd_sc_hd__buf_2)
                                         _051_ (net)
                  0.07    0.00    0.73 v _120_/B (sky130_fd_sc_hd__nor3_1)
     4    0.01    0.37    0.35    1.08 ^ _120_/Y (sky130_fd_sc_hd__nor3_1)
                                         _073_ (net)
                  0.37    0.00    1.08 ^ _121_/B1 (sky130_fd_sc_hd__a31o_1)
     3    0.01    0.09    0.19    1.28 ^ _121_/X (sky130_fd_sc_hd__a31o_1)
                                         _074_ (net)
                  0.09    0.00    1.28 ^ _195_/B2 (sky130_fd_sc_hd__o2bb2ai_1)
     1    0.00    0.05    0.07    1.35 v _195_/Y (sky130_fd_sc_hd__o2bb2ai_1)
                                         _015_ (net)
                  0.05    0.00    1.35 v _221_/D (sky130_fd_sc_hd__dfxtp_1)
                                  1.35   data arrival time

                  0.15    2.10    2.10   clock clk (rise edge)
                          0.00    2.10   clock network delay (ideal)
                         -0.25    1.85   clock uncertainty
                          0.00    1.85   clock reconvergence pessimism
                                  1.85 ^ _221_/CLK (sky130_fd_sc_hd__dfxtp_1)
                         -0.09    1.76   library setup time
                                  1.76   data required time
-----------------------------------------------------------------------------
                                  1.76   data required time
                                 -1.35   data arrival time
-----------------------------------------------------------------------------
                                  0.41   slack (MET)


Startpoint: sel[1] (input port clocked by clk)
Endpoint: _219_ (rising edge-triggered flip-flop clocked by clk)
Path Group: clk
Path Type: max

Fanout     Cap    Slew   Delay    Time   Description
-----------------------------------------------------------------------------
                  0.15    0.00    0.00   clock clk (rise edge)
                          0.00    0.00   clock network delay (ideal)
                          0.42    0.42 v input external delay
     1    0.00    0.01    0.00    0.42 v sel[1] (in)
                                         sel[1] (net)
                  0.01    0.00    0.42 v input3/A (sky130_fd_sc_hd__buf_1)
     4    0.01    0.08    0.13    0.55 v input3/X (sky130_fd_sc_hd__buf_1)
                                         net3 (net)
                  0.08    0.00    0.55 v _200_/A (sky130_fd_sc_hd__buf_2)
    10    0.02    0.07    0.19    0.73 v _200_/X (sky130_fd_sc_hd__buf_2)
                                         _051_ (net)
                  0.07    0.00    0.73 v _203_/B (sky130_fd_sc_hd__or2_1)
     3    0.01    0.10    0.28    1.02 v _203_/X (sky130_fd_sc_hd__or2_1)
                                         _054_ (net)
                  0.10    0.00    1.02 v _183_/A2 (sky130_fd_sc_hd__o2111ai_1)
     1    0.00    0.18    0.22    1.24 ^ _183_/Y (sky130_fd_sc_hd__o2111ai_1)
                                         _037_ (net)
                  0.18    0.00    1.24 ^ _184_/B1 (sky130_fd_sc_hd__o21ai_1)
     1    0.00    0.06    0.09    1.33 v _184_/Y (sky130_fd_sc_hd__o21ai_1)
                                         _013_ (net)
                  0.06    0.00    1.33 v _219_/D (sky130_fd_sc_hd__dfxtp_1)
                                  1.33   data arrival time

                  0.15    2.10    2.10   clock clk (rise edge)
                          0.00    2.10   clock network delay (ideal)
                         -0.25    1.85   clock uncertainty
                          0.00    1.85   clock reconvergence pessimism
                                  1.85 ^ _219_/CLK (sky130_fd_sc_hd__dfxtp_1)
                         -0.09    1.76   library setup time
                                  1.76   data required time
-----------------------------------------------------------------------------
                                  1.76   data required time
                                 -1.33   data arrival time
-----------------------------------------------------------------------------
                                  0.43   slack (MET)


Startpoint: sel[1] (input port clocked by clk)
Endpoint: _220_ (rising edge-triggered flip-flop clocked by clk)
Path Group: clk
Path Type: max

Fanout     Cap    Slew   Delay    Time   Description
-----------------------------------------------------------------------------
                  0.15    0.00    0.00   clock clk (rise edge)
                          0.00    0.00   clock network delay (ideal)
                          0.42    0.42 ^ input external delay
     1    0.00    0.02    0.01    0.43 ^ sel[1] (in)
                                         sel[1] (net)
                  0.02    0.00    0.43 ^ input3/A (sky130_fd_sc_hd__buf_1)
     4    0.01    0.17    0.17    0.60 ^ input3/X (sky130_fd_sc_hd__buf_1)
                                         net3 (net)
                  0.17    0.00    0.60 ^ _141_/C_N (sky130_fd_sc_hd__nor3b_2)
     2    0.01    0.25    0.30    0.90 ^ _141_/Y (sky130_fd_sc_hd__nor3b_2)
                                         _091_ (net)
                  0.25    0.00    0.90 ^ _188_/C (sky130_fd_sc_hd__and4_1)
     1    0.00    0.06    0.23    1.14 ^ _188_/X (sky130_fd_sc_hd__and4_1)
                                         _041_ (net)
                  0.06    0.00    1.14 ^ _189_/D1 (sky130_fd_sc_hd__o2111ai_1)
     1    0.00    0.11    0.11    1.25 v _189_/Y (sky130_fd_sc_hd__o2111ai_1)
                                         _042_ (net)
                  0.11    0.00    1.25 v _190_/B1 (sky130_fd_sc_hd__o21ai_1)
     1    0.00    0.10    0.10    1.35 ^ _190_/Y (sky130_fd_sc_hd__o21ai_1)
                                         _014_ (net)
                  0.10    0.00    1.35 ^ _220_/D (sky130_fd_sc_hd__dfxtp_1)
                                  1.35   data arrival time

                  0.15    2.10    2.10   clock clk (rise edge)
                          0.00    2.10   clock network delay (ideal)
                         -0.25    1.85   clock uncertainty
                          0.00    1.85   clock reconvergence pessimism
                                  1.85 ^ _220_/CLK (sky130_fd_sc_hd__dfxtp_1)
                         -0.05    1.80   library setup time
                                  1.80   data required time
-----------------------------------------------------------------------------
                                  1.80   data required time
                                 -1.35   data arrival time
-----------------------------------------------------------------------------
                                  0.45   slack (MET)


Startpoint: sel[0] (input port clocked by clk)
Endpoint: _213_ (rising edge-triggered flip-flop clocked by clk)
Path Group: clk
Path Type: max

Fanout     Cap    Slew   Delay    Time   Description
-----------------------------------------------------------------------------
                  0.15    0.00    0.00   clock clk (rise edge)
                          0.00    0.00   clock network delay (ideal)
                          0.42    0.42 v input external delay
     1    0.00    0.01    0.00    0.42 v sel[0] (in)
                                         sel[0] (net)
                  0.01    0.00    0.42 v input2/A (sky130_fd_sc_hd__clkbuf_2)
     7    0.02    0.07    0.13    0.56 v input2/X (sky130_fd_sc_hd__clkbuf_2)
                                         net2 (net)
                  0.07    0.00    0.56 v _204_/A (sky130_fd_sc_hd__clkbuf_4)
    10    0.03    0.07    0.20    0.76 v _204_/X (sky130_fd_sc_hd__clkbuf_4)
                                         _055_ (net)
                  0.07    0.00    0.76 v _146_/A2 (sky130_fd_sc_hd__o21a_1)
     4    0.01    0.07    0.22    0.98 v _146_/X (sky130_fd_sc_hd__o21a_1)
                                         _095_ (net)
                  0.07    0.00    0.98 v _156_/B2 (sky130_fd_sc_hd__a2bb2o_1)
     1    0.00    0.05    0.26    1.24 v _156_/X (sky130_fd_sc_hd__a2bb2o_1)
                                         _007_ (net)
                  0.05    0.00    1.24 v _213_/D (sky130_fd_sc_hd__dfxtp_2)
                                  1.24   data arrival time

                  0.15    2.10    2.10   clock clk (rise edge)
                          0.00    2.10   clock network delay (ideal)
                         -0.25    1.85   clock uncertainty
                          0.00    1.85   clock reconvergence pessimism
                                  1.85 ^ _213_/CLK (sky130_fd_sc_hd__dfxtp_2)
                         -0.09    1.76   library setup time
                                  1.76   data required time
-----------------------------------------------------------------------------
                                  1.76   data required time
                                 -1.24   data arrival time
-----------------------------------------------------------------------------
                                  0.52   slack (MET)


Startpoint: _212_ (rising edge-triggered flip-flop clocked by clk)
Endpoint: _210_ (rising edge-triggered flip-flop clocked by clk)
Path Group: clk
Path Type: max

Fanout     Cap    Slew   Delay    Time   Description
-----------------------------------------------------------------------------
                  0.15    0.00    0.00   clock clk (rise edge)
                          0.00    0.00   clock network delay (ideal)
                  0.15    0.00    0.00 ^ _212_/CLK (sky130_fd_sc_hd__dfxtp_1)
     2    0.01    0.05    0.37    0.37 v _212_/Q (sky130_fd_sc_hd__dfxtp_1)
                                         cnt1[1] (net)
                  0.05    0.00    0.37 v _105_/A (sky130_fd_sc_hd__buf_6)
    10    0.03    0.04    0.14    0.51 v _105_/X (sky130_fd_sc_hd__buf_6)
                                         _059_ (net)
                  0.04    0.00    0.51 v _107_/A (sky130_fd_sc_hd__or2b_4)
     2    0.01    0.06    0.28    0.79 v _107_/X (sky130_fd_sc_hd__or2b_4)
                                         _061_ (net)
                  0.06    0.00    0.79 v _143_/A1 (sky130_fd_sc_hd__o21ai_1)
     3    0.01    0.18    0.19    0.98 ^ _143_/Y (sky130_fd_sc_hd__o21ai_1)
                                         _093_ (net)
                  0.18    0.00    0.98 ^ _144_/A (sky130_fd_sc_hd__nand4_1)
     1    0.00    0.09    0.11    1.09 v _144_/Y (sky130_fd_sc_hd__nand4_1)
                                         _094_ (net)
                  0.09    0.00    1.09 v _145_/B1 (sky130_fd_sc_hd__a32oi_1)
     1    0.00    0.14    0.16    1.26 ^ _145_/Y (sky130_fd_sc_hd__a32oi_1)
                                         _004_ (net)
                  0.14    0.00    1.26 ^ _210_/D (sky130_fd_sc_hd__dfxtp_1)
                                  1.26   data arrival time

                  0.15    2.10    2.10   clock clk (rise edge)
                          0.00    2.10   clock network delay (ideal)
                         -0.25    1.85   clock uncertainty
                          0.00    1.85   clock reconvergence pessimism
                                  1.85 ^ _210_/CLK (sky130_fd_sc_hd__dfxtp_1)
                         -0.06    1.79   library setup time
                                  1.79   data required time
-----------------------------------------------------------------------------
                                  1.79   data required time
                                 -1.26   data arrival time
-----------------------------------------------------------------------------
                                  0.53   slack (MET)


Startpoint: reset (input port clocked by clk)
Endpoint: _218_ (rising edge-triggered flip-flop clocked by clk)
Path Group: clk
Path Type: max

Fanout     Cap    Slew   Delay    Time   Description
-----------------------------------------------------------------------------
                  0.15    0.00    0.00   clock clk (rise edge)
                          0.00    0.00   clock network delay (ideal)
                          0.42    0.42 v input external delay
     1    0.00    0.01    0.00    0.42 v reset (in)
                                         reset (net)
                  0.01    0.00    0.42 v input1/A (sky130_fd_sc_hd__buf_2)
     8    0.02    0.06    0.15    0.57 v input1/X (sky130_fd_sc_hd__buf_2)
                                         net1 (net)
                  0.06    0.00    0.57 v _151_/A (sky130_fd_sc_hd__buf_2)
    10    0.02    0.07    0.18    0.75 v _151_/X (sky130_fd_sc_hd__buf_2)
                                         _099_ (net)
                  0.07    0.00    0.75 v _178_/A (sky130_fd_sc_hd__or3_1)
     1    0.00    0.07    0.39    1.14 v _178_/X (sky130_fd_sc_hd__or3_1)
                                         _033_ (net)
                  0.07    0.00    1.14 v _179_/B2 (sky130_fd_sc_hd__o2bb2ai_1)
     1    0.00    0.10    0.13    1.26 ^ _179_/Y (sky130_fd_sc_hd__o2bb2ai_1)
                                         _012_ (net)
                  0.10    0.00    1.26 ^ _218_/D (sky130_fd_sc_hd__dfxtp_1)
                                  1.26   data arrival time

                  0.15    2.10    2.10   clock clk (rise edge)
                          0.00    2.10   clock network delay (ideal)
                         -0.25    1.85   clock uncertainty
                          0.00    1.85   clock reconvergence pessimism
                                  1.85 ^ _218_/CLK (sky130_fd_sc_hd__dfxtp_1)
                         -0.05    1.80   library setup time
                                  1.80   data required time
-----------------------------------------------------------------------------
                                  1.80   data required time
                                 -1.26   data arrival time
-----------------------------------------------------------------------------
                                  0.54   slack (MET)


Startpoint: reset (input port clocked by clk)
Endpoint: _217_ (rising edge-triggered flip-flop clocked by clk)
Path Group: clk
Path Type: max

Fanout     Cap    Slew   Delay    Time   Description
-----------------------------------------------------------------------------
                  0.15    0.00    0.00   clock clk (rise edge)
                          0.00    0.00   clock network delay (ideal)
                          0.42    0.42 ^ input external delay
     1    0.00    0.02    0.01    0.43 ^ reset (in)
                                         reset (net)
                  0.02    0.00    0.43 ^ input1/A (sky130_fd_sc_hd__buf_2)
     8    0.02    0.12    0.16    0.59 ^ input1/X (sky130_fd_sc_hd__buf_2)
                                         net1 (net)
                  0.12    0.00    0.59 ^ _151_/A (sky130_fd_sc_hd__buf_2)
    10    0.03    0.13    0.21    0.79 ^ _151_/X (sky130_fd_sc_hd__buf_2)
                                         _099_ (net)
                  0.13    0.00    0.79 ^ _172_/A1 (sky130_fd_sc_hd__o21ai_1)
     2    0.01    0.07    0.11    0.91 v _172_/Y (sky130_fd_sc_hd__o21ai_1)
                                         _028_ (net)
                  0.07    0.00    0.91 v _173_/B1 (sky130_fd_sc_hd__a211oi_1)
     1    0.00    0.20    0.24    1.14 ^ _173_/Y (sky130_fd_sc_hd__a211oi_1)
                                         _029_ (net)
                  0.20    0.00    1.14 ^ _174_/B1 (sky130_fd_sc_hd__a21oi_1)
     1    0.00    0.06    0.07    1.21 v _174_/Y (sky130_fd_sc_hd__a21oi_1)
                                         _011_ (net)
                  0.06    0.00    1.21 v _217_/D (sky130_fd_sc_hd__dfxtp_1)
                                  1.21   data arrival time

                  0.15    2.10    2.10   clock clk (rise edge)
                          0.00    2.10   clock network delay (ideal)
                         -0.25    1.85   clock uncertainty
                          0.00    1.85   clock reconvergence pessimism
                                  1.85 ^ _217_/CLK (sky130_fd_sc_hd__dfxtp_1)
                         -0.09    1.76   library setup time
                                  1.76   data required time
-----------------------------------------------------------------------------
                                  1.76   data required time
                                 -1.21   data arrival time
-----------------------------------------------------------------------------
                                  0.55   slack (MET)


Startpoint: sel[0] (input port clocked by clk)
Endpoint: _215_ (rising edge-triggered flip-flop clocked by clk)
Path Group: clk
Path Type: max

Fanout     Cap    Slew   Delay    Time   Description
-----------------------------------------------------------------------------
                  0.15    0.00    0.00   clock clk (rise edge)
                          0.00    0.00   clock network delay (ideal)
                          0.42    0.42 v input external delay
     1    0.00    0.01    0.00    0.42 v sel[0] (in)
                                         sel[0] (net)
                  0.01    0.00    0.42 v input2/A (sky130_fd_sc_hd__clkbuf_2)
     7    0.02    0.07    0.13    0.56 v input2/X (sky130_fd_sc_hd__clkbuf_2)
                                         net2 (net)
                  0.07    0.00    0.56 v _204_/A (sky130_fd_sc_hd__clkbuf_4)
    10    0.03    0.07    0.20    0.76 v _204_/X (sky130_fd_sc_hd__clkbuf_4)
                                         _055_ (net)
                  0.07    0.00    0.76 v _146_/A2 (sky130_fd_sc_hd__o21a_1)
     4    0.01    0.07    0.22    0.98 v _146_/X (sky130_fd_sc_hd__o21a_1)
                                         _095_ (net)
                  0.07    0.00    0.98 v _162_/B2 (sky130_fd_sc_hd__a32o_1)
     1    0.00    0.04    0.23    1.21 v _162_/X (sky130_fd_sc_hd__a32o_1)
                                         _009_ (net)
                  0.04    0.00    1.21 v _215_/D (sky130_fd_sc_hd__dfxtp_1)
                                  1.21   data arrival time

                  0.15    2.10    2.10   clock clk (rise edge)
                          0.00    2.10   clock network delay (ideal)
                         -0.25    1.85   clock uncertainty
                          0.00    1.85   clock reconvergence pessimism
                                  1.85 ^ _215_/CLK (sky130_fd_sc_hd__dfxtp_1)
                         -0.08    1.77   library setup time
                                  1.77   data required time
-----------------------------------------------------------------------------
                                  1.77   data required time
                                 -1.21   data arrival time
-----------------------------------------------------------------------------
                                  0.56   slack (MET)


Startpoint: _214_ (rising edge-triggered flip-flop clocked by clk)
Endpoint: _214_ (rising edge-triggered flip-flop clocked by clk)
Path Group: clk
Path Type: max

Fanout     Cap    Slew   Delay    Time   Description
-----------------------------------------------------------------------------
                  0.15    0.00    0.00   clock clk (rise edge)
                          0.00    0.00   clock network delay (ideal)
                  0.15    0.00    0.00 ^ _214_/CLK (sky130_fd_sc_hd__dfxtp_1)
     6    0.02    0.09    0.40    0.40 v _214_/Q (sky130_fd_sc_hd__dfxtp_1)
                                         cnt1[3] (net)
                  0.09    0.00    0.40 v hold19/A (sky130_fd_sc_hd__dlygate4sd3_1)
     1    0.00    0.05    0.60    1.00 v hold19/X (sky130_fd_sc_hd__dlygate4sd3_1)
                                         net23 (net)
                  0.05    0.00    1.00 v _159_/B1 (sky130_fd_sc_hd__a32o_1)
     1    0.00    0.04    0.21    1.21 v _159_/X (sky130_fd_sc_hd__a32o_1)
                                         _008_ (net)
                  0.04    0.00    1.21 v _214_/D (sky130_fd_sc_hd__dfxtp_1)
                                  1.21   data arrival time

                  0.15    2.10    2.10   clock clk (rise edge)
                          0.00    2.10   clock network delay (ideal)
                         -0.25    1.85   clock uncertainty
                          0.00    1.85   clock reconvergence pessimism
                                  1.85 ^ _214_/CLK (sky130_fd_sc_hd__dfxtp_1)
                         -0.08    1.77   library setup time
                                  1.77   data required time
-----------------------------------------------------------------------------
                                  1.77   data required time
                                 -1.21   data arrival time
-----------------------------------------------------------------------------
                                  0.56   slack (MET)


Startpoint: _210_ (rising edge-triggered flip-flop clocked by clk)
Endpoint: clkout (output port clocked by clk)
Path Group: clk
Path Type: max

Fanout     Cap    Slew   Delay    Time   Description
-----------------------------------------------------------------------------
                  0.15    0.00    0.00   clock clk (rise edge)
                          0.00    0.00   clock network delay (ideal)
                  0.15    0.00    0.00 ^ _210_/CLK (sky130_fd_sc_hd__dfxtp_1)
     2    0.01    0.08    0.38    0.38 ^ _210_/Q (sky130_fd_sc_hd__dfxtp_1)
                                         net4 (net)
                  0.08    0.00    0.38 ^ output4/A (sky130_fd_sc_hd__clkbuf_4)
     1    0.03    0.11    0.21    0.59 ^ output4/X (sky130_fd_sc_hd__clkbuf_4)
                                         clkout (net)
                  0.11    0.00    0.59 ^ clkout (out)
                                  0.59   data arrival time

                  0.15    2.10    2.10   clock clk (rise edge)
                          0.00    2.10   clock network delay (ideal)
                         -0.25    1.85   clock uncertainty
                          0.00    1.85   clock reconvergence pessimism
                         -0.42    1.43   output external delay
                                  1.43   data required time
-----------------------------------------------------------------------------
                                  1.43   data required time
                                 -0.59   data arrival time
-----------------------------------------------------------------------------
                                  0.84   slack (MET)



worst slack corner Typical: 0.3162
