
===========================================================================
report_checks -path_delay min (Hold)
============================================================================
======================= Typical Corner ===================================

Startpoint: _217_ (rising edge-triggered flip-flop clocked by clk)
Endpoint: _217_ (rising edge-triggered flip-flop clocked by clk)
Path Group: clk
Path Type: min

Fanout     Cap    Slew   Delay    Time   Description
-----------------------------------------------------------------------------
                  0.15    0.00    0.00   clock clk (rise edge)
                          0.00    0.00   clock network delay (ideal)
                  0.15    0.00    0.00 ^ _217_/CLK (sky130_fd_sc_hd__dfxtp_1)
     3    0.01    0.06    0.34    0.34 v _217_/Q (sky130_fd_sc_hd__dfxtp_1)
                                         cnt2[0] (net)
                  0.06    0.00    0.34 v _168_/A (sky130_fd_sc_hd__inv_2)
     3    0.01    0.04    0.06    0.40 ^ _168_/Y (sky130_fd_sc_hd__inv_2)
                                         _024_ (net)
                  0.04    0.00    0.40 ^ _174_/A1 (sky130_fd_sc_hd__a21oi_1)
     1    0.00    0.03    0.04    0.44 v _174_/Y (sky130_fd_sc_hd__a21oi_1)
                                         _011_ (net)
                  0.03    0.00    0.44 v _217_/D (sky130_fd_sc_hd__dfxtp_1)
                                  0.44   data arrival time

                  0.15    0.00    0.00   clock clk (rise edge)
                          0.00    0.00   clock network delay (ideal)
                          0.25    0.25   clock uncertainty
                          0.00    0.25   clock reconvergence pessimism
                                  0.25 ^ _217_/CLK (sky130_fd_sc_hd__dfxtp_1)
                         -0.02    0.23   library hold time
                                  0.23   data required time
-----------------------------------------------------------------------------
                                  0.23   data required time
                                 -0.44   data arrival time
-----------------------------------------------------------------------------
                                  0.22   slack (MET)


Startpoint: _217_ (rising edge-triggered flip-flop clocked by clk)
Endpoint: _218_ (rising edge-triggered flip-flop clocked by clk)
Path Group: clk
Path Type: min

Fanout     Cap    Slew   Delay    Time   Description
-----------------------------------------------------------------------------
                  0.15    0.00    0.00   clock clk (rise edge)
                          0.00    0.00   clock network delay (ideal)
                  0.15    0.00    0.00 ^ _217_/CLK (sky130_fd_sc_hd__dfxtp_1)
     3    0.01    0.06    0.34    0.34 v _217_/Q (sky130_fd_sc_hd__dfxtp_1)
                                         cnt2[0] (net)
                  0.06    0.00    0.34 v _176_/C (sky130_fd_sc_hd__nand3_1)
     1    0.00    0.05    0.08    0.42 ^ _176_/Y (sky130_fd_sc_hd__nand3_1)
                                         _031_ (net)
                  0.05    0.00    0.42 ^ _179_/B1 (sky130_fd_sc_hd__o2bb2ai_1)
     1    0.00    0.02    0.05    0.47 v _179_/Y (sky130_fd_sc_hd__o2bb2ai_1)
                                         _012_ (net)
                  0.02    0.00    0.47 v _218_/D (sky130_fd_sc_hd__dfxtp_1)
                                  0.47   data arrival time

                  0.15    0.00    0.00   clock clk (rise edge)
                          0.00    0.00   clock network delay (ideal)
                          0.25    0.25   clock uncertainty
                          0.00    0.25   clock reconvergence pessimism
                                  0.25 ^ _218_/CLK (sky130_fd_sc_hd__dfxtp_1)
                         -0.02    0.23   library hold time
                                  0.23   data required time
-----------------------------------------------------------------------------
                                  0.23   data required time
                                 -0.47   data arrival time
-----------------------------------------------------------------------------
                                  0.24   slack (MET)


Startpoint: _213_ (rising edge-triggered flip-flop clocked by clk)
Endpoint: _213_ (rising edge-triggered flip-flop clocked by clk)
Path Group: clk
Path Type: min

Fanout     Cap    Slew   Delay    Time   Description
-----------------------------------------------------------------------------
                  0.15    0.00    0.00   clock clk (rise edge)
                          0.00    0.00   clock network delay (ideal)
                  0.15    0.00    0.00 ^ _213_/CLK (sky130_fd_sc_hd__dfxtp_2)
     8    0.02    0.11    0.38    0.38 ^ _213_/Q (sky130_fd_sc_hd__dfxtp_2)
                                         cnt1[2] (net)
                  0.11    0.00    0.38 ^ _156_/B1 (sky130_fd_sc_hd__a2bb2o_1)
     1    0.00    0.03    0.13    0.51 ^ _156_/X (sky130_fd_sc_hd__a2bb2o_1)
                                         _007_ (net)
                  0.03    0.00    0.51 ^ _213_/D (sky130_fd_sc_hd__dfxtp_2)
                                  0.51   data arrival time

                  0.15    0.00    0.00   clock clk (rise edge)
                          0.00    0.00   clock network delay (ideal)
                          0.25    0.25   clock uncertainty
                          0.00    0.25   clock reconvergence pessimism
                                  0.25 ^ _213_/CLK (sky130_fd_sc_hd__dfxtp_2)
                         -0.02    0.23   library hold time
                                  0.23   data required time
-----------------------------------------------------------------------------
                                  0.23   data required time
                                 -0.51   data arrival time
-----------------------------------------------------------------------------
                                  0.28   slack (MET)


Startpoint: _210_ (rising edge-triggered flip-flop clocked by clk)
Endpoint: _210_ (rising edge-triggered flip-flop clocked by clk)
Path Group: clk
Path Type: min

Fanout     Cap    Slew   Delay    Time   Description
-----------------------------------------------------------------------------
                  0.15    0.00    0.00   clock clk (rise edge)
                          0.00    0.00   clock network delay (ideal)
                  0.15    0.00    0.00 ^ _210_/CLK (sky130_fd_sc_hd__dfxtp_1)
     2    0.01    0.04    0.33    0.33 v _210_/Q (sky130_fd_sc_hd__dfxtp_1)
                                         net4 (net)
                  0.04    0.00    0.33 v _135_/A (sky130_fd_sc_hd__inv_2)
     2    0.00    0.03    0.04    0.37 ^ _135_/Y (sky130_fd_sc_hd__inv_2)
                                         _085_ (net)
                  0.03    0.00    0.37 ^ _136_/B1 (sky130_fd_sc_hd__a21oi_1)
     1    0.00    0.02    0.03    0.39 v _136_/Y (sky130_fd_sc_hd__a21oi_1)
                                         _086_ (net)
                  0.02    0.00    0.39 v _145_/A1 (sky130_fd_sc_hd__a32oi_1)
     1    0.00    0.10    0.13    0.52 ^ _145_/Y (sky130_fd_sc_hd__a32oi_1)
                                         _004_ (net)
                  0.10    0.00    0.52 ^ _210_/D (sky130_fd_sc_hd__dfxtp_1)
                                  0.52   data arrival time

                  0.15    0.00    0.00   clock clk (rise edge)
                          0.00    0.00   clock network delay (ideal)
                          0.25    0.25   clock uncertainty
                          0.00    0.25   clock reconvergence pessimism
                                  0.25 ^ _210_/CLK (sky130_fd_sc_hd__dfxtp_1)
                         -0.03    0.22   library hold time
                                  0.22   data required time
-----------------------------------------------------------------------------
                                  0.22   data required time
                                 -0.52   data arrival time
-----------------------------------------------------------------------------
                                  0.30   slack (MET)


Startpoint: _206_ (rising edge-triggered flip-flop clocked by clk)
Endpoint: _206_ (rising edge-triggered flip-flop clocked by clk)
Path Group: clk
Path Type: min

Fanout     Cap    Slew   Delay    Time   Description
-----------------------------------------------------------------------------
                  0.15    0.00    0.00   clock clk (rise edge)
                          0.00    0.00   clock network delay (ideal)
                  0.15    0.00    0.00 ^ _206_/CLK (sky130_fd_sc_hd__dfxtp_2)
     9    0.02    0.07    0.37    0.37 v _206_/Q (sky130_fd_sc_hd__dfxtp_2)
                                         cnt4[0] (net)
                  0.07    0.00    0.37 v _112_/B1 (sky130_fd_sc_hd__o2111ai_2)
     1    0.00    0.05    0.08    0.45 ^ _112_/Y (sky130_fd_sc_hd__o2111ai_2)
                                         _066_ (net)
                  0.05    0.00    0.45 ^ _113_/B1 (sky130_fd_sc_hd__o21a_1)
     1    0.00    0.03    0.09    0.54 ^ _113_/X (sky130_fd_sc_hd__o21a_1)
                                         _000_ (net)
                  0.03    0.00    0.54 ^ _206_/D (sky130_fd_sc_hd__dfxtp_2)
                                  0.54   data arrival time

                  0.15    0.00    0.00   clock clk (rise edge)
                          0.00    0.00   clock network delay (ideal)
                          0.25    0.25   clock uncertainty
                          0.00    0.25   clock reconvergence pessimism
                                  0.25 ^ _206_/CLK (sky130_fd_sc_hd__dfxtp_2)
                         -0.01    0.24   library hold time
                                  0.24   data required time
-----------------------------------------------------------------------------
                                  0.24   data required time
                                 -0.54   data arrival time
-----------------------------------------------------------------------------
                                  0.30   slack (MET)


Startpoint: _216_ (rising edge-triggered flip-flop clocked by clk)
Endpoint: _216_ (rising edge-triggered flip-flop clocked by clk)
Path Group: clk
Path Type: min

Fanout     Cap    Slew   Delay    Time   Description
-----------------------------------------------------------------------------
                  0.15    0.00    0.00   clock clk (rise edge)
                          0.00    0.00   clock network delay (ideal)
                  0.15    0.00    0.00 ^ _216_/CLK (sky130_fd_sc_hd__dfxtp_1)
     4    0.02    0.18    0.41    0.41 ^ _216_/Q (sky130_fd_sc_hd__dfxtp_1)
                                         cnt1[5] (net)
                  0.18    0.00    0.41 ^ _167_/A1 (sky130_fd_sc_hd__o22a_1)
     1    0.00    0.03    0.15    0.56 ^ _167_/X (sky130_fd_sc_hd__o22a_1)
                                         _010_ (net)
                  0.03    0.00    0.56 ^ _216_/D (sky130_fd_sc_hd__dfxtp_1)
                                  0.56   data arrival time

                  0.15    0.00    0.00   clock clk (rise edge)
                          0.00    0.00   clock network delay (ideal)
                          0.25    0.25   clock uncertainty
                          0.00    0.25   clock reconvergence pessimism
                                  0.25 ^ _216_/CLK (sky130_fd_sc_hd__dfxtp_1)
                         -0.01    0.24   library hold time
                                  0.24   data required time
-----------------------------------------------------------------------------
                                  0.24   data required time
                                 -0.56   data arrival time
-----------------------------------------------------------------------------
                                  0.33   slack (MET)


Startpoint: _207_ (rising edge-triggered flip-flop clocked by clk)
Endpoint: _207_ (rising edge-triggered flip-flop clocked by clk)
Path Group: clk
Path Type: min

Fanout     Cap    Slew   Delay    Time   Description
-----------------------------------------------------------------------------
                  0.15    0.00    0.00   clock clk (rise edge)
                          0.00    0.00   clock network delay (ideal)
                  0.15    0.00    0.00 ^ _207_/CLK (sky130_fd_sc_hd__dfxtp_2)
     8    0.02    0.06    0.36    0.36 v _207_/Q (sky130_fd_sc_hd__dfxtp_2)
                                         cnt4[1] (net)
                  0.06    0.00    0.36 v _115_/B (sky130_fd_sc_hd__nor2_1)
     1    0.00    0.06    0.07    0.43 ^ _115_/Y (sky130_fd_sc_hd__nor2_1)
                                         _068_ (net)
                  0.06    0.00    0.43 ^ _117_/A (sky130_fd_sc_hd__or3b_1)
     1    0.00    0.04    0.09    0.52 ^ _117_/X (sky130_fd_sc_hd__or3b_1)
                                         _070_ (net)
                  0.04    0.00    0.52 ^ _122_/B1 (sky130_fd_sc_hd__o2bb2ai_1)
     1    0.00    0.03    0.05    0.57 v _122_/Y (sky130_fd_sc_hd__o2bb2ai_1)
                                         _001_ (net)
                  0.03    0.00    0.57 v _207_/D (sky130_fd_sc_hd__dfxtp_2)
                                  0.57   data arrival time

                  0.15    0.00    0.00   clock clk (rise edge)
                          0.00    0.00   clock network delay (ideal)
                          0.25    0.25   clock uncertainty
                          0.00    0.25   clock reconvergence pessimism
                                  0.25 ^ _207_/CLK (sky130_fd_sc_hd__dfxtp_2)
                         -0.02    0.23   library hold time
                                  0.23   data required time
-----------------------------------------------------------------------------
                                  0.23   data required time
                                 -0.57   data arrival time
-----------------------------------------------------------------------------
                                  0.34   slack (MET)


Startpoint: _215_ (rising edge-triggered flip-flop clocked by clk)
Endpoint: _215_ (rising edge-triggered flip-flop clocked by clk)
Path Group: clk
Path Type: min

Fanout     Cap    Slew   Delay    Time   Description
-----------------------------------------------------------------------------
                  0.15    0.00    0.00   clock clk (rise edge)
                          0.00    0.00   clock network delay (ideal)
                  0.15    0.00    0.00 ^ _215_/CLK (sky130_fd_sc_hd__dfxtp_1)
     4    0.01    0.11    0.37    0.37 ^ _215_/Q (sky130_fd_sc_hd__dfxtp_1)
                                         cnt1[4] (net)
                  0.11    0.00    0.37 ^ _161_/B1 (sky130_fd_sc_hd__a41o_1)
     1    0.00    0.04    0.10    0.46 ^ _161_/X (sky130_fd_sc_hd__a41o_1)
                                         _019_ (net)
                  0.04    0.00    0.46 ^ _162_/A3 (sky130_fd_sc_hd__a32o_1)
     1    0.00    0.04    0.14    0.60 ^ _162_/X (sky130_fd_sc_hd__a32o_1)
                                         _009_ (net)
                  0.04    0.00    0.60 ^ _215_/D (sky130_fd_sc_hd__dfxtp_1)
                                  0.60   data arrival time

                  0.15    0.00    0.00   clock clk (rise edge)
                          0.00    0.00   clock network delay (ideal)
                          0.25    0.25   clock uncertainty
                          0.00    0.25   clock reconvergence pessimism
                                  0.25 ^ _215_/CLK (sky130_fd_sc_hd__dfxtp_1)
                         -0.02    0.23   library hold time
                                  0.23   data required time
-----------------------------------------------------------------------------
                                  0.23   data required time
                                 -0.60   data arrival time
-----------------------------------------------------------------------------
                                  0.37   slack (MET)


Startpoint: _213_ (rising edge-triggered flip-flop clocked by clk)
Endpoint: _214_ (rising edge-triggered flip-flop clocked by clk)
Path Group: clk
Path Type: min

Fanout     Cap    Slew   Delay    Time   Description
-----------------------------------------------------------------------------
                  0.15    0.00    0.00   clock clk (rise edge)
                          0.00    0.00   clock network delay (ideal)
                  0.15    0.00    0.00 ^ _213_/CLK (sky130_fd_sc_hd__dfxtp_2)
     8    0.02    0.06    0.36    0.36 v _213_/Q (sky130_fd_sc_hd__dfxtp_2)
                                         cnt1[2] (net)
                  0.06    0.00    0.36 v _157_/D (sky130_fd_sc_hd__nand4_1)
     3    0.01    0.09    0.11    0.46 ^ _157_/Y (sky130_fd_sc_hd__nand4_1)
                                         _016_ (net)
                  0.09    0.00    0.46 ^ _159_/A2 (sky130_fd_sc_hd__a32o_1)
     1    0.00    0.04    0.14    0.61 ^ _159_/X (sky130_fd_sc_hd__a32o_1)
                                         _008_ (net)
                  0.04    0.00    0.61 ^ _214_/D (sky130_fd_sc_hd__dfxtp_1)
                                  0.61   data arrival time

                  0.15    0.00    0.00   clock clk (rise edge)
                          0.00    0.00   clock network delay (ideal)
                          0.25    0.25   clock uncertainty
                          0.00    0.25   clock reconvergence pessimism
                                  0.25 ^ _214_/CLK (sky130_fd_sc_hd__dfxtp_1)
                         -0.02    0.23   library hold time
                                  0.23   data required time
-----------------------------------------------------------------------------
                                  0.23   data required time
                                 -0.61   data arrival time
-----------------------------------------------------------------------------
                                  0.37   slack (MET)


Startpoint: _209_ (rising edge-triggered flip-flop clocked by clk)
Endpoint: _209_ (rising edge-triggered flip-flop clocked by clk)
Path Group: clk
Path Type: min

Fanout     Cap    Slew   Delay    Time   Description
-----------------------------------------------------------------------------
                  0.15    0.00    0.00   clock clk (rise edge)
                          0.00    0.00   clock network delay (ideal)
                  0.15    0.00    0.00 ^ _209_/CLK (sky130_fd_sc_hd__dfxtp_1)
     4    0.01    0.12    0.37    0.37 ^ _209_/Q (sky130_fd_sc_hd__dfxtp_1)
                                         cnt4[3] (net)
                  0.12    0.00    0.37 ^ _131_/D (sky130_fd_sc_hd__nand4_1)
     1    0.00    0.06    0.09    0.47 v _131_/Y (sky130_fd_sc_hd__nand4_1)
                                         _082_ (net)
                  0.06    0.00    0.47 v _133_/C (sky130_fd_sc_hd__nand4b_1)
     1    0.00    0.05    0.09    0.55 ^ _133_/Y (sky130_fd_sc_hd__nand4b_1)
                                         _084_ (net)
                  0.05    0.00    0.55 ^ _134_/B1 (sky130_fd_sc_hd__o2bb2ai_1)
     1    0.00    0.03    0.06    0.61 v _134_/Y (sky130_fd_sc_hd__o2bb2ai_1)
                                         _003_ (net)
                  0.03    0.00    0.61 v _209_/D (sky130_fd_sc_hd__dfxtp_1)
                                  0.61   data arrival time

                  0.15    0.00    0.00   clock clk (rise edge)
                          0.00    0.00   clock network delay (ideal)
                          0.25    0.25   clock uncertainty
                          0.00    0.25   clock reconvergence pessimism
                                  0.25 ^ _209_/CLK (sky130_fd_sc_hd__dfxtp_1)
                         -0.02    0.23   library hold time
                                  0.23   data required time
-----------------------------------------------------------------------------
                                  0.23   data required time
                                 -0.61   data arrival time
-----------------------------------------------------------------------------
                                  0.38   slack (MET)


Startpoint: _221_ (rising edge-triggered flip-flop clocked by clk)
Endpoint: _221_ (rising edge-triggered flip-flop clocked by clk)
Path Group: clk
Path Type: min

Fanout     Cap    Slew   Delay    Time   Description
-----------------------------------------------------------------------------
                  0.15    0.00    0.00   clock clk (rise edge)
                          0.00    0.00   clock network delay (ideal)
                  0.15    0.00    0.00 ^ _221_/CLK (sky130_fd_sc_hd__dfxtp_1)
     4    0.01    0.11    0.37    0.37 ^ _221_/Q (sky130_fd_sc_hd__dfxtp_1)
                                         cnt3[2] (net)
                  0.11    0.00    0.37 ^ _140_/B (sky130_fd_sc_hd__nand3b_2)
     3    0.01    0.09    0.11    0.48 v _140_/Y (sky130_fd_sc_hd__nand3b_2)
                                         _090_ (net)
                  0.09    0.00    0.48 v _194_/D1 (sky130_fd_sc_hd__o2111ai_1)
     1    0.00    0.07    0.08    0.56 ^ _194_/Y (sky130_fd_sc_hd__o2111ai_1)
                                         _046_ (net)
                  0.07    0.00    0.56 ^ _195_/B1 (sky130_fd_sc_hd__o2bb2ai_1)
     1    0.00    0.03    0.06    0.62 v _195_/Y (sky130_fd_sc_hd__o2bb2ai_1)
                                         _015_ (net)
                  0.03    0.00    0.62 v _221_/D (sky130_fd_sc_hd__dfxtp_1)
                                  0.62   data arrival time

                  0.15    0.00    0.00   clock clk (rise edge)
                          0.00    0.00   clock network delay (ideal)
                          0.25    0.25   clock uncertainty
                          0.00    0.25   clock reconvergence pessimism
                                  0.25 ^ _221_/CLK (sky130_fd_sc_hd__dfxtp_1)
                         -0.02    0.23   library hold time
                                  0.23   data required time
-----------------------------------------------------------------------------
                                  0.23   data required time
                                 -0.62   data arrival time
-----------------------------------------------------------------------------
                                  0.40   slack (MET)


Startpoint: _212_ (rising edge-triggered flip-flop clocked by clk)
Endpoint: _212_ (rising edge-triggered flip-flop clocked by clk)
Path Group: clk
Path Type: min

Fanout     Cap    Slew   Delay    Time   Description
-----------------------------------------------------------------------------
                  0.15    0.00    0.00   clock clk (rise edge)
                          0.00    0.00   clock network delay (ideal)
                  0.15    0.00    0.00 ^ _212_/CLK (sky130_fd_sc_hd__dfxtp_1)
     2    0.01    0.04    0.32    0.32 v _212_/Q (sky130_fd_sc_hd__dfxtp_1)
                                         cnt1[1] (net)
                  0.04    0.00    0.32 v _105_/A (sky130_fd_sc_hd__buf_6)
    10    0.02    0.03    0.12    0.44 v _105_/X (sky130_fd_sc_hd__buf_6)
                                         _059_ (net)
                  0.03    0.00    0.44 v _150_/B (sky130_fd_sc_hd__nand2_1)
     1    0.00    0.04    0.05    0.49 ^ _150_/Y (sky130_fd_sc_hd__nand2_1)
                                         _098_ (net)
                  0.04    0.00    0.49 ^ _153_/A4 (sky130_fd_sc_hd__a41o_1)
     1    0.00    0.03    0.14    0.64 ^ _153_/X (sky130_fd_sc_hd__a41o_1)
                                         _006_ (net)
                  0.03    0.00    0.64 ^ _212_/D (sky130_fd_sc_hd__dfxtp_1)
                                  0.64   data arrival time

                  0.15    0.00    0.00   clock clk (rise edge)
                          0.00    0.00   clock network delay (ideal)
                          0.25    0.25   clock uncertainty
                          0.00    0.25   clock reconvergence pessimism
                                  0.25 ^ _212_/CLK (sky130_fd_sc_hd__dfxtp_1)
                         -0.02    0.23   library hold time
                                  0.23   data required time
-----------------------------------------------------------------------------
                                  0.23   data required time
                                 -0.64   data arrival time
-----------------------------------------------------------------------------
                                  0.40   slack (MET)


Startpoint: _216_ (rising edge-triggered flip-flop clocked by clk)
Endpoint: _219_ (rising edge-triggered flip-flop clocked by clk)
Path Group: clk
Path Type: min

Fanout     Cap    Slew   Delay    Time   Description
-----------------------------------------------------------------------------
                  0.15    0.00    0.00   clock clk (rise edge)
                          0.00    0.00   clock network delay (ideal)
                  0.15    0.00    0.00 ^ _216_/CLK (sky130_fd_sc_hd__dfxtp_1)
     4    0.02    0.08    0.36    0.36 v _216_/Q (sky130_fd_sc_hd__dfxtp_1)
                                         cnt1[5] (net)
                  0.08    0.00    0.36 v _108_/C (sky130_fd_sc_hd__nand3_2)
     2    0.01    0.07    0.11    0.47 ^ _108_/Y (sky130_fd_sc_hd__nand3_2)
                                         _062_ (net)
                  0.07    0.00    0.47 ^ _111_/A2 (sky130_fd_sc_hd__o21ai_4)
     6    0.02    0.06    0.07    0.54 v _111_/Y (sky130_fd_sc_hd__o21ai_4)
                                         _065_ (net)
                  0.06    0.00    0.54 v _183_/D1 (sky130_fd_sc_hd__o2111ai_1)
     1    0.00    0.06    0.06    0.60 ^ _183_/Y (sky130_fd_sc_hd__o2111ai_1)
                                         _037_ (net)
                  0.06    0.00    0.60 ^ _184_/B1 (sky130_fd_sc_hd__o21ai_1)
     1    0.00    0.03    0.05    0.65 v _184_/Y (sky130_fd_sc_hd__o21ai_1)
                                         _013_ (net)
                  0.03    0.00    0.65 v _219_/D (sky130_fd_sc_hd__dfxtp_1)
                                  0.65   data arrival time

                  0.15    0.00    0.00   clock clk (rise edge)
                          0.00    0.00   clock network delay (ideal)
                          0.25    0.25   clock uncertainty
                          0.00    0.25   clock reconvergence pessimism
                                  0.25 ^ _219_/CLK (sky130_fd_sc_hd__dfxtp_1)
                         -0.03    0.22   library hold time
                                  0.22   data required time
-----------------------------------------------------------------------------
                                  0.22   data required time
                                 -0.65   data arrival time
-----------------------------------------------------------------------------
                                  0.43   slack (MET)


Startpoint: _216_ (rising edge-triggered flip-flop clocked by clk)
Endpoint: _220_ (rising edge-triggered flip-flop clocked by clk)
Path Group: clk
Path Type: min

Fanout     Cap    Slew   Delay    Time   Description
-----------------------------------------------------------------------------
                  0.15    0.00    0.00   clock clk (rise edge)
                          0.00    0.00   clock network delay (ideal)
                  0.15    0.00    0.00 ^ _216_/CLK (sky130_fd_sc_hd__dfxtp_1)
     4    0.02    0.08    0.36    0.36 v _216_/Q (sky130_fd_sc_hd__dfxtp_1)
                                         cnt1[5] (net)
                  0.08    0.00    0.36 v _199_/C (sky130_fd_sc_hd__nand4_4)
     9    0.02    0.09    0.14    0.50 ^ _199_/Y (sky130_fd_sc_hd__nand4_4)
                                         _050_ (net)
                  0.09    0.00    0.50 ^ _181_/A1 (sky130_fd_sc_hd__a211oi_2)
     2    0.00    0.04    0.07    0.57 v _181_/Y (sky130_fd_sc_hd__a211oi_2)
                                         _035_ (net)
                  0.04    0.00    0.57 v _190_/A2 (sky130_fd_sc_hd__o21ai_1)
     1    0.00    0.06    0.09    0.66 ^ _190_/Y (sky130_fd_sc_hd__o21ai_1)
                                         _014_ (net)
                  0.06    0.00    0.66 ^ _220_/D (sky130_fd_sc_hd__dfxtp_1)
                                  0.66   data arrival time

                  0.15    0.00    0.00   clock clk (rise edge)
                          0.00    0.00   clock network delay (ideal)
                          0.25    0.25   clock uncertainty
                          0.00    0.25   clock reconvergence pessimism
                                  0.25 ^ _220_/CLK (sky130_fd_sc_hd__dfxtp_1)
                         -0.02    0.23   library hold time
                                  0.23   data required time
-----------------------------------------------------------------------------
                                  0.23   data required time
                                 -0.66   data arrival time
-----------------------------------------------------------------------------
                                  0.43   slack (MET)


Startpoint: _216_ (rising edge-triggered flip-flop clocked by clk)
Endpoint: _208_ (rising edge-triggered flip-flop clocked by clk)
Path Group: clk
Path Type: min

Fanout     Cap    Slew   Delay    Time   Description
-----------------------------------------------------------------------------
                  0.15    0.00    0.00   clock clk (rise edge)
                          0.00    0.00   clock network delay (ideal)
                  0.15    0.00    0.00 ^ _216_/CLK (sky130_fd_sc_hd__dfxtp_1)
     4    0.02    0.08    0.36    0.36 v _216_/Q (sky130_fd_sc_hd__dfxtp_1)
                                         cnt1[5] (net)
                  0.08    0.00    0.36 v _199_/C (sky130_fd_sc_hd__nand4_4)
     9    0.02    0.09    0.14    0.50 ^ _199_/Y (sky130_fd_sc_hd__nand4_4)
                                         _050_ (net)
                  0.09    0.00    0.50 ^ _124_/B1 (sky130_fd_sc_hd__a221oi_1)
     1    0.00    0.06    0.07    0.57 v _124_/Y (sky130_fd_sc_hd__a221oi_1)
                                         _076_ (net)
                  0.06    0.00    0.57 v _130_/A2 (sky130_fd_sc_hd__o21ai_1)
     1    0.00    0.06    0.10    0.67 ^ _130_/Y (sky130_fd_sc_hd__o21ai_1)
                                         _002_ (net)
                  0.06    0.00    0.67 ^ _208_/D (sky130_fd_sc_hd__dfxtp_1)
                                  0.67   data arrival time

                  0.15    0.00    0.00   clock clk (rise edge)
                          0.00    0.00   clock network delay (ideal)
                          0.25    0.25   clock uncertainty
                          0.00    0.25   clock reconvergence pessimism
                                  0.25 ^ _208_/CLK (sky130_fd_sc_hd__dfxtp_1)
                         -0.02    0.23   library hold time
                                  0.23   data required time
-----------------------------------------------------------------------------
                                  0.23   data required time
                                 -0.67   data arrival time
-----------------------------------------------------------------------------
                                  0.44   slack (MET)


Startpoint: _211_ (rising edge-triggered flip-flop clocked by clk)
Endpoint: _211_ (rising edge-triggered flip-flop clocked by clk)
Path Group: clk
Path Type: min

Fanout     Cap    Slew   Delay    Time   Description
-----------------------------------------------------------------------------
                  0.15    0.00    0.00   clock clk (rise edge)
                          0.00    0.00   clock network delay (ideal)
                  0.15    0.00    0.00 ^ _211_/CLK (sky130_fd_sc_hd__dfxtp_2)
     2    0.01    0.05    0.34    0.34 ^ _211_/Q (sky130_fd_sc_hd__dfxtp_2)
                                         cnt1[0] (net)
                  0.05    0.00    0.34 ^ _106_/A (sky130_fd_sc_hd__buf_6)
     5    0.01    0.03    0.09    0.43 ^ _106_/X (sky130_fd_sc_hd__buf_6)
                                         _060_ (net)
                  0.03    0.00    0.43 ^ rebuffer1/A (sky130_fd_sc_hd__buf_1)
     2    0.01    0.08    0.10    0.52 ^ rebuffer1/X (sky130_fd_sc_hd__buf_1)
                                         net5 (net)
                  0.08    0.00    0.52 ^ _147_/S (sky130_fd_sc_hd__mux2_1)
     1    0.00    0.04    0.12    0.65 ^ _147_/X (sky130_fd_sc_hd__mux2_1)
                                         _096_ (net)
                  0.04    0.00    0.65 ^ _148_/A (sky130_fd_sc_hd__clkbuf_1)
     1    0.00    0.03    0.07    0.71 ^ _148_/X (sky130_fd_sc_hd__clkbuf_1)
                                         _005_ (net)
                  0.03    0.00    0.71 ^ _211_/D (sky130_fd_sc_hd__dfxtp_2)
                                  0.71   data arrival time

                  0.15    0.00    0.00   clock clk (rise edge)
                          0.00    0.00   clock network delay (ideal)
                          0.25    0.25   clock uncertainty
                          0.00    0.25   clock reconvergence pessimism
                                  0.25 ^ _211_/CLK (sky130_fd_sc_hd__dfxtp_2)
                         -0.01    0.24   library hold time
                                  0.24   data required time
-----------------------------------------------------------------------------
                                  0.24   data required time
                                 -0.71   data arrival time
-----------------------------------------------------------------------------
                                  0.48   slack (MET)


Startpoint: _210_ (rising edge-triggered flip-flop clocked by clk)
Endpoint: clkout (output port clocked by clk)
Path Group: clk
Path Type: min

Fanout     Cap    Slew   Delay    Time   Description
-----------------------------------------------------------------------------
                  0.15    0.00    0.00   clock clk (rise edge)
                          0.00    0.00   clock network delay (ideal)
                  0.15    0.00    0.00 ^ _210_/CLK (sky130_fd_sc_hd__dfxtp_1)
     2    0.01    0.04    0.33    0.33 v _210_/Q (sky130_fd_sc_hd__dfxtp_1)
                                         net4 (net)
                  0.04    0.00    0.33 v output4/A (sky130_fd_sc_hd__clkbuf_4)
     1    0.03    0.08    0.17    0.50 v output4/X (sky130_fd_sc_hd__clkbuf_4)
                                         clkout (net)
                  0.08    0.00    0.50 v clkout (out)
                                  0.50   data arrival time

                  0.15    0.00    0.00   clock clk (rise edge)
                          0.00    0.00   clock network delay (ideal)
                          0.25    0.25   clock uncertainty
                          0.00    0.25   clock reconvergence pessimism
                         -0.42   -0.17   output external delay
                                 -0.17   data required time
-----------------------------------------------------------------------------
                                 -0.17   data required time
                                 -0.50   data arrival time
-----------------------------------------------------------------------------
                                  0.67   slack (MET)



worst slack corner Typical: 0.2195
