
===========================================================================
report_checks -path_delay max (Setup)
============================================================================
======================= Typical Corner ===================================

Startpoint: sel[1] (input port clocked by clk)
Endpoint: _207_ (rising edge-triggered flip-flop clocked by clk)
Path Group: clk
Path Type: max

Fanout     Cap    Slew   Delay    Time   Description
-----------------------------------------------------------------------------
                  0.15    0.00    0.00   clock clk (rise edge)
                          0.00    0.00   clock network delay (ideal)
                          0.42    0.42 ^ input external delay
     1    0.00    0.02    0.01    0.43 ^ sel[1] (in)
                                         sel[1] (net)
                  0.02    0.00    0.43 ^ input3/A (sky130_fd_sc_hd__buf_1)
     4    0.01    0.15    0.15    0.59 ^ input3/X (sky130_fd_sc_hd__buf_1)
                                         net3 (net)
                  0.15    0.00    0.59 ^ _200_/A (sky130_fd_sc_hd__clkbuf_2)
    10    0.03    0.15    0.22    0.81 ^ _200_/X (sky130_fd_sc_hd__clkbuf_2)
                                         _051_ (net)
                  0.15    0.00    0.81 ^ _201_/B (sky130_fd_sc_hd__nand3b_1)
     4    0.01    0.11    0.14    0.95 v _201_/Y (sky130_fd_sc_hd__nand3b_1)
                                         _052_ (net)
                  0.11    0.00    0.95 v _117_/B (sky130_fd_sc_hd__or3b_1)
     1    0.00    0.07    0.38    1.33 v _117_/X (sky130_fd_sc_hd__or3b_1)
                                         _070_ (net)
                  0.07    0.00    1.33 v _122_/B1 (sky130_fd_sc_hd__o2bb2ai_1)
     1    0.00    0.10    0.14    1.47 ^ _122_/Y (sky130_fd_sc_hd__o2bb2ai_1)
                                         _001_ (net)
                  0.10    0.00    1.47 ^ _207_/D (sky130_fd_sc_hd__dfxtp_2)
                                  1.47   data arrival time

                  0.15    2.10    2.10   clock clk (rise edge)
                          0.00    2.10   clock network delay (ideal)
                         -0.25    1.85   clock uncertainty
                          0.00    1.85   clock reconvergence pessimism
                                  1.85 ^ _207_/CLK (sky130_fd_sc_hd__dfxtp_2)
                         -0.06    1.79   library setup time
                                  1.79   data required time
-----------------------------------------------------------------------------
                                  1.79   data required time
                                 -1.47   data arrival time
-----------------------------------------------------------------------------
                                  0.33   slack (MET)


Startpoint: _211_ (rising edge-triggered flip-flop clocked by clk)
Endpoint: _209_ (rising edge-triggered flip-flop clocked by clk)
Path Group: clk
Path Type: max

Fanout     Cap    Slew   Delay    Time   Description
-----------------------------------------------------------------------------
                  0.15    0.00    0.00   clock clk (rise edge)
                          0.00    0.00   clock network delay (ideal)
                  0.15    0.00    0.00 ^ _211_/CLK (sky130_fd_sc_hd__dfxtp_1)
     2    0.00    0.06    0.37    0.37 ^ _211_/Q (sky130_fd_sc_hd__dfxtp_1)
                                         cnt1[0] (net)
                  0.06    0.00    0.37 ^ _106_/A (sky130_fd_sc_hd__clkbuf_2)
    10    0.03    0.15    0.19    0.56 ^ _106_/X (sky130_fd_sc_hd__clkbuf_2)
                                         _060_ (net)
                  0.15    0.00    0.56 ^ _107_/B_N (sky130_fd_sc_hd__or2b_1)
     2    0.01    0.07    0.28    0.84 v _107_/X (sky130_fd_sc_hd__or2b_1)
                                         _061_ (net)
                  0.07    0.00    0.84 v _111_/A1 (sky130_fd_sc_hd__o21ai_2)
     6    0.02    0.23    0.25    1.09 ^ _111_/Y (sky130_fd_sc_hd__o21ai_2)
                                         _065_ (net)
                  0.23    0.00    1.09 ^ _114_/C1 (sky130_fd_sc_hd__o211ai_1)
     2    0.01    0.11    0.16    1.25 v _114_/Y (sky130_fd_sc_hd__o211ai_1)
                                         _067_ (net)
                  0.11    0.00    1.25 v _134_/A2_N (sky130_fd_sc_hd__o2bb2ai_1)
     1    0.00    0.04    0.15    1.40 v _134_/Y (sky130_fd_sc_hd__o2bb2ai_1)
                                         _003_ (net)
                  0.04    0.00    1.40 v _209_/D (sky130_fd_sc_hd__dfxtp_1)
                                  1.40   data arrival time

                  0.15    2.10    2.10   clock clk (rise edge)
                          0.00    2.10   clock network delay (ideal)
                         -0.25    1.85   clock uncertainty
                          0.00    1.85   clock reconvergence pessimism
                                  1.85 ^ _209_/CLK (sky130_fd_sc_hd__dfxtp_1)
                         -0.08    1.77   library setup time
                                  1.77   data required time
-----------------------------------------------------------------------------
                                  1.77   data required time
                                 -1.40   data arrival time
-----------------------------------------------------------------------------
                                  0.37   slack (MET)


Startpoint: sel[1] (input port clocked by clk)
Endpoint: _208_ (rising edge-triggered flip-flop clocked by clk)
Path Group: clk
Path Type: max

Fanout     Cap    Slew   Delay    Time   Description
-----------------------------------------------------------------------------
                  0.15    0.00    0.00   clock clk (rise edge)
                          0.00    0.00   clock network delay (ideal)
                          0.42    0.42 v input external delay
     1    0.00    0.01    0.00    0.42 v sel[1] (in)
                                         sel[1] (net)
                  0.01    0.00    0.42 v input3/A (sky130_fd_sc_hd__buf_1)
     4    0.01    0.07    0.12    0.54 v input3/X (sky130_fd_sc_hd__buf_1)
                                         net3 (net)
                  0.07    0.00    0.54 v _200_/A (sky130_fd_sc_hd__clkbuf_2)
    10    0.02    0.10    0.18    0.72 v _200_/X (sky130_fd_sc_hd__clkbuf_2)
                                         _051_ (net)
                  0.10    0.00    0.72 v _205_/A (sky130_fd_sc_hd__or2_1)
     4    0.01    0.08    0.30    1.02 v _205_/X (sky130_fd_sc_hd__or2_1)
                                         _056_ (net)
                  0.08    0.00    1.02 v _124_/A1 (sky130_fd_sc_hd__a221oi_1)
     1    0.00    0.23    0.29    1.30 ^ _124_/Y (sky130_fd_sc_hd__a221oi_1)
                                         _076_ (net)
                  0.23    0.00    1.30 ^ _130_/A2 (sky130_fd_sc_hd__o21ai_1)
     1    0.00    0.05    0.08    1.39 v _130_/Y (sky130_fd_sc_hd__o21ai_1)
                                         _002_ (net)
                  0.05    0.00    1.39 v _208_/D (sky130_fd_sc_hd__dfxtp_1)
                                  1.39   data arrival time

                  0.15    2.10    2.10   clock clk (rise edge)
                          0.00    2.10   clock network delay (ideal)
                         -0.25    1.85   clock uncertainty
                          0.00    1.85   clock reconvergence pessimism
                                  1.85 ^ _208_/CLK (sky130_fd_sc_hd__dfxtp_1)
                         -0.09    1.76   library setup time
                                  1.76   data required time
-----------------------------------------------------------------------------
                                  1.76   data required time
                                 -1.39   data arrival time
-----------------------------------------------------------------------------
                                  0.38   slack (MET)


Startpoint: sel[1] (input port clocked by clk)
Endpoint: _212_ (rising edge-triggered flip-flop clocked by clk)
Path Group: clk
Path Type: max

Fanout     Cap    Slew   Delay    Time   Description
-----------------------------------------------------------------------------
                  0.15    0.00    0.00   clock clk (rise edge)
                          0.00    0.00   clock network delay (ideal)
                          0.42    0.42 v input external delay
     1    0.00    0.01    0.00    0.42 v sel[1] (in)
                                         sel[1] (net)
                  0.01    0.00    0.42 v input3/A (sky130_fd_sc_hd__buf_1)
     4    0.01    0.07    0.12    0.54 v input3/X (sky130_fd_sc_hd__buf_1)
                                         net3 (net)
                  0.07    0.00    0.54 v _200_/A (sky130_fd_sc_hd__clkbuf_2)
    10    0.02    0.10    0.18    0.72 v _200_/X (sky130_fd_sc_hd__clkbuf_2)
                                         _051_ (net)
                  0.10    0.00    0.72 v _205_/A (sky130_fd_sc_hd__or2_1)
     4    0.01    0.08    0.30    1.02 v _205_/X (sky130_fd_sc_hd__or2_1)
                                         _056_ (net)
                  0.08    0.00    1.02 v _152_/A (sky130_fd_sc_hd__and3_1)
     1    0.00    0.04    0.16    1.18 v _152_/X (sky130_fd_sc_hd__and3_1)
                                         _100_ (net)
                  0.04    0.00    1.18 v _153_/B1 (sky130_fd_sc_hd__a41o_1)
     1    0.00    0.04    0.20    1.38 v _153_/X (sky130_fd_sc_hd__a41o_1)
                                         _006_ (net)
                  0.04    0.00    1.38 v _212_/D (sky130_fd_sc_hd__dfxtp_1)
                                  1.38   data arrival time

                  0.15    2.10    2.10   clock clk (rise edge)
                          0.00    2.10   clock network delay (ideal)
                         -0.25    1.85   clock uncertainty
                          0.00    1.85   clock reconvergence pessimism
                                  1.85 ^ _212_/CLK (sky130_fd_sc_hd__dfxtp_1)
                         -0.08    1.77   library setup time
                                  1.77   data required time
-----------------------------------------------------------------------------
                                  1.77   data required time
                                 -1.38   data arrival time
-----------------------------------------------------------------------------
                                  0.39   slack (MET)


Startpoint: _211_ (rising edge-triggered flip-flop clocked by clk)
Endpoint: _221_ (rising edge-triggered flip-flop clocked by clk)
Path Group: clk
Path Type: max

Fanout     Cap    Slew   Delay    Time   Description
-----------------------------------------------------------------------------
                  0.15    0.00    0.00   clock clk (rise edge)
                          0.00    0.00   clock network delay (ideal)
                  0.15    0.00    0.00 ^ _211_/CLK (sky130_fd_sc_hd__dfxtp_1)
     2    0.00    0.06    0.37    0.37 ^ _211_/Q (sky130_fd_sc_hd__dfxtp_1)
                                         cnt1[0] (net)
                  0.06    0.00    0.37 ^ _106_/A (sky130_fd_sc_hd__clkbuf_2)
    10    0.03    0.15    0.19    0.56 ^ _106_/X (sky130_fd_sc_hd__clkbuf_2)
                                         _060_ (net)
                  0.15    0.00    0.56 ^ _107_/B_N (sky130_fd_sc_hd__or2b_1)
     2    0.01    0.07    0.28    0.84 v _107_/X (sky130_fd_sc_hd__or2b_1)
                                         _061_ (net)
                  0.07    0.00    0.84 v _111_/A1 (sky130_fd_sc_hd__o21ai_2)
     6    0.02    0.23    0.25    1.09 ^ _111_/Y (sky130_fd_sc_hd__o21ai_2)
                                         _065_ (net)
                  0.23    0.00    1.09 ^ _191_/C1 (sky130_fd_sc_hd__o211ai_1)
     1    0.00    0.10    0.14    1.23 v _191_/Y (sky130_fd_sc_hd__o211ai_1)
                                         _043_ (net)
                  0.10    0.00    1.23 v _195_/A2_N (sky130_fd_sc_hd__o2bb2ai_1)
     1    0.00    0.05    0.14    1.37 v _195_/Y (sky130_fd_sc_hd__o2bb2ai_1)
                                         _015_ (net)
                  0.05    0.00    1.37 v _221_/D (sky130_fd_sc_hd__dfxtp_1)
                                  1.37   data arrival time

                  0.15    2.10    2.10   clock clk (rise edge)
                          0.00    2.10   clock network delay (ideal)
                         -0.25    1.85   clock uncertainty
                          0.00    1.85   clock reconvergence pessimism
                                  1.85 ^ _221_/CLK (sky130_fd_sc_hd__dfxtp_1)
                         -0.09    1.76   library setup time
                                  1.76   data required time
-----------------------------------------------------------------------------
                                  1.76   data required time
                                 -1.37   data arrival time
-----------------------------------------------------------------------------
                                  0.39   slack (MET)


Startpoint: sel[1] (input port clocked by clk)
Endpoint: _216_ (rising edge-triggered flip-flop clocked by clk)
Path Group: clk
Path Type: max

Fanout     Cap    Slew   Delay    Time   Description
-----------------------------------------------------------------------------
                  0.15    0.00    0.00   clock clk (rise edge)
                          0.00    0.00   clock network delay (ideal)
                          0.42    0.42 v input external delay
     1    0.00    0.01    0.00    0.42 v sel[1] (in)
                                         sel[1] (net)
                  0.01    0.00    0.42 v input3/A (sky130_fd_sc_hd__buf_1)
     4    0.01    0.07    0.12    0.54 v input3/X (sky130_fd_sc_hd__buf_1)
                                         net3 (net)
                  0.07    0.00    0.54 v _200_/A (sky130_fd_sc_hd__clkbuf_2)
    10    0.02    0.10    0.18    0.72 v _200_/X (sky130_fd_sc_hd__clkbuf_2)
                                         _051_ (net)
                  0.10    0.00    0.72 v _205_/A (sky130_fd_sc_hd__or2_1)
     4    0.01    0.08    0.30    1.02 v _205_/X (sky130_fd_sc_hd__or2_1)
                                         _056_ (net)
                  0.08    0.00    1.02 v _165_/A1 (sky130_fd_sc_hd__a21bo_1)
     1    0.00    0.03    0.18    1.20 v _165_/X (sky130_fd_sc_hd__a21bo_1)
                                         _022_ (net)
                  0.03    0.00    1.20 v _167_/B1 (sky130_fd_sc_hd__o22a_1)
     1    0.00    0.04    0.17    1.37 v _167_/X (sky130_fd_sc_hd__o22a_1)
                                         _010_ (net)
                  0.04    0.00    1.37 v _216_/D (sky130_fd_sc_hd__dfxtp_1)
                                  1.37   data arrival time

                  0.15    2.10    2.10   clock clk (rise edge)
                          0.00    2.10   clock network delay (ideal)
                         -0.25    1.85   clock uncertainty
                          0.00    1.85   clock reconvergence pessimism
                                  1.85 ^ _216_/CLK (sky130_fd_sc_hd__dfxtp_1)
                         -0.08    1.77   library setup time
                                  1.77   data required time
-----------------------------------------------------------------------------
                                  1.77   data required time
                                 -1.37   data arrival time
-----------------------------------------------------------------------------
                                  0.40   slack (MET)


Startpoint: sel[1] (input port clocked by clk)
Endpoint: _206_ (rising edge-triggered flip-flop clocked by clk)
Path Group: clk
Path Type: max

Fanout     Cap    Slew   Delay    Time   Description
-----------------------------------------------------------------------------
                  0.15    0.00    0.00   clock clk (rise edge)
                          0.00    0.00   clock network delay (ideal)
                          0.42    0.42 v input external delay
     1    0.00    0.01    0.00    0.42 v sel[1] (in)
                                         sel[1] (net)
                  0.01    0.00    0.42 v input3/A (sky130_fd_sc_hd__buf_1)
     4    0.01    0.07    0.12    0.54 v input3/X (sky130_fd_sc_hd__buf_1)
                                         net3 (net)
                  0.07    0.00    0.54 v _200_/A (sky130_fd_sc_hd__clkbuf_2)
    10    0.02    0.10    0.18    0.72 v _200_/X (sky130_fd_sc_hd__clkbuf_2)
                                         _051_ (net)
                  0.10    0.00    0.72 v _205_/A (sky130_fd_sc_hd__or2_1)
     4    0.01    0.08    0.30    1.02 v _205_/X (sky130_fd_sc_hd__or2_1)
                                         _056_ (net)
                  0.08    0.00    1.02 v _104_/A (sky130_fd_sc_hd__nand2_1)
     3    0.01    0.09    0.11    1.13 ^ _104_/Y (sky130_fd_sc_hd__nand2_1)
                                         _058_ (net)
                  0.09    0.00    1.13 ^ _112_/C1 (sky130_fd_sc_hd__o2111ai_1)
     1    0.00    0.10    0.12    1.24 v _112_/Y (sky130_fd_sc_hd__o2111ai_1)
                                         _066_ (net)
                  0.10    0.00    1.24 v _113_/B1 (sky130_fd_sc_hd__o21a_1)
     1    0.00    0.03    0.13    1.37 v _113_/X (sky130_fd_sc_hd__o21a_1)
                                         _000_ (net)
                  0.03    0.00    1.37 v _206_/D (sky130_fd_sc_hd__dfxtp_2)
                                  1.37   data arrival time

                  0.15    2.10    2.10   clock clk (rise edge)
                          0.00    2.10   clock network delay (ideal)
                         -0.25    1.85   clock uncertainty
                          0.00    1.85   clock reconvergence pessimism
                                  1.85 ^ _206_/CLK (sky130_fd_sc_hd__dfxtp_2)
                         -0.08    1.77   library setup time
                                  1.77   data required time
-----------------------------------------------------------------------------
                                  1.77   data required time
                                 -1.37   data arrival time
-----------------------------------------------------------------------------
                                  0.40   slack (MET)


Startpoint: sel[0] (input port clocked by clk)
Endpoint: _211_ (rising edge-triggered flip-flop clocked by clk)
Path Group: clk
Path Type: max

Fanout     Cap    Slew   Delay    Time   Description
-----------------------------------------------------------------------------
                  0.15    0.00    0.00   clock clk (rise edge)
                          0.00    0.00   clock network delay (ideal)
                          0.42    0.42 v input external delay
     1    0.00    0.01    0.00    0.42 v sel[0] (in)
                                         sel[0] (net)
                  0.01    0.00    0.42 v input2/A (sky130_fd_sc_hd__clkbuf_2)
     7    0.02    0.07    0.13    0.56 v input2/X (sky130_fd_sc_hd__clkbuf_2)
                                         net2 (net)
                  0.07    0.00    0.56 v _204_/A (sky130_fd_sc_hd__buf_2)
    10    0.03    0.07    0.19    0.75 v _204_/X (sky130_fd_sc_hd__buf_2)
                                         _055_ (net)
                  0.07    0.00    0.75 v _146_/A2 (sky130_fd_sc_hd__o21a_1)
     4    0.01    0.07    0.22    0.97 v _146_/X (sky130_fd_sc_hd__o21a_1)
                                         _095_ (net)
                  0.07    0.00    0.97 v _147_/A1 (sky130_fd_sc_hd__mux2_1)
     1    0.00    0.05    0.31    1.27 v _147_/X (sky130_fd_sc_hd__mux2_1)
                                         _096_ (net)
                  0.05    0.00    1.27 v _148_/A (sky130_fd_sc_hd__clkbuf_1)
     1    0.00    0.02    0.09    1.37 v _148_/X (sky130_fd_sc_hd__clkbuf_1)
                                         _005_ (net)
                  0.02    0.00    1.37 v _211_/D (sky130_fd_sc_hd__dfxtp_1)
                                  1.37   data arrival time

                  0.15    2.10    2.10   clock clk (rise edge)
                          0.00    2.10   clock network delay (ideal)
                         -0.25    1.85   clock uncertainty
                          0.00    1.85   clock reconvergence pessimism
                                  1.85 ^ _211_/CLK (sky130_fd_sc_hd__dfxtp_1)
                         -0.08    1.77   library setup time
                                  1.77   data required time
-----------------------------------------------------------------------------
                                  1.77   data required time
                                 -1.37   data arrival time
-----------------------------------------------------------------------------
                                  0.41   slack (MET)


Startpoint: sel[1] (input port clocked by clk)
Endpoint: _219_ (rising edge-triggered flip-flop clocked by clk)
Path Group: clk
Path Type: max

Fanout     Cap    Slew   Delay    Time   Description
-----------------------------------------------------------------------------
                  0.15    0.00    0.00   clock clk (rise edge)
                          0.00    0.00   clock network delay (ideal)
                          0.42    0.42 ^ input external delay
     1    0.00    0.02    0.01    0.43 ^ sel[1] (in)
                                         sel[1] (net)
                  0.02    0.00    0.43 ^ input3/A (sky130_fd_sc_hd__buf_1)
     4    0.01    0.15    0.15    0.59 ^ input3/X (sky130_fd_sc_hd__buf_1)
                                         net3 (net)
                  0.15    0.00    0.59 ^ _200_/A (sky130_fd_sc_hd__clkbuf_2)
    10    0.03    0.15    0.22    0.81 ^ _200_/X (sky130_fd_sc_hd__clkbuf_2)
                                         _051_ (net)
                  0.15    0.00    0.81 ^ _120_/B (sky130_fd_sc_hd__nor3_1)
     4    0.01    0.07    0.11    0.91 v _120_/Y (sky130_fd_sc_hd__nor3_1)
                                         _073_ (net)
                  0.07    0.00    0.91 v _181_/B1 (sky130_fd_sc_hd__a211oi_1)
     2    0.01    0.30    0.32    1.24 ^ _181_/Y (sky130_fd_sc_hd__a211oi_1)
                                         _035_ (net)
                  0.30    0.00    1.24 ^ _184_/A2 (sky130_fd_sc_hd__o21ai_1)
     1    0.00    0.06    0.09    1.33 v _184_/Y (sky130_fd_sc_hd__o21ai_1)
                                         _013_ (net)
                  0.06    0.00    1.33 v _219_/D (sky130_fd_sc_hd__dfxtp_1)
                                  1.33   data arrival time

                  0.15    2.10    2.10   clock clk (rise edge)
                          0.00    2.10   clock network delay (ideal)
                         -0.25    1.85   clock uncertainty
                          0.00    1.85   clock reconvergence pessimism
                                  1.85 ^ _219_/CLK (sky130_fd_sc_hd__dfxtp_1)
                         -0.09    1.76   library setup time
                                  1.76   data required time
-----------------------------------------------------------------------------
                                  1.76   data required time
                                 -1.33   data arrival time
-----------------------------------------------------------------------------
                                  0.43   slack (MET)


Startpoint: sel[1] (input port clocked by clk)
Endpoint: _220_ (rising edge-triggered flip-flop clocked by clk)
Path Group: clk
Path Type: max

Fanout     Cap    Slew   Delay    Time   Description
-----------------------------------------------------------------------------
                  0.15    0.00    0.00   clock clk (rise edge)
                          0.00    0.00   clock network delay (ideal)
                          0.42    0.42 ^ input external delay
     1    0.00    0.02    0.01    0.43 ^ sel[1] (in)
                                         sel[1] (net)
                  0.02    0.00    0.43 ^ input3/A (sky130_fd_sc_hd__buf_1)
     4    0.01    0.15    0.15    0.59 ^ input3/X (sky130_fd_sc_hd__buf_1)
                                         net3 (net)
                  0.15    0.00    0.59 ^ _200_/A (sky130_fd_sc_hd__clkbuf_2)
    10    0.03    0.15    0.22    0.81 ^ _200_/X (sky130_fd_sc_hd__clkbuf_2)
                                         _051_ (net)
                  0.15    0.00    0.81 ^ _120_/B (sky130_fd_sc_hd__nor3_1)
     4    0.01    0.07    0.11    0.91 v _120_/Y (sky130_fd_sc_hd__nor3_1)
                                         _073_ (net)
                  0.07    0.00    0.91 v _181_/B1 (sky130_fd_sc_hd__a211oi_1)
     2    0.01    0.30    0.32    1.24 ^ _181_/Y (sky130_fd_sc_hd__a211oi_1)
                                         _035_ (net)
                  0.30    0.00    1.24 ^ _190_/A2 (sky130_fd_sc_hd__o21ai_1)
     1    0.00    0.06    0.09    1.33 v _190_/Y (sky130_fd_sc_hd__o21ai_1)
                                         _014_ (net)
                  0.06    0.00    1.33 v _220_/D (sky130_fd_sc_hd__dfxtp_1)
                                  1.33   data arrival time

                  0.15    2.10    2.10   clock clk (rise edge)
                          0.00    2.10   clock network delay (ideal)
                         -0.25    1.85   clock uncertainty
                          0.00    1.85   clock reconvergence pessimism
                                  1.85 ^ _220_/CLK (sky130_fd_sc_hd__dfxtp_1)
                         -0.09    1.76   library setup time
                                  1.76   data required time
-----------------------------------------------------------------------------
                                  1.76   data required time
                                 -1.33   data arrival time
-----------------------------------------------------------------------------
                                  0.43   slack (MET)


Startpoint: _211_ (rising edge-triggered flip-flop clocked by clk)
Endpoint: _210_ (rising edge-triggered flip-flop clocked by clk)
Path Group: clk
Path Type: max

Fanout     Cap    Slew   Delay    Time   Description
-----------------------------------------------------------------------------
                  0.15    0.00    0.00   clock clk (rise edge)
                          0.00    0.00   clock network delay (ideal)
                  0.15    0.00    0.00 ^ _211_/CLK (sky130_fd_sc_hd__dfxtp_1)
     2    0.00    0.06    0.37    0.37 ^ _211_/Q (sky130_fd_sc_hd__dfxtp_1)
                                         cnt1[0] (net)
                  0.06    0.00    0.37 ^ _106_/A (sky130_fd_sc_hd__clkbuf_2)
    10    0.03    0.15    0.19    0.56 ^ _106_/X (sky130_fd_sc_hd__clkbuf_2)
                                         _060_ (net)
                  0.15    0.00    0.56 ^ _107_/B_N (sky130_fd_sc_hd__or2b_1)
     2    0.01    0.07    0.28    0.84 v _107_/X (sky130_fd_sc_hd__or2b_1)
                                         _061_ (net)
                  0.07    0.00    0.84 v _143_/A1 (sky130_fd_sc_hd__o21ai_1)
     3    0.01    0.21    0.22    1.06 ^ _143_/Y (sky130_fd_sc_hd__o21ai_1)
                                         _093_ (net)
                  0.21    0.00    1.06 ^ _144_/A (sky130_fd_sc_hd__nand4_1)
     1    0.00    0.08    0.11    1.17 v _144_/Y (sky130_fd_sc_hd__nand4_1)
                                         _094_ (net)
                  0.08    0.00    1.17 v _145_/B1 (sky130_fd_sc_hd__a32oi_1)
     1    0.00    0.13    0.15    1.32 ^ _145_/Y (sky130_fd_sc_hd__a32oi_1)
                                         _004_ (net)
                  0.13    0.00    1.32 ^ _210_/D (sky130_fd_sc_hd__dfxtp_1)
                                  1.32   data arrival time

                  0.15    2.10    2.10   clock clk (rise edge)
                          0.00    2.10   clock network delay (ideal)
                         -0.25    1.85   clock uncertainty
                          0.00    1.85   clock reconvergence pessimism
                                  1.85 ^ _210_/CLK (sky130_fd_sc_hd__dfxtp_1)
                         -0.06    1.79   library setup time
                                  1.79   data required time
-----------------------------------------------------------------------------
                                  1.79   data required time
                                 -1.32   data arrival time
-----------------------------------------------------------------------------
                                  0.47   slack (MET)


Startpoint: _211_ (rising edge-triggered flip-flop clocked by clk)
Endpoint: _217_ (rising edge-triggered flip-flop clocked by clk)
Path Group: clk
Path Type: max

Fanout     Cap    Slew   Delay    Time   Description
-----------------------------------------------------------------------------
                  0.15    0.00    0.00   clock clk (rise edge)
                          0.00    0.00   clock network delay (ideal)
                  0.15    0.00    0.00 ^ _211_/CLK (sky130_fd_sc_hd__dfxtp_1)
     2    0.00    0.06    0.37    0.37 ^ _211_/Q (sky130_fd_sc_hd__dfxtp_1)
                                         cnt1[0] (net)
                  0.06    0.00    0.37 ^ _106_/A (sky130_fd_sc_hd__clkbuf_2)
    10    0.03    0.15    0.19    0.56 ^ _106_/X (sky130_fd_sc_hd__clkbuf_2)
                                         _060_ (net)
                  0.15    0.00    0.56 ^ _107_/B_N (sky130_fd_sc_hd__or2b_1)
     2    0.01    0.07    0.28    0.84 v _107_/X (sky130_fd_sc_hd__or2b_1)
                                         _061_ (net)
                  0.07    0.00    0.84 v _143_/A1 (sky130_fd_sc_hd__o21ai_1)
     3    0.01    0.21    0.22    1.06 ^ _143_/Y (sky130_fd_sc_hd__o21ai_1)
                                         _093_ (net)
                  0.21    0.00    1.06 ^ _171_/A (sky130_fd_sc_hd__nand3_1)
     1    0.00    0.08    0.10    1.16 v _171_/Y (sky130_fd_sc_hd__nand3_1)
                                         _027_ (net)
                  0.08    0.00    1.16 v _174_/A2 (sky130_fd_sc_hd__a21oi_1)
     1    0.00    0.09    0.14    1.31 ^ _174_/Y (sky130_fd_sc_hd__a21oi_1)
                                         _011_ (net)
                  0.09    0.00    1.31 ^ _217_/D (sky130_fd_sc_hd__dfxtp_1)
                                  1.31   data arrival time

                  0.15    2.10    2.10   clock clk (rise edge)
                          0.00    2.10   clock network delay (ideal)
                         -0.25    1.85   clock uncertainty
                          0.00    1.85   clock reconvergence pessimism
                                  1.85 ^ _217_/CLK (sky130_fd_sc_hd__dfxtp_1)
                         -0.05    1.80   library setup time
                                  1.80   data required time
-----------------------------------------------------------------------------
                                  1.80   data required time
                                 -1.31   data arrival time
-----------------------------------------------------------------------------
                                  0.49   slack (MET)


Startpoint: _211_ (rising edge-triggered flip-flop clocked by clk)
Endpoint: _218_ (rising edge-triggered flip-flop clocked by clk)
Path Group: clk
Path Type: max

Fanout     Cap    Slew   Delay    Time   Description
-----------------------------------------------------------------------------
                  0.15    0.00    0.00   clock clk (rise edge)
                          0.00    0.00   clock network delay (ideal)
                  0.15    0.00    0.00 ^ _211_/CLK (sky130_fd_sc_hd__dfxtp_1)
     2    0.00    0.06    0.37    0.37 ^ _211_/Q (sky130_fd_sc_hd__dfxtp_1)
                                         cnt1[0] (net)
                  0.06    0.00    0.37 ^ _106_/A (sky130_fd_sc_hd__clkbuf_2)
    10    0.03    0.15    0.19    0.56 ^ _106_/X (sky130_fd_sc_hd__clkbuf_2)
                                         _060_ (net)
                  0.15    0.00    0.56 ^ _107_/B_N (sky130_fd_sc_hd__or2b_1)
     2    0.01    0.07    0.28    0.84 v _107_/X (sky130_fd_sc_hd__or2b_1)
                                         _061_ (net)
                  0.07    0.00    0.84 v _143_/A1 (sky130_fd_sc_hd__o21ai_1)
     3    0.01    0.21    0.22    1.06 ^ _143_/Y (sky130_fd_sc_hd__o21ai_1)
                                         _093_ (net)
                  0.21    0.00    1.06 ^ _176_/A (sky130_fd_sc_hd__nand3_1)
     1    0.00    0.08    0.10    1.16 v _176_/Y (sky130_fd_sc_hd__nand3_1)
                                         _031_ (net)
                  0.08    0.00    1.16 v _179_/B1 (sky130_fd_sc_hd__o2bb2ai_1)
     1    0.00    0.09    0.14    1.30 ^ _179_/Y (sky130_fd_sc_hd__o2bb2ai_1)
                                         _012_ (net)
                  0.09    0.00    1.30 ^ _218_/D (sky130_fd_sc_hd__dfxtp_1)
                                  1.30   data arrival time

                  0.15    2.10    2.10   clock clk (rise edge)
                          0.00    2.10   clock network delay (ideal)
                         -0.25    1.85   clock uncertainty
                          0.00    1.85   clock reconvergence pessimism
                                  1.85 ^ _218_/CLK (sky130_fd_sc_hd__dfxtp_1)
                         -0.05    1.80   library setup time
                                  1.80   data required time
-----------------------------------------------------------------------------
                                  1.80   data required time
                                 -1.30   data arrival time
-----------------------------------------------------------------------------
                                  0.50   slack (MET)


Startpoint: sel[0] (input port clocked by clk)
Endpoint: _213_ (rising edge-triggered flip-flop clocked by clk)
Path Group: clk
Path Type: max

Fanout     Cap    Slew   Delay    Time   Description
-----------------------------------------------------------------------------
                  0.15    0.00    0.00   clock clk (rise edge)
                          0.00    0.00   clock network delay (ideal)
                          0.42    0.42 v input external delay
     1    0.00    0.01    0.00    0.42 v sel[0] (in)
                                         sel[0] (net)
                  0.01    0.00    0.42 v input2/A (sky130_fd_sc_hd__clkbuf_2)
     7    0.02    0.07    0.13    0.56 v input2/X (sky130_fd_sc_hd__clkbuf_2)
                                         net2 (net)
                  0.07    0.00    0.56 v _204_/A (sky130_fd_sc_hd__buf_2)
    10    0.03    0.07    0.19    0.75 v _204_/X (sky130_fd_sc_hd__buf_2)
                                         _055_ (net)
                  0.07    0.00    0.75 v _146_/A2 (sky130_fd_sc_hd__o21a_1)
     4    0.01    0.07    0.22    0.97 v _146_/X (sky130_fd_sc_hd__o21a_1)
                                         _095_ (net)
                  0.07    0.00    0.97 v _156_/B2 (sky130_fd_sc_hd__a2bb2o_1)
     1    0.00    0.05    0.25    1.22 v _156_/X (sky130_fd_sc_hd__a2bb2o_1)
                                         _007_ (net)
                  0.05    0.00    1.22 v _213_/D (sky130_fd_sc_hd__dfxtp_1)
                                  1.22   data arrival time

                  0.15    2.10    2.10   clock clk (rise edge)
                          0.00    2.10   clock network delay (ideal)
                         -0.25    1.85   clock uncertainty
                          0.00    1.85   clock reconvergence pessimism
                                  1.85 ^ _213_/CLK (sky130_fd_sc_hd__dfxtp_1)
                         -0.09    1.76   library setup time
                                  1.76   data required time
-----------------------------------------------------------------------------
                                  1.76   data required time
                                 -1.22   data arrival time
-----------------------------------------------------------------------------
                                  0.55   slack (MET)


Startpoint: sel[0] (input port clocked by clk)
Endpoint: _215_ (rising edge-triggered flip-flop clocked by clk)
Path Group: clk
Path Type: max

Fanout     Cap    Slew   Delay    Time   Description
-----------------------------------------------------------------------------
                  0.15    0.00    0.00   clock clk (rise edge)
                          0.00    0.00   clock network delay (ideal)
                          0.42    0.42 v input external delay
     1    0.00    0.01    0.00    0.42 v sel[0] (in)
                                         sel[0] (net)
                  0.01    0.00    0.42 v input2/A (sky130_fd_sc_hd__clkbuf_2)
     7    0.02    0.07    0.13    0.56 v input2/X (sky130_fd_sc_hd__clkbuf_2)
                                         net2 (net)
                  0.07    0.00    0.56 v _204_/A (sky130_fd_sc_hd__buf_2)
    10    0.03    0.07    0.19    0.75 v _204_/X (sky130_fd_sc_hd__buf_2)
                                         _055_ (net)
                  0.07    0.00    0.75 v _146_/A2 (sky130_fd_sc_hd__o21a_1)
     4    0.01    0.07    0.22    0.97 v _146_/X (sky130_fd_sc_hd__o21a_1)
                                         _095_ (net)
                  0.07    0.00    0.97 v _162_/B2 (sky130_fd_sc_hd__a32o_1)
     1    0.00    0.04    0.22    1.19 v _162_/X (sky130_fd_sc_hd__a32o_1)
                                         _009_ (net)
                  0.04    0.00    1.19 v _215_/D (sky130_fd_sc_hd__dfxtp_1)
                                  1.19   data arrival time

                  0.15    2.10    2.10   clock clk (rise edge)
                          0.00    2.10   clock network delay (ideal)
                         -0.25    1.85   clock uncertainty
                          0.00    1.85   clock reconvergence pessimism
                                  1.85 ^ _215_/CLK (sky130_fd_sc_hd__dfxtp_1)
                         -0.08    1.77   library setup time
                                  1.77   data required time
-----------------------------------------------------------------------------
                                  1.77   data required time
                                 -1.19   data arrival time
-----------------------------------------------------------------------------
                                  0.58   slack (MET)


Startpoint: sel[0] (input port clocked by clk)
Endpoint: _214_ (rising edge-triggered flip-flop clocked by clk)
Path Group: clk
Path Type: max

Fanout     Cap    Slew   Delay    Time   Description
-----------------------------------------------------------------------------
                  0.15    0.00    0.00   clock clk (rise edge)
                          0.00    0.00   clock network delay (ideal)
                          0.42    0.42 v input external delay
     1    0.00    0.01    0.00    0.42 v sel[0] (in)
                                         sel[0] (net)
                  0.01    0.00    0.42 v input2/A (sky130_fd_sc_hd__clkbuf_2)
     7    0.02    0.07    0.13    0.56 v input2/X (sky130_fd_sc_hd__clkbuf_2)
                                         net2 (net)
                  0.07    0.00    0.56 v _204_/A (sky130_fd_sc_hd__buf_2)
    10    0.03    0.07    0.19    0.75 v _204_/X (sky130_fd_sc_hd__buf_2)
                                         _055_ (net)
                  0.07    0.00    0.75 v _146_/A2 (sky130_fd_sc_hd__o21a_1)
     4    0.01    0.07    0.22    0.97 v _146_/X (sky130_fd_sc_hd__o21a_1)
                                         _095_ (net)
                  0.07    0.00    0.97 v _159_/B2 (sky130_fd_sc_hd__a32o_1)
     1    0.00    0.04    0.22    1.19 v _159_/X (sky130_fd_sc_hd__a32o_1)
                                         _008_ (net)
                  0.04    0.00    1.19 v _214_/D (sky130_fd_sc_hd__dfxtp_1)
                                  1.19   data arrival time

                  0.15    2.10    2.10   clock clk (rise edge)
                          0.00    2.10   clock network delay (ideal)
                         -0.25    1.85   clock uncertainty
                          0.00    1.85   clock reconvergence pessimism
                                  1.85 ^ _214_/CLK (sky130_fd_sc_hd__dfxtp_1)
                         -0.08    1.77   library setup time
                                  1.77   data required time
-----------------------------------------------------------------------------
                                  1.77   data required time
                                 -1.19   data arrival time
-----------------------------------------------------------------------------
                                  0.58   slack (MET)


Startpoint: _210_ (rising edge-triggered flip-flop clocked by clk)
Endpoint: clkout (output port clocked by clk)
Path Group: clk
Path Type: max

Fanout     Cap    Slew   Delay    Time   Description
-----------------------------------------------------------------------------
                  0.15    0.00    0.00   clock clk (rise edge)
                          0.00    0.00   clock network delay (ideal)
                  0.15    0.00    0.00 ^ _210_/CLK (sky130_fd_sc_hd__dfxtp_1)
     2    0.01    0.08    0.38    0.38 ^ _210_/Q (sky130_fd_sc_hd__dfxtp_1)
                                         net4 (net)
                  0.08    0.00    0.38 ^ output4/A (sky130_fd_sc_hd__clkbuf_4)
     1    0.03    0.11    0.21    0.59 ^ output4/X (sky130_fd_sc_hd__clkbuf_4)
                                         clkout (net)
                  0.11    0.00    0.59 ^ clkout (out)
                                  0.59   data arrival time

                  0.15    2.10    2.10   clock clk (rise edge)
                          0.00    2.10   clock network delay (ideal)
                         -0.25    1.85   clock uncertainty
                          0.00    1.85   clock reconvergence pessimism
                         -0.42    1.43   output external delay
                                  1.43   data required time
-----------------------------------------------------------------------------
                                  1.43   data required time
                                 -0.59   data arrival time
-----------------------------------------------------------------------------
                                  0.84   slack (MET)



worst slack corner Typical: 0.3263
