
61. Printing statistics.

=== pes_brg ===

   Number of wires:                122
   Number of wire bits:            123
   Number of public wires:          19
   Number of public wire bits:      20
   Number of memories:               0
   Number of memory bits:            0
   Number of processes:              0
   Number of cells:                119
     sky130_fd_sc_hd__a211oi_2       2
     sky130_fd_sc_hd__a21bo_2        1
     sky130_fd_sc_hd__a21o_2         2
     sky130_fd_sc_hd__a21oi_2        4
     sky130_fd_sc_hd__a221oi_2       1
     sky130_fd_sc_hd__a2bb2o_2       1
     sky130_fd_sc_hd__a31o_2         4
     sky130_fd_sc_hd__a32o_2         2
     sky130_fd_sc_hd__a32oi_2        2
     sky130_fd_sc_hd__a41o_2         2
     sky130_fd_sc_hd__and2_2         2
     sky130_fd_sc_hd__and2b_2        1
     sky130_fd_sc_hd__and3_2         2
     sky130_fd_sc_hd__and4_2         2
     sky130_fd_sc_hd__and4b_2        1
     sky130_fd_sc_hd__buf_1          7
     sky130_fd_sc_hd__dfxtp_2       16
     sky130_fd_sc_hd__inv_2         10
     sky130_fd_sc_hd__mux2_2         1
     sky130_fd_sc_hd__nand2_2        5
     sky130_fd_sc_hd__nand3_2        4
     sky130_fd_sc_hd__nand3b_2       2
     sky130_fd_sc_hd__nand4_2        4
     sky130_fd_sc_hd__nand4b_2       3
     sky130_fd_sc_hd__nor2_2         6
     sky130_fd_sc_hd__nor3_2         1
     sky130_fd_sc_hd__nor3b_2        1
     sky130_fd_sc_hd__o2111ai_2      5
     sky130_fd_sc_hd__o211a_2        1
     sky130_fd_sc_hd__o211ai_2       2
     sky130_fd_sc_hd__o21a_2         3
     sky130_fd_sc_hd__o21ai_2        6
     sky130_fd_sc_hd__o22a_2         1
     sky130_fd_sc_hd__o2bb2ai_2      4
     sky130_fd_sc_hd__or2_2          5
     sky130_fd_sc_hd__or2b_2         1
     sky130_fd_sc_hd__or3_2          1
     sky130_fd_sc_hd__or3b_2         1

   Chip area for module '\pes_brg': 1276.224000

