
===========================================================================
report_checks -path_delay max (Setup)
============================================================================
======================= Typical Corner ===================================

Startpoint: _211_ (rising edge-triggered flip-flop clocked by clk)
Endpoint: _207_ (rising edge-triggered flip-flop clocked by clk)
Path Group: clk
Path Type: max

Fanout     Cap    Slew   Delay    Time   Description
-----------------------------------------------------------------------------
                  0.15    0.00    0.00   clock clk (rise edge)
                          0.00    0.00   clock network delay (ideal)
                  0.15    0.00    0.00 ^ _211_/CLK (sky130_fd_sc_hd__dfxtp_2)
     2    0.00    0.04    0.36    0.36 ^ _211_/Q (sky130_fd_sc_hd__dfxtp_2)
                                         cnt1[0] (net)
                  0.04    0.00    0.36 ^ _106_/A (sky130_fd_sc_hd__buf_1)
    10    0.03    0.34    0.30    0.66 ^ _106_/X (sky130_fd_sc_hd__buf_1)
                                         _060_ (net)
                  0.34    0.00    0.66 ^ _107_/B_N (sky130_fd_sc_hd__or2b_2)
     2    0.01    0.07    0.37    1.03 v _107_/X (sky130_fd_sc_hd__or2b_2)
                                         _061_ (net)
                  0.07    0.00    1.03 v _111_/A1 (sky130_fd_sc_hd__o21ai_2)
     6    0.03    0.33    0.32    1.36 ^ _111_/Y (sky130_fd_sc_hd__o21ai_2)
                                         _065_ (net)
                  0.33    0.00    1.36 ^ _114_/C1 (sky130_fd_sc_hd__o211ai_2)
     2    0.01    0.12    0.17    1.53 v _114_/Y (sky130_fd_sc_hd__o211ai_2)
                                         _067_ (net)
                  0.12    0.00    1.53 v _122_/A2_N (sky130_fd_sc_hd__o2bb2ai_2)
     1    0.00    0.03    0.15    1.68 v _122_/Y (sky130_fd_sc_hd__o2bb2ai_2)
                                         _001_ (net)
                  0.03    0.00    1.68 v _207_/D (sky130_fd_sc_hd__dfxtp_2)
                                  1.68   data arrival time

                  0.15    2.10    2.10   clock clk (rise edge)
                          0.00    2.10   clock network delay (ideal)
                         -0.25    1.85   clock uncertainty
                          0.00    1.85   clock reconvergence pessimism
                                  1.85 ^ _207_/CLK (sky130_fd_sc_hd__dfxtp_2)
                         -0.08    1.77   library setup time
                                  1.77   data required time
-----------------------------------------------------------------------------
                                  1.77   data required time
                                 -1.68   data arrival time
-----------------------------------------------------------------------------
                                  0.09   slack (MET)


Startpoint: _211_ (rising edge-triggered flip-flop clocked by clk)
Endpoint: _209_ (rising edge-triggered flip-flop clocked by clk)
Path Group: clk
Path Type: max

Fanout     Cap    Slew   Delay    Time   Description
-----------------------------------------------------------------------------
                  0.15    0.00    0.00   clock clk (rise edge)
                          0.00    0.00   clock network delay (ideal)
                  0.15    0.00    0.00 ^ _211_/CLK (sky130_fd_sc_hd__dfxtp_2)
     2    0.00    0.04    0.36    0.36 ^ _211_/Q (sky130_fd_sc_hd__dfxtp_2)
                                         cnt1[0] (net)
                  0.04    0.00    0.36 ^ _106_/A (sky130_fd_sc_hd__buf_1)
    10    0.03    0.34    0.30    0.66 ^ _106_/X (sky130_fd_sc_hd__buf_1)
                                         _060_ (net)
                  0.34    0.00    0.66 ^ _107_/B_N (sky130_fd_sc_hd__or2b_2)
     2    0.01    0.07    0.37    1.03 v _107_/X (sky130_fd_sc_hd__or2b_2)
                                         _061_ (net)
                  0.07    0.00    1.03 v _111_/A1 (sky130_fd_sc_hd__o21ai_2)
     6    0.03    0.33    0.32    1.36 ^ _111_/Y (sky130_fd_sc_hd__o21ai_2)
                                         _065_ (net)
                  0.33    0.00    1.36 ^ _114_/C1 (sky130_fd_sc_hd__o211ai_2)
     2    0.01    0.12    0.17    1.53 v _114_/Y (sky130_fd_sc_hd__o211ai_2)
                                         _067_ (net)
                  0.12    0.00    1.53 v _134_/A2_N (sky130_fd_sc_hd__o2bb2ai_2)
     1    0.00    0.03    0.15    1.68 v _134_/Y (sky130_fd_sc_hd__o2bb2ai_2)
                                         _003_ (net)
                  0.03    0.00    1.68 v _209_/D (sky130_fd_sc_hd__dfxtp_2)
                                  1.68   data arrival time

                  0.15    2.10    2.10   clock clk (rise edge)
                          0.00    2.10   clock network delay (ideal)
                         -0.25    1.85   clock uncertainty
                          0.00    1.85   clock reconvergence pessimism
                                  1.85 ^ _209_/CLK (sky130_fd_sc_hd__dfxtp_2)
                         -0.08    1.77   library setup time
                                  1.77   data required time
-----------------------------------------------------------------------------
                                  1.77   data required time
                                 -1.68   data arrival time
-----------------------------------------------------------------------------
                                  0.09   slack (MET)


Startpoint: _211_ (rising edge-triggered flip-flop clocked by clk)
Endpoint: _206_ (rising edge-triggered flip-flop clocked by clk)
Path Group: clk
Path Type: max

Fanout     Cap    Slew   Delay    Time   Description
-----------------------------------------------------------------------------
                  0.15    0.00    0.00   clock clk (rise edge)
                          0.00    0.00   clock network delay (ideal)
                  0.15    0.00    0.00 ^ _211_/CLK (sky130_fd_sc_hd__dfxtp_2)
     2    0.00    0.04    0.36    0.36 ^ _211_/Q (sky130_fd_sc_hd__dfxtp_2)
                                         cnt1[0] (net)
                  0.04    0.00    0.36 ^ _106_/A (sky130_fd_sc_hd__buf_1)
    10    0.03    0.34    0.30    0.66 ^ _106_/X (sky130_fd_sc_hd__buf_1)
                                         _060_ (net)
                  0.34    0.00    0.66 ^ _107_/B_N (sky130_fd_sc_hd__or2b_2)
     2    0.01    0.07    0.37    1.03 v _107_/X (sky130_fd_sc_hd__or2b_2)
                                         _061_ (net)
                  0.07    0.00    1.03 v _111_/A1 (sky130_fd_sc_hd__o21ai_2)
     6    0.03    0.33    0.32    1.36 ^ _111_/Y (sky130_fd_sc_hd__o21ai_2)
                                         _065_ (net)
                  0.33    0.00    1.36 ^ _112_/D1 (sky130_fd_sc_hd__o2111ai_2)
     1    0.00    0.11    0.15    1.51 v _112_/Y (sky130_fd_sc_hd__o2111ai_2)
                                         _066_ (net)
                  0.11    0.00    1.51 v _113_/B1 (sky130_fd_sc_hd__o21a_2)
     1    0.00    0.03    0.14    1.65 v _113_/X (sky130_fd_sc_hd__o21a_2)
                                         _000_ (net)
                  0.03    0.00    1.65 v _206_/D (sky130_fd_sc_hd__dfxtp_2)
                                  1.65   data arrival time

                  0.15    2.10    2.10   clock clk (rise edge)
                          0.00    2.10   clock network delay (ideal)
                         -0.25    1.85   clock uncertainty
                          0.00    1.85   clock reconvergence pessimism
                                  1.85 ^ _206_/CLK (sky130_fd_sc_hd__dfxtp_2)
                         -0.08    1.77   library setup time
                                  1.77   data required time
-----------------------------------------------------------------------------
                                  1.77   data required time
                                 -1.65   data arrival time
-----------------------------------------------------------------------------
                                  0.12   slack (MET)


Startpoint: _211_ (rising edge-triggered flip-flop clocked by clk)
Endpoint: _221_ (rising edge-triggered flip-flop clocked by clk)
Path Group: clk
Path Type: max

Fanout     Cap    Slew   Delay    Time   Description
-----------------------------------------------------------------------------
                  0.15    0.00    0.00   clock clk (rise edge)
                          0.00    0.00   clock network delay (ideal)
                  0.15    0.00    0.00 ^ _211_/CLK (sky130_fd_sc_hd__dfxtp_2)
     2    0.00    0.04    0.36    0.36 ^ _211_/Q (sky130_fd_sc_hd__dfxtp_2)
                                         cnt1[0] (net)
                  0.04    0.00    0.36 ^ _106_/A (sky130_fd_sc_hd__buf_1)
    10    0.03    0.34    0.30    0.66 ^ _106_/X (sky130_fd_sc_hd__buf_1)
                                         _060_ (net)
                  0.34    0.00    0.66 ^ _107_/B_N (sky130_fd_sc_hd__or2b_2)
     2    0.01    0.07    0.37    1.03 v _107_/X (sky130_fd_sc_hd__or2b_2)
                                         _061_ (net)
                  0.07    0.00    1.03 v _111_/A1 (sky130_fd_sc_hd__o21ai_2)
     6    0.03    0.33    0.32    1.36 ^ _111_/Y (sky130_fd_sc_hd__o21ai_2)
                                         _065_ (net)
                  0.33    0.00    1.36 ^ _191_/C1 (sky130_fd_sc_hd__o211ai_2)
     1    0.00    0.10    0.14    1.50 v _191_/Y (sky130_fd_sc_hd__o211ai_2)
                                         _043_ (net)
                  0.10    0.00    1.50 v _195_/A2_N (sky130_fd_sc_hd__o2bb2ai_2)
     1    0.00    0.04    0.14    1.64 v _195_/Y (sky130_fd_sc_hd__o2bb2ai_2)
                                         _015_ (net)
                  0.04    0.00    1.64 v _221_/D (sky130_fd_sc_hd__dfxtp_2)
                                  1.64   data arrival time

                  0.15    2.10    2.10   clock clk (rise edge)
                          0.00    2.10   clock network delay (ideal)
                         -0.25    1.85   clock uncertainty
                          0.00    1.85   clock reconvergence pessimism
                                  1.85 ^ _221_/CLK (sky130_fd_sc_hd__dfxtp_2)
                         -0.09    1.76   library setup time
                                  1.76   data required time
-----------------------------------------------------------------------------
                                  1.76   data required time
                                 -1.64   data arrival time
-----------------------------------------------------------------------------
                                  0.13   slack (MET)


Startpoint: _211_ (rising edge-triggered flip-flop clocked by clk)
Endpoint: _220_ (rising edge-triggered flip-flop clocked by clk)
Path Group: clk
Path Type: max

Fanout     Cap    Slew   Delay    Time   Description
-----------------------------------------------------------------------------
                  0.15    0.00    0.00   clock clk (rise edge)
                          0.00    0.00   clock network delay (ideal)
                  0.15    0.00    0.00 ^ _211_/CLK (sky130_fd_sc_hd__dfxtp_2)
     2    0.00    0.04    0.36    0.36 ^ _211_/Q (sky130_fd_sc_hd__dfxtp_2)
                                         cnt1[0] (net)
                  0.04    0.00    0.36 ^ _106_/A (sky130_fd_sc_hd__buf_1)
    10    0.03    0.34    0.30    0.66 ^ _106_/X (sky130_fd_sc_hd__buf_1)
                                         _060_ (net)
                  0.34    0.00    0.66 ^ _107_/B_N (sky130_fd_sc_hd__or2b_2)
     2    0.01    0.07    0.37    1.03 v _107_/X (sky130_fd_sc_hd__or2b_2)
                                         _061_ (net)
                  0.07    0.00    1.03 v _111_/A1 (sky130_fd_sc_hd__o21ai_2)
     6    0.03    0.33    0.32    1.36 ^ _111_/Y (sky130_fd_sc_hd__o21ai_2)
                                         _065_ (net)
                  0.33    0.00    1.36 ^ _189_/C1 (sky130_fd_sc_hd__o2111ai_2)
     1    0.00    0.12    0.18    1.54 v _189_/Y (sky130_fd_sc_hd__o2111ai_2)
                                         _042_ (net)
                  0.12    0.00    1.54 v _190_/B1 (sky130_fd_sc_hd__o21ai_2)
     1    0.00    0.08    0.07    1.62 ^ _190_/Y (sky130_fd_sc_hd__o21ai_2)
                                         _014_ (net)
                  0.08    0.00    1.62 ^ _220_/D (sky130_fd_sc_hd__dfxtp_2)
                                  1.62   data arrival time

                  0.15    2.10    2.10   clock clk (rise edge)
                          0.00    2.10   clock network delay (ideal)
                         -0.25    1.85   clock uncertainty
                          0.00    1.85   clock reconvergence pessimism
                                  1.85 ^ _220_/CLK (sky130_fd_sc_hd__dfxtp_2)
                         -0.05    1.80   library setup time
                                  1.80   data required time
-----------------------------------------------------------------------------
                                  1.80   data required time
                                 -1.62   data arrival time
-----------------------------------------------------------------------------
                                  0.18   slack (MET)


Startpoint: _211_ (rising edge-triggered flip-flop clocked by clk)
Endpoint: _219_ (rising edge-triggered flip-flop clocked by clk)
Path Group: clk
Path Type: max

Fanout     Cap    Slew   Delay    Time   Description
-----------------------------------------------------------------------------
                  0.15    0.00    0.00   clock clk (rise edge)
                          0.00    0.00   clock network delay (ideal)
                  0.15    0.00    0.00 ^ _211_/CLK (sky130_fd_sc_hd__dfxtp_2)
     2    0.00    0.04    0.36    0.36 ^ _211_/Q (sky130_fd_sc_hd__dfxtp_2)
                                         cnt1[0] (net)
                  0.04    0.00    0.36 ^ _106_/A (sky130_fd_sc_hd__buf_1)
    10    0.03    0.34    0.30    0.66 ^ _106_/X (sky130_fd_sc_hd__buf_1)
                                         _060_ (net)
                  0.34    0.00    0.66 ^ _107_/B_N (sky130_fd_sc_hd__or2b_2)
     2    0.01    0.07    0.37    1.03 v _107_/X (sky130_fd_sc_hd__or2b_2)
                                         _061_ (net)
                  0.07    0.00    1.03 v _111_/A1 (sky130_fd_sc_hd__o21ai_2)
     6    0.03    0.33    0.32    1.36 ^ _111_/Y (sky130_fd_sc_hd__o21ai_2)
                                         _065_ (net)
                  0.33    0.00    1.36 ^ _183_/D1 (sky130_fd_sc_hd__o2111ai_2)
     1    0.00    0.12    0.17    1.52 v _183_/Y (sky130_fd_sc_hd__o2111ai_2)
                                         _037_ (net)
                  0.12    0.00    1.52 v _184_/B1 (sky130_fd_sc_hd__o21ai_2)
     1    0.00    0.08    0.08    1.60 ^ _184_/Y (sky130_fd_sc_hd__o21ai_2)
                                         _013_ (net)
                  0.08    0.00    1.60 ^ _219_/D (sky130_fd_sc_hd__dfxtp_2)
                                  1.60   data arrival time

                  0.15    2.10    2.10   clock clk (rise edge)
                          0.00    2.10   clock network delay (ideal)
                         -0.25    1.85   clock uncertainty
                          0.00    1.85   clock reconvergence pessimism
                                  1.85 ^ _219_/CLK (sky130_fd_sc_hd__dfxtp_2)
                         -0.05    1.80   library setup time
                                  1.80   data required time
-----------------------------------------------------------------------------
                                  1.80   data required time
                                 -1.60   data arrival time
-----------------------------------------------------------------------------
                                  0.20   slack (MET)


Startpoint: _211_ (rising edge-triggered flip-flop clocked by clk)
Endpoint: _208_ (rising edge-triggered flip-flop clocked by clk)
Path Group: clk
Path Type: max

Fanout     Cap    Slew   Delay    Time   Description
-----------------------------------------------------------------------------
                  0.15    0.00    0.00   clock clk (rise edge)
                          0.00    0.00   clock network delay (ideal)
                  0.15    0.00    0.00 ^ _211_/CLK (sky130_fd_sc_hd__dfxtp_2)
     2    0.00    0.04    0.36    0.36 ^ _211_/Q (sky130_fd_sc_hd__dfxtp_2)
                                         cnt1[0] (net)
                  0.04    0.00    0.36 ^ _106_/A (sky130_fd_sc_hd__buf_1)
    10    0.03    0.34    0.30    0.66 ^ _106_/X (sky130_fd_sc_hd__buf_1)
                                         _060_ (net)
                  0.34    0.00    0.66 ^ _107_/B_N (sky130_fd_sc_hd__or2b_2)
     2    0.01    0.07    0.37    1.03 v _107_/X (sky130_fd_sc_hd__or2b_2)
                                         _061_ (net)
                  0.07    0.00    1.03 v _111_/A1 (sky130_fd_sc_hd__o21ai_2)
     6    0.03    0.33    0.32    1.36 ^ _111_/Y (sky130_fd_sc_hd__o21ai_2)
                                         _065_ (net)
                  0.33    0.00    1.36 ^ _129_/C (sky130_fd_sc_hd__nand4b_2)
     1    0.00    0.09    0.15    1.51 v _129_/Y (sky130_fd_sc_hd__nand4b_2)
                                         _081_ (net)
                  0.09    0.00    1.51 v _130_/B1 (sky130_fd_sc_hd__o21ai_2)
     1    0.00    0.07    0.06    1.57 ^ _130_/Y (sky130_fd_sc_hd__o21ai_2)
                                         _002_ (net)
                  0.07    0.00    1.57 ^ _208_/D (sky130_fd_sc_hd__dfxtp_2)
                                  1.57   data arrival time

                  0.15    2.10    2.10   clock clk (rise edge)
                          0.00    2.10   clock network delay (ideal)
                         -0.25    1.85   clock uncertainty
                          0.00    1.85   clock reconvergence pessimism
                                  1.85 ^ _208_/CLK (sky130_fd_sc_hd__dfxtp_2)
                         -0.05    1.80   library setup time
                                  1.80   data required time
-----------------------------------------------------------------------------
                                  1.80   data required time
                                 -1.57   data arrival time
-----------------------------------------------------------------------------
                                  0.23   slack (MET)


Startpoint: _211_ (rising edge-triggered flip-flop clocked by clk)
Endpoint: _210_ (rising edge-triggered flip-flop clocked by clk)
Path Group: clk
Path Type: max

Fanout     Cap    Slew   Delay    Time   Description
-----------------------------------------------------------------------------
                  0.15    0.00    0.00   clock clk (rise edge)
                          0.00    0.00   clock network delay (ideal)
                  0.15    0.00    0.00 ^ _211_/CLK (sky130_fd_sc_hd__dfxtp_2)
     2    0.00    0.04    0.36    0.36 ^ _211_/Q (sky130_fd_sc_hd__dfxtp_2)
                                         cnt1[0] (net)
                  0.04    0.00    0.36 ^ _106_/A (sky130_fd_sc_hd__buf_1)
    10    0.03    0.34    0.30    0.66 ^ _106_/X (sky130_fd_sc_hd__buf_1)
                                         _060_ (net)
                  0.34    0.00    0.66 ^ _107_/B_N (sky130_fd_sc_hd__or2b_2)
     2    0.01    0.07    0.37    1.03 v _107_/X (sky130_fd_sc_hd__or2b_2)
                                         _061_ (net)
                  0.07    0.00    1.03 v _143_/A1 (sky130_fd_sc_hd__o21ai_2)
     3    0.01    0.19    0.22    1.25 ^ _143_/Y (sky130_fd_sc_hd__o21ai_2)
                                         _093_ (net)
                  0.19    0.00    1.25 ^ _144_/A (sky130_fd_sc_hd__nand4_2)
     1    0.00    0.09    0.10    1.36 v _144_/Y (sky130_fd_sc_hd__nand4_2)
                                         _094_ (net)
                  0.09    0.00    1.36 v _145_/B1 (sky130_fd_sc_hd__a32oi_2)
     1    0.00    0.12    0.15    1.50 ^ _145_/Y (sky130_fd_sc_hd__a32oi_2)
                                         _004_ (net)
                  0.12    0.00    1.50 ^ _210_/D (sky130_fd_sc_hd__dfxtp_2)
                                  1.50   data arrival time

                  0.15    2.10    2.10   clock clk (rise edge)
                          0.00    2.10   clock network delay (ideal)
                         -0.25    1.85   clock uncertainty
                          0.00    1.85   clock reconvergence pessimism
                                  1.85 ^ _210_/CLK (sky130_fd_sc_hd__dfxtp_2)
                         -0.06    1.79   library setup time
                                  1.79   data required time
-----------------------------------------------------------------------------
                                  1.79   data required time
                                 -1.50   data arrival time
-----------------------------------------------------------------------------
                                  0.29   slack (MET)


Startpoint: sel[1] (input port clocked by clk)
Endpoint: _212_ (rising edge-triggered flip-flop clocked by clk)
Path Group: clk
Path Type: max

Fanout     Cap    Slew   Delay    Time   Description
-----------------------------------------------------------------------------
                  0.15    0.00    0.00   clock clk (rise edge)
                          0.00    0.00   clock network delay (ideal)
                          0.42    0.42 v input external delay
     4    0.01    0.02    0.02    0.44 v sel[1] (in)
                                         sel[1] (net)
                  0.02    0.00    0.44 v _200_/A (sky130_fd_sc_hd__buf_1)
    10    0.03    0.19    0.21    0.65 v _200_/X (sky130_fd_sc_hd__buf_1)
                                         _051_ (net)
                  0.19    0.00    0.65 v _205_/A (sky130_fd_sc_hd__or2_2)
     4    0.01    0.08    0.40    1.05 v _205_/X (sky130_fd_sc_hd__or2_2)
                                         _056_ (net)
                  0.08    0.00    1.05 v _152_/A (sky130_fd_sc_hd__and3_2)
     1    0.00    0.04    0.19    1.24 v _152_/X (sky130_fd_sc_hd__and3_2)
                                         _100_ (net)
                  0.04    0.00    1.24 v _153_/B1 (sky130_fd_sc_hd__a41o_2)
     1    0.00    0.03    0.22    1.46 v _153_/X (sky130_fd_sc_hd__a41o_2)
                                         _006_ (net)
                  0.03    0.00    1.46 v _212_/D (sky130_fd_sc_hd__dfxtp_2)
                                  1.46   data arrival time

                  0.15    2.10    2.10   clock clk (rise edge)
                          0.00    2.10   clock network delay (ideal)
                         -0.25    1.85   clock uncertainty
                          0.00    1.85   clock reconvergence pessimism
                                  1.85 ^ _212_/CLK (sky130_fd_sc_hd__dfxtp_2)
                         -0.08    1.77   library setup time
                                  1.77   data required time
-----------------------------------------------------------------------------
                                  1.77   data required time
                                 -1.46   data arrival time
-----------------------------------------------------------------------------
                                  0.30   slack (MET)


Startpoint: sel[1] (input port clocked by clk)
Endpoint: _216_ (rising edge-triggered flip-flop clocked by clk)
Path Group: clk
Path Type: max

Fanout     Cap    Slew   Delay    Time   Description
-----------------------------------------------------------------------------
                  0.15    0.00    0.00   clock clk (rise edge)
                          0.00    0.00   clock network delay (ideal)
                          0.42    0.42 v input external delay
     4    0.01    0.02    0.02    0.44 v sel[1] (in)
                                         sel[1] (net)
                  0.02    0.00    0.44 v _200_/A (sky130_fd_sc_hd__buf_1)
    10    0.03    0.19    0.21    0.65 v _200_/X (sky130_fd_sc_hd__buf_1)
                                         _051_ (net)
                  0.19    0.00    0.65 v _205_/A (sky130_fd_sc_hd__or2_2)
     4    0.01    0.08    0.40    1.05 v _205_/X (sky130_fd_sc_hd__or2_2)
                                         _056_ (net)
                  0.08    0.00    1.05 v _165_/A1 (sky130_fd_sc_hd__a21bo_2)
     1    0.00    0.03    0.21    1.26 v _165_/X (sky130_fd_sc_hd__a21bo_2)
                                         _022_ (net)
                  0.03    0.00    1.26 v _167_/B1 (sky130_fd_sc_hd__o22a_2)
     1    0.00    0.03    0.19    1.45 v _167_/X (sky130_fd_sc_hd__o22a_2)
                                         _010_ (net)
                  0.03    0.00    1.45 v _216_/D (sky130_fd_sc_hd__dfxtp_2)
                                  1.45   data arrival time

                  0.15    2.10    2.10   clock clk (rise edge)
                          0.00    2.10   clock network delay (ideal)
                         -0.25    1.85   clock uncertainty
                          0.00    1.85   clock reconvergence pessimism
                                  1.85 ^ _216_/CLK (sky130_fd_sc_hd__dfxtp_2)
                         -0.08    1.77   library setup time
                                  1.77   data required time
-----------------------------------------------------------------------------
                                  1.77   data required time
                                 -1.45   data arrival time
-----------------------------------------------------------------------------
                                  0.32   slack (MET)


Startpoint: _211_ (rising edge-triggered flip-flop clocked by clk)
Endpoint: _218_ (rising edge-triggered flip-flop clocked by clk)
Path Group: clk
Path Type: max

Fanout     Cap    Slew   Delay    Time   Description
-----------------------------------------------------------------------------
                  0.15    0.00    0.00   clock clk (rise edge)
                          0.00    0.00   clock network delay (ideal)
                  0.15    0.00    0.00 ^ _211_/CLK (sky130_fd_sc_hd__dfxtp_2)
     2    0.00    0.04    0.36    0.36 ^ _211_/Q (sky130_fd_sc_hd__dfxtp_2)
                                         cnt1[0] (net)
                  0.04    0.00    0.36 ^ _106_/A (sky130_fd_sc_hd__buf_1)
    10    0.03    0.34    0.30    0.66 ^ _106_/X (sky130_fd_sc_hd__buf_1)
                                         _060_ (net)
                  0.34    0.00    0.66 ^ _107_/B_N (sky130_fd_sc_hd__or2b_2)
     2    0.01    0.07    0.37    1.03 v _107_/X (sky130_fd_sc_hd__or2b_2)
                                         _061_ (net)
                  0.07    0.00    1.03 v _143_/A1 (sky130_fd_sc_hd__o21ai_2)
     3    0.01    0.19    0.22    1.25 ^ _143_/Y (sky130_fd_sc_hd__o21ai_2)
                                         _093_ (net)
                  0.19    0.00    1.25 ^ _176_/A (sky130_fd_sc_hd__nand3_2)
     1    0.00    0.07    0.09    1.34 v _176_/Y (sky130_fd_sc_hd__nand3_2)
                                         _031_ (net)
                  0.07    0.00    1.34 v _179_/B1 (sky130_fd_sc_hd__o2bb2ai_2)
     1    0.00    0.08    0.13    1.47 ^ _179_/Y (sky130_fd_sc_hd__o2bb2ai_2)
                                         _012_ (net)
                  0.08    0.00    1.47 ^ _218_/D (sky130_fd_sc_hd__dfxtp_2)
                                  1.47   data arrival time

                  0.15    2.10    2.10   clock clk (rise edge)
                          0.00    2.10   clock network delay (ideal)
                         -0.25    1.85   clock uncertainty
                          0.00    1.85   clock reconvergence pessimism
                                  1.85 ^ _218_/CLK (sky130_fd_sc_hd__dfxtp_2)
                         -0.05    1.80   library setup time
                                  1.80   data required time
-----------------------------------------------------------------------------
                                  1.80   data required time
                                 -1.47   data arrival time
-----------------------------------------------------------------------------
                                  0.32   slack (MET)


Startpoint: _211_ (rising edge-triggered flip-flop clocked by clk)
Endpoint: _217_ (rising edge-triggered flip-flop clocked by clk)
Path Group: clk
Path Type: max

Fanout     Cap    Slew   Delay    Time   Description
-----------------------------------------------------------------------------
                  0.15    0.00    0.00   clock clk (rise edge)
                          0.00    0.00   clock network delay (ideal)
                  0.15    0.00    0.00 ^ _211_/CLK (sky130_fd_sc_hd__dfxtp_2)
     2    0.00    0.04    0.36    0.36 ^ _211_/Q (sky130_fd_sc_hd__dfxtp_2)
                                         cnt1[0] (net)
                  0.04    0.00    0.36 ^ _106_/A (sky130_fd_sc_hd__buf_1)
    10    0.03    0.34    0.30    0.66 ^ _106_/X (sky130_fd_sc_hd__buf_1)
                                         _060_ (net)
                  0.34    0.00    0.66 ^ _107_/B_N (sky130_fd_sc_hd__or2b_2)
     2    0.01    0.07    0.37    1.03 v _107_/X (sky130_fd_sc_hd__or2b_2)
                                         _061_ (net)
                  0.07    0.00    1.03 v _143_/A1 (sky130_fd_sc_hd__o21ai_2)
     3    0.01    0.19    0.22    1.25 ^ _143_/Y (sky130_fd_sc_hd__o21ai_2)
                                         _093_ (net)
                  0.19    0.00    1.25 ^ _171_/A (sky130_fd_sc_hd__nand3_2)
     1    0.00    0.07    0.09    1.34 v _171_/Y (sky130_fd_sc_hd__nand3_2)
                                         _027_ (net)
                  0.07    0.00    1.34 v _174_/A2 (sky130_fd_sc_hd__a21oi_2)
     1    0.00    0.07    0.13    1.47 ^ _174_/Y (sky130_fd_sc_hd__a21oi_2)
                                         _011_ (net)
                  0.07    0.00    1.47 ^ _217_/D (sky130_fd_sc_hd__dfxtp_2)
                                  1.47   data arrival time

                  0.15    2.10    2.10   clock clk (rise edge)
                          0.00    2.10   clock network delay (ideal)
                         -0.25    1.85   clock uncertainty
                          0.00    1.85   clock reconvergence pessimism
                                  1.85 ^ _217_/CLK (sky130_fd_sc_hd__dfxtp_2)
                         -0.05    1.80   library setup time
                                  1.80   data required time
-----------------------------------------------------------------------------
                                  1.80   data required time
                                 -1.47   data arrival time
-----------------------------------------------------------------------------
                                  0.33   slack (MET)


Startpoint: _212_ (rising edge-triggered flip-flop clocked by clk)
Endpoint: _215_ (rising edge-triggered flip-flop clocked by clk)
Path Group: clk
Path Type: max

Fanout     Cap    Slew   Delay    Time   Description
-----------------------------------------------------------------------------
                  0.15    0.00    0.00   clock clk (rise edge)
                          0.00    0.00   clock network delay (ideal)
                  0.15    0.00    0.00 ^ _212_/CLK (sky130_fd_sc_hd__dfxtp_2)
     2    0.00    0.04    0.36    0.36 ^ _212_/Q (sky130_fd_sc_hd__dfxtp_2)
                                         cnt1[1] (net)
                  0.04    0.00    0.36 ^ _105_/A (sky130_fd_sc_hd__buf_1)
    10    0.03    0.33    0.29    0.65 ^ _105_/X (sky130_fd_sc_hd__buf_1)
                                         _059_ (net)
                  0.33    0.00    0.65 ^ _157_/B (sky130_fd_sc_hd__nand4_2)
     3    0.01    0.12    0.16    0.81 v _157_/Y (sky130_fd_sc_hd__nand4_2)
                                         _016_ (net)
                  0.12    0.00    0.81 v _160_/B (sky130_fd_sc_hd__or2_2)
     1    0.00    0.05    0.31    1.12 v _160_/X (sky130_fd_sc_hd__or2_2)
                                         _018_ (net)
                  0.05    0.00    1.12 v _162_/A2 (sky130_fd_sc_hd__a32o_2)
     1    0.00    0.04    0.27    1.38 v _162_/X (sky130_fd_sc_hd__a32o_2)
                                         _009_ (net)
                  0.04    0.00    1.38 v _215_/D (sky130_fd_sc_hd__dfxtp_2)
                                  1.38   data arrival time

                  0.15    2.10    2.10   clock clk (rise edge)
                          0.00    2.10   clock network delay (ideal)
                         -0.25    1.85   clock uncertainty
                          0.00    1.85   clock reconvergence pessimism
                                  1.85 ^ _215_/CLK (sky130_fd_sc_hd__dfxtp_2)
                         -0.08    1.77   library setup time
                                  1.77   data required time
-----------------------------------------------------------------------------
                                  1.77   data required time
                                 -1.38   data arrival time
-----------------------------------------------------------------------------
                                  0.38   slack (MET)


Startpoint: sel[0] (input port clocked by clk)
Endpoint: _211_ (rising edge-triggered flip-flop clocked by clk)
Path Group: clk
Path Type: max

Fanout     Cap    Slew   Delay    Time   Description
-----------------------------------------------------------------------------
                  0.15    0.00    0.00   clock clk (rise edge)
                          0.00    0.00   clock network delay (ideal)
                          0.42    0.42 v input external delay
     7    0.02    0.05    0.04    0.46 v sel[0] (in)
                                         sel[0] (net)
                  0.05    0.00    0.46 v _204_/A (sky130_fd_sc_hd__buf_1)
    10    0.04    0.22    0.25    0.70 v _204_/X (sky130_fd_sc_hd__buf_1)
                                         _055_ (net)
                  0.22    0.00    0.70 v _146_/A2 (sky130_fd_sc_hd__o21a_2)
     4    0.01    0.05    0.29    0.99 v _146_/X (sky130_fd_sc_hd__o21a_2)
                                         _095_ (net)
                  0.05    0.00    0.99 v _147_/A1 (sky130_fd_sc_hd__mux2_2)
     1    0.00    0.05    0.27    1.26 v _147_/X (sky130_fd_sc_hd__mux2_2)
                                         _096_ (net)
                  0.05    0.00    1.26 v _148_/A (sky130_fd_sc_hd__buf_1)
     1    0.00    0.02    0.09    1.35 v _148_/X (sky130_fd_sc_hd__buf_1)
                                         _005_ (net)
                  0.02    0.00    1.35 v _211_/D (sky130_fd_sc_hd__dfxtp_2)
                                  1.35   data arrival time

                  0.15    2.10    2.10   clock clk (rise edge)
                          0.00    2.10   clock network delay (ideal)
                         -0.25    1.85   clock uncertainty
                          0.00    1.85   clock reconvergence pessimism
                                  1.85 ^ _211_/CLK (sky130_fd_sc_hd__dfxtp_2)
                         -0.08    1.77   library setup time
                                  1.77   data required time
-----------------------------------------------------------------------------
                                  1.77   data required time
                                 -1.35   data arrival time
-----------------------------------------------------------------------------
                                  0.43   slack (MET)


Startpoint: reset (input port clocked by clk)
Endpoint: _213_ (rising edge-triggered flip-flop clocked by clk)
Path Group: clk
Path Type: max

Fanout     Cap    Slew   Delay    Time   Description
-----------------------------------------------------------------------------
                  0.15    0.00    0.00   clock clk (rise edge)
                          0.00    0.00   clock network delay (ideal)
                          0.42    0.42 ^ input external delay
     8    0.03    0.13    0.09    0.51 ^ reset (in)
                                         reset (net)
                  0.13    0.00    0.51 ^ _151_/A (sky130_fd_sc_hd__buf_1)
    10    0.03    0.41    0.37    0.88 ^ _151_/X (sky130_fd_sc_hd__buf_1)
                                         _099_ (net)
                  0.41    0.00    0.88 ^ _155_/B1 (sky130_fd_sc_hd__a31o_2)
     1    0.00    0.04    0.17    1.05 ^ _155_/X (sky130_fd_sc_hd__a31o_2)
                                         _102_ (net)
                  0.04    0.00    1.05 ^ _156_/A2_N (sky130_fd_sc_hd__a2bb2o_2)
     1    0.00    0.04    0.26    1.30 v _156_/X (sky130_fd_sc_hd__a2bb2o_2)
                                         _007_ (net)
                  0.04    0.00    1.30 v _213_/D (sky130_fd_sc_hd__dfxtp_2)
                                  1.30   data arrival time

                  0.15    2.10    2.10   clock clk (rise edge)
                          0.00    2.10   clock network delay (ideal)
                         -0.25    1.85   clock uncertainty
                          0.00    1.85   clock reconvergence pessimism
                                  1.85 ^ _213_/CLK (sky130_fd_sc_hd__dfxtp_2)
                         -0.09    1.76   library setup time
                                  1.76   data required time
-----------------------------------------------------------------------------
                                  1.76   data required time
                                 -1.30   data arrival time
-----------------------------------------------------------------------------
                                  0.46   slack (MET)


Startpoint: sel[0] (input port clocked by clk)
Endpoint: _214_ (rising edge-triggered flip-flop clocked by clk)
Path Group: clk
Path Type: max

Fanout     Cap    Slew   Delay    Time   Description
-----------------------------------------------------------------------------
                  0.15    0.00    0.00   clock clk (rise edge)
                          0.00    0.00   clock network delay (ideal)
                          0.42    0.42 ^ input external delay
     7    0.02    0.12    0.08    0.50 ^ sel[0] (in)
                                         sel[0] (net)
                  0.12    0.00    0.50 ^ _204_/A (sky130_fd_sc_hd__buf_1)
    10    0.04    0.50    0.43    0.93 ^ _204_/X (sky130_fd_sc_hd__buf_1)
                                         _055_ (net)
                  0.50    0.00    0.93 ^ _146_/A2 (sky130_fd_sc_hd__o21a_2)
     4    0.01    0.07    0.22    1.16 ^ _146_/X (sky130_fd_sc_hd__o21a_2)
                                         _095_ (net)
                  0.07    0.00    1.16 ^ _159_/B2 (sky130_fd_sc_hd__a32o_2)
     1    0.00    0.04    0.12    1.27 ^ _159_/X (sky130_fd_sc_hd__a32o_2)
                                         _008_ (net)
                  0.04    0.00    1.27 ^ _214_/D (sky130_fd_sc_hd__dfxtp_2)
                                  1.27   data arrival time

                  0.15    2.10    2.10   clock clk (rise edge)
                          0.00    2.10   clock network delay (ideal)
                         -0.25    1.85   clock uncertainty
                          0.00    1.85   clock reconvergence pessimism
                                  1.85 ^ _214_/CLK (sky130_fd_sc_hd__dfxtp_2)
                         -0.04    1.81   library setup time
                                  1.81   data required time
-----------------------------------------------------------------------------
                                  1.81   data required time
                                 -1.27   data arrival time
-----------------------------------------------------------------------------
                                  0.53   slack (MET)


Startpoint: _210_ (rising edge-triggered flip-flop clocked by clk)
Endpoint: clkout (output port clocked by clk)
Path Group: clk
Path Type: max

Fanout     Cap    Slew   Delay    Time   Description
-----------------------------------------------------------------------------
                  0.15    0.00    0.00   clock clk (rise edge)
                          0.00    0.00   clock network delay (ideal)
                  0.15    0.00    0.00 ^ _210_/CLK (sky130_fd_sc_hd__dfxtp_2)
     2    0.04    0.20    0.49    0.49 ^ _210_/Q (sky130_fd_sc_hd__dfxtp_2)
                                         clkout (net)
                  0.20    0.00    0.49 ^ clkout (out)
                                  0.49   data arrival time

                  0.15    2.10    2.10   clock clk (rise edge)
                          0.00    2.10   clock network delay (ideal)
                         -0.25    1.85   clock uncertainty
                          0.00    1.85   clock reconvergence pessimism
                         -0.42    1.43   output external delay
                                  1.43   data required time
-----------------------------------------------------------------------------
                                  1.43   data required time
                                 -0.49   data arrival time
-----------------------------------------------------------------------------
                                  0.94   slack (MET)



worst slack corner Typical: 0.0914
