OpenROAD 0a584d123190322b0725d5440c2c486d91d3afd8 
This program is licensed under the BSD-3 license. See the LICENSE file for details.
Components of this program may be licensed under more restrictive licenses which must be honored.
[INFO ODB-0222] Reading LEF file: /openlane/openlane/pes_brg/runs/RUN/tmp/merged.nom.lef
[INFO ODB-0223]     Created 13 technology layers
[INFO ODB-0224]     Created 25 technology vias
[INFO ODB-0225]     Created 442 library cells
[INFO ODB-0226] Finished LEF file:  /openlane/openlane/pes_brg/runs/RUN/tmp/merged.nom.lef
[INFO ODB-0127] Reading DEF file: /openlane/openlane/pes_brg/runs/RUN/results/routing/pes_brg.def
[INFO ODB-0128] Design: pes_brg
[INFO ODB-0130]     Created 7 pins.
[INFO ODB-0131]     Created 262 components and 1495 component-terminals.
[INFO ODB-0132]     Created 2 special nets and 998 connections.
[INFO ODB-0133]     Created 144 nets and 497 connections.
[INFO ODB-0134] Finished DEF file: /openlane/openlane/pes_brg/runs/RUN/results/routing/pes_brg.def
define_corners Typical
read_liberty -corner Typical /home/rohith_nagesh/ASIC/work/tools/openlane_working_dir/pdks/sky130A/libs.ref/sky130_fd_sc_hd/lib/sky130_fd_sc_hd__tt_025C_1v80.lib
Using 1e-12 for capacitance...
Using 1e+03 for resistance...
Using 1e-09 for time...
Using 1e+00 for voltage...
Using 1e-03 for current...
Using 1e-09 for power...
Using 1e-06 for distance...
Using RCX ruleset '/home/rohith_nagesh/ASIC/work/tools/openlane_working_dir/pdks/sky130A/libs.tech/openlane/rules.openrcx.sky130A.nom.calibre'...
[INFO RCX-0431] Defined process_corner X with ext_model_index 0
[INFO RCX-0029] Defined extraction corner X
[INFO RCX-0008] extracting parasitics of pes_brg ...
[INFO RCX-0435] Reading extraction model file /home/rohith_nagesh/ASIC/work/tools/openlane_working_dir/pdks/sky130A/libs.tech/openlane/rules.openrcx.sky130A.nom.calibre ...
[INFO RCX-0436] RC segment generation pes_brg (max_merge_res 50.0) ...
[INFO RCX-0040] Final 574 rc segments
[INFO RCX-0439] Coupling Cap extraction pes_brg ...
[INFO RCX-0440] Coupling threshhold is 0.1000 fF, coupling capacitance less than 0.1000 fF will be grounded.
[INFO RCX-0043] 1436 wires to be extracted
[INFO RCX-0442] 53% completion -- 767 wires have been extracted
[INFO RCX-0442] 100% completion -- 1436 wires have been extracted
[INFO RCX-0045] Extract 144 nets, 718 rsegs, 718 caps, 1283 ccs
[INFO RCX-0015] Finished extracting pes_brg.
Writing result to /openlane/openlane/pes_brg/runs/RUN/results/routing/mca/process_corner_nom/pes_brg.spef...
Setting global connections for newly added cells…
[WARNING] Did not save OpenROAD database!
Writing extracted parasitics to '/openlane/openlane/pes_brg/runs/RUN/results/routing/mca/process_corner_nom/pes_brg.spef'…
[INFO RCX-0016] Writing SPEF ...
[INFO RCX-0443] 144 nets finished
[INFO RCX-0017] Finished writing SPEF ...
